<?xml version="1.0" encoding="UTF-8"?>
<testsuite name="pc.li52d.threading.BasicThreadTests" tests="5" skipped="0" failures="1" errors="0" timestamp="2021-10-21T20:30:54" hostname="DESKTOP-2JGK2MO" time="8.185">
  <properties/>
  <testcase name="helloFromThread" classname="pc.li52d.threading.BasicThreadTests" time="2.019"/>
  <testcase name="interrupt_thread_test" classname="pc.li52d.threading.BasicThreadTests" time="4.005"/>
  <testcase name="multi_thread_counter_increment_without_sync_test" classname="pc.li52d.threading.BasicThreadTests" time="0.037">
    <failure message="java.lang.AssertionError: expected:&lt;2000000&gt; but was:&lt;630686&gt;" type="java.lang.AssertionError">java.lang.AssertionError: expected:&lt;2000000&gt; but was:&lt;630686&gt;
	at org.junit.Assert.fail(Assert.java:88)
	at org.junit.Assert.failNotEquals(Assert.java:834)
	at org.junit.Assert.assertEquals(Assert.java:645)
	at org.junit.Assert.assertEquals(Assert.java:631)
	at pc.li52d.threading.BasicThreadTests.multi_thread_counter_increment_without_sync_test(BasicThreadTests.java:142)
	at java.base/jdk.internal.reflect.NativeMethodAccessorImpl.invoke0(Native Method)
	at java.base/jdk.internal.reflect.NativeMethodAccessorImpl.invoke(NativeMethodAccessorImpl.java:62)
	at java.base/jdk.internal.reflect.DelegatingMethodAccessorImpl.invoke(DelegatingMethodAccessorImpl.java:43)
	at java.base/java.lang.reflect.Method.invoke(Method.java:566)
	at org.junit.runners.model.FrameworkMethod$1.runReflectiveCall(FrameworkMethod.java:50)
	at org.junit.internal.runners.model.ReflectiveCallable.run(ReflectiveCallable.java:12)
	at org.junit.runners.model.FrameworkMethod.invokeExplosively(FrameworkMethod.java:47)
	at org.junit.internal.runners.statements.InvokeMethod.evaluate(InvokeMethod.java:17)
	at org.junit.runners.ParentRunner.runLeaf(ParentRunner.java:325)
	at org.junit.runners.BlockJUnit4ClassRunner.runChild(BlockJUnit4ClassRunner.java:78)
	at org.junit.runners.BlockJUnit4ClassRunner.runChild(BlockJUnit4ClassRunner.java:57)
	at org.junit.runners.ParentRunner$3.run(ParentRunner.java:290)
	at org.junit.runners.ParentRunner$1.schedule(ParentRunner.java:71)
	at org.junit.runners.ParentRunner.runChildren(ParentRunner.java:288)
	at org.junit.runners.ParentRunner.access$000(ParentRunner.java:58)
	at org.junit.runners.ParentRunner$2.evaluate(ParentRunner.java:268)
	at org.junit.runners.ParentRunner.run(ParentRunner.java:363)
	at org.gradle.api.internal.tasks.testing.junit.JUnitTestClassExecutor.runTestClass(JUnitTestClassExecutor.java:110)
	at org.gradle.api.internal.tasks.testing.junit.JUnitTestClassExecutor.execute(JUnitTestClassExecutor.java:58)
	at org.gradle.api.internal.tasks.testing.junit.JUnitTestClassExecutor.execute(JUnitTestClassExecutor.java:38)
	at org.gradle.api.internal.tasks.testing.junit.AbstractJUnitTestClassProcessor.processTestClass(AbstractJUnitTestClassProcessor.java:62)
	at org.gradle.api.internal.tasks.testing.SuiteTestClassProcessor.processTestClass(SuiteTestClassProcessor.java:51)
	at java.base/jdk.internal.reflect.NativeMethodAccessorImpl.invoke0(Native Method)
	at java.base/jdk.internal.reflect.NativeMethodAccessorImpl.invoke(NativeMethodAccessorImpl.java:62)
	at java.base/jdk.internal.reflect.DelegatingMethodAccessorImpl.invoke(DelegatingMethodAccessorImpl.java:43)
	at java.base/java.lang.reflect.Method.invoke(Method.java:566)
	at org.gradle.internal.dispatch.ReflectionDispatch.dispatch(ReflectionDispatch.java:36)
	at org.gradle.internal.dispatch.ReflectionDispatch.dispatch(ReflectionDispatch.java:24)
	at org.gradle.internal.dispatch.ContextClassLoaderDispatch.dispatch(ContextClassLoaderDispatch.java:33)
	at org.gradle.internal.dispatch.ProxyDispatchAdapter$DispatchingInvocationHandler.invoke(ProxyDispatchAdapter.java:94)
	at com.sun.proxy.$Proxy2.processTestClass(Unknown Source)
	at org.gradle.api.internal.tasks.testing.worker.TestWorker.processTestClass(TestWorker.java:119)
	at java.base/jdk.internal.reflect.NativeMethodAccessorImpl.invoke0(Native Method)
	at java.base/jdk.internal.reflect.NativeMethodAccessorImpl.invoke(NativeMethodAccessorImpl.java:62)
	at java.base/jdk.internal.reflect.DelegatingMethodAccessorImpl.invoke(DelegatingMethodAccessorImpl.java:43)
	at java.base/java.lang.reflect.Method.invoke(Method.java:566)
	at org.gradle.internal.dispatch.ReflectionDispatch.dispatch(ReflectionDispatch.java:36)
	at org.gradle.internal.dispatch.ReflectionDispatch.dispatch(ReflectionDispatch.java:24)
	at org.gradle.internal.remote.internal.hub.MessageHubBackedObjectConnection$DispatchWrapper.dispatch(MessageHubBackedObjectConnection.java:182)
	at org.gradle.internal.remote.internal.hub.MessageHubBackedObjectConnection$DispatchWrapper.dispatch(MessageHubBackedObjectConnection.java:164)
	at org.gradle.internal.remote.internal.hub.MessageHub$Handler.run(MessageHub.java:414)
	at org.gradle.internal.concurrent.ExecutorPolicy$CatchAndRecordFailures.onExecute(ExecutorPolicy.java:64)
	at org.gradle.internal.concurrent.ManagedExecutorImpl$1.run(ManagedExecutorImpl.java:48)
	at java.base/java.util.concurrent.ThreadPoolExecutor.runWorker(ThreadPoolExecutor.java:1128)
	at java.base/java.util.concurrent.ThreadPoolExecutor$Worker.run(ThreadPoolExecutor.java:628)
	at org.gradle.internal.concurrent.ThreadFactoryImpl$ManagedThreadRunnable.run(ThreadFactoryImpl.java:56)
	at java.base/java.lang.Thread.run(Thread.java:834)
</failure>
  </testcase>
  <testcase name="multi_thread_counter_increment_with_sync_test" classname="pc.li52d.threading.BasicThreadTests" time="0.115"/>
  <testcase name="hello_from_thread_code_in_method_reference" classname="pc.li52d.threading.BasicThreadTests" time="2.007"/>
  <system-out><![CDATA[test thread is Test worker, id 14
created thread is 17
Is daemon? false
group thread main
group thread Test worker
group thread /127.0.0.1:2087 to /127.0.0.1:2086 workers Thread 2
group thread /127.0.0.1:2087 to /127.0.0.1:2086 workers Thread 3
group thread Thread-3
Thread t isAlive= true
Hello from new thread Thread-3, id = 17
After join thread t isAlive= false
Created thread Thread-4 isAlive state is trueafter join
Hello from new thread Thread-45, id = 59
]]></system-out>
  <system-err><![CDATA[SLF4J: Failed to load class "org.slf4j.impl.StaticLoggerBinder".
SLF4J: Defaulting to no-operation (NOP) logger implementation
SLF4J: See http://www.slf4j.org/codes.html#StaticLoggerBinder for further details.
Exception in thread "Thread-4" java.util.IllegalFormatConversionException: d != java.lang.Boolean
	at java.base/java.util.Formatter$FormatSpecifier.failConversion(Formatter.java:4426)
	at java.base/java.util.Formatter$FormatSpecifier.printInteger(Formatter.java:2938)
	at java.base/java.util.Formatter$FormatSpecifier.print(Formatter.java:2892)
	at java.base/java.util.Formatter.format(Formatter.java:2673)
	at java.base/java.io.PrintStream.format(PrintStream.java:1053)
	at java.base/java.io.PrintStream.printf(PrintStream.java:949)
	at org.gradle.internal.io.LinePerThreadBufferingOutputStream.printf(LinePerThreadBufferingOutputStream.java:146)
	at pc.li52d.threading.BasicThreadTests.lambda$interrupt_thread_test$1(BasicThreadTests.java:95)
	at java.base/java.lang.Thread.run(Thread.java:834)
]]></system-err>
</testsuite>
