<?xml version="1.0" encoding="UTF-8"?>
<testsuite name="pc.leic52d.HazardTests" tests="1" skipped="0" failures="0" errors="0" timestamp="2021-10-13T18:54:04" hostname="DESKTOP-2JGK2MO" time="0.72">
  <properties/>
  <testcase name="multiple_account_transfers_test" classname="pc.leic52d.HazardTests" time="0.72"/>
  <system-out><![CDATA[start transfer from 1 to 0
start transfer from 0 to 1
end transfer from 0 to 1
end transfer from 1 to 0
start transfer from 0 to 1
end transfer from 0 to 1
start transfer from 1 to 0
start transfer from 0 to 1
end transfer from 1 to 0
start transfer from 1 to 0
end transfer from 0 to 1
start transfer from 0 to 1
end transfer from 1 to 0
end transfer from 0 to 1
start transfer from 1 to 0
start transfer from 0 to 1
end transfer from 1 to 0
end transfer from 0 to 1
start transfer from 1 to 0
start transfer from 0 to 1
end transfer from 1 to 0
end transfer from 0 to 1
start transfer from 1 to 0
end transfer from 1 to 0
start transfer from 0 to 1
start transfer from 1 to 0
end transfer from 0 to 1
end transfer from 1 to 0
start transfer from 0 to 1
start transfer from 1 to 0
end transfer from 0 to 1
end transfer from 1 to 0
start transfer from 0 to 1
start transfer from 1 to 0
end transfer from 0 to 1
start transfer from 0 to 1
end transfer from 1 to 0
end transfer from 0 to 1
start transfer from 1 to 0
end transfer from 1 to 0
start transfer from 1 to 0
start transfer from 0 to 1
end transfer from 1 to 0
end transfer from 0 to 1
start transfer from 1 to 0
start transfer from 0 to 1
end transfer from 1 to 0
end transfer from 0 to 1
start transfer from 1 to 0
start transfer from 0 to 1
end transfer from 1 to 0
end transfer from 0 to 1
start transfer from 1 to 0
start transfer from 0 to 1
end transfer from 1 to 0
end transfer from 0 to 1
start transfer from 1 to 0
start transfer from 0 to 1
end transfer from 1 to 0
end transfer from 0 to 1
start transfer from 1 to 0
start transfer from 0 to 1
end transfer from 1 to 0
end transfer from 0 to 1
start transfer from 0 to 1
start transfer from 1 to 0
end transfer from 1 to 0
end transfer from 0 to 1
start transfer from 1 to 0
start transfer from 0 to 1
end transfer from 1 to 0
start transfer from 1 to 0
end transfer from 0 to 1
start transfer from 0 to 1
end transfer from 1 to 0
end transfer from 0 to 1
start transfer from 1 to 0
start transfer from 0 to 1
end transfer from 1 to 0
end transfer from 0 to 1
start transfer from 1 to 0
end transfer from 1 to 0
start transfer from 0 to 1
start transfer from 1 to 0
end transfer from 0 to 1
end transfer from 1 to 0
start transfer from 0 to 1
start transfer from 1 to 0
end transfer from 0 to 1
end transfer from 1 to 0
start transfer from 0 to 1
start transfer from 1 to 0
end transfer from 0 to 1
end transfer from 1 to 0
start transfer from 0 to 1
start transfer from 1 to 0
end transfer from 0 to 1
end transfer from 1 to 0
start transfer from 0 to 1
end transfer from 0 to 1
start transfer from 1 to 0
start transfer from 0 to 1
end transfer from 1 to 0
end transfer from 0 to 1
start transfer from 1 to 0
start transfer from 0 to 1
end transfer from 0 to 1
end transfer from 1 to 0
start transfer from 0 to 1
start transfer from 1 to 0
end transfer from 0 to 1
end transfer from 1 to 0
start transfer from 0 to 1
start transfer from 1 to 0
end transfer from 0 to 1
end transfer from 1 to 0
start transfer from 0 to 1
start transfer from 1 to 0
end transfer from 0 to 1
start transfer from 0 to 1
end transfer from 1 to 0
end transfer from 0 to 1
start transfer from 0 to 1
start transfer from 1 to 0
end transfer from 0 to 1
end transfer from 1 to 0
start transfer from 0 to 1
start transfer from 1 to 0
end transfer from 0 to 1
end transfer from 1 to 0
start transfer from 1 to 0
start transfer from 0 to 1
end transfer from 1 to 0
end transfer from 0 to 1
start transfer from 1 to 0
start transfer from 0 to 1
end transfer from 1 to 0
end transfer from 0 to 1
start transfer from 1 to 0
start transfer from 0 to 1
end transfer from 1 to 0
end transfer from 0 to 1
start transfer from 1 to 0
start transfer from 0 to 1
end transfer from 1 to 0
end transfer from 0 to 1
start transfer from 1 to 0
start transfer from 0 to 1
end transfer from 1 to 0
end transfer from 0 to 1
start transfer from 1 to 0
start transfer from 0 to 1
end transfer from 1 to 0
start transfer from 1 to 0
end transfer from 0 to 1
end transfer from 1 to 0
start transfer from 0 to 1
start transfer from 1 to 0
end transfer from 0 to 1
end transfer from 1 to 0
start transfer from 0 to 1
start transfer from 1 to 0
end transfer from 0 to 1
end transfer from 1 to 0
start transfer from 0 to 1
start transfer from 1 to 0
end transfer from 0 to 1
end transfer from 1 to 0
start transfer from 0 to 1
start transfer from 1 to 0
end transfer from 0 to 1
end transfer from 1 to 0
start transfer from 0 to 1
start transfer from 1 to 0
end transfer from 0 to 1
end transfer from 1 to 0
start transfer from 1 to 0
start transfer from 0 to 1
end transfer from 1 to 0
end transfer from 0 to 1
start transfer from 1 to 0
start transfer from 0 to 1
end transfer from 1 to 0
end transfer from 0 to 1
start transfer from 1 to 0
start transfer from 0 to 1
end transfer from 1 to 0
end transfer from 0 to 1
start transfer from 1 to 0
start transfer from 0 to 1
end transfer from 1 to 0
end transfer from 0 to 1
start transfer from 1 to 0
start transfer from 0 to 1
end transfer from 1 to 0
start transfer from 1 to 0
end transfer from 0 to 1
end transfer from 1 to 0
start transfer from 0 to 1
start transfer from 1 to 0
end transfer from 0 to 1
end transfer from 1 to 0
start transfer from 1 to 0
start transfer from 0 to 1
end transfer from 1 to 0
end transfer from 0 to 1
start transfer from 0 to 1
start transfer from 1 to 0
end transfer from 0 to 1
end transfer from 1 to 0
start transfer from 0 to 1
start transfer from 1 to 0
end transfer from 0 to 1
start transfer from 0 to 1
end transfer from 1 to 0
end transfer from 0 to 1
start transfer from 1 to 0
start transfer from 0 to 1
end transfer from 1 to 0
end transfer from 0 to 1
start transfer from 1 to 0
start transfer from 0 to 1
end transfer from 1 to 0
end transfer from 0 to 1
start transfer from 1 to 0
start transfer from 0 to 1
end transfer from 0 to 1
end transfer from 1 to 0
start transfer from 0 to 1
start transfer from 1 to 0
end transfer from 0 to 1
end transfer from 1 to 0
start transfer from 0 to 1
end transfer from 0 to 1
start transfer from 1 to 0
end transfer from 1 to 0
start transfer from 0 to 1
start transfer from 1 to 0
end transfer from 0 to 1
end transfer from 1 to 0
start transfer from 0 to 1
start transfer from 1 to 0
end transfer from 0 to 1
end transfer from 1 to 0
start transfer from 1 to 0
start transfer from 0 to 1
end transfer from 1 to 0
start transfer from 1 to 0
end transfer from 0 to 1
end transfer from 1 to 0
start transfer from 0 to 1
start transfer from 1 to 0
end transfer from 0 to 1
end transfer from 1 to 0
start transfer from 0 to 1
end transfer from 0 to 1
start transfer from 1 to 0
start transfer from 0 to 1
end transfer from 1 to 0
end transfer from 0 to 1
start transfer from 1 to 0
end transfer from 1 to 0
start transfer from 0 to 1
start transfer from 1 to 0
end transfer from 0 to 1
end transfer from 1 to 0
start transfer from 0 to 1
start transfer from 1 to 0
end transfer from 0 to 1
end transfer from 1 to 0
start transfer from 0 to 1
start transfer from 1 to 0
end transfer from 0 to 1
start transfer from 0 to 1
end transfer from 1 to 0
end transfer from 0 to 1
start transfer from 1 to 0
start transfer from 0 to 1
end transfer from 1 to 0
end transfer from 0 to 1
start transfer from 1 to 0
start transfer from 0 to 1
end transfer from 0 to 1
end transfer from 1 to 0
start transfer from 0 to 1
end transfer from 0 to 1
start transfer from 1 to 0
start transfer from 0 to 1
end transfer from 1 to 0
end transfer from 0 to 1
start transfer from 0 to 1
start transfer from 1 to 0
end transfer from 0 to 1
start transfer from 0 to 1
end transfer from 1 to 0
end transfer from 0 to 1
start transfer from 0 to 1
start transfer from 1 to 0
end transfer from 1 to 0
end transfer from 0 to 1
start transfer from 1 to 0
end transfer from 1 to 0
start transfer from 0 to 1
start transfer from 1 to 0
end transfer from 0 to 1
end transfer from 1 to 0
start transfer from 0 to 1
end transfer from 0 to 1
start transfer from 1 to 0
start transfer from 0 to 1
end transfer from 1 to 0
start transfer from 1 to 0
end transfer from 0 to 1
start transfer from 0 to 1
end transfer from 1 to 0
end transfer from 0 to 1
start transfer from 1 to 0
start transfer from 0 to 1
end transfer from 1 to 0
end transfer from 0 to 1
start transfer from 1 to 0
start transfer from 0 to 1
end transfer from 1 to 0
end transfer from 0 to 1
start transfer from 1 to 0
start transfer from 0 to 1
end transfer from 1 to 0
end transfer from 0 to 1
start transfer from 1 to 0
start transfer from 0 to 1
end transfer from 1 to 0
end transfer from 0 to 1
start transfer from 0 to 1
start transfer from 1 to 0
end transfer from 0 to 1
end transfer from 1 to 0
start transfer from 0 to 1
end transfer from 0 to 1
start transfer from 1 to 0
start transfer from 0 to 1
end transfer from 1 to 0
end transfer from 0 to 1
start transfer from 0 to 1
start transfer from 1 to 0
end transfer from 0 to 1
end transfer from 1 to 0
start transfer from 0 to 1
end transfer from 0 to 1
start transfer from 1 to 0
end transfer from 1 to 0
start transfer from 0 to 1
end transfer from 0 to 1
start transfer from 1 to 0
end transfer from 1 to 0
start transfer from 0 to 1
end transfer from 0 to 1
start transfer from 1 to 0
end transfer from 1 to 0
start transfer from 0 to 1
start transfer from 1 to 0
end transfer from 0 to 1
start transfer from 0 to 1
end transfer from 1 to 0
end transfer from 0 to 1
start transfer from 1 to 0
start transfer from 0 to 1
end transfer from 1 to 0
start transfer from 1 to 0
end transfer from 0 to 1
end transfer from 1 to 0
start transfer from 0 to 1
end transfer from 0 to 1
start transfer from 1 to 0
end transfer from 1 to 0
start transfer from 0 to 1
end transfer from 0 to 1
start transfer from 1 to 0
end transfer from 1 to 0
start transfer from 0 to 1
start transfer from 1 to 0
end transfer from 0 to 1
end transfer from 1 to 0
start transfer from 0 to 1
end transfer from 0 to 1
start transfer from 1 to 0
end transfer from 1 to 0
start transfer from 0 to 1
start transfer from 1 to 0
end transfer from 0 to 1
start transfer from 0 to 1
end transfer from 1 to 0
end transfer from 0 to 1
start transfer from 1 to 0
end transfer from 1 to 0
start transfer from 0 to 1
start transfer from 1 to 0
end transfer from 0 to 1
end transfer from 1 to 0
start transfer from 0 to 1
end transfer from 0 to 1
start transfer from 1 to 0
start transfer from 0 to 1
end transfer from 1 to 0
end transfer from 0 to 1
start transfer from 1 to 0
start transfer from 0 to 1
end transfer from 1 to 0
end transfer from 0 to 1
start transfer from 1 to 0
start transfer from 0 to 1
end transfer from 1 to 0
end transfer from 0 to 1
start transfer from 1 to 0
start transfer from 0 to 1
end transfer from 1 to 0
end transfer from 0 to 1
start transfer from 1 to 0
start transfer from 0 to 1
end transfer from 1 to 0
end transfer from 0 to 1
start transfer from 1 to 0
start transfer from 0 to 1
end transfer from 1 to 0
end transfer from 0 to 1
start transfer from 1 to 0
start transfer from 0 to 1
end transfer from 1 to 0
end transfer from 0 to 1
start transfer from 1 to 0
start transfer from 0 to 1
end transfer from 1 to 0
end transfer from 0 to 1
start transfer from 1 to 0
start transfer from 0 to 1
end transfer from 1 to 0
end transfer from 0 to 1
start transfer from 1 to 0
start transfer from 0 to 1
end transfer from 1 to 0
end transfer from 0 to 1
start transfer from 1 to 0
start transfer from 0 to 1
end transfer from 1 to 0
end transfer from 0 to 1
start transfer from 1 to 0
start transfer from 0 to 1
end transfer from 1 to 0
end transfer from 0 to 1
start transfer from 1 to 0
start transfer from 0 to 1
end transfer from 1 to 0
end transfer from 0 to 1
start transfer from 1 to 0
start transfer from 0 to 1
end transfer from 1 to 0
end transfer from 0 to 1
start transfer from 1 to 0
start transfer from 0 to 1
end transfer from 1 to 0
end transfer from 0 to 1
start transfer from 1 to 0
start transfer from 0 to 1
end transfer from 1 to 0
end transfer from 0 to 1
start transfer from 1 to 0
start transfer from 0 to 1
end transfer from 1 to 0
end transfer from 0 to 1
start transfer from 1 to 0
start transfer from 0 to 1
end transfer from 0 to 1
end transfer from 1 to 0
start transfer from 0 to 1
start transfer from 1 to 0
end transfer from 0 to 1
end transfer from 1 to 0
start transfer from 0 to 1
start transfer from 1 to 0
end transfer from 1 to 0
end transfer from 0 to 1
start transfer from 1 to 0
start transfer from 0 to 1
end transfer from 1 to 0
end transfer from 0 to 1
start transfer from 1 to 0
start transfer from 0 to 1
end transfer from 0 to 1
end transfer from 1 to 0
start transfer from 1 to 0
start transfer from 0 to 1
end transfer from 1 to 0
end transfer from 0 to 1
start transfer from 0 to 1
start transfer from 1 to 0
end transfer from 0 to 1
end transfer from 1 to 0
start transfer from 0 to 1
end transfer from 0 to 1
start transfer from 1 to 0
end transfer from 1 to 0
start transfer from 0 to 1
start transfer from 1 to 0
end transfer from 0 to 1
end transfer from 1 to 0
start transfer from 0 to 1
end transfer from 0 to 1
start transfer from 1 to 0
end transfer from 1 to 0
start transfer from 0 to 1
start transfer from 1 to 0
end transfer from 0 to 1
end transfer from 1 to 0
start transfer from 0 to 1
start transfer from 1 to 0
end transfer from 1 to 0
start transfer from 1 to 0
end transfer from 1 to 0
start transfer from 1 to 0
end transfer from 1 to 0
start transfer from 1 to 0
end transfer from 1 to 0
start transfer from 1 to 0
end transfer from 1 to 0
start transfer from 1 to 0
end transfer from 0 to 1
end transfer from 1 to 0
start transfer from 0 to 1
start transfer from 1 to 0
end transfer from 0 to 1
end transfer from 1 to 0
start transfer from 0 to 1
start transfer from 1 to 0
end transfer from 0 to 1
end transfer from 1 to 0
start transfer from 0 to 1
start transfer from 1 to 0
end transfer from 0 to 1
end transfer from 1 to 0
start transfer from 0 to 1
start transfer from 1 to 0
end transfer from 0 to 1
end transfer from 1 to 0
start transfer from 0 to 1
start transfer from 1 to 0
end transfer from 0 to 1
start transfer from 0 to 1
end transfer from 1 to 0
end transfer from 0 to 1
start transfer from 1 to 0
start transfer from 0 to 1
end transfer from 1 to 0
end transfer from 0 to 1
start transfer from 1 to 0
end transfer from 1 to 0
start transfer from 0 to 1
start transfer from 1 to 0
end transfer from 0 to 1
end transfer from 1 to 0
start transfer from 0 to 1
start transfer from 1 to 0
end transfer from 1 to 0
end transfer from 0 to 1
start transfer from 1 to 0
start transfer from 0 to 1
end transfer from 1 to 0
end transfer from 0 to 1
start transfer from 1 to 0
end transfer from 1 to 0
start transfer from 0 to 1
start transfer from 1 to 0
end transfer from 0 to 1
end transfer from 1 to 0
start transfer from 0 to 1
end transfer from 0 to 1
start transfer from 1 to 0
start transfer from 0 to 1
end transfer from 1 to 0
start transfer from 1 to 0
end transfer from 0 to 1
end transfer from 1 to 0
start transfer from 0 to 1
start transfer from 1 to 0
end transfer from 0 to 1
end transfer from 1 to 0
start transfer from 0 to 1
start transfer from 1 to 0
end transfer from 0 to 1
end transfer from 1 to 0
start transfer from 0 to 1
start transfer from 1 to 0
end transfer from 0 to 1
end transfer from 1 to 0
start transfer from 0 to 1
start transfer from 1 to 0
end transfer from 0 to 1
start transfer from 0 to 1
end transfer from 1 to 0
end transfer from 0 to 1
start transfer from 1 to 0
end transfer from 1 to 0
start transfer from 0 to 1
end transfer from 0 to 1
start transfer from 1 to 0
start transfer from 0 to 1
end transfer from 1 to 0
start transfer from 1 to 0
end transfer from 0 to 1
end transfer from 1 to 0
start transfer from 0 to 1
end transfer from 0 to 1
start transfer from 1 to 0
start transfer from 0 to 1
end transfer from 1 to 0
start transfer from 1 to 0
end transfer from 0 to 1
end transfer from 1 to 0
start transfer from 0 to 1
end transfer from 0 to 1
start transfer from 1 to 0
end transfer from 1 to 0
start transfer from 0 to 1
start transfer from 1 to 0
end transfer from 0 to 1
end transfer from 1 to 0
start transfer from 0 to 1
start transfer from 1 to 0
end transfer from 0 to 1
end transfer from 1 to 0
start transfer from 0 to 1
start transfer from 1 to 0
end transfer from 0 to 1
end transfer from 1 to 0
start transfer from 0 to 1
start transfer from 1 to 0
end transfer from 0 to 1
end transfer from 1 to 0
start transfer from 0 to 1
start transfer from 1 to 0
end transfer from 0 to 1
end transfer from 1 to 0
start transfer from 0 to 1
start transfer from 1 to 0
end transfer from 0 to 1
end transfer from 1 to 0
start transfer from 0 to 1
start transfer from 1 to 0
end transfer from 0 to 1
end transfer from 1 to 0
start transfer from 0 to 1
start transfer from 1 to 0
end transfer from 1 to 0
start transfer from 1 to 0
end transfer from 1 to 0
start transfer from 1 to 0
end transfer from 1 to 0
start transfer from 1 to 0
end transfer from 1 to 0
start transfer from 1 to 0
end transfer from 1 to 0
start transfer from 1 to 0
end transfer from 1 to 0
start transfer from 1 to 0
end transfer from 1 to 0
start transfer from 1 to 0
end transfer from 1 to 0
start transfer from 1 to 0
end transfer from 1 to 0
end transfer from 0 to 1
start transfer from 1 to 0
start transfer from 0 to 1
end transfer from 1 to 0
start transfer from 1 to 0
end transfer from 0 to 1
end transfer from 1 to 0
start transfer from 0 to 1
start transfer from 1 to 0
end transfer from 1 to 0
end transfer from 0 to 1
start transfer from 1 to 0
start transfer from 0 to 1
end transfer from 1 to 0
end transfer from 0 to 1
start transfer from 1 to 0
start transfer from 0 to 1
end transfer from 1 to 0
end transfer from 0 to 1
start transfer from 1 to 0
end transfer from 1 to 0
start transfer from 0 to 1
start transfer from 1 to 0
end transfer from 0 to 1
end transfer from 1 to 0
start transfer from 0 to 1
start transfer from 1 to 0
end transfer from 0 to 1
end transfer from 1 to 0
start transfer from 0 to 1
start transfer from 1 to 0
end transfer from 0 to 1
end transfer from 1 to 0
start transfer from 0 to 1
start transfer from 1 to 0
end transfer from 0 to 1
end transfer from 1 to 0
start transfer from 0 to 1
start transfer from 1 to 0
end transfer from 0 to 1
end transfer from 1 to 0
start transfer from 0 to 1
start transfer from 1 to 0
end transfer from 0 to 1
start transfer from 0 to 1
end transfer from 1 to 0
end transfer from 0 to 1
start transfer from 1 to 0
start transfer from 0 to 1
end transfer from 0 to 1
end transfer from 1 to 0
start transfer from 0 to 1
start transfer from 1 to 0
end transfer from 0 to 1
end transfer from 1 to 0
start transfer from 0 to 1
start transfer from 1 to 0
end transfer from 0 to 1
start transfer from 0 to 1
end transfer from 1 to 0
end transfer from 0 to 1
start transfer from 1 to 0
start transfer from 0 to 1
end transfer from 1 to 0
end transfer from 0 to 1
start transfer from 1 to 0
start transfer from 0 to 1
end transfer from 1 to 0
end transfer from 0 to 1
start transfer from 1 to 0
start transfer from 0 to 1
end transfer from 1 to 0
end transfer from 0 to 1
start transfer from 1 to 0
start transfer from 0 to 1
end transfer from 1 to 0
end transfer from 0 to 1
start transfer from 1 to 0
start transfer from 0 to 1
end transfer from 1 to 0
end transfer from 0 to 1
start transfer from 1 to 0
start transfer from 0 to 1
end transfer from 1 to 0
end transfer from 0 to 1
start transfer from 1 to 0
start transfer from 0 to 1
end transfer from 1 to 0
end transfer from 0 to 1
start transfer from 1 to 0
start transfer from 0 to 1
end transfer from 1 to 0
end transfer from 0 to 1
start transfer from 1 to 0
start transfer from 0 to 1
end transfer from 1 to 0
end transfer from 0 to 1
start transfer from 1 to 0
start transfer from 0 to 1
end transfer from 0 to 1
end transfer from 1 to 0
start transfer from 0 to 1
start transfer from 1 to 0
end transfer from 0 to 1
end transfer from 1 to 0
start transfer from 0 to 1
start transfer from 1 to 0
end transfer from 0 to 1
end transfer from 1 to 0
start transfer from 0 to 1
start transfer from 1 to 0
end transfer from 0 to 1
start transfer from 0 to 1
end transfer from 1 to 0
end transfer from 0 to 1
start transfer from 1 to 0
start transfer from 0 to 1
end transfer from 1 to 0
end transfer from 0 to 1
start transfer from 1 to 0
start transfer from 0 to 1
end transfer from 1 to 0
end transfer from 0 to 1
start transfer from 1 to 0
start transfer from 0 to 1
end transfer from 1 to 0
end transfer from 0 to 1
start transfer from 1 to 0
start transfer from 0 to 1
end transfer from 1 to 0
end transfer from 0 to 1
start transfer from 1 to 0
start transfer from 0 to 1
end transfer from 1 to 0
end transfer from 0 to 1
start transfer from 1 to 0
start transfer from 0 to 1
end transfer from 1 to 0
end transfer from 0 to 1
start transfer from 1 to 0
start transfer from 0 to 1
end transfer from 1 to 0
end transfer from 0 to 1
start transfer from 1 to 0
start transfer from 0 to 1
end transfer from 1 to 0
end transfer from 0 to 1
start transfer from 1 to 0
start transfer from 0 to 1
end transfer from 1 to 0
end transfer from 0 to 1
start transfer from 1 to 0
start transfer from 0 to 1
end transfer from 1 to 0
end transfer from 0 to 1
start transfer from 1 to 0
start transfer from 0 to 1
end transfer from 1 to 0
end transfer from 0 to 1
start transfer from 1 to 0
start transfer from 0 to 1
end transfer from 1 to 0
end transfer from 0 to 1
start transfer from 1 to 0
start transfer from 0 to 1
end transfer from 1 to 0
end transfer from 0 to 1
start transfer from 1 to 0
end transfer from 1 to 0
start transfer from 1 to 0
start transfer from 0 to 1
end transfer from 1 to 0
end transfer from 0 to 1
start transfer from 1 to 0
start transfer from 0 to 1
end transfer from 1 to 0
end transfer from 0 to 1
start transfer from 1 to 0
start transfer from 0 to 1
end transfer from 1 to 0
end transfer from 0 to 1
start transfer from 1 to 0
start transfer from 0 to 1
end transfer from 1 to 0
end transfer from 0 to 1
start transfer from 1 to 0
start transfer from 0 to 1
end transfer from 1 to 0
end transfer from 0 to 1
start transfer from 0 to 1
start transfer from 1 to 0
end transfer from 0 to 1
end transfer from 1 to 0
start transfer from 1 to 0
end transfer from 1 to 0
start transfer from 0 to 1
start transfer from 1 to 0
end transfer from 0 to 1
end transfer from 1 to 0
start transfer from 0 to 1
start transfer from 1 to 0
end transfer from 0 to 1
end transfer from 1 to 0
start transfer from 0 to 1
start transfer from 1 to 0
end transfer from 0 to 1
start transfer from 0 to 1
end transfer from 1 to 0
end transfer from 0 to 1
start transfer from 1 to 0
start transfer from 0 to 1
end transfer from 1 to 0
end transfer from 0 to 1
start transfer from 0 to 1
start transfer from 1 to 0
end transfer from 0 to 1
end transfer from 1 to 0
start transfer from 0 to 1
end transfer from 0 to 1
start transfer from 1 to 0
start transfer from 0 to 1
end transfer from 1 to 0
end transfer from 0 to 1
start transfer from 1 to 0
start transfer from 0 to 1
end transfer from 1 to 0
end transfer from 0 to 1
start transfer from 1 to 0
start transfer from 0 to 1
end transfer from 1 to 0
end transfer from 0 to 1
start transfer from 1 to 0
start transfer from 0 to 1
end transfer from 1 to 0
end transfer from 0 to 1
start transfer from 1 to 0
start transfer from 0 to 1
end transfer from 1 to 0
start transfer from 1 to 0
end transfer from 0 to 1
end transfer from 1 to 0
start transfer from 0 to 1
start transfer from 1 to 0
end transfer from 0 to 1
end transfer from 1 to 0
start transfer from 1 to 0
start transfer from 0 to 1
end transfer from 1 to 0
start transfer from 1 to 0
end transfer from 1 to 0
start transfer from 1 to 0
end transfer from 0 to 1
end transfer from 1 to 0
start transfer from 0 to 1
start transfer from 1 to 0
end transfer from 1 to 0
end transfer from 0 to 1
start transfer from 1 to 0
start transfer from 0 to 1
end transfer from 1 to 0
end transfer from 0 to 1
start transfer from 1 to 0
start transfer from 0 to 1
end transfer from 1 to 0
end transfer from 0 to 1
start transfer from 1 to 0
start transfer from 0 to 1
end transfer from 0 to 1
end transfer from 1 to 0
start transfer from 0 to 1
start transfer from 1 to 0
end transfer from 0 to 1
end transfer from 1 to 0
start transfer from 0 to 1
start transfer from 1 to 0
end transfer from 0 to 1
end transfer from 1 to 0
start transfer from 0 to 1
start transfer from 1 to 0
end transfer from 0 to 1
start transfer from 0 to 1
end transfer from 1 to 0
end transfer from 0 to 1
start transfer from 1 to 0
start transfer from 0 to 1
end transfer from 1 to 0
end transfer from 0 to 1
start transfer from 1 to 0
start transfer from 0 to 1
end transfer from 1 to 0
end transfer from 0 to 1
start transfer from 1 to 0
start transfer from 0 to 1
end transfer from 1 to 0
end transfer from 0 to 1
start transfer from 1 to 0
start transfer from 0 to 1
end transfer from 1 to 0
end transfer from 0 to 1
start transfer from 1 to 0
start transfer from 0 to 1
end transfer from 1 to 0
end transfer from 0 to 1
start transfer from 1 to 0
start transfer from 0 to 1
end transfer from 1 to 0
end transfer from 0 to 1
start transfer from 1 to 0
start transfer from 0 to 1
end transfer from 1 to 0
start transfer from 1 to 0
end transfer from 0 to 1
end transfer from 1 to 0
start transfer from 0 to 1
end transfer from 0 to 1
start transfer from 1 to 0
start transfer from 0 to 1
end transfer from 0 to 1
end transfer from 1 to 0
start transfer from 0 to 1
start transfer from 1 to 0
end transfer from 0 to 1
end transfer from 1 to 0
start transfer from 0 to 1
start transfer from 1 to 0
end transfer from 0 to 1
end transfer from 1 to 0
start transfer from 0 to 1
start transfer from 1 to 0
end transfer from 0 to 1
end transfer from 1 to 0
start transfer from 0 to 1
start transfer from 1 to 0
end transfer from 0 to 1
start transfer from 0 to 1
end transfer from 1 to 0
end transfer from 0 to 1
start transfer from 1 to 0
start transfer from 0 to 1
end transfer from 1 to 0
end transfer from 0 to 1
start transfer from 1 to 0
start transfer from 0 to 1
end transfer from 0 to 1
start transfer from 0 to 1
end transfer from 0 to 1
start transfer from 0 to 1
end transfer from 0 to 1
end transfer from 1 to 0
start transfer from 0 to 1
start transfer from 1 to 0
end transfer from 0 to 1
end transfer from 1 to 0
start transfer from 0 to 1
start transfer from 1 to 0
end transfer from 0 to 1
end transfer from 1 to 0
start transfer from 0 to 1
end transfer from 0 to 1
start transfer from 1 to 0
end transfer from 1 to 0
start transfer from 0 to 1
start transfer from 1 to 0
end transfer from 0 to 1
end transfer from 1 to 0
start transfer from 0 to 1
start transfer from 1 to 0
end transfer from 0 to 1
end transfer from 1 to 0
start transfer from 0 to 1
start transfer from 1 to 0
end transfer from 0 to 1
end transfer from 1 to 0
start transfer from 0 to 1
end transfer from 0 to 1
start transfer from 1 to 0
start transfer from 0 to 1
end transfer from 1 to 0
end transfer from 0 to 1
start transfer from 1 to 0
start transfer from 0 to 1
end transfer from 0 to 1
start transfer from 0 to 1
end transfer from 0 to 1
start transfer from 0 to 1
end transfer from 0 to 1
start transfer from 0 to 1
end transfer from 1 to 0
end transfer from 0 to 1
start transfer from 0 to 1
end transfer from 0 to 1
start transfer from 1 to 0
start transfer from 0 to 1
end transfer from 0 to 1
end transfer from 1 to 0
start transfer from 0 to 1
start transfer from 1 to 0
end transfer from 0 to 1
end transfer from 1 to 0
start transfer from 0 to 1
start transfer from 1 to 0
end transfer from 0 to 1
end transfer from 1 to 0
start transfer from 0 to 1
start transfer from 1 to 0
end transfer from 0 to 1
end transfer from 1 to 0
start transfer from 0 to 1
start transfer from 1 to 0
end transfer from 0 to 1
end transfer from 1 to 0
start transfer from 0 to 1
start transfer from 1 to 0
end transfer from 1 to 0
end transfer from 0 to 1
start transfer from 1 to 0
start transfer from 0 to 1
end transfer from 1 to 0
end transfer from 0 to 1
start transfer from 1 to 0
start transfer from 0 to 1
end transfer from 1 to 0
end transfer from 0 to 1
start transfer from 1 to 0
start transfer from 0 to 1
end transfer from 1 to 0
end transfer from 0 to 1
start transfer from 1 to 0
start transfer from 0 to 1
end transfer from 1 to 0
end transfer from 0 to 1
start transfer from 1 to 0
start transfer from 0 to 1
end transfer from 1 to 0
end transfer from 0 to 1
start transfer from 1 to 0
start transfer from 0 to 1
end transfer from 1 to 0
end transfer from 0 to 1
start transfer from 1 to 0
start transfer from 0 to 1
end transfer from 0 to 1
end transfer from 1 to 0
start transfer from 0 to 1
start transfer from 1 to 0
end transfer from 0 to 1
start transfer from 0 to 1
end transfer from 1 to 0
end transfer from 0 to 1
start transfer from 0 to 1
end transfer from 0 to 1
start transfer from 0 to 1
end transfer from 0 to 1
start transfer from 0 to 1
start transfer from 1 to 0
end transfer from 0 to 1
start transfer from 0 to 1
end transfer from 0 to 1
end transfer from 1 to 0
start transfer from 0 to 1
end transfer from 0 to 1
start transfer from 1 to 0
start transfer from 0 to 1
end transfer from 0 to 1
end transfer from 1 to 0
start transfer from 0 to 1
start transfer from 1 to 0
end transfer from 0 to 1
end transfer from 1 to 0
start transfer from 0 to 1
start transfer from 1 to 0
end transfer from 0 to 1
start transfer from 0 to 1
end transfer from 1 to 0
end transfer from 0 to 1
start transfer from 0 to 1
start transfer from 1 to 0
end transfer from 0 to 1
end transfer from 1 to 0
start transfer from 0 to 1
start transfer from 1 to 0
end transfer from 0 to 1
end transfer from 1 to 0
start transfer from 0 to 1
start transfer from 1 to 0
end transfer from 0 to 1
end transfer from 1 to 0
start transfer from 0 to 1
end transfer from 0 to 1
start transfer from 0 to 1
start transfer from 1 to 0
end transfer from 0 to 1
start transfer from 0 to 1
end transfer from 1 to 0
end transfer from 0 to 1
start transfer from 1 to 0
start transfer from 0 to 1
end transfer from 0 to 1
end transfer from 1 to 0
start transfer from 0 to 1
end transfer from 0 to 1
start transfer from 1 to 0
start transfer from 0 to 1
end transfer from 0 to 1
end transfer from 1 to 0
start transfer from 0 to 1
start transfer from 1 to 0
end transfer from 0 to 1
start transfer from 0 to 1
end transfer from 1 to 0
end transfer from 0 to 1
start transfer from 0 to 1
start transfer from 1 to 0
end transfer from 0 to 1
start transfer from 0 to 1
end transfer from 1 to 0
end transfer from 0 to 1
start transfer from 0 to 1
start transfer from 1 to 0
end transfer from 0 to 1
start transfer from 0 to 1
end transfer from 1 to 0
end transfer from 0 to 1
start transfer from 0 to 1
start transfer from 1 to 0
end transfer from 1 to 0
end transfer from 0 to 1
start transfer from 1 to 0
start transfer from 0 to 1
end transfer from 1 to 0
start transfer from 1 to 0
end transfer from 0 to 1
end transfer from 1 to 0
start transfer from 1 to 0
start transfer from 0 to 1
end transfer from 1 to 0
end transfer from 0 to 1
start transfer from 1 to 0
start transfer from 0 to 1
end transfer from 1 to 0
start transfer from 1 to 0
end transfer from 0 to 1
end transfer from 1 to 0
start transfer from 0 to 1
start transfer from 1 to 0
end transfer from 0 to 1
end transfer from 1 to 0
start transfer from 0 to 1
start transfer from 1 to 0
end transfer from 0 to 1
end transfer from 1 to 0
start transfer from 0 to 1
start transfer from 1 to 0
end transfer from 0 to 1
end transfer from 1 to 0
start transfer from 0 to 1
start transfer from 1 to 0
end transfer from 0 to 1
end transfer from 1 to 0
start transfer from 0 to 1
start transfer from 1 to 0
end transfer from 0 to 1
end transfer from 1 to 0
start transfer from 0 to 1
start transfer from 1 to 0
end transfer from 0 to 1
end transfer from 1 to 0
start transfer from 1 to 0
start transfer from 0 to 1
end transfer from 1 to 0
start transfer from 1 to 0
end transfer from 0 to 1
end transfer from 1 to 0
start transfer from 0 to 1
start transfer from 1 to 0
end transfer from 0 to 1
end transfer from 1 to 0
start transfer from 0 to 1
start transfer from 1 to 0
end transfer from 1 to 0
end transfer from 0 to 1
start transfer from 1 to 0
start transfer from 0 to 1
end transfer from 1 to 0
end transfer from 0 to 1
start transfer from 1 to 0
start transfer from 0 to 1
end transfer from 1 to 0
end transfer from 0 to 1
start transfer from 1 to 0
start transfer from 0 to 1
end transfer from 1 to 0
end transfer from 0 to 1
start transfer from 1 to 0
start transfer from 0 to 1
end transfer from 1 to 0
end transfer from 0 to 1
start transfer from 1 to 0
start transfer from 0 to 1
end transfer from 1 to 0
end transfer from 0 to 1
start transfer from 1 to 0
start transfer from 0 to 1
end transfer from 1 to 0
end transfer from 0 to 1
start transfer from 1 to 0
start transfer from 0 to 1
end transfer from 1 to 0
end transfer from 0 to 1
start transfer from 1 to 0
start transfer from 0 to 1
end transfer from 1 to 0
end transfer from 0 to 1
start transfer from 1 to 0
start transfer from 0 to 1
end transfer from 1 to 0
end transfer from 0 to 1
start transfer from 1 to 0
start transfer from 0 to 1
end transfer from 1 to 0
end transfer from 0 to 1
start transfer from 1 to 0
end transfer from 1 to 0
start transfer from 0 to 1
start transfer from 1 to 0
end transfer from 0 to 1
end transfer from 1 to 0
start transfer from 0 to 1
start transfer from 1 to 0
end transfer from 0 to 1
end transfer from 1 to 0
start transfer from 0 to 1
start transfer from 1 to 0
end transfer from 0 to 1
end transfer from 1 to 0
start transfer from 0 to 1
start transfer from 1 to 0
end transfer from 0 to 1
end transfer from 1 to 0
start transfer from 0 to 1
start transfer from 1 to 0
end transfer from 0 to 1
end transfer from 1 to 0
start transfer from 1 to 0
start transfer from 0 to 1
end transfer from 0 to 1
end transfer from 1 to 0
start transfer from 0 to 1
start transfer from 1 to 0
end transfer from 0 to 1
end transfer from 1 to 0
start transfer from 0 to 1
start transfer from 1 to 0
end transfer from 0 to 1
end transfer from 1 to 0
start transfer from 0 to 1
start transfer from 1 to 0
end transfer from 0 to 1
end transfer from 1 to 0
start transfer from 0 to 1
start transfer from 1 to 0
end transfer from 0 to 1
end transfer from 1 to 0
start transfer from 0 to 1
start transfer from 1 to 0
end transfer from 0 to 1
end transfer from 1 to 0
start transfer from 0 to 1
start transfer from 1 to 0
end transfer from 0 to 1
end transfer from 1 to 0
start transfer from 0 to 1
start transfer from 1 to 0
end transfer from 0 to 1
end transfer from 1 to 0
start transfer from 0 to 1
start transfer from 1 to 0
end transfer from 0 to 1
end transfer from 1 to 0
start transfer from 0 to 1
start transfer from 1 to 0
end transfer from 0 to 1
end transfer from 1 to 0
start transfer from 0 to 1
start transfer from 1 to 0
end transfer from 0 to 1
end transfer from 1 to 0
start transfer from 0 to 1
start transfer from 1 to 0
end transfer from 0 to 1
end transfer from 1 to 0
start transfer from 0 to 1
end transfer from 0 to 1
start transfer from 1 to 0
start transfer from 0 to 1
end transfer from 1 to 0
end transfer from 0 to 1
start transfer from 1 to 0
start transfer from 0 to 1
end transfer from 1 to 0
end transfer from 0 to 1
start transfer from 1 to 0
end transfer from 1 to 0
start transfer from 0 to 1
end transfer from 0 to 1
start transfer from 1 to 0
start transfer from 0 to 1
end transfer from 1 to 0
end transfer from 0 to 1
start transfer from 1 to 0
start transfer from 0 to 1
end transfer from 1 to 0
end transfer from 0 to 1
start transfer from 1 to 0
start transfer from 0 to 1
end transfer from 1 to 0
end transfer from 0 to 1
start transfer from 1 to 0
start transfer from 0 to 1
end transfer from 1 to 0
end transfer from 0 to 1
start transfer from 1 to 0
start transfer from 0 to 1
end transfer from 1 to 0
end transfer from 0 to 1
start transfer from 1 to 0
start transfer from 0 to 1
end transfer from 1 to 0
end transfer from 0 to 1
start transfer from 1 to 0
start transfer from 0 to 1
end transfer from 1 to 0
end transfer from 0 to 1
start transfer from 0 to 1
start transfer from 1 to 0
end transfer from 0 to 1
start transfer from 0 to 1
end transfer from 1 to 0
end transfer from 0 to 1
start transfer from 1 to 0
start transfer from 0 to 1
end transfer from 1 to 0
end transfer from 0 to 1
start transfer from 0 to 1
end transfer from 0 to 1
start transfer from 1 to 0
end transfer from 1 to 0
start transfer from 0 to 1
start transfer from 1 to 0
end transfer from 0 to 1
end transfer from 1 to 0
start transfer from 0 to 1
end transfer from 0 to 1
start transfer from 1 to 0
start transfer from 0 to 1
end transfer from 1 to 0
end transfer from 0 to 1
start transfer from 0 to 1
start transfer from 1 to 0
end transfer from 0 to 1
start transfer from 0 to 1
end transfer from 1 to 0
end transfer from 0 to 1
start transfer from 0 to 1
start transfer from 1 to 0
end transfer from 0 to 1
start transfer from 0 to 1
end transfer from 1 to 0
end transfer from 0 to 1
start transfer from 0 to 1
start transfer from 1 to 0
end transfer from 0 to 1
end transfer from 1 to 0
start transfer from 0 to 1
end transfer from 0 to 1
start transfer from 1 to 0
start transfer from 0 to 1
end transfer from 1 to 0
end transfer from 0 to 1
start transfer from 1 to 0
start transfer from 0 to 1
end transfer from 1 to 0
end transfer from 0 to 1
start transfer from 1 to 0
start transfer from 0 to 1
end transfer from 1 to 0
end transfer from 0 to 1
start transfer from 1 to 0
start transfer from 0 to 1
end transfer from 1 to 0
end transfer from 0 to 1
start transfer from 1 to 0
start transfer from 0 to 1
end transfer from 1 to 0
end transfer from 0 to 1
start transfer from 1 to 0
start transfer from 0 to 1
end transfer from 1 to 0
end transfer from 0 to 1
start transfer from 1 to 0
start transfer from 0 to 1
end transfer from 1 to 0
end transfer from 0 to 1
start transfer from 1 to 0
start transfer from 0 to 1
end transfer from 1 to 0
end transfer from 0 to 1
start transfer from 1 to 0
start transfer from 0 to 1
end transfer from 1 to 0
end transfer from 0 to 1
start transfer from 1 to 0
start transfer from 0 to 1
end transfer from 1 to 0
end transfer from 0 to 1
start transfer from 1 to 0
start transfer from 0 to 1
end transfer from 1 to 0
end transfer from 0 to 1
start transfer from 0 to 1
start transfer from 1 to 0
end transfer from 0 to 1
end transfer from 1 to 0
start transfer from 0 to 1
end transfer from 0 to 1
start transfer from 0 to 1
end transfer from 0 to 1
start transfer from 0 to 1
start transfer from 1 to 0
end transfer from 0 to 1
end transfer from 1 to 0
start transfer from 1 to 0
end transfer from 1 to 0
start transfer from 1 to 0
end transfer from 1 to 0
start transfer from 1 to 0
end transfer from 1 to 0
start transfer from 1 to 0
end transfer from 1 to 0
start transfer from 1 to 0
end transfer from 1 to 0
start transfer from 1 to 0
end transfer from 1 to 0
start transfer from 1 to 0
start transfer from 0 to 1
end transfer from 1 to 0
start transfer from 1 to 0
end transfer from 0 to 1
end transfer from 1 to 0
start transfer from 1 to 0
start transfer from 0 to 1
end transfer from 1 to 0
start transfer from 1 to 0
end transfer from 0 to 1
end transfer from 1 to 0
start transfer from 1 to 0
start transfer from 0 to 1
end transfer from 0 to 1
start transfer from 0 to 1
end transfer from 1 to 0
end transfer from 0 to 1
start transfer from 1 to 0
start transfer from 0 to 1
end transfer from 1 to 0
end transfer from 0 to 1
start transfer from 1 to 0
start transfer from 0 to 1
end transfer from 1 to 0
end transfer from 0 to 1
start transfer from 1 to 0
end transfer from 1 to 0
start transfer from 1 to 0
end transfer from 1 to 0
start transfer from 1 to 0
end transfer from 1 to 0
start transfer from 1 to 0
end transfer from 1 to 0
start transfer from 1 to 0
start transfer from 0 to 1
end transfer from 0 to 1
end transfer from 1 to 0
start transfer from 0 to 1
end transfer from 0 to 1
start transfer from 1 to 0
start transfer from 0 to 1
end transfer from 1 to 0
end transfer from 0 to 1
start transfer from 0 to 1
start transfer from 1 to 0
end transfer from 0 to 1
start transfer from 0 to 1
end transfer from 0 to 1
end transfer from 1 to 0
start transfer from 1 to 0
start transfer from 0 to 1
end transfer from 0 to 1
start transfer from 0 to 1
end transfer from 1 to 0
start transfer from 1 to 0
end transfer from 1 to 0
start transfer from 1 to 0
end transfer from 0 to 1
end transfer from 1 to 0
start transfer from 0 to 1
start transfer from 1 to 0
end transfer from 0 to 1
end transfer from 1 to 0
start transfer from 0 to 1
start transfer from 1 to 0
end transfer from 1 to 0
end transfer from 0 to 1
start transfer from 1 to 0
end transfer from 1 to 0
start transfer from 0 to 1
start transfer from 1 to 0
end transfer from 0 to 1
end transfer from 1 to 0
start transfer from 0 to 1
start transfer from 1 to 0
end transfer from 0 to 1
end transfer from 1 to 0
start transfer from 0 to 1
start transfer from 1 to 0
end transfer from 0 to 1
end transfer from 1 to 0
start transfer from 0 to 1
start transfer from 1 to 0
end transfer from 0 to 1
end transfer from 1 to 0
start transfer from 0 to 1
start transfer from 1 to 0
end transfer from 0 to 1
end transfer from 1 to 0
start transfer from 0 to 1
start transfer from 1 to 0
end transfer from 0 to 1
end transfer from 1 to 0
start transfer from 0 to 1
start transfer from 1 to 0
end transfer from 0 to 1
end transfer from 1 to 0
start transfer from 0 to 1
start transfer from 1 to 0
end transfer from 0 to 1
end transfer from 1 to 0
start transfer from 0 to 1
start transfer from 1 to 0
end transfer from 0 to 1
end transfer from 1 to 0
start transfer from 0 to 1
start transfer from 1 to 0
end transfer from 0 to 1
end transfer from 1 to 0
start transfer from 0 to 1
start transfer from 1 to 0
end transfer from 0 to 1
end transfer from 1 to 0
start transfer from 1 to 0
start transfer from 0 to 1
end transfer from 1 to 0
start transfer from 1 to 0
end transfer from 0 to 1
end transfer from 1 to 0
start transfer from 0 to 1
start transfer from 1 to 0
end transfer from 1 to 0
end transfer from 0 to 1
start transfer from 1 to 0
end transfer from 1 to 0
start transfer from 0 to 1
start transfer from 1 to 0
end transfer from 0 to 1
end transfer from 1 to 0
start transfer from 1 to 0
start transfer from 0 to 1
end transfer from 1 to 0
start transfer from 1 to 0
end transfer from 0 to 1
end transfer from 1 to 0
start transfer from 1 to 0
start transfer from 0 to 1
end transfer from 1 to 0
start transfer from 1 to 0
end transfer from 0 to 1
end transfer from 1 to 0
start transfer from 1 to 0
start transfer from 0 to 1
end transfer from 1 to 0
start transfer from 1 to 0
end transfer from 0 to 1
end transfer from 1 to 0
start transfer from 1 to 0
start transfer from 0 to 1
end transfer from 1 to 0
end transfer from 0 to 1
start transfer from 1 to 0
end transfer from 1 to 0
start transfer from 0 to 1
start transfer from 1 to 0
end transfer from 1 to 0
end transfer from 0 to 1
start transfer from 1 to 0
end transfer from 1 to 0
start transfer from 0 to 1
start transfer from 1 to 0
end transfer from 1 to 0
end transfer from 0 to 1
start transfer from 1 to 0
end transfer from 1 to 0
start transfer from 0 to 1
start transfer from 1 to 0
end transfer from 1 to 0
end transfer from 0 to 1
start transfer from 1 to 0
start transfer from 0 to 1
end transfer from 1 to 0
end transfer from 0 to 1
start transfer from 1 to 0
start transfer from 0 to 1
end transfer from 1 to 0
end transfer from 0 to 1
start transfer from 1 to 0
start transfer from 0 to 1
end transfer from 1 to 0
end transfer from 0 to 1
start transfer from 1 to 0
start transfer from 0 to 1
end transfer from 0 to 1
end transfer from 1 to 0
start transfer from 0 to 1
start transfer from 1 to 0
end transfer from 0 to 1
end transfer from 1 to 0
start transfer from 0 to 1
start transfer from 1 to 0
end transfer from 0 to 1
end transfer from 1 to 0
start transfer from 0 to 1
start transfer from 1 to 0
end transfer from 0 to 1
end transfer from 1 to 0
start transfer from 0 to 1
start transfer from 1 to 0
end transfer from 0 to 1
end transfer from 1 to 0
start transfer from 0 to 1
start transfer from 1 to 0
end transfer from 0 to 1
end transfer from 1 to 0
start transfer from 0 to 1
start transfer from 1 to 0
end transfer from 0 to 1
end transfer from 1 to 0
start transfer from 0 to 1
start transfer from 1 to 0
end transfer from 0 to 1
end transfer from 1 to 0
start transfer from 0 to 1
start transfer from 1 to 0
end transfer from 0 to 1
end transfer from 1 to 0
start transfer from 0 to 1
start transfer from 1 to 0
end transfer from 0 to 1
end transfer from 1 to 0
start transfer from 0 to 1
start transfer from 1 to 0
end transfer from 1 to 0
end transfer from 0 to 1
start transfer from 1 to 0
start transfer from 0 to 1
end transfer from 1 to 0
end transfer from 0 to 1
start transfer from 1 to 0
start transfer from 0 to 1
end transfer from 1 to 0
start transfer from 1 to 0
end transfer from 0 to 1
end transfer from 1 to 0
start transfer from 0 to 1
start transfer from 1 to 0
end transfer from 0 to 1
end transfer from 1 to 0
start transfer from 0 to 1
start transfer from 1 to 0
end transfer from 0 to 1
start transfer from 0 to 1
end transfer from 1 to 0
end transfer from 0 to 1
start transfer from 1 to 0
start transfer from 0 to 1
end transfer from 1 to 0
end transfer from 0 to 1
start transfer from 1 to 0
start transfer from 0 to 1
end transfer from 1 to 0
end transfer from 0 to 1
start transfer from 1 to 0
start transfer from 0 to 1
end transfer from 1 to 0
end transfer from 0 to 1
start transfer from 1 to 0
start transfer from 0 to 1
end transfer from 1 to 0
end transfer from 0 to 1
start transfer from 1 to 0
start transfer from 0 to 1
end transfer from 1 to 0
end transfer from 0 to 1
start transfer from 1 to 0
end transfer from 1 to 0
start transfer from 0 to 1
start transfer from 1 to 0
end transfer from 0 to 1
end transfer from 1 to 0
start transfer from 1 to 0
end transfer from 1 to 0
start transfer from 0 to 1
start transfer from 1 to 0
end transfer from 1 to 0
start transfer from 1 to 0
end transfer from 1 to 0
start transfer from 1 to 0
end transfer from 1 to 0
end transfer from 0 to 1
start transfer from 0 to 1
end transfer from 0 to 1
start transfer from 0 to 1
end transfer from 0 to 1
start transfer from 0 to 1
end transfer from 0 to 1
start transfer from 0 to 1
end transfer from 0 to 1
start transfer from 1 to 0
start transfer from 0 to 1
end transfer from 1 to 0
end transfer from 0 to 1
start transfer from 1 to 0
end transfer from 1 to 0
start transfer from 0 to 1
end transfer from 0 to 1
start transfer from 1 to 0
start transfer from 0 to 1
end transfer from 1 to 0
end transfer from 0 to 1
start transfer from 1 to 0
start transfer from 0 to 1
end transfer from 1 to 0
end transfer from 0 to 1
start transfer from 1 to 0
start transfer from 0 to 1
end transfer from 1 to 0
start transfer from 1 to 0
end transfer from 0 to 1
end transfer from 1 to 0
start transfer from 0 to 1
start transfer from 1 to 0
end transfer from 0 to 1
end transfer from 1 to 0
start transfer from 0 to 1
start transfer from 1 to 0
end transfer from 0 to 1
end transfer from 1 to 0
start transfer from 0 to 1
start transfer from 1 to 0
end transfer from 0 to 1
end transfer from 1 to 0
start transfer from 0 to 1
start transfer from 1 to 0
end transfer from 0 to 1
end transfer from 1 to 0
start transfer from 0 to 1
start transfer from 1 to 0
end transfer from 0 to 1
end transfer from 1 to 0
start transfer from 0 to 1
start transfer from 1 to 0
end transfer from 0 to 1
end transfer from 1 to 0
start transfer from 0 to 1
start transfer from 1 to 0
end transfer from 0 to 1
end transfer from 1 to 0
start transfer from 0 to 1
start transfer from 1 to 0
end transfer from 0 to 1
end transfer from 1 to 0
start transfer from 0 to 1
start transfer from 1 to 0
end transfer from 0 to 1
start transfer from 0 to 1
end transfer from 1 to 0
start transfer from 1 to 0
end transfer from 0 to 1
end transfer from 1 to 0
start transfer from 0 to 1
end transfer from 0 to 1
start transfer from 1 to 0
start transfer from 0 to 1
end transfer from 1 to 0
end transfer from 0 to 1
start transfer from 1 to 0
end transfer from 1 to 0
start transfer from 0 to 1
start transfer from 1 to 0
end transfer from 0 to 1
end transfer from 1 to 0
start transfer from 0 to 1
start transfer from 1 to 0
end transfer from 0 to 1
end transfer from 1 to 0
start transfer from 0 to 1
start transfer from 1 to 0
end transfer from 0 to 1
end transfer from 1 to 0
start transfer from 0 to 1
start transfer from 1 to 0
end transfer from 0 to 1
end transfer from 1 to 0
start transfer from 1 to 0
start transfer from 0 to 1
end transfer from 1 to 0
end transfer from 0 to 1
start transfer from 1 to 0
start transfer from 0 to 1
end transfer from 1 to 0
end transfer from 0 to 1
start transfer from 0 to 1
start transfer from 1 to 0
end transfer from 1 to 0
end transfer from 0 to 1
start transfer from 1 to 0
start transfer from 0 to 1
end transfer from 1 to 0
end transfer from 0 to 1
start transfer from 0 to 1
start transfer from 1 to 0
end transfer from 0 to 1
end transfer from 1 to 0
start transfer from 1 to 0
start transfer from 0 to 1
end transfer from 0 to 1
end transfer from 1 to 0
start transfer from 1 to 0
start transfer from 0 to 1
end transfer from 1 to 0
end transfer from 0 to 1
start transfer from 1 to 0
start transfer from 0 to 1
end transfer from 0 to 1
end transfer from 1 to 0
start transfer from 1 to 0
start transfer from 0 to 1
end transfer from 1 to 0
end transfer from 0 to 1
start transfer from 1 to 0
start transfer from 0 to 1
end transfer from 0 to 1
end transfer from 1 to 0
start transfer from 1 to 0
start transfer from 0 to 1
end transfer from 1 to 0
end transfer from 0 to 1
start transfer from 0 to 1
start transfer from 1 to 0
end transfer from 1 to 0
end transfer from 0 to 1
start transfer from 1 to 0
end transfer from 1 to 0
start transfer from 0 to 1
start transfer from 1 to 0
end transfer from 0 to 1
start transfer from 0 to 1
end transfer from 1 to 0
end transfer from 0 to 1
start transfer from 1 to 0
start transfer from 0 to 1
end transfer from 1 to 0
end transfer from 0 to 1
start transfer from 1 to 0
end transfer from 1 to 0
start transfer from 0 to 1
start transfer from 1 to 0
end transfer from 0 to 1
end transfer from 1 to 0
start transfer from 0 to 1
end transfer from 0 to 1
start transfer from 1 to 0
end transfer from 1 to 0
start transfer from 0 to 1
end transfer from 0 to 1
start transfer from 1 to 0
start transfer from 0 to 1
end transfer from 1 to 0
end transfer from 0 to 1
start transfer from 1 to 0
end transfer from 1 to 0
start transfer from 0 to 1
start transfer from 1 to 0
end transfer from 0 to 1
end transfer from 1 to 0
start transfer from 0 to 1
start transfer from 1 to 0
end transfer from 0 to 1
end transfer from 1 to 0
start transfer from 0 to 1
start transfer from 1 to 0
end transfer from 0 to 1
end transfer from 1 to 0
start transfer from 0 to 1
end transfer from 0 to 1
start transfer from 1 to 0
start transfer from 0 to 1
end transfer from 1 to 0
start transfer from 1 to 0
end transfer from 0 to 1
end transfer from 1 to 0
start transfer from 0 to 1
start transfer from 1 to 0
end transfer from 0 to 1
start transfer from 0 to 1
end transfer from 1 to 0
end transfer from 0 to 1
start transfer from 1 to 0
end transfer from 1 to 0
start transfer from 0 to 1
start transfer from 1 to 0
end transfer from 0 to 1
start transfer from 0 to 1
end transfer from 1 to 0
start transfer from 1 to 0
end transfer from 1 to 0
end transfer from 0 to 1
start transfer from 1 to 0
start transfer from 0 to 1
end transfer from 1 to 0
start transfer from 1 to 0
end transfer from 0 to 1
start transfer from 0 to 1
end transfer from 1 to 0
start transfer from 1 to 0
end transfer from 0 to 1
end transfer from 1 to 0
start transfer from 0 to 1
end transfer from 0 to 1
start transfer from 1 to 0
start transfer from 0 to 1
end transfer from 1 to 0
start transfer from 1 to 0
end transfer from 0 to 1
end transfer from 1 to 0
start transfer from 1 to 0
end transfer from 1 to 0
start transfer from 1 to 0
end transfer from 1 to 0
start transfer from 1 to 0
end transfer from 1 to 0
start transfer from 1 to 0
end transfer from 1 to 0
start transfer from 0 to 1
start transfer from 1 to 0
end transfer from 0 to 1
end transfer from 1 to 0
start transfer from 0 to 1
start transfer from 1 to 0
end transfer from 0 to 1
start transfer from 0 to 1
end transfer from 1 to 0
end transfer from 0 to 1
start transfer from 1 to 0
start transfer from 0 to 1
end transfer from 1 to 0
start transfer from 1 to 0
end transfer from 0 to 1
end transfer from 1 to 0
start transfer from 0 to 1
end transfer from 0 to 1
start transfer from 1 to 0
start transfer from 0 to 1
end transfer from 1 to 0
start transfer from 1 to 0
end transfer from 0 to 1
end transfer from 1 to 0
start transfer from 0 to 1
start transfer from 1 to 0
end transfer from 0 to 1
start transfer from 0 to 1
end transfer from 1 to 0
end transfer from 0 to 1
start transfer from 1 to 0
end transfer from 1 to 0
start transfer from 0 to 1
start transfer from 1 to 0
end transfer from 0 to 1
end transfer from 1 to 0
start transfer from 0 to 1
start transfer from 1 to 0
end transfer from 0 to 1
start transfer from 0 to 1
end transfer from 1 to 0
start transfer from 1 to 0
end transfer from 0 to 1
start transfer from 0 to 1
end transfer from 1 to 0
end transfer from 0 to 1
start transfer from 1 to 0
end transfer from 1 to 0
start transfer from 1 to 0
start transfer from 0 to 1
end transfer from 1 to 0
end transfer from 0 to 1
start transfer from 1 to 0
end transfer from 1 to 0
start transfer from 0 to 1
end transfer from 0 to 1
start transfer from 1 to 0
end transfer from 1 to 0
start transfer from 0 to 1
start transfer from 1 to 0
end transfer from 0 to 1
start transfer from 0 to 1
end transfer from 1 to 0
end transfer from 0 to 1
start transfer from 1 to 0
start transfer from 0 to 1
end transfer from 1 to 0
start transfer from 1 to 0
end transfer from 0 to 1
end transfer from 1 to 0
start transfer from 0 to 1
end transfer from 0 to 1
start transfer from 1 to 0
end transfer from 1 to 0
start transfer from 1 to 0
start transfer from 0 to 1
end transfer from 0 to 1
end transfer from 1 to 0
start transfer from 1 to 0
end transfer from 1 to 0
start transfer from 1 to 0
end transfer from 1 to 0
start transfer from 1 to 0
start transfer from 0 to 1
end transfer from 1 to 0
end transfer from 0 to 1
start transfer from 1 to 0
start transfer from 0 to 1
end transfer from 1 to 0
end transfer from 0 to 1
start transfer from 1 to 0
start transfer from 0 to 1
end transfer from 1 to 0
end transfer from 0 to 1
start transfer from 1 to 0
start transfer from 0 to 1
end transfer from 1 to 0
start transfer from 1 to 0
end transfer from 0 to 1
start transfer from 0 to 1
end transfer from 0 to 1
start transfer from 0 to 1
end transfer from 0 to 1
start transfer from 0 to 1
end transfer from 0 to 1
start transfer from 0 to 1
end transfer from 0 to 1
start transfer from 0 to 1
end transfer from 1 to 0
end transfer from 0 to 1
start transfer from 1 to 0
end transfer from 1 to 0
start transfer from 0 to 1
end transfer from 0 to 1
start transfer from 1 to 0
start transfer from 0 to 1
end transfer from 1 to 0
end transfer from 0 to 1
start transfer from 1 to 0
end transfer from 1 to 0
start transfer from 0 to 1
start transfer from 1 to 0
end transfer from 0 to 1
end transfer from 1 to 0
start transfer from 0 to 1
start transfer from 1 to 0
end transfer from 0 to 1
end transfer from 1 to 0
start transfer from 0 to 1
start transfer from 1 to 0
end transfer from 0 to 1
end transfer from 1 to 0
start transfer from 1 to 0
start transfer from 0 to 1
end transfer from 1 to 0
end transfer from 0 to 1
start transfer from 1 to 0
end transfer from 1 to 0
start transfer from 1 to 0
end transfer from 1 to 0
start transfer from 0 to 1
start transfer from 1 to 0
end transfer from 0 to 1
end transfer from 1 to 0
start transfer from 1 to 0
start transfer from 0 to 1
end transfer from 1 to 0
end transfer from 0 to 1
start transfer from 1 to 0
end transfer from 1 to 0
start transfer from 1 to 0
end transfer from 1 to 0
start transfer from 1 to 0
start transfer from 0 to 1
end transfer from 1 to 0
end transfer from 0 to 1
start transfer from 1 to 0
start transfer from 0 to 1
end transfer from 1 to 0
end transfer from 0 to 1
start transfer from 0 to 1
end transfer from 0 to 1
start transfer from 1 to 0
start transfer from 0 to 1
end transfer from 1 to 0
end transfer from 0 to 1
start transfer from 1 to 0
start transfer from 0 to 1
end transfer from 1 to 0
start transfer from 1 to 0
end transfer from 1 to 0
start transfer from 1 to 0
end transfer from 0 to 1
end transfer from 1 to 0
start transfer from 0 to 1
end transfer from 0 to 1
start transfer from 1 to 0
start transfer from 0 to 1
end transfer from 1 to 0
end transfer from 0 to 1
start transfer from 1 to 0
start transfer from 0 to 1
end transfer from 1 to 0
end transfer from 0 to 1
start transfer from 0 to 1
end transfer from 0 to 1
start transfer from 0 to 1
end transfer from 0 to 1
start transfer from 0 to 1
end transfer from 0 to 1
start transfer from 0 to 1
end transfer from 0 to 1
start transfer from 0 to 1
end transfer from 0 to 1
start transfer from 0 to 1
end transfer from 0 to 1
start transfer from 0 to 1
end transfer from 0 to 1
start transfer from 1 to 0
start transfer from 0 to 1
end transfer from 1 to 0
end transfer from 0 to 1
start transfer from 1 to 0
start transfer from 0 to 1
end transfer from 1 to 0
end transfer from 0 to 1
start transfer from 1 to 0
start transfer from 0 to 1
end transfer from 0 to 1
start transfer from 0 to 1
end transfer from 1 to 0
end transfer from 0 to 1
start transfer from 1 to 0
start transfer from 0 to 1
end transfer from 1 to 0
end transfer from 0 to 1
start transfer from 1 to 0
end transfer from 1 to 0
start transfer from 1 to 0
end transfer from 1 to 0
start transfer from 1 to 0
end transfer from 1 to 0
start transfer from 1 to 0
end transfer from 1 to 0
start transfer from 1 to 0
end transfer from 1 to 0
start transfer from 1 to 0
end transfer from 1 to 0
start transfer from 1 to 0
end transfer from 1 to 0
start transfer from 1 to 0
end transfer from 1 to 0
start transfer from 1 to 0
end transfer from 1 to 0
start transfer from 1 to 0
end transfer from 1 to 0
start transfer from 1 to 0
end transfer from 1 to 0
start transfer from 0 to 1
start transfer from 1 to 0
end transfer from 1 to 0
end transfer from 0 to 1
start transfer from 1 to 0
start transfer from 0 to 1
end transfer from 1 to 0
end transfer from 0 to 1
start transfer from 1 to 0
start transfer from 0 to 1
end transfer from 1 to 0
end transfer from 0 to 1
start transfer from 1 to 0
start transfer from 0 to 1
end transfer from 1 to 0
end transfer from 0 to 1
start transfer from 1 to 0
end transfer from 1 to 0
start transfer from 1 to 0
end transfer from 1 to 0
start transfer from 1 to 0
start transfer from 0 to 1
end transfer from 1 to 0
end transfer from 0 to 1
start transfer from 1 to 0
end transfer from 1 to 0
start transfer from 1 to 0
end transfer from 1 to 0
start transfer from 0 to 1
start transfer from 1 to 0
end transfer from 0 to 1
start transfer from 0 to 1
end transfer from 1 to 0
start transfer from 1 to 0
end transfer from 1 to 0
end transfer from 0 to 1
start transfer from 1 to 0
end transfer from 1 to 0
start transfer from 0 to 1
start transfer from 1 to 0
end transfer from 0 to 1
end transfer from 1 to 0
start transfer from 0 to 1
end transfer from 0 to 1
start transfer from 1 to 0
end transfer from 1 to 0
start transfer from 1 to 0
end transfer from 1 to 0
start transfer from 1 to 0
start transfer from 0 to 1
end transfer from 1 to 0
end transfer from 0 to 1
start transfer from 1 to 0
start transfer from 0 to 1
end transfer from 1 to 0
start transfer from 1 to 0
end transfer from 1 to 0
start transfer from 1 to 0
end transfer from 0 to 1
end transfer from 1 to 0
start transfer from 0 to 1
start transfer from 1 to 0
end transfer from 1 to 0
start transfer from 1 to 0
end transfer from 1 to 0
end transfer from 0 to 1
start transfer from 0 to 1
end transfer from 0 to 1
start transfer from 0 to 1
end transfer from 0 to 1
start transfer from 0 to 1
end transfer from 0 to 1
start transfer from 0 to 1
end transfer from 0 to 1
start transfer from 0 to 1
start transfer from 1 to 0
end transfer from 0 to 1
start transfer from 0 to 1
end transfer from 0 to 1
end transfer from 1 to 0
start transfer from 0 to 1
end transfer from 0 to 1
start transfer from 1 to 0
start transfer from 0 to 1
end transfer from 0 to 1
end transfer from 1 to 0
start transfer from 1 to 0
end transfer from 1 to 0
start transfer from 1 to 0
end transfer from 1 to 0
start transfer from 1 to 0
end transfer from 1 to 0
start transfer from 1 to 0
end transfer from 1 to 0
start transfer from 1 to 0
end transfer from 1 to 0
start transfer from 1 to 0
end transfer from 1 to 0
start transfer from 1 to 0
end transfer from 1 to 0
start transfer from 1 to 0
end transfer from 1 to 0
start transfer from 1 to 0
end transfer from 1 to 0
start transfer from 1 to 0
end transfer from 1 to 0
start transfer from 0 to 1
start transfer from 1 to 0
end transfer from 1 to 0
start transfer from 1 to 0
end transfer from 1 to 0
start transfer from 1 to 0
end transfer from 1 to 0
start transfer from 1 to 0
end transfer from 1 to 0
start transfer from 1 to 0
end transfer from 1 to 0
start transfer from 1 to 0
end transfer from 1 to 0
start transfer from 1 to 0
end transfer from 1 to 0
start transfer from 1 to 0
end transfer from 1 to 0
end transfer from 0 to 1
start transfer from 1 to 0
start transfer from 0 to 1
end transfer from 0 to 1
start transfer from 0 to 1
end transfer from 0 to 1
start transfer from 0 to 1
end transfer from 0 to 1
start transfer from 0 to 1
end transfer from 0 to 1
start transfer from 0 to 1
end transfer from 0 to 1
start transfer from 0 to 1
end transfer from 0 to 1
start transfer from 0 to 1
end transfer from 0 to 1
start transfer from 0 to 1
end transfer from 0 to 1
start transfer from 0 to 1
end transfer from 0 to 1
start transfer from 0 to 1
end transfer from 0 to 1
start transfer from 0 to 1
end transfer from 0 to 1
start transfer from 0 to 1
end transfer from 1 to 0
end transfer from 0 to 1
start transfer from 1 to 0
end transfer from 1 to 0
start transfer from 0 to 1
end transfer from 0 to 1
start transfer from 0 to 1
end transfer from 0 to 1
start transfer from 0 to 1
end transfer from 0 to 1
start transfer from 0 to 1
end transfer from 0 to 1
start transfer from 1 to 0
end transfer from 1 to 0
start transfer from 1 to 0
end transfer from 1 to 0
start transfer from 1 to 0
end transfer from 1 to 0
start transfer from 1 to 0
end transfer from 1 to 0
start transfer from 1 to 0
end transfer from 1 to 0
start transfer from 1 to 0
end transfer from 1 to 0
start transfer from 1 to 0
end transfer from 1 to 0
start transfer from 1 to 0
end transfer from 1 to 0
start transfer from 1 to 0
end transfer from 1 to 0
start transfer from 0 to 1
end transfer from 0 to 1
start transfer from 0 to 1
end transfer from 0 to 1
start transfer from 1 to 0
start transfer from 0 to 1
end transfer from 1 to 0
end transfer from 0 to 1
start transfer from 1 to 0
end transfer from 1 to 0
start transfer from 1 to 0
start transfer from 0 to 1
end transfer from 0 to 1
start transfer from 0 to 1
end transfer from 0 to 1
start transfer from 0 to 1
end transfer from 0 to 1
start transfer from 0 to 1
end transfer from 0 to 1
start transfer from 0 to 1
end transfer from 0 to 1
start transfer from 0 to 1
end transfer from 0 to 1
start transfer from 0 to 1
end transfer from 0 to 1
start transfer from 0 to 1
end transfer from 0 to 1
start transfer from 0 to 1
end transfer from 0 to 1
start transfer from 0 to 1
end transfer from 1 to 0
end transfer from 0 to 1
start transfer from 1 to 0
start transfer from 0 to 1
end transfer from 1 to 0
end transfer from 0 to 1
start transfer from 1 to 0
end transfer from 1 to 0
start transfer from 0 to 1
start transfer from 1 to 0
end transfer from 0 to 1
end transfer from 1 to 0
start transfer from 0 to 1
start transfer from 1 to 0
end transfer from 1 to 0
start transfer from 1 to 0
end transfer from 0 to 1
end transfer from 1 to 0
start transfer from 1 to 0
end transfer from 1 to 0
start transfer from 1 to 0
end transfer from 1 to 0
start transfer from 0 to 1
end transfer from 0 to 1
start transfer from 0 to 1
end transfer from 0 to 1
start transfer from 0 to 1
end transfer from 0 to 1
start transfer from 0 to 1
end transfer from 0 to 1
start transfer from 0 to 1
end transfer from 0 to 1
start transfer from 0 to 1
end transfer from 0 to 1
start transfer from 0 to 1
end transfer from 0 to 1
start transfer from 0 to 1
end transfer from 0 to 1
start transfer from 0 to 1
end transfer from 0 to 1
start transfer from 0 to 1
end transfer from 0 to 1
start transfer from 0 to 1
end transfer from 0 to 1
start transfer from 0 to 1
end transfer from 0 to 1
start transfer from 0 to 1
end transfer from 0 to 1
start transfer from 0 to 1
end transfer from 0 to 1
start transfer from 0 to 1
end transfer from 0 to 1
start transfer from 0 to 1
end transfer from 0 to 1
start transfer from 0 to 1
end transfer from 0 to 1
start transfer from 0 to 1
end transfer from 0 to 1
start transfer from 0 to 1
start transfer from 1 to 0
end transfer from 0 to 1
start transfer from 0 to 1
end transfer from 0 to 1
start transfer from 0 to 1
end transfer from 0 to 1
end transfer from 1 to 0
start transfer from 1 to 0
end transfer from 1 to 0
start transfer from 1 to 0
end transfer from 1 to 0
start transfer from 1 to 0
end transfer from 1 to 0
start transfer from 0 to 1
end transfer from 0 to 1
start transfer from 0 to 1
end transfer from 0 to 1
start transfer from 0 to 1
end transfer from 0 to 1
start transfer from 0 to 1
end transfer from 0 to 1
start transfer from 0 to 1
start transfer from 1 to 0
end transfer from 1 to 0
start transfer from 1 to 0
end transfer from 1 to 0
end transfer from 0 to 1
start transfer from 0 to 1
end transfer from 0 to 1
start transfer from 0 to 1
end transfer from 0 to 1
start transfer from 0 to 1
end transfer from 0 to 1
start transfer from 0 to 1
end transfer from 0 to 1
start transfer from 0 to 1
end transfer from 0 to 1
start transfer from 0 to 1
end transfer from 0 to 1
start transfer from 0 to 1
end transfer from 0 to 1
start transfer from 0 to 1
end transfer from 0 to 1
start transfer from 0 to 1
end transfer from 0 to 1
start transfer from 0 to 1
end transfer from 0 to 1
start transfer from 0 to 1
end transfer from 0 to 1
start transfer from 0 to 1
end transfer from 0 to 1
start transfer from 0 to 1
end transfer from 0 to 1
start transfer from 0 to 1
end transfer from 0 to 1
start transfer from 0 to 1
end transfer from 0 to 1
start transfer from 0 to 1
end transfer from 0 to 1
start transfer from 0 to 1
end transfer from 0 to 1
start transfer from 0 to 1
end transfer from 0 to 1
start transfer from 0 to 1
end transfer from 0 to 1
start transfer from 0 to 1
end transfer from 0 to 1
start transfer from 0 to 1
end transfer from 0 to 1
start transfer from 0 to 1
end transfer from 0 to 1
start transfer from 0 to 1
end transfer from 0 to 1
start transfer from 0 to 1
end transfer from 0 to 1
start transfer from 0 to 1
end transfer from 0 to 1
start transfer from 0 to 1
end transfer from 0 to 1
start transfer from 0 to 1
end transfer from 0 to 1
start transfer from 0 to 1
end transfer from 0 to 1
start transfer from 0 to 1
end transfer from 0 to 1
start transfer from 0 to 1
end transfer from 0 to 1
start transfer from 0 to 1
end transfer from 0 to 1
start transfer from 0 to 1
end transfer from 0 to 1
start transfer from 0 to 1
end transfer from 0 to 1
start transfer from 0 to 1
end transfer from 0 to 1
start transfer from 0 to 1
end transfer from 0 to 1
start transfer from 0 to 1
end transfer from 0 to 1
start transfer from 0 to 1
end transfer from 0 to 1
start transfer from 0 to 1
end transfer from 0 to 1
start transfer from 0 to 1
end transfer from 0 to 1
start transfer from 0 to 1
end transfer from 0 to 1
start transfer from 0 to 1
end transfer from 0 to 1
start transfer from 0 to 1
end transfer from 0 to 1
start transfer from 0 to 1
end transfer from 0 to 1
start transfer from 0 to 1
end transfer from 0 to 1
start transfer from 0 to 1
end transfer from 0 to 1
start transfer from 0 to 1
end transfer from 0 to 1
start transfer from 0 to 1
end transfer from 0 to 1
start transfer from 0 to 1
end transfer from 0 to 1
start transfer from 0 to 1
end transfer from 0 to 1
start transfer from 0 to 1
end transfer from 0 to 1
start transfer from 0 to 1
end transfer from 0 to 1
start transfer from 0 to 1
end transfer from 0 to 1
start transfer from 0 to 1
end transfer from 0 to 1
start transfer from 0 to 1
end transfer from 0 to 1
start transfer from 0 to 1
end transfer from 0 to 1
start transfer from 0 to 1
end transfer from 0 to 1
start transfer from 0 to 1
end transfer from 0 to 1
start transfer from 0 to 1
end transfer from 0 to 1
start transfer from 0 to 1
end transfer from 0 to 1
start transfer from 0 to 1
end transfer from 0 to 1
start transfer from 0 to 1
end transfer from 0 to 1
start transfer from 0 to 1
end transfer from 0 to 1
start transfer from 0 to 1
end transfer from 0 to 1
start transfer from 0 to 1
end transfer from 0 to 1
start transfer from 0 to 1
end transfer from 0 to 1
start transfer from 0 to 1
end transfer from 0 to 1
start transfer from 0 to 1
end transfer from 0 to 1
start transfer from 0 to 1
end transfer from 0 to 1
start transfer from 0 to 1
end transfer from 0 to 1
start transfer from 1 to 0
end transfer from 1 to 0
start transfer from 1 to 0
end transfer from 1 to 0
start transfer from 1 to 0
end transfer from 1 to 0
start transfer from 1 to 0
end transfer from 1 to 0
start transfer from 1 to 0
end transfer from 1 to 0
start transfer from 1 to 0
end transfer from 1 to 0
start transfer from 1 to 0
end transfer from 1 to 0
start transfer from 1 to 0
end transfer from 1 to 0
start transfer from 1 to 0
end transfer from 1 to 0
start transfer from 1 to 0
end transfer from 1 to 0
start transfer from 1 to 0
end transfer from 1 to 0
start transfer from 1 to 0
end transfer from 1 to 0
start transfer from 1 to 0
end transfer from 1 to 0
start transfer from 1 to 0
end transfer from 1 to 0
start transfer from 1 to 0
end transfer from 1 to 0
start transfer from 1 to 0
end transfer from 1 to 0
start transfer from 1 to 0
end transfer from 1 to 0
start transfer from 1 to 0
end transfer from 1 to 0
start transfer from 1 to 0
end transfer from 1 to 0
start transfer from 1 to 0
end transfer from 1 to 0
start transfer from 1 to 0
end transfer from 1 to 0
start transfer from 1 to 0
end transfer from 1 to 0
start transfer from 1 to 0
end transfer from 1 to 0
start transfer from 1 to 0
end transfer from 1 to 0
start transfer from 1 to 0
end transfer from 1 to 0
start transfer from 1 to 0
end transfer from 1 to 0
start transfer from 1 to 0
end transfer from 1 to 0
start transfer from 1 to 0
end transfer from 1 to 0
start transfer from 1 to 0
end transfer from 1 to 0
start transfer from 1 to 0
end transfer from 1 to 0
start transfer from 1 to 0
end transfer from 1 to 0
start transfer from 1 to 0
end transfer from 1 to 0
start transfer from 1 to 0
end transfer from 1 to 0
start transfer from 1 to 0
end transfer from 1 to 0
start transfer from 1 to 0
end transfer from 1 to 0
start transfer from 1 to 0
end transfer from 1 to 0
start transfer from 1 to 0
end transfer from 1 to 0
start transfer from 1 to 0
end transfer from 1 to 0
start transfer from 1 to 0
end transfer from 1 to 0
start transfer from 1 to 0
end transfer from 1 to 0
start transfer from 1 to 0
end transfer from 1 to 0
start transfer from 1 to 0
end transfer from 1 to 0
start transfer from 1 to 0
end transfer from 1 to 0
start transfer from 1 to 0
end transfer from 1 to 0
start transfer from 1 to 0
end transfer from 1 to 0
start transfer from 1 to 0
end transfer from 1 to 0
start transfer from 1 to 0
end transfer from 1 to 0
start transfer from 1 to 0
end transfer from 1 to 0
start transfer from 1 to 0
end transfer from 1 to 0
start transfer from 1 to 0
end transfer from 1 to 0
start transfer from 1 to 0
end transfer from 1 to 0
start transfer from 1 to 0
end transfer from 1 to 0
start transfer from 0 to 1
start transfer from 1 to 0
end transfer from 1 to 0
end transfer from 0 to 1
start transfer from 1 to 0
start transfer from 0 to 1
end transfer from 0 to 1
end transfer from 1 to 0
start transfer from 0 to 1
start transfer from 1 to 0
end transfer from 0 to 1
end transfer from 1 to 0
start transfer from 0 to 1
start transfer from 1 to 0
end transfer from 1 to 0
end transfer from 0 to 1
start transfer from 1 to 0
end transfer from 1 to 0
start transfer from 0 to 1
end transfer from 0 to 1
start transfer from 0 to 1
end transfer from 0 to 1
start transfer from 0 to 1
end transfer from 0 to 1
start transfer from 0 to 1
end transfer from 0 to 1
start transfer from 0 to 1
end transfer from 0 to 1
start transfer from 1 to 0
start transfer from 0 to 1
end transfer from 0 to 1
end transfer from 1 to 0
start transfer from 1 to 0
end transfer from 1 to 0
start transfer from 1 to 0
end transfer from 1 to 0
start transfer from 1 to 0
end transfer from 1 to 0
start transfer from 1 to 0
end transfer from 1 to 0
start transfer from 1 to 0
end transfer from 1 to 0
start transfer from 0 to 1
end transfer from 0 to 1
start transfer from 0 to 1
end transfer from 0 to 1
start transfer from 0 to 1
end transfer from 0 to 1
start transfer from 0 to 1
end transfer from 0 to 1
start transfer from 0 to 1
end transfer from 0 to 1
start transfer from 0 to 1
end transfer from 0 to 1
start transfer from 1 to 0
start transfer from 0 to 1
end transfer from 0 to 1
end transfer from 1 to 0
start transfer from 0 to 1
start transfer from 1 to 0
end transfer from 0 to 1
end transfer from 1 to 0
start transfer from 0 to 1
start transfer from 1 to 0
end transfer from 0 to 1
end transfer from 1 to 0
start transfer from 0 to 1
start transfer from 1 to 0
end transfer from 0 to 1
end transfer from 1 to 0
start transfer from 0 to 1
start transfer from 1 to 0
end transfer from 0 to 1
end transfer from 1 to 0
start transfer from 0 to 1
start transfer from 1 to 0
end transfer from 0 to 1
end transfer from 1 to 0
start transfer from 0 to 1
start transfer from 1 to 0
end transfer from 1 to 0
start transfer from 1 to 0
end transfer from 1 to 0
start transfer from 1 to 0
end transfer from 1 to 0
start transfer from 1 to 0
end transfer from 1 to 0
start transfer from 1 to 0
end transfer from 0 to 1
end transfer from 1 to 0
start transfer from 1 to 0
start transfer from 0 to 1
end transfer from 0 to 1
start transfer from 0 to 1
end transfer from 0 to 1
end transfer from 1 to 0
start transfer from 0 to 1
end transfer from 0 to 1
start transfer from 0 to 1
end transfer from 0 to 1
start transfer from 0 to 1
end transfer from 0 to 1
start transfer from 1 to 0
start transfer from 0 to 1
end transfer from 0 to 1
start transfer from 0 to 1
end transfer from 0 to 1
start transfer from 0 to 1
end transfer from 0 to 1
start transfer from 0 to 1
end transfer from 0 to 1
start transfer from 0 to 1
end transfer from 0 to 1
start transfer from 0 to 1
end transfer from 0 to 1
start transfer from 0 to 1
end transfer from 0 to 1
start transfer from 0 to 1
end transfer from 0 to 1
start transfer from 0 to 1
end transfer from 0 to 1
end transfer from 1 to 0
start transfer from 0 to 1
end transfer from 0 to 1
start transfer from 0 to 1
end transfer from 0 to 1
start transfer from 0 to 1
start transfer from 1 to 0
end transfer from 0 to 1
start transfer from 0 to 1
end transfer from 1 to 0
end transfer from 0 to 1
start transfer from 1 to 0
start transfer from 0 to 1
end transfer from 1 to 0
end transfer from 0 to 1
start transfer from 1 to 0
end transfer from 1 to 0
start transfer from 1 to 0
start transfer from 0 to 1
end transfer from 1 to 0
start transfer from 1 to 0
end transfer from 1 to 0
start transfer from 1 to 0
end transfer from 1 to 0
end transfer from 0 to 1
start transfer from 1 to 0
start transfer from 0 to 1
end transfer from 1 to 0
end transfer from 0 to 1
start transfer from 1 to 0
end transfer from 1 to 0
start transfer from 0 to 1
start transfer from 1 to 0
end transfer from 0 to 1
start transfer from 0 to 1
end transfer from 1 to 0
end transfer from 0 to 1
start transfer from 1 to 0
start transfer from 0 to 1
end transfer from 1 to 0
end transfer from 0 to 1
start transfer from 1 to 0
start transfer from 0 to 1
end transfer from 1 to 0
end transfer from 0 to 1
start transfer from 1 to 0
start transfer from 0 to 1
end transfer from 1 to 0
start transfer from 1 to 0
end transfer from 1 to 0
start transfer from 1 to 0
end transfer from 1 to 0
start transfer from 1 to 0
end transfer from 1 to 0
start transfer from 1 to 0
end transfer from 1 to 0
start transfer from 1 to 0
end transfer from 1 to 0
start transfer from 1 to 0
end transfer from 1 to 0
start transfer from 1 to 0
end transfer from 1 to 0
start transfer from 1 to 0
end transfer from 1 to 0
start transfer from 1 to 0
end transfer from 1 to 0
start transfer from 1 to 0
end transfer from 1 to 0
start transfer from 1 to 0
end transfer from 1 to 0
start transfer from 1 to 0
end transfer from 1 to 0
start transfer from 1 to 0
end transfer from 1 to 0
start transfer from 1 to 0
end transfer from 1 to 0
start transfer from 1 to 0
end transfer from 1 to 0
start transfer from 1 to 0
end transfer from 1 to 0
start transfer from 1 to 0
end transfer from 1 to 0
start transfer from 1 to 0
end transfer from 1 to 0
start transfer from 1 to 0
end transfer from 1 to 0
start transfer from 1 to 0
end transfer from 1 to 0
start transfer from 1 to 0
end transfer from 1 to 0
start transfer from 1 to 0
end transfer from 1 to 0
start transfer from 1 to 0
end transfer from 1 to 0
end transfer from 0 to 1
start transfer from 1 to 0
end transfer from 1 to 0
start transfer from 1 to 0
end transfer from 1 to 0
start transfer from 0 to 1
start transfer from 1 to 0
end transfer from 1 to 0
start transfer from 1 to 0
end transfer from 0 to 1
end transfer from 1 to 0
start transfer from 1 to 0
end transfer from 1 to 0
start transfer from 1 to 0
start transfer from 0 to 1
end transfer from 1 to 0
end transfer from 0 to 1
start transfer from 1 to 0
start transfer from 0 to 1
end transfer from 1 to 0
end transfer from 0 to 1
start transfer from 1 to 0
end transfer from 1 to 0
start transfer from 1 to 0
end transfer from 1 to 0
start transfer from 1 to 0
end transfer from 1 to 0
start transfer from 1 to 0
end transfer from 1 to 0
start transfer from 1 to 0
end transfer from 1 to 0
start transfer from 1 to 0
end transfer from 1 to 0
start transfer from 1 to 0
end transfer from 1 to 0
start transfer from 1 to 0
end transfer from 1 to 0
start transfer from 1 to 0
end transfer from 1 to 0
start transfer from 1 to 0
end transfer from 1 to 0
start transfer from 1 to 0
end transfer from 1 to 0
start transfer from 1 to 0
end transfer from 1 to 0
start transfer from 1 to 0
end transfer from 1 to 0
start transfer from 1 to 0
end transfer from 1 to 0
start transfer from 1 to 0
end transfer from 1 to 0
start transfer from 1 to 0
end transfer from 1 to 0
start transfer from 1 to 0
end transfer from 1 to 0
start transfer from 1 to 0
end transfer from 1 to 0
start transfer from 1 to 0
end transfer from 1 to 0
start transfer from 1 to 0
end transfer from 1 to 0
start transfer from 1 to 0
end transfer from 1 to 0
start transfer from 1 to 0
end transfer from 1 to 0
start transfer from 1 to 0
end transfer from 1 to 0
start transfer from 1 to 0
end transfer from 1 to 0
start transfer from 1 to 0
end transfer from 1 to 0
start transfer from 1 to 0
end transfer from 1 to 0
start transfer from 1 to 0
end transfer from 1 to 0
start transfer from 1 to 0
end transfer from 1 to 0
start transfer from 1 to 0
end transfer from 1 to 0
start transfer from 1 to 0
end transfer from 1 to 0
start transfer from 1 to 0
end transfer from 1 to 0
start transfer from 1 to 0
end transfer from 1 to 0
start transfer from 1 to 0
end transfer from 1 to 0
start transfer from 1 to 0
end transfer from 1 to 0
start transfer from 1 to 0
end transfer from 1 to 0
start transfer from 1 to 0
end transfer from 1 to 0
start transfer from 1 to 0
end transfer from 1 to 0
start transfer from 1 to 0
end transfer from 1 to 0
start transfer from 1 to 0
end transfer from 1 to 0
start transfer from 1 to 0
end transfer from 1 to 0
start transfer from 1 to 0
end transfer from 1 to 0
start transfer from 1 to 0
end transfer from 1 to 0
start transfer from 1 to 0
end transfer from 1 to 0
start transfer from 1 to 0
end transfer from 1 to 0
start transfer from 1 to 0
end transfer from 1 to 0
start transfer from 1 to 0
end transfer from 1 to 0
start transfer from 1 to 0
start transfer from 0 to 1
end transfer from 1 to 0
start transfer from 1 to 0
end transfer from 0 to 1
end transfer from 1 to 0
start transfer from 0 to 1
start transfer from 1 to 0
end transfer from 0 to 1
end transfer from 1 to 0
start transfer from 0 to 1
start transfer from 1 to 0
end transfer from 0 to 1
end transfer from 1 to 0
start transfer from 0 to 1
start transfer from 1 to 0
end transfer from 0 to 1
start transfer from 0 to 1
end transfer from 1 to 0
end transfer from 0 to 1
start transfer from 0 to 1
start transfer from 1 to 0
end transfer from 0 to 1
end transfer from 1 to 0
start transfer from 0 to 1
start transfer from 1 to 0
end transfer from 0 to 1
end transfer from 1 to 0
start transfer from 0 to 1
start transfer from 1 to 0
end transfer from 0 to 1
start transfer from 0 to 1
end transfer from 1 to 0
end transfer from 0 to 1
start transfer from 1 to 0
start transfer from 0 to 1
end transfer from 1 to 0
end transfer from 0 to 1
start transfer from 1 to 0
start transfer from 0 to 1
end transfer from 1 to 0
end transfer from 0 to 1
start transfer from 1 to 0
start transfer from 0 to 1
end transfer from 1 to 0
start transfer from 1 to 0
end transfer from 0 to 1
end transfer from 1 to 0
start transfer from 1 to 0
start transfer from 0 to 1
end transfer from 1 to 0
end transfer from 0 to 1
start transfer from 1 to 0
start transfer from 0 to 1
end transfer from 1 to 0
end transfer from 0 to 1
start transfer from 1 to 0
start transfer from 0 to 1
end transfer from 1 to 0
start transfer from 1 to 0
end transfer from 0 to 1
start transfer from 0 to 1
end transfer from 0 to 1
start transfer from 0 to 1
end transfer from 1 to 0
end transfer from 0 to 1
start transfer from 1 to 0
start transfer from 0 to 1
end transfer from 1 to 0
end transfer from 0 to 1
start transfer from 1 to 0
start transfer from 0 to 1
end transfer from 1 to 0
end transfer from 0 to 1
start transfer from 1 to 0
start transfer from 0 to 1
end transfer from 1 to 0
end transfer from 0 to 1
start transfer from 1 to 0
start transfer from 0 to 1
end transfer from 1 to 0
end transfer from 0 to 1
start transfer from 1 to 0
start transfer from 0 to 1
end transfer from 1 to 0
end transfer from 0 to 1
start transfer from 1 to 0
start transfer from 0 to 1
end transfer from 0 to 1
start transfer from 0 to 1
end transfer from 0 to 1
start transfer from 0 to 1
end transfer from 0 to 1
end transfer from 1 to 0
start transfer from 0 to 1
start transfer from 1 to 0
end transfer from 0 to 1
end transfer from 1 to 0
start transfer from 0 to 1
start transfer from 1 to 0
end transfer from 0 to 1
end transfer from 1 to 0
start transfer from 0 to 1
start transfer from 1 to 0
end transfer from 0 to 1
end transfer from 1 to 0
start transfer from 0 to 1
start transfer from 1 to 0
end transfer from 0 to 1
end transfer from 1 to 0
start transfer from 0 to 1
start transfer from 1 to 0
end transfer from 0 to 1
end transfer from 1 to 0
start transfer from 0 to 1
start transfer from 1 to 0
end transfer from 0 to 1
end transfer from 1 to 0
start transfer from 0 to 1
start transfer from 1 to 0
end transfer from 0 to 1
end transfer from 1 to 0
start transfer from 0 to 1
end transfer from 0 to 1
start transfer from 0 to 1
end transfer from 0 to 1
start transfer from 0 to 1
start transfer from 1 to 0
end transfer from 0 to 1
end transfer from 1 to 0
start transfer from 0 to 1
start transfer from 1 to 0
end transfer from 0 to 1
end transfer from 1 to 0
start transfer from 0 to 1
start transfer from 1 to 0
end transfer from 0 to 1
end transfer from 1 to 0
start transfer from 0 to 1
start transfer from 1 to 0
end transfer from 0 to 1
end transfer from 1 to 0
start transfer from 0 to 1
start transfer from 1 to 0
end transfer from 0 to 1
end transfer from 1 to 0
start transfer from 0 to 1
start transfer from 1 to 0
end transfer from 0 to 1
end transfer from 1 to 0
start transfer from 0 to 1
start transfer from 1 to 0
end transfer from 0 to 1
start transfer from 0 to 1
end transfer from 1 to 0
end transfer from 0 to 1
start transfer from 1 to 0
end transfer from 1 to 0
start transfer from 1 to 0
start transfer from 0 to 1
end transfer from 1 to 0
end transfer from 0 to 1
start transfer from 1 to 0
end transfer from 1 to 0
start transfer from 0 to 1
start transfer from 1 to 0
end transfer from 0 to 1
end transfer from 1 to 0
start transfer from 0 to 1
end transfer from 0 to 1
start transfer from 1 to 0
end transfer from 1 to 0
start transfer from 0 to 1
end transfer from 0 to 1
start transfer from 1 to 0
start transfer from 0 to 1
end transfer from 1 to 0
start transfer from 1 to 0
end transfer from 0 to 1
start transfer from 0 to 1
end transfer from 1 to 0
start transfer from 1 to 0
end transfer from 0 to 1
start transfer from 0 to 1
end transfer from 1 to 0
end transfer from 0 to 1
start transfer from 1 to 0
start transfer from 0 to 1
end transfer from 1 to 0
end transfer from 0 to 1
start transfer from 1 to 0
start transfer from 0 to 1
end transfer from 1 to 0
end transfer from 0 to 1
start transfer from 1 to 0
start transfer from 0 to 1
end transfer from 0 to 1
end transfer from 1 to 0
start transfer from 1 to 0
end transfer from 1 to 0
start transfer from 1 to 0
end transfer from 1 to 0
start transfer from 0 to 1
start transfer from 1 to 0
end transfer from 0 to 1
start transfer from 0 to 1
end transfer from 1 to 0
start transfer from 1 to 0
end transfer from 0 to 1
start transfer from 0 to 1
end transfer from 1 to 0
end transfer from 0 to 1
start transfer from 1 to 0
start transfer from 0 to 1
end transfer from 1 to 0
start transfer from 1 to 0
end transfer from 0 to 1
end transfer from 1 to 0
start transfer from 0 to 1
end transfer from 0 to 1
start transfer from 1 to 0
start transfer from 0 to 1
end transfer from 1 to 0
end transfer from 0 to 1
start transfer from 1 to 0
start transfer from 0 to 1
end transfer from 1 to 0
end transfer from 0 to 1
start transfer from 1 to 0
start transfer from 0 to 1
end transfer from 1 to 0
end transfer from 0 to 1
start transfer from 1 to 0
start transfer from 0 to 1
end transfer from 1 to 0
end transfer from 0 to 1
start transfer from 1 to 0
start transfer from 0 to 1
end transfer from 0 to 1
end transfer from 1 to 0
start transfer from 0 to 1
start transfer from 1 to 0
end transfer from 0 to 1
end transfer from 1 to 0
start transfer from 1 to 0
start transfer from 0 to 1
end transfer from 1 to 0
end transfer from 0 to 1
start transfer from 1 to 0
start transfer from 0 to 1
end transfer from 1 to 0
end transfer from 0 to 1
start transfer from 1 to 0
start transfer from 0 to 1
end transfer from 1 to 0
end transfer from 0 to 1
start transfer from 1 to 0
end transfer from 1 to 0
start transfer from 0 to 1
end transfer from 0 to 1
start transfer from 1 to 0
end transfer from 1 to 0
start transfer from 0 to 1
end transfer from 0 to 1
start transfer from 1 to 0
end transfer from 1 to 0
start transfer from 0 to 1
start transfer from 1 to 0
end transfer from 0 to 1
start transfer from 0 to 1
end transfer from 1 to 0
start transfer from 1 to 0
end transfer from 0 to 1
start transfer from 0 to 1
end transfer from 1 to 0
start transfer from 1 to 0
end transfer from 0 to 1
end transfer from 1 to 0
start transfer from 0 to 1
start transfer from 1 to 0
end transfer from 0 to 1
end transfer from 1 to 0
start transfer from 0 to 1
start transfer from 1 to 0
end transfer from 0 to 1
end transfer from 1 to 0
start transfer from 0 to 1
start transfer from 1 to 0
end transfer from 1 to 0
end transfer from 0 to 1
start transfer from 1 to 0
start transfer from 0 to 1
end transfer from 1 to 0
end transfer from 0 to 1
start transfer from 1 to 0
start transfer from 0 to 1
end transfer from 1 to 0
end transfer from 0 to 1
start transfer from 1 to 0
start transfer from 0 to 1
end transfer from 0 to 1
end transfer from 1 to 0
start transfer from 1 to 0
start transfer from 0 to 1
end transfer from 1 to 0
end transfer from 0 to 1
start transfer from 0 to 1
start transfer from 1 to 0
end transfer from 1 to 0
end transfer from 0 to 1
start transfer from 0 to 1
start transfer from 1 to 0
end transfer from 1 to 0
end transfer from 0 to 1
start transfer from 0 to 1
start transfer from 1 to 0
end transfer from 1 to 0
end transfer from 0 to 1
start transfer from 0 to 1
start transfer from 1 to 0
end transfer from 0 to 1
end transfer from 1 to 0
start transfer from 1 to 0
start transfer from 0 to 1
end transfer from 1 to 0
end transfer from 0 to 1
start transfer from 1 to 0
end transfer from 1 to 0
start transfer from 0 to 1
start transfer from 1 to 0
end transfer from 0 to 1
end transfer from 1 to 0
start transfer from 0 to 1
end transfer from 0 to 1
start transfer from 1 to 0
start transfer from 0 to 1
end transfer from 1 to 0
end transfer from 0 to 1
start transfer from 0 to 1
start transfer from 1 to 0
end transfer from 1 to 0
end transfer from 0 to 1
start transfer from 0 to 1
start transfer from 1 to 0
end transfer from 1 to 0
end transfer from 0 to 1
start transfer from 0 to 1
start transfer from 1 to 0
end transfer from 0 to 1
end transfer from 1 to 0
start transfer from 0 to 1
start transfer from 1 to 0
end transfer from 0 to 1
end transfer from 1 to 0
start transfer from 0 to 1
start transfer from 1 to 0
end transfer from 0 to 1
start transfer from 0 to 1
end transfer from 1 to 0
start transfer from 1 to 0
end transfer from 0 to 1
end transfer from 1 to 0
start transfer from 0 to 1
start transfer from 1 to 0
end transfer from 0 to 1
start transfer from 0 to 1
end transfer from 1 to 0
end transfer from 0 to 1
start transfer from 1 to 0
end transfer from 1 to 0
start transfer from 0 to 1
start transfer from 1 to 0
end transfer from 0 to 1
start transfer from 0 to 1
end transfer from 1 to 0
start transfer from 1 to 0
end transfer from 0 to 1
start transfer from 0 to 1
end transfer from 1 to 0
start transfer from 1 to 0
end transfer from 0 to 1
end transfer from 1 to 0
start transfer from 0 to 1
end transfer from 0 to 1
start transfer from 1 to 0
start transfer from 0 to 1
end transfer from 1 to 0
start transfer from 1 to 0
end transfer from 0 to 1
end transfer from 1 to 0
start transfer from 0 to 1
start transfer from 1 to 0
end transfer from 0 to 1
start transfer from 0 to 1
end transfer from 1 to 0
end transfer from 0 to 1
start transfer from 1 to 0
start transfer from 0 to 1
end transfer from 1 to 0
end transfer from 0 to 1
start transfer from 1 to 0
end transfer from 1 to 0
start transfer from 0 to 1
end transfer from 0 to 1
start transfer from 1 to 0
end transfer from 1 to 0
start transfer from 0 to 1
end transfer from 0 to 1
start transfer from 1 to 0
start transfer from 0 to 1
end transfer from 1 to 0
end transfer from 0 to 1
start transfer from 1 to 0
end transfer from 1 to 0
start transfer from 0 to 1
start transfer from 1 to 0
end transfer from 0 to 1
start transfer from 0 to 1
end transfer from 1 to 0
end transfer from 0 to 1
start transfer from 1 to 0
start transfer from 0 to 1
end transfer from 0 to 1
end transfer from 1 to 0
start transfer from 1 to 0
start transfer from 0 to 1
end transfer from 1 to 0
end transfer from 0 to 1
start transfer from 1 to 0
start transfer from 0 to 1
end transfer from 1 to 0
end transfer from 0 to 1
start transfer from 1 to 0
start transfer from 0 to 1
end transfer from 1 to 0
end transfer from 0 to 1
start transfer from 1 to 0
start transfer from 0 to 1
end transfer from 1 to 0
end transfer from 0 to 1
start transfer from 1 to 0
start transfer from 0 to 1
end transfer from 0 to 1
end transfer from 1 to 0
start transfer from 0 to 1
end transfer from 0 to 1
start transfer from 1 to 0
start transfer from 0 to 1
end transfer from 1 to 0
end transfer from 0 to 1
start transfer from 1 to 0
start transfer from 0 to 1
end transfer from 1 to 0
end transfer from 0 to 1
start transfer from 1 to 0
start transfer from 0 to 1
end transfer from 1 to 0
end transfer from 0 to 1
start transfer from 1 to 0
start transfer from 0 to 1
end transfer from 1 to 0
end transfer from 0 to 1
start transfer from 1 to 0
start transfer from 0 to 1
end transfer from 1 to 0
end transfer from 0 to 1
start transfer from 1 to 0
start transfer from 0 to 1
end transfer from 1 to 0
end transfer from 0 to 1
start transfer from 1 to 0
start transfer from 0 to 1
end transfer from 1 to 0
end transfer from 0 to 1
start transfer from 1 to 0
start transfer from 0 to 1
end transfer from 1 to 0
end transfer from 0 to 1
start transfer from 1 to 0
end transfer from 1 to 0
start transfer from 0 to 1
start transfer from 1 to 0
end transfer from 0 to 1
end transfer from 1 to 0
start transfer from 0 to 1
start transfer from 1 to 0
end transfer from 0 to 1
end transfer from 1 to 0
start transfer from 0 to 1
start transfer from 1 to 0
end transfer from 1 to 0
end transfer from 0 to 1
start transfer from 1 to 0
start transfer from 0 to 1
end transfer from 1 to 0
end transfer from 0 to 1
start transfer from 1 to 0
start transfer from 0 to 1
end transfer from 1 to 0
end transfer from 0 to 1
start transfer from 1 to 0
start transfer from 0 to 1
end transfer from 1 to 0
end transfer from 0 to 1
start transfer from 1 to 0
end transfer from 1 to 0
start transfer from 0 to 1
start transfer from 1 to 0
end transfer from 0 to 1
end transfer from 1 to 0
start transfer from 0 to 1
start transfer from 1 to 0
end transfer from 0 to 1
end transfer from 1 to 0
start transfer from 0 to 1
start transfer from 1 to 0
end transfer from 0 to 1
end transfer from 1 to 0
start transfer from 0 to 1
start transfer from 1 to 0
end transfer from 0 to 1
end transfer from 1 to 0
start transfer from 0 to 1
start transfer from 1 to 0
end transfer from 0 to 1
end transfer from 1 to 0
start transfer from 0 to 1
start transfer from 1 to 0
end transfer from 0 to 1
end transfer from 1 to 0
start transfer from 0 to 1
start transfer from 1 to 0
end transfer from 0 to 1
end transfer from 1 to 0
start transfer from 1 to 0
start transfer from 0 to 1
end transfer from 1 to 0
end transfer from 0 to 1
start transfer from 1 to 0
start transfer from 0 to 1
end transfer from 1 to 0
end transfer from 0 to 1
start transfer from 1 to 0
start transfer from 0 to 1
end transfer from 1 to 0
end transfer from 0 to 1
start transfer from 1 to 0
start transfer from 0 to 1
end transfer from 1 to 0
end transfer from 0 to 1
start transfer from 1 to 0
start transfer from 0 to 1
end transfer from 1 to 0
start transfer from 1 to 0
end transfer from 0 to 1
end transfer from 1 to 0
start transfer from 0 to 1
start transfer from 1 to 0
end transfer from 0 to 1
end transfer from 1 to 0
start transfer from 0 to 1
start transfer from 1 to 0
end transfer from 0 to 1
end transfer from 1 to 0
start transfer from 0 to 1
start transfer from 1 to 0
end transfer from 0 to 1
end transfer from 1 to 0
start transfer from 0 to 1
start transfer from 1 to 0
end transfer from 0 to 1
end transfer from 1 to 0
start transfer from 0 to 1
start transfer from 1 to 0
end transfer from 0 to 1
end transfer from 1 to 0
start transfer from 0 to 1
start transfer from 1 to 0
end transfer from 0 to 1
end transfer from 1 to 0
start transfer from 0 to 1
start transfer from 1 to 0
end transfer from 0 to 1
end transfer from 1 to 0
start transfer from 0 to 1
start transfer from 1 to 0
end transfer from 0 to 1
end transfer from 1 to 0
start transfer from 0 to 1
start transfer from 1 to 0
end transfer from 0 to 1
end transfer from 1 to 0
start transfer from 0 to 1
start transfer from 1 to 0
end transfer from 0 to 1
end transfer from 1 to 0
start transfer from 0 to 1
start transfer from 1 to 0
end transfer from 0 to 1
end transfer from 1 to 0
start transfer from 0 to 1
start transfer from 1 to 0
end transfer from 0 to 1
end transfer from 1 to 0
start transfer from 0 to 1
start transfer from 1 to 0
end transfer from 1 to 0
end transfer from 0 to 1
start transfer from 1 to 0
start transfer from 0 to 1
end transfer from 1 to 0
end transfer from 0 to 1
start transfer from 1 to 0
start transfer from 0 to 1
end transfer from 1 to 0
start transfer from 1 to 0
end transfer from 0 to 1
end transfer from 1 to 0
start transfer from 0 to 1
start transfer from 1 to 0
end transfer from 0 to 1
end transfer from 1 to 0
start transfer from 0 to 1
start transfer from 1 to 0
end transfer from 0 to 1
end transfer from 1 to 0
start transfer from 0 to 1
start transfer from 1 to 0
end transfer from 0 to 1
end transfer from 1 to 0
start transfer from 0 to 1
start transfer from 1 to 0
end transfer from 0 to 1
end transfer from 1 to 0
start transfer from 0 to 1
start transfer from 1 to 0
end transfer from 0 to 1
end transfer from 1 to 0
start transfer from 0 to 1
start transfer from 1 to 0
end transfer from 0 to 1
end transfer from 1 to 0
start transfer from 0 to 1
start transfer from 1 to 0
end transfer from 0 to 1
end transfer from 1 to 0
start transfer from 0 to 1
start transfer from 1 to 0
end transfer from 0 to 1
end transfer from 1 to 0
start transfer from 0 to 1
start transfer from 1 to 0
end transfer from 0 to 1
end transfer from 1 to 0
start transfer from 0 to 1
start transfer from 1 to 0
end transfer from 0 to 1
end transfer from 1 to 0
start transfer from 0 to 1
start transfer from 1 to 0
end transfer from 0 to 1
end transfer from 1 to 0
start transfer from 0 to 1
start transfer from 1 to 0
end transfer from 0 to 1
start transfer from 0 to 1
end transfer from 1 to 0
end transfer from 0 to 1
start transfer from 1 to 0
start transfer from 0 to 1
end transfer from 0 to 1
end transfer from 1 to 0
start transfer from 1 to 0
end transfer from 1 to 0
start transfer from 1 to 0
end transfer from 1 to 0
start transfer from 1 to 0
end transfer from 1 to 0
start transfer from 0 to 1
start transfer from 1 to 0
end transfer from 0 to 1
end transfer from 1 to 0
start transfer from 0 to 1
end transfer from 0 to 1
start transfer from 1 to 0
end transfer from 1 to 0
start transfer from 0 to 1
end transfer from 0 to 1
start transfer from 1 to 0
end transfer from 1 to 0
start transfer from 0 to 1
start transfer from 1 to 0
end transfer from 0 to 1
end transfer from 1 to 0
start transfer from 0 to 1
start transfer from 1 to 0
end transfer from 0 to 1
end transfer from 1 to 0
start transfer from 0 to 1
start transfer from 1 to 0
end transfer from 0 to 1
start transfer from 0 to 1
end transfer from 1 to 0
start transfer from 1 to 0
end transfer from 0 to 1
start transfer from 0 to 1
end transfer from 1 to 0
end transfer from 0 to 1
start transfer from 1 to 0
end transfer from 1 to 0
start transfer from 0 to 1
end transfer from 0 to 1
start transfer from 1 to 0
end transfer from 1 to 0
start transfer from 0 to 1
end transfer from 0 to 1
start transfer from 1 to 0
end transfer from 1 to 0
start transfer from 0 to 1
end transfer from 0 to 1
start transfer from 1 to 0
end transfer from 1 to 0
start transfer from 0 to 1
start transfer from 1 to 0
end transfer from 0 to 1
start transfer from 0 to 1
end transfer from 1 to 0
end transfer from 0 to 1
start transfer from 1 to 0
start transfer from 0 to 1
end transfer from 0 to 1
end transfer from 1 to 0
start transfer from 1 to 0
start transfer from 0 to 1
end transfer from 0 to 1
end transfer from 1 to 0
start transfer from 1 to 0
start transfer from 0 to 1
end transfer from 1 to 0
end transfer from 0 to 1
start transfer from 1 to 0
start transfer from 0 to 1
end transfer from 0 to 1
end transfer from 1 to 0
start transfer from 0 to 1
start transfer from 1 to 0
end transfer from 1 to 0
end transfer from 0 to 1
start transfer from 1 to 0
end transfer from 1 to 0
start transfer from 0 to 1
start transfer from 1 to 0
end transfer from 1 to 0
end transfer from 0 to 1
start transfer from 1 to 0
start transfer from 0 to 1
end transfer from 1 to 0
start transfer from 1 to 0
end transfer from 0 to 1
end transfer from 1 to 0
start transfer from 0 to 1
start transfer from 1 to 0
end transfer from 1 to 0
end transfer from 0 to 1
start transfer from 1 to 0
end transfer from 1 to 0
start transfer from 0 to 1
start transfer from 1 to 0
end transfer from 1 to 0
end transfer from 0 to 1
start transfer from 0 to 1
end transfer from 0 to 1
start transfer from 0 to 1
start transfer from 1 to 0
end transfer from 0 to 1
end transfer from 1 to 0
start transfer from 1 to 0
start transfer from 0 to 1
end transfer from 1 to 0
end transfer from 0 to 1
start transfer from 1 to 0
end transfer from 1 to 0
start transfer from 0 to 1
start transfer from 1 to 0
end transfer from 1 to 0
start transfer from 1 to 0
end transfer from 0 to 1
end transfer from 1 to 0
start transfer from 0 to 1
start transfer from 1 to 0
end transfer from 1 to 0
end transfer from 0 to 1
start transfer from 1 to 0
end transfer from 1 to 0
start transfer from 0 to 1
start transfer from 1 to 0
end transfer from 1 to 0
end transfer from 0 to 1
start transfer from 1 to 0
start transfer from 0 to 1
end transfer from 1 to 0
start transfer from 1 to 0
end transfer from 0 to 1
end transfer from 1 to 0
start transfer from 0 to 1
start transfer from 1 to 0
end transfer from 1 to 0
end transfer from 0 to 1
start transfer from 1 to 0
start transfer from 0 to 1
end transfer from 1 to 0
start transfer from 1 to 0
end transfer from 0 to 1
end transfer from 1 to 0
start transfer from 0 to 1
start transfer from 1 to 0
end transfer from 1 to 0
end transfer from 0 to 1
start transfer from 1 to 0
start transfer from 0 to 1
end transfer from 1 to 0
start transfer from 1 to 0
end transfer from 0 to 1
end transfer from 1 to 0
start transfer from 1 to 0
start transfer from 0 to 1
end transfer from 1 to 0
start transfer from 1 to 0
end transfer from 0 to 1
end transfer from 1 to 0
start transfer from 0 to 1
start transfer from 1 to 0
end transfer from 1 to 0
end transfer from 0 to 1
start transfer from 1 to 0
start transfer from 0 to 1
end transfer from 1 to 0
end transfer from 0 to 1
start transfer from 1 to 0
end transfer from 1 to 0
start transfer from 0 to 1
start transfer from 1 to 0
end transfer from 1 to 0
end transfer from 0 to 1
start transfer from 1 to 0
start transfer from 0 to 1
end transfer from 1 to 0
end transfer from 0 to 1
start transfer from 0 to 1
start transfer from 1 to 0
end transfer from 1 to 0
end transfer from 0 to 1
start transfer from 0 to 1
start transfer from 1 to 0
end transfer from 0 to 1
end transfer from 1 to 0
start transfer from 1 to 0
start transfer from 0 to 1
end transfer from 0 to 1
end transfer from 1 to 0
start transfer from 1 to 0
start transfer from 0 to 1
end transfer from 0 to 1
end transfer from 1 to 0
start transfer from 0 to 1
start transfer from 1 to 0
end transfer from 0 to 1
end transfer from 1 to 0
start transfer from 0 to 1
start transfer from 1 to 0
end transfer from 1 to 0
end transfer from 0 to 1
start transfer from 1 to 0
start transfer from 0 to 1
end transfer from 1 to 0
start transfer from 1 to 0
end transfer from 0 to 1
end transfer from 1 to 0
start transfer from 0 to 1
end transfer from 0 to 1
start transfer from 1 to 0
start transfer from 0 to 1
end transfer from 1 to 0
end transfer from 0 to 1
start transfer from 1 to 0
start transfer from 0 to 1
end transfer from 0 to 1
end transfer from 1 to 0
start transfer from 0 to 1
start transfer from 1 to 0
end transfer from 0 to 1
end transfer from 1 to 0
start transfer from 0 to 1
start transfer from 1 to 0
end transfer from 0 to 1
end transfer from 1 to 0
start transfer from 1 to 0
start transfer from 0 to 1
end transfer from 1 to 0
end transfer from 0 to 1
start transfer from 1 to 0
start transfer from 0 to 1
end transfer from 1 to 0
end transfer from 0 to 1
start transfer from 1 to 0
start transfer from 0 to 1
end transfer from 1 to 0
start transfer from 1 to 0
end transfer from 0 to 1
end transfer from 1 to 0
start transfer from 0 to 1
start transfer from 1 to 0
end transfer from 0 to 1
end transfer from 1 to 0
start transfer from 0 to 1
start transfer from 1 to 0
end transfer from 0 to 1
end transfer from 1 to 0
start transfer from 0 to 1
start transfer from 1 to 0
end transfer from 0 to 1
end transfer from 1 to 0
start transfer from 1 to 0
start transfer from 0 to 1
end transfer from 1 to 0
end transfer from 0 to 1
start transfer from 1 to 0
start transfer from 0 to 1
end transfer from 1 to 0
end transfer from 0 to 1
start transfer from 1 to 0
end transfer from 1 to 0
start transfer from 0 to 1
start transfer from 1 to 0
end transfer from 0 to 1
end transfer from 1 to 0
start transfer from 0 to 1
start transfer from 1 to 0
end transfer from 1 to 0
end transfer from 0 to 1
start transfer from 1 to 0
start transfer from 0 to 1
end transfer from 1 to 0
end transfer from 0 to 1
start transfer from 1 to 0
start transfer from 0 to 1
end transfer from 1 to 0
end transfer from 0 to 1
start transfer from 1 to 0
start transfer from 0 to 1
end transfer from 1 to 0
end transfer from 0 to 1
start transfer from 1 to 0
start transfer from 0 to 1
end transfer from 1 to 0
end transfer from 0 to 1
start transfer from 0 to 1
end transfer from 0 to 1
start transfer from 1 to 0
start transfer from 0 to 1
end transfer from 1 to 0
end transfer from 0 to 1
start transfer from 1 to 0
end transfer from 1 to 0
start transfer from 0 to 1
start transfer from 1 to 0
end transfer from 1 to 0
end transfer from 0 to 1
start transfer from 1 to 0
start transfer from 0 to 1
end transfer from 1 to 0
end transfer from 0 to 1
start transfer from 1 to 0
start transfer from 0 to 1
end transfer from 1 to 0
end transfer from 0 to 1
start transfer from 1 to 0
start transfer from 0 to 1
end transfer from 1 to 0
end transfer from 0 to 1
start transfer from 0 to 1
start transfer from 1 to 0
end transfer from 0 to 1
end transfer from 1 to 0
start transfer from 0 to 1
start transfer from 1 to 0
end transfer from 0 to 1
end transfer from 1 to 0
start transfer from 0 to 1
start transfer from 1 to 0
end transfer from 0 to 1
end transfer from 1 to 0
start transfer from 1 to 0
end transfer from 1 to 0
start transfer from 1 to 0
start transfer from 0 to 1
end transfer from 0 to 1
start transfer from 0 to 1
end transfer from 1 to 0
end transfer from 0 to 1
start transfer from 0 to 1
end transfer from 0 to 1
start transfer from 1 to 0
start transfer from 0 to 1
end transfer from 0 to 1
end transfer from 1 to 0
start transfer from 0 to 1
start transfer from 1 to 0
end transfer from 1 to 0
end transfer from 0 to 1
start transfer from 1 to 0
start transfer from 0 to 1
end transfer from 1 to 0
end transfer from 0 to 1
start transfer from 1 to 0
end transfer from 1 to 0
start transfer from 0 to 1
start transfer from 1 to 0
end transfer from 0 to 1
end transfer from 1 to 0
start transfer from 0 to 1
start transfer from 1 to 0
end transfer from 0 to 1
end transfer from 1 to 0
start transfer from 0 to 1
start transfer from 1 to 0
end transfer from 1 to 0
start transfer from 1 to 0
end transfer from 1 to 0
start transfer from 1 to 0
end transfer from 1 to 0
start transfer from 1 to 0
end transfer from 1 to 0
start transfer from 1 to 0
end transfer from 1 to 0
end transfer from 0 to 1
start transfer from 1 to 0
start transfer from 0 to 1
end transfer from 1 to 0
end transfer from 0 to 1
start transfer from 1 to 0
start transfer from 0 to 1
end transfer from 1 to 0
end transfer from 0 to 1
start transfer from 1 to 0
start transfer from 0 to 1
end transfer from 1 to 0
end transfer from 0 to 1
start transfer from 0 to 1
start transfer from 1 to 0
end transfer from 0 to 1
end transfer from 1 to 0
start transfer from 0 to 1
start transfer from 1 to 0
end transfer from 1 to 0
start transfer from 1 to 0
end transfer from 0 to 1
end transfer from 1 to 0
start transfer from 0 to 1
start transfer from 1 to 0
end transfer from 1 to 0
end transfer from 0 to 1
start transfer from 1 to 0
start transfer from 0 to 1
end transfer from 1 to 0
end transfer from 0 to 1
start transfer from 1 to 0
start transfer from 0 to 1
end transfer from 1 to 0
end transfer from 0 to 1
start transfer from 1 to 0
start transfer from 0 to 1
end transfer from 1 to 0
end transfer from 0 to 1
start transfer from 1 to 0
start transfer from 0 to 1
end transfer from 1 to 0
end transfer from 0 to 1
start transfer from 1 to 0
start transfer from 0 to 1
end transfer from 1 to 0
start transfer from 1 to 0
end transfer from 0 to 1
start transfer from 0 to 1
end transfer from 1 to 0
end transfer from 0 to 1
start transfer from 1 to 0
start transfer from 0 to 1
end transfer from 1 to 0
end transfer from 0 to 1
start transfer from 1 to 0
start transfer from 0 to 1
end transfer from 1 to 0
end transfer from 0 to 1
start transfer from 1 to 0
start transfer from 0 to 1
end transfer from 1 to 0
end transfer from 0 to 1
start transfer from 0 to 1
start transfer from 1 to 0
end transfer from 0 to 1
end transfer from 1 to 0
start transfer from 0 to 1
start transfer from 1 to 0
end transfer from 0 to 1
start transfer from 0 to 1
end transfer from 1 to 0
end transfer from 0 to 1
start transfer from 1 to 0
start transfer from 0 to 1
end transfer from 1 to 0
end transfer from 0 to 1
start transfer from 0 to 1
start transfer from 1 to 0
end transfer from 0 to 1
end transfer from 1 to 0
start transfer from 0 to 1
start transfer from 1 to 0
end transfer from 0 to 1
end transfer from 1 to 0
start transfer from 0 to 1
start transfer from 1 to 0
end transfer from 0 to 1
start transfer from 0 to 1
end transfer from 1 to 0
end transfer from 0 to 1
start transfer from 1 to 0
start transfer from 0 to 1
end transfer from 0 to 1
end transfer from 1 to 0
start transfer from 0 to 1
start transfer from 1 to 0
end transfer from 0 to 1
end transfer from 1 to 0
start transfer from 0 to 1
end transfer from 0 to 1
start transfer from 1 to 0
start transfer from 0 to 1
end transfer from 1 to 0
end transfer from 0 to 1
start transfer from 1 to 0
start transfer from 0 to 1
end transfer from 1 to 0
end transfer from 0 to 1
start transfer from 1 to 0
start transfer from 0 to 1
end transfer from 1 to 0
end transfer from 0 to 1
start transfer from 0 to 1
start transfer from 1 to 0
end transfer from 0 to 1
end transfer from 1 to 0
start transfer from 0 to 1
start transfer from 1 to 0
end transfer from 0 to 1
start transfer from 0 to 1
end transfer from 1 to 0
end transfer from 0 to 1
start transfer from 1 to 0
start transfer from 0 to 1
end transfer from 0 to 1
end transfer from 1 to 0
start transfer from 0 to 1
start transfer from 1 to 0
end transfer from 0 to 1
end transfer from 1 to 0
start transfer from 0 to 1
start transfer from 1 to 0
end transfer from 0 to 1
end transfer from 1 to 0
start transfer from 0 to 1
end transfer from 0 to 1
start transfer from 1 to 0
start transfer from 0 to 1
end transfer from 1 to 0
end transfer from 0 to 1
start transfer from 1 to 0
start transfer from 0 to 1
end transfer from 0 to 1
end transfer from 1 to 0
start transfer from 0 to 1
start transfer from 1 to 0
end transfer from 0 to 1
end transfer from 1 to 0
start transfer from 0 to 1
start transfer from 1 to 0
end transfer from 0 to 1
start transfer from 0 to 1
end transfer from 1 to 0
end transfer from 0 to 1
start transfer from 1 to 0
start transfer from 0 to 1
end transfer from 1 to 0
end transfer from 0 to 1
start transfer from 1 to 0
start transfer from 0 to 1
end transfer from 0 to 1
end transfer from 1 to 0
start transfer from 0 to 1
start transfer from 1 to 0
end transfer from 0 to 1
end transfer from 1 to 0
start transfer from 0 to 1
start transfer from 1 to 0
end transfer from 0 to 1
end transfer from 1 to 0
start transfer from 0 to 1
start transfer from 1 to 0
end transfer from 0 to 1
end transfer from 1 to 0
start transfer from 0 to 1
end transfer from 0 to 1
start transfer from 1 to 0
start transfer from 0 to 1
end transfer from 1 to 0
end transfer from 0 to 1
start transfer from 1 to 0
start transfer from 0 to 1
end transfer from 1 to 0
start transfer from 1 to 0
end transfer from 1 to 0
end transfer from 0 to 1
start transfer from 1 to 0
start transfer from 0 to 1
end transfer from 1 to 0
end transfer from 0 to 1
start transfer from 1 to 0
start transfer from 0 to 1
end transfer from 1 to 0
end transfer from 0 to 1
start transfer from 1 to 0
start transfer from 0 to 1
end transfer from 1 to 0
end transfer from 0 to 1
start transfer from 1 to 0
start transfer from 0 to 1
end transfer from 1 to 0
end transfer from 0 to 1
start transfer from 1 to 0
start transfer from 0 to 1
end transfer from 1 to 0
end transfer from 0 to 1
start transfer from 1 to 0
start transfer from 0 to 1
end transfer from 1 to 0
end transfer from 0 to 1
start transfer from 1 to 0
start transfer from 0 to 1
end transfer from 1 to 0
end transfer from 0 to 1
start transfer from 1 to 0
start transfer from 0 to 1
end transfer from 1 to 0
end transfer from 0 to 1
start transfer from 1 to 0
start transfer from 0 to 1
end transfer from 1 to 0
end transfer from 0 to 1
start transfer from 1 to 0
start transfer from 0 to 1
end transfer from 1 to 0
end transfer from 0 to 1
start transfer from 1 to 0
start transfer from 0 to 1
end transfer from 1 to 0
end transfer from 0 to 1
start transfer from 1 to 0
start transfer from 0 to 1
end transfer from 1 to 0
end transfer from 0 to 1
start transfer from 1 to 0
start transfer from 0 to 1
end transfer from 1 to 0
end transfer from 0 to 1
start transfer from 1 to 0
start transfer from 0 to 1
end transfer from 1 to 0
end transfer from 0 to 1
start transfer from 1 to 0
start transfer from 0 to 1
end transfer from 1 to 0
end transfer from 0 to 1
start transfer from 1 to 0
start transfer from 0 to 1
end transfer from 1 to 0
end transfer from 0 to 1
start transfer from 1 to 0
start transfer from 0 to 1
end transfer from 1 to 0
end transfer from 0 to 1
start transfer from 1 to 0
start transfer from 0 to 1
end transfer from 1 to 0
end transfer from 0 to 1
start transfer from 1 to 0
start transfer from 0 to 1
end transfer from 1 to 0
end transfer from 0 to 1
start transfer from 1 to 0
start transfer from 0 to 1
end transfer from 1 to 0
end transfer from 0 to 1
start transfer from 1 to 0
start transfer from 0 to 1
end transfer from 1 to 0
end transfer from 0 to 1
start transfer from 1 to 0
start transfer from 0 to 1
end transfer from 1 to 0
start transfer from 1 to 0
end transfer from 1 to 0
start transfer from 1 to 0
end transfer from 0 to 1
end transfer from 1 to 0
start transfer from 0 to 1
start transfer from 1 to 0
end transfer from 0 to 1
end transfer from 1 to 0
start transfer from 0 to 1
start transfer from 1 to 0
end transfer from 0 to 1
end transfer from 1 to 0
start transfer from 0 to 1
start transfer from 1 to 0
end transfer from 0 to 1
end transfer from 1 to 0
start transfer from 0 to 1
start transfer from 1 to 0
end transfer from 0 to 1
end transfer from 1 to 0
start transfer from 0 to 1
start transfer from 1 to 0
end transfer from 1 to 0
start transfer from 1 to 0
end transfer from 1 to 0
start transfer from 1 to 0
end transfer from 1 to 0
start transfer from 1 to 0
end transfer from 1 to 0
start transfer from 1 to 0
end transfer from 1 to 0
start transfer from 1 to 0
end transfer from 1 to 0
start transfer from 1 to 0
end transfer from 1 to 0
start transfer from 1 to 0
end transfer from 1 to 0
start transfer from 1 to 0
end transfer from 1 to 0
start transfer from 1 to 0
end transfer from 1 to 0
start transfer from 1 to 0
end transfer from 1 to 0
start transfer from 1 to 0
end transfer from 1 to 0
start transfer from 1 to 0
end transfer from 1 to 0
start transfer from 1 to 0
end transfer from 1 to 0
start transfer from 1 to 0
end transfer from 1 to 0
start transfer from 1 to 0
end transfer from 1 to 0
end transfer from 0 to 1
start transfer from 1 to 0
end transfer from 1 to 0
start transfer from 0 to 1
start transfer from 1 to 0
end transfer from 0 to 1
end transfer from 1 to 0
start transfer from 0 to 1
start transfer from 1 to 0
end transfer from 0 to 1
end transfer from 1 to 0
start transfer from 0 to 1
start transfer from 1 to 0
end transfer from 0 to 1
end transfer from 1 to 0
start transfer from 0 to 1
start transfer from 1 to 0
end transfer from 0 to 1
end transfer from 1 to 0
start transfer from 0 to 1
start transfer from 1 to 0
end transfer from 0 to 1
end transfer from 1 to 0
start transfer from 0 to 1
start transfer from 1 to 0
end transfer from 0 to 1
end transfer from 1 to 0
start transfer from 0 to 1
start transfer from 1 to 0
end transfer from 0 to 1
end transfer from 1 to 0
start transfer from 0 to 1
start transfer from 1 to 0
end transfer from 0 to 1
end transfer from 1 to 0
start transfer from 0 to 1
start transfer from 1 to 0
end transfer from 0 to 1
end transfer from 1 to 0
start transfer from 0 to 1
end transfer from 0 to 1
start transfer from 1 to 0
start transfer from 0 to 1
end transfer from 1 to 0
end transfer from 0 to 1
start transfer from 1 to 0
start transfer from 0 to 1
end transfer from 1 to 0
end transfer from 0 to 1
start transfer from 0 to 1
start transfer from 1 to 0
end transfer from 0 to 1
start transfer from 0 to 1
end transfer from 1 to 0
end transfer from 0 to 1
start transfer from 1 to 0
start transfer from 0 to 1
end transfer from 1 to 0
end transfer from 0 to 1
start transfer from 1 to 0
start transfer from 0 to 1
end transfer from 1 to 0
end transfer from 0 to 1
start transfer from 0 to 1
start transfer from 1 to 0
end transfer from 0 to 1
end transfer from 1 to 0
start transfer from 0 to 1
start transfer from 1 to 0
end transfer from 0 to 1
end transfer from 1 to 0
start transfer from 1 to 0
end transfer from 1 to 0
start transfer from 0 to 1
end transfer from 0 to 1
start transfer from 1 to 0
start transfer from 0 to 1
end transfer from 1 to 0
end transfer from 0 to 1
start transfer from 0 to 1
start transfer from 1 to 0
end transfer from 0 to 1
end transfer from 1 to 0
start transfer from 0 to 1
start transfer from 1 to 0
end transfer from 0 to 1
end transfer from 1 to 0
start transfer from 0 to 1
start transfer from 1 to 0
end transfer from 0 to 1
end transfer from 1 to 0
start transfer from 0 to 1
start transfer from 1 to 0
end transfer from 0 to 1
end transfer from 1 to 0
start transfer from 0 to 1
start transfer from 1 to 0
end transfer from 0 to 1
end transfer from 1 to 0
start transfer from 0 to 1
start transfer from 1 to 0
end transfer from 0 to 1
end transfer from 1 to 0
start transfer from 0 to 1
start transfer from 1 to 0
end transfer from 0 to 1
end transfer from 1 to 0
start transfer from 0 to 1
start transfer from 1 to 0
end transfer from 0 to 1
end transfer from 1 to 0
start transfer from 0 to 1
end transfer from 0 to 1
start transfer from 1 to 0
start transfer from 0 to 1
end transfer from 0 to 1
end transfer from 1 to 0
start transfer from 0 to 1
start transfer from 1 to 0
end transfer from 0 to 1
end transfer from 1 to 0
start transfer from 0 to 1
start transfer from 1 to 0
end transfer from 0 to 1
end transfer from 1 to 0
start transfer from 1 to 0
start transfer from 0 to 1
end transfer from 1 to 0
start transfer from 1 to 0
end transfer from 0 to 1
end transfer from 1 to 0
start transfer from 0 to 1
start transfer from 1 to 0
end transfer from 0 to 1
end transfer from 1 to 0
start transfer from 0 to 1
start transfer from 1 to 0
end transfer from 0 to 1
end transfer from 1 to 0
start transfer from 0 to 1
start transfer from 1 to 0
end transfer from 0 to 1
start transfer from 0 to 1
end transfer from 1 to 0
end transfer from 0 to 1
start transfer from 1 to 0
start transfer from 0 to 1
end transfer from 0 to 1
end transfer from 1 to 0
start transfer from 0 to 1
start transfer from 1 to 0
end transfer from 0 to 1
end transfer from 1 to 0
start transfer from 0 to 1
start transfer from 1 to 0
end transfer from 0 to 1
start transfer from 0 to 1
end transfer from 1 to 0
end transfer from 0 to 1
start transfer from 1 to 0
start transfer from 0 to 1
end transfer from 1 to 0
end transfer from 0 to 1
start transfer from 1 to 0
start transfer from 0 to 1
end transfer from 1 to 0
end transfer from 0 to 1
start transfer from 1 to 0
start transfer from 0 to 1
end transfer from 1 to 0
end transfer from 0 to 1
start transfer from 1 to 0
start transfer from 0 to 1
end transfer from 1 to 0
end transfer from 0 to 1
start transfer from 1 to 0
start transfer from 0 to 1
end transfer from 1 to 0
end transfer from 0 to 1
start transfer from 0 to 1
end transfer from 0 to 1
start transfer from 1 to 0
start transfer from 0 to 1
end transfer from 1 to 0
end transfer from 0 to 1
start transfer from 1 to 0
start transfer from 0 to 1
end transfer from 0 to 1
end transfer from 1 to 0
start transfer from 1 to 0
start transfer from 0 to 1
end transfer from 0 to 1
end transfer from 1 to 0
start transfer from 0 to 1
start transfer from 1 to 0
end transfer from 0 to 1
end transfer from 1 to 0
start transfer from 0 to 1
start transfer from 1 to 0
end transfer from 0 to 1
start transfer from 0 to 1
end transfer from 1 to 0
end transfer from 0 to 1
start transfer from 0 to 1
start transfer from 1 to 0
end transfer from 0 to 1
start transfer from 0 to 1
end transfer from 1 to 0
end transfer from 0 to 1
start transfer from 1 to 0
start transfer from 0 to 1
end transfer from 1 to 0
start transfer from 1 to 0
end transfer from 0 to 1
end transfer from 1 to 0
start transfer from 0 to 1
start transfer from 1 to 0
end transfer from 1 to 0
end transfer from 0 to 1
start transfer from 1 to 0
start transfer from 0 to 1
end transfer from 1 to 0
end transfer from 0 to 1
start transfer from 1 to 0
end transfer from 1 to 0
start transfer from 0 to 1
start transfer from 1 to 0
end transfer from 0 to 1
end transfer from 1 to 0
start transfer from 1 to 0
start transfer from 0 to 1
end transfer from 1 to 0
end transfer from 0 to 1
start transfer from 1 to 0
start transfer from 0 to 1
end transfer from 0 to 1
end transfer from 1 to 0
start transfer from 1 to 0
start transfer from 0 to 1
end transfer from 1 to 0
end transfer from 0 to 1
start transfer from 0 to 1
start transfer from 1 to 0
end transfer from 1 to 0
end transfer from 0 to 1
start transfer from 0 to 1
start transfer from 1 to 0
end transfer from 1 to 0
end transfer from 0 to 1
start transfer from 1 to 0
start transfer from 0 to 1
end transfer from 1 to 0
end transfer from 0 to 1
start transfer from 0 to 1
start transfer from 1 to 0
end transfer from 0 to 1
end transfer from 1 to 0
start transfer from 0 to 1
start transfer from 1 to 0
end transfer from 0 to 1
end transfer from 1 to 0
start transfer from 0 to 1
start transfer from 1 to 0
end transfer from 0 to 1
end transfer from 1 to 0
start transfer from 0 to 1
start transfer from 1 to 0
end transfer from 0 to 1
start transfer from 0 to 1
end transfer from 0 to 1
end transfer from 1 to 0
start transfer from 0 to 1
start transfer from 1 to 0
end transfer from 0 to 1
end transfer from 1 to 0
start transfer from 0 to 1
start transfer from 1 to 0
end transfer from 0 to 1
end transfer from 1 to 0
start transfer from 0 to 1
start transfer from 1 to 0
end transfer from 0 to 1
end transfer from 1 to 0
start transfer from 0 to 1
start transfer from 1 to 0
end transfer from 0 to 1
end transfer from 1 to 0
start transfer from 0 to 1
start transfer from 1 to 0
end transfer from 0 to 1
end transfer from 1 to 0
start transfer from 0 to 1
start transfer from 1 to 0
end transfer from 0 to 1
end transfer from 1 to 0
start transfer from 0 to 1
start transfer from 1 to 0
end transfer from 1 to 0
end transfer from 0 to 1
start transfer from 1 to 0
end transfer from 1 to 0
start transfer from 0 to 1
start transfer from 1 to 0
end transfer from 0 to 1
end transfer from 1 to 0
start transfer from 0 to 1
start transfer from 1 to 0
end transfer from 1 to 0
end transfer from 0 to 1
start transfer from 1 to 0
start transfer from 0 to 1
end transfer from 1 to 0
end transfer from 0 to 1
start transfer from 1 to 0
start transfer from 0 to 1
end transfer from 1 to 0
end transfer from 0 to 1
start transfer from 1 to 0
start transfer from 0 to 1
end transfer from 1 to 0
start transfer from 1 to 0
end transfer from 1 to 0
end transfer from 0 to 1
start transfer from 1 to 0
end transfer from 1 to 0
start transfer from 1 to 0
end transfer from 1 to 0
start transfer from 1 to 0
start transfer from 0 to 1
end transfer from 1 to 0
start transfer from 1 to 0
end transfer from 1 to 0
end transfer from 0 to 1
start transfer from 1 to 0
end transfer from 1 to 0
start transfer from 1 to 0
start transfer from 0 to 1
end transfer from 1 to 0
start transfer from 1 to 0
end transfer from 0 to 1
end transfer from 1 to 0
start transfer from 1 to 0
end transfer from 1 to 0
start transfer from 0 to 1
start transfer from 1 to 0
end transfer from 1 to 0
end transfer from 0 to 1
start transfer from 1 to 0
start transfer from 0 to 1
end transfer from 1 to 0
end transfer from 0 to 1
start transfer from 1 to 0
end transfer from 1 to 0
start transfer from 0 to 1
start transfer from 1 to 0
end transfer from 1 to 0
start transfer from 1 to 0
end transfer from 0 to 1
end transfer from 1 to 0
start transfer from 0 to 1
start transfer from 1 to 0
end transfer from 1 to 0
start transfer from 1 to 0
end transfer from 0 to 1
end transfer from 1 to 0
start transfer from 1 to 0
start transfer from 0 to 1
end transfer from 1 to 0
start transfer from 1 to 0
end transfer from 0 to 1
end transfer from 1 to 0
start transfer from 0 to 1
start transfer from 1 to 0
end transfer from 0 to 1
end transfer from 1 to 0
start transfer from 0 to 1
start transfer from 1 to 0
end transfer from 1 to 0
end transfer from 0 to 1
start transfer from 1 to 0
start transfer from 0 to 1
end transfer from 1 to 0
start transfer from 1 to 0
end transfer from 0 to 1
end transfer from 1 to 0
start transfer from 0 to 1
start transfer from 1 to 0
end transfer from 0 to 1
end transfer from 1 to 0
start transfer from 1 to 0
start transfer from 0 to 1
end transfer from 1 to 0
end transfer from 0 to 1
start transfer from 1 to 0
end transfer from 1 to 0
start transfer from 0 to 1
start transfer from 1 to 0
end transfer from 0 to 1
end transfer from 1 to 0
start transfer from 0 to 1
start transfer from 1 to 0
end transfer from 0 to 1
end transfer from 1 to 0
start transfer from 1 to 0
start transfer from 0 to 1
end transfer from 1 to 0
end transfer from 0 to 1
start transfer from 1 to 0
end transfer from 1 to 0
start transfer from 0 to 1
start transfer from 1 to 0
end transfer from 1 to 0
end transfer from 0 to 1
start transfer from 1 to 0
end transfer from 1 to 0
start transfer from 0 to 1
start transfer from 1 to 0
end transfer from 0 to 1
end transfer from 1 to 0
start transfer from 1 to 0
start transfer from 0 to 1
end transfer from 1 to 0
end transfer from 0 to 1
start transfer from 1 to 0
end transfer from 1 to 0
start transfer from 0 to 1
start transfer from 1 to 0
end transfer from 0 to 1
end transfer from 1 to 0
start transfer from 1 to 0
start transfer from 0 to 1
end transfer from 1 to 0
start transfer from 1 to 0
end transfer from 0 to 1
end transfer from 1 to 0
start transfer from 0 to 1
start transfer from 1 to 0
end transfer from 0 to 1
start transfer from 0 to 1
end transfer from 1 to 0
end transfer from 0 to 1
start transfer from 1 to 0
start transfer from 0 to 1
end transfer from 1 to 0
end transfer from 0 to 1
start transfer from 1 to 0
end transfer from 1 to 0
start transfer from 0 to 1
start transfer from 1 to 0
end transfer from 1 to 0
end transfer from 0 to 1
start transfer from 1 to 0
start transfer from 0 to 1
end transfer from 1 to 0
start transfer from 1 to 0
end transfer from 0 to 1
end transfer from 1 to 0
start transfer from 1 to 0
start transfer from 0 to 1
end transfer from 1 to 0
end transfer from 0 to 1
start transfer from 1 to 0
start transfer from 0 to 1
end transfer from 1 to 0
end transfer from 0 to 1
start transfer from 0 to 1
end transfer from 0 to 1
start transfer from 1 to 0
start transfer from 0 to 1
end transfer from 1 to 0
end transfer from 0 to 1
start transfer from 1 to 0
end transfer from 1 to 0
start transfer from 0 to 1
start transfer from 1 to 0
end transfer from 0 to 1
start transfer from 0 to 1
end transfer from 0 to 1
start transfer from 0 to 1
end transfer from 0 to 1
start transfer from 0 to 1
end transfer from 0 to 1
end transfer from 1 to 0
start transfer from 0 to 1
start transfer from 1 to 0
end transfer from 0 to 1
start transfer from 0 to 1
end transfer from 1 to 0
end transfer from 0 to 1
start transfer from 1 to 0
start transfer from 0 to 1
end transfer from 1 to 0
end transfer from 0 to 1
start transfer from 1 to 0
start transfer from 0 to 1
end transfer from 1 to 0
end transfer from 0 to 1
start transfer from 1 to 0
start transfer from 0 to 1
end transfer from 1 to 0
end transfer from 0 to 1
start transfer from 1 to 0
start transfer from 0 to 1
end transfer from 0 to 1
end transfer from 1 to 0
start transfer from 0 to 1
start transfer from 1 to 0
end transfer from 0 to 1
end transfer from 1 to 0
start transfer from 0 to 1
start transfer from 1 to 0
end transfer from 0 to 1
end transfer from 1 to 0
start transfer from 0 to 1
start transfer from 1 to 0
end transfer from 0 to 1
end transfer from 1 to 0
start transfer from 0 to 1
start transfer from 1 to 0
end transfer from 0 to 1
end transfer from 1 to 0
start transfer from 0 to 1
start transfer from 1 to 0
end transfer from 0 to 1
end transfer from 1 to 0
start transfer from 0 to 1
end transfer from 0 to 1
start transfer from 1 to 0
start transfer from 0 to 1
end transfer from 1 to 0
end transfer from 0 to 1
start transfer from 1 to 0
start transfer from 0 to 1
end transfer from 1 to 0
end transfer from 0 to 1
start transfer from 1 to 0
start transfer from 0 to 1
end transfer from 1 to 0
end transfer from 0 to 1
start transfer from 0 to 1
start transfer from 1 to 0
end transfer from 0 to 1
end transfer from 1 to 0
start transfer from 0 to 1
start transfer from 1 to 0
end transfer from 0 to 1
start transfer from 0 to 1
end transfer from 1 to 0
start transfer from 1 to 0
end transfer from 0 to 1
start transfer from 0 to 1
end transfer from 1 to 0
end transfer from 0 to 1
start transfer from 1 to 0
end transfer from 1 to 0
start transfer from 0 to 1
end transfer from 0 to 1
start transfer from 1 to 0
end transfer from 1 to 0
start transfer from 1 to 0
end transfer from 1 to 0
start transfer from 0 to 1
start transfer from 1 to 0
end transfer from 1 to 0
end transfer from 0 to 1
start transfer from 1 to 0
start transfer from 0 to 1
end transfer from 1 to 0
end transfer from 0 to 1
start transfer from 1 to 0
start transfer from 0 to 1
end transfer from 1 to 0
end transfer from 0 to 1
start transfer from 1 to 0
start transfer from 0 to 1
end transfer from 1 to 0
end transfer from 0 to 1
start transfer from 0 to 1
start transfer from 1 to 0
end transfer from 0 to 1
start transfer from 0 to 1
end transfer from 0 to 1
end transfer from 1 to 0
start transfer from 0 to 1
start transfer from 1 to 0
end transfer from 0 to 1
end transfer from 1 to 0
start transfer from 0 to 1
end transfer from 0 to 1
start transfer from 1 to 0
start transfer from 0 to 1
end transfer from 1 to 0
end transfer from 0 to 1
start transfer from 1 to 0
start transfer from 0 to 1
end transfer from 0 to 1
end transfer from 1 to 0
start transfer from 0 to 1
start transfer from 1 to 0
end transfer from 0 to 1
start transfer from 0 to 1
end transfer from 1 to 0
end transfer from 0 to 1
start transfer from 1 to 0
start transfer from 0 to 1
end transfer from 1 to 0
end transfer from 0 to 1
start transfer from 1 to 0
start transfer from 0 to 1
end transfer from 1 to 0
end transfer from 0 to 1
start transfer from 1 to 0
start transfer from 0 to 1
end transfer from 1 to 0
end transfer from 0 to 1
start transfer from 0 to 1
start transfer from 1 to 0
end transfer from 1 to 0
end transfer from 0 to 1
start transfer from 1 to 0
start transfer from 0 to 1
end transfer from 1 to 0
end transfer from 0 to 1
start transfer from 1 to 0
start transfer from 0 to 1
end transfer from 1 to 0
end transfer from 0 to 1
start transfer from 0 to 1
start transfer from 1 to 0
end transfer from 0 to 1
end transfer from 1 to 0
start transfer from 0 to 1
start transfer from 1 to 0
end transfer from 0 to 1
end transfer from 1 to 0
start transfer from 0 to 1
start transfer from 1 to 0
end transfer from 0 to 1
end transfer from 1 to 0
start transfer from 0 to 1
start transfer from 1 to 0
end transfer from 0 to 1
end transfer from 1 to 0
start transfer from 0 to 1
start transfer from 1 to 0
end transfer from 0 to 1
end transfer from 1 to 0
start transfer from 0 to 1
start transfer from 1 to 0
end transfer from 0 to 1
end transfer from 1 to 0
start transfer from 0 to 1
start transfer from 1 to 0
end transfer from 0 to 1
end transfer from 1 to 0
start transfer from 1 to 0
start transfer from 0 to 1
end transfer from 1 to 0
end transfer from 0 to 1
start transfer from 1 to 0
start transfer from 0 to 1
end transfer from 1 to 0
end transfer from 0 to 1
start transfer from 1 to 0
start transfer from 0 to 1
end transfer from 1 to 0
end transfer from 0 to 1
start transfer from 1 to 0
start transfer from 0 to 1
end transfer from 1 to 0
end transfer from 0 to 1
start transfer from 1 to 0
start transfer from 0 to 1
end transfer from 1 to 0
end transfer from 0 to 1
start transfer from 0 to 1
start transfer from 1 to 0
end transfer from 0 to 1
end transfer from 1 to 0
start transfer from 0 to 1
start transfer from 1 to 0
end transfer from 0 to 1
end transfer from 1 to 0
start transfer from 0 to 1
end transfer from 0 to 1
start transfer from 1 to 0
start transfer from 0 to 1
end transfer from 1 to 0
end transfer from 0 to 1
start transfer from 0 to 1
start transfer from 1 to 0
end transfer from 0 to 1
end transfer from 1 to 0
start transfer from 0 to 1
start transfer from 1 to 0
end transfer from 0 to 1
end transfer from 1 to 0
start transfer from 0 to 1
start transfer from 1 to 0
end transfer from 0 to 1
end transfer from 1 to 0
start transfer from 0 to 1
start transfer from 1 to 0
end transfer from 0 to 1
end transfer from 1 to 0
start transfer from 0 to 1
start transfer from 1 to 0
end transfer from 0 to 1
start transfer from 0 to 1
end transfer from 1 to 0
end transfer from 0 to 1
start transfer from 1 to 0
start transfer from 0 to 1
end transfer from 1 to 0
end transfer from 0 to 1
start transfer from 0 to 1
start transfer from 1 to 0
end transfer from 0 to 1
end transfer from 1 to 0
start transfer from 0 to 1
start transfer from 1 to 0
end transfer from 0 to 1
end transfer from 1 to 0
start transfer from 0 to 1
end transfer from 0 to 1
start transfer from 1 to 0
start transfer from 0 to 1
end transfer from 1 to 0
end transfer from 0 to 1
start transfer from 1 to 0
start transfer from 0 to 1
end transfer from 1 to 0
end transfer from 0 to 1
start transfer from 0 to 1
start transfer from 1 to 0
end transfer from 0 to 1
end transfer from 1 to 0
start transfer from 0 to 1
start transfer from 1 to 0
end transfer from 0 to 1
start transfer from 0 to 1
end transfer from 1 to 0
end transfer from 0 to 1
start transfer from 1 to 0
start transfer from 0 to 1
end transfer from 1 to 0
end transfer from 0 to 1
start transfer from 1 to 0
start transfer from 0 to 1
end transfer from 1 to 0
end transfer from 0 to 1
start transfer from 1 to 0
start transfer from 0 to 1
end transfer from 1 to 0
start transfer from 1 to 0
end transfer from 0 to 1
end transfer from 1 to 0
start transfer from 0 to 1
start transfer from 1 to 0
end transfer from 0 to 1
end transfer from 1 to 0
start transfer from 0 to 1
start transfer from 1 to 0
end transfer from 1 to 0
end transfer from 0 to 1
start transfer from 1 to 0
start transfer from 0 to 1
end transfer from 1 to 0
start transfer from 1 to 0
end transfer from 0 to 1
start transfer from 0 to 1
end transfer from 1 to 0
end transfer from 0 to 1
start transfer from 1 to 0
start transfer from 0 to 1
end transfer from 1 to 0
end transfer from 0 to 1
start transfer from 1 to 0
start transfer from 0 to 1
end transfer from 1 to 0
end transfer from 0 to 1
start transfer from 0 to 1
start transfer from 1 to 0
end transfer from 0 to 1
end transfer from 1 to 0
start transfer from 0 to 1
start transfer from 1 to 0
end transfer from 0 to 1
end transfer from 1 to 0
start transfer from 0 to 1
start transfer from 1 to 0
end transfer from 1 to 0
end transfer from 0 to 1
start transfer from 1 to 0
start transfer from 0 to 1
end transfer from 1 to 0
end transfer from 0 to 1
start transfer from 1 to 0
start transfer from 0 to 1
end transfer from 1 to 0
end transfer from 0 to 1
start transfer from 1 to 0
start transfer from 0 to 1
end transfer from 0 to 1
end transfer from 1 to 0
start transfer from 0 to 1
start transfer from 1 to 0
end transfer from 1 to 0
end transfer from 0 to 1
start transfer from 1 to 0
end transfer from 1 to 0
start transfer from 0 to 1
start transfer from 1 to 0
end transfer from 0 to 1
end transfer from 1 to 0
start transfer from 0 to 1
start transfer from 1 to 0
end transfer from 0 to 1
end transfer from 1 to 0
start transfer from 0 to 1
end transfer from 0 to 1
start transfer from 1 to 0
start transfer from 0 to 1
end transfer from 1 to 0
end transfer from 0 to 1
start transfer from 1 to 0
start transfer from 0 to 1
end transfer from 1 to 0
end transfer from 0 to 1
start transfer from 0 to 1
start transfer from 1 to 0
end transfer from 0 to 1
end transfer from 1 to 0
start transfer from 0 to 1
end transfer from 0 to 1
start transfer from 1 to 0
end transfer from 1 to 0
start transfer from 0 to 1
start transfer from 1 to 0
end transfer from 0 to 1
end transfer from 1 to 0
start transfer from 0 to 1
start transfer from 1 to 0
end transfer from 1 to 0
end transfer from 0 to 1
start transfer from 1 to 0
start transfer from 0 to 1
end transfer from 1 to 0
end transfer from 0 to 1
start transfer from 1 to 0
start transfer from 0 to 1
end transfer from 0 to 1
end transfer from 1 to 0
start transfer from 0 to 1
start transfer from 1 to 0
end transfer from 0 to 1
start transfer from 0 to 1
end transfer from 1 to 0
end transfer from 0 to 1
start transfer from 1 to 0
start transfer from 0 to 1
end transfer from 0 to 1
end transfer from 1 to 0
start transfer from 0 to 1
start transfer from 1 to 0
end transfer from 0 to 1
end transfer from 1 to 0
start transfer from 0 to 1
end transfer from 0 to 1
start transfer from 0 to 1
end transfer from 0 to 1
start transfer from 1 to 0
start transfer from 0 to 1
end transfer from 1 to 0
end transfer from 0 to 1
start transfer from 0 to 1
start transfer from 1 to 0
end transfer from 0 to 1
start transfer from 0 to 1
end transfer from 1 to 0
end transfer from 0 to 1
start transfer from 0 to 1
start transfer from 1 to 0
end transfer from 0 to 1
start transfer from 0 to 1
end transfer from 1 to 0
end transfer from 0 to 1
start transfer from 0 to 1
start transfer from 1 to 0
end transfer from 0 to 1
start transfer from 0 to 1
end transfer from 1 to 0
end transfer from 0 to 1
start transfer from 0 to 1
start transfer from 1 to 0
end transfer from 0 to 1
start transfer from 0 to 1
end transfer from 0 to 1
start transfer from 0 to 1
end transfer from 1 to 0
start transfer from 1 to 0
end transfer from 0 to 1
end transfer from 1 to 0
start transfer from 1 to 0
end transfer from 1 to 0
start transfer from 1 to 0
end transfer from 1 to 0
start transfer from 1 to 0
start transfer from 0 to 1
end transfer from 1 to 0
start transfer from 1 to 0
end transfer from 1 to 0
end transfer from 0 to 1
start transfer from 1 to 0
end transfer from 1 to 0
start transfer from 0 to 1
start transfer from 1 to 0
end transfer from 0 to 1
end transfer from 1 to 0
start transfer from 0 to 1
start transfer from 1 to 0
end transfer from 0 to 1
start transfer from 0 to 1
end transfer from 1 to 0
end transfer from 0 to 1
start transfer from 0 to 1
end transfer from 0 to 1
start transfer from 1 to 0
start transfer from 0 to 1
end transfer from 1 to 0
end transfer from 0 to 1
start transfer from 1 to 0
start transfer from 0 to 1
end transfer from 0 to 1
start transfer from 0 to 1
end transfer from 1 to 0
end transfer from 0 to 1
start transfer from 1 to 0
end transfer from 1 to 0
start transfer from 1 to 0
start transfer from 0 to 1
end transfer from 1 to 0
start transfer from 1 to 0
end transfer from 1 to 0
start transfer from 1 to 0
end transfer from 0 to 1
start transfer from 0 to 1
end transfer from 1 to 0
end transfer from 0 to 1
start transfer from 1 to 0
start transfer from 0 to 1
end transfer from 0 to 1
start transfer from 0 to 1
end transfer from 0 to 1
start transfer from 0 to 1
end transfer from 0 to 1
end transfer from 1 to 0
start transfer from 0 to 1
start transfer from 1 to 0
end transfer from 0 to 1
end transfer from 1 to 0
start transfer from 0 to 1
start transfer from 1 to 0
end transfer from 0 to 1
end transfer from 1 to 0
start transfer from 0 to 1
start transfer from 1 to 0
end transfer from 0 to 1
end transfer from 1 to 0
start transfer from 0 to 1
end transfer from 0 to 1
start transfer from 0 to 1
end transfer from 0 to 1
start transfer from 1 to 0
start transfer from 0 to 1
end transfer from 0 to 1
end transfer from 1 to 0
start transfer from 1 to 0
end transfer from 1 to 0
start transfer from 1 to 0
end transfer from 1 to 0
start transfer from 0 to 1
start transfer from 1 to 0
end transfer from 0 to 1
end transfer from 1 to 0
start transfer from 0 to 1
start transfer from 1 to 0
end transfer from 0 to 1
end transfer from 1 to 0
start transfer from 0 to 1
start transfer from 1 to 0
end transfer from 0 to 1
start transfer from 0 to 1
end transfer from 1 to 0
end transfer from 0 to 1
start transfer from 0 to 1
start transfer from 1 to 0
end transfer from 1 to 0
end transfer from 0 to 1
start transfer from 1 to 0
start transfer from 0 to 1
end transfer from 1 to 0
end transfer from 0 to 1
start transfer from 1 to 0
start transfer from 0 to 1
end transfer from 1 to 0
end transfer from 0 to 1
start transfer from 0 to 1
start transfer from 1 to 0
end transfer from 0 to 1
end transfer from 1 to 0
start transfer from 1 to 0
start transfer from 0 to 1
end transfer from 1 to 0
end transfer from 0 to 1
start transfer from 1 to 0
start transfer from 0 to 1
end transfer from 1 to 0
end transfer from 0 to 1
start transfer from 1 to 0
start transfer from 0 to 1
end transfer from 1 to 0
end transfer from 0 to 1
start transfer from 1 to 0
start transfer from 0 to 1
end transfer from 1 to 0
end transfer from 0 to 1
start transfer from 1 to 0
start transfer from 0 to 1
end transfer from 1 to 0
end transfer from 0 to 1
start transfer from 1 to 0
start transfer from 0 to 1
end transfer from 1 to 0
start transfer from 1 to 0
end transfer from 0 to 1
end transfer from 1 to 0
start transfer from 0 to 1
start transfer from 1 to 0
end transfer from 0 to 1
end transfer from 1 to 0
start transfer from 0 to 1
start transfer from 1 to 0
end transfer from 0 to 1
end transfer from 1 to 0
start transfer from 0 to 1
start transfer from 1 to 0
end transfer from 1 to 0
start transfer from 1 to 0
end transfer from 1 to 0
end transfer from 0 to 1
start transfer from 1 to 0
end transfer from 1 to 0
start transfer from 0 to 1
start transfer from 1 to 0
end transfer from 1 to 0
end transfer from 0 to 1
start transfer from 1 to 0
start transfer from 0 to 1
end transfer from 1 to 0
end transfer from 0 to 1
start transfer from 0 to 1
start transfer from 1 to 0
end transfer from 1 to 0
end transfer from 0 to 1
start transfer from 1 to 0
start transfer from 0 to 1
end transfer from 1 to 0
end transfer from 0 to 1
start transfer from 1 to 0
start transfer from 0 to 1
end transfer from 1 to 0
end transfer from 0 to 1
start transfer from 1 to 0
start transfer from 0 to 1
end transfer from 1 to 0
end transfer from 0 to 1
start transfer from 0 to 1
start transfer from 1 to 0
end transfer from 0 to 1
end transfer from 1 to 0
start transfer from 0 to 1
start transfer from 1 to 0
end transfer from 0 to 1
end transfer from 1 to 0
start transfer from 0 to 1
start transfer from 1 to 0
end transfer from 0 to 1
end transfer from 1 to 0
start transfer from 0 to 1
start transfer from 1 to 0
end transfer from 0 to 1
end transfer from 1 to 0
start transfer from 0 to 1
start transfer from 1 to 0
end transfer from 0 to 1
end transfer from 1 to 0
start transfer from 0 to 1
start transfer from 1 to 0
end transfer from 0 to 1
end transfer from 1 to 0
start transfer from 0 to 1
end transfer from 0 to 1
start transfer from 1 to 0
start transfer from 0 to 1
end transfer from 1 to 0
end transfer from 0 to 1
start transfer from 0 to 1
start transfer from 1 to 0
end transfer from 0 to 1
start transfer from 0 to 1
end transfer from 0 to 1
start transfer from 0 to 1
end transfer from 0 to 1
start transfer from 0 to 1
end transfer from 0 to 1
start transfer from 0 to 1
end transfer from 0 to 1
start transfer from 0 to 1
end transfer from 0 to 1
end transfer from 1 to 0
start transfer from 0 to 1
end transfer from 0 to 1
start transfer from 0 to 1
end transfer from 0 to 1
start transfer from 0 to 1
end transfer from 0 to 1
start transfer from 0 to 1
end transfer from 0 to 1
start transfer from 0 to 1
end transfer from 0 to 1
start transfer from 0 to 1
end transfer from 0 to 1
start transfer from 0 to 1
start transfer from 1 to 0
end transfer from 0 to 1
end transfer from 1 to 0
start transfer from 0 to 1
start transfer from 1 to 0
end transfer from 0 to 1
end transfer from 1 to 0
start transfer from 0 to 1
start transfer from 1 to 0
end transfer from 0 to 1
end transfer from 1 to 0
start transfer from 0 to 1
start transfer from 1 to 0
end transfer from 0 to 1
end transfer from 1 to 0
start transfer from 0 to 1
start transfer from 1 to 0
end transfer from 0 to 1
end transfer from 1 to 0
start transfer from 0 to 1
start transfer from 1 to 0
end transfer from 0 to 1
end transfer from 1 to 0
start transfer from 0 to 1
start transfer from 1 to 0
end transfer from 0 to 1
end transfer from 1 to 0
start transfer from 0 to 1
start transfer from 1 to 0
end transfer from 0 to 1
end transfer from 1 to 0
start transfer from 0 to 1
start transfer from 1 to 0
end transfer from 0 to 1
start transfer from 0 to 1
end transfer from 1 to 0
end transfer from 0 to 1
start transfer from 0 to 1
start transfer from 1 to 0
end transfer from 0 to 1
end transfer from 1 to 0
start transfer from 0 to 1
start transfer from 1 to 0
end transfer from 0 to 1
end transfer from 1 to 0
start transfer from 1 to 0
end transfer from 1 to 0
start transfer from 1 to 0
start transfer from 0 to 1
end transfer from 0 to 1
end transfer from 1 to 0
start transfer from 0 to 1
start transfer from 1 to 0
end transfer from 0 to 1
end transfer from 1 to 0
start transfer from 0 to 1
start transfer from 1 to 0
end transfer from 0 to 1
end transfer from 1 to 0
start transfer from 0 to 1
start transfer from 1 to 0
end transfer from 0 to 1
end transfer from 1 to 0
start transfer from 0 to 1
start transfer from 1 to 0
end transfer from 0 to 1
end transfer from 1 to 0
start transfer from 1 to 0
start transfer from 0 to 1
end transfer from 1 to 0
end transfer from 0 to 1
start transfer from 1 to 0
start transfer from 0 to 1
end transfer from 1 to 0
end transfer from 0 to 1
start transfer from 1 to 0
start transfer from 0 to 1
end transfer from 1 to 0
end transfer from 0 to 1
start transfer from 1 to 0
start transfer from 0 to 1
end transfer from 1 to 0
end transfer from 0 to 1
start transfer from 1 to 0
start transfer from 0 to 1
end transfer from 1 to 0
end transfer from 0 to 1
start transfer from 1 to 0
start transfer from 0 to 1
end transfer from 1 to 0
end transfer from 0 to 1
start transfer from 1 to 0
start transfer from 0 to 1
end transfer from 1 to 0
end transfer from 0 to 1
start transfer from 1 to 0
start transfer from 0 to 1
end transfer from 1 to 0
end transfer from 0 to 1
start transfer from 1 to 0
start transfer from 0 to 1
end transfer from 1 to 0
end transfer from 0 to 1
start transfer from 1 to 0
end transfer from 1 to 0
start transfer from 1 to 0
start transfer from 0 to 1
end transfer from 1 to 0
start transfer from 1 to 0
end transfer from 0 to 1
start transfer from 0 to 1
end transfer from 1 to 0
end transfer from 0 to 1
start transfer from 1 to 0
start transfer from 0 to 1
end transfer from 1 to 0
end transfer from 0 to 1
start transfer from 1 to 0
start transfer from 0 to 1
end transfer from 1 to 0
end transfer from 0 to 1
start transfer from 1 to 0
start transfer from 0 to 1
end transfer from 1 to 0
end transfer from 0 to 1
start transfer from 1 to 0
start transfer from 0 to 1
end transfer from 1 to 0
end transfer from 0 to 1
start transfer from 1 to 0
start transfer from 0 to 1
end transfer from 1 to 0
end transfer from 0 to 1
start transfer from 1 to 0
start transfer from 0 to 1
end transfer from 1 to 0
start transfer from 1 to 0
end transfer from 0 to 1
end transfer from 1 to 0
start transfer from 1 to 0
start transfer from 0 to 1
end transfer from 1 to 0
start transfer from 1 to 0
end transfer from 0 to 1
end transfer from 1 to 0
start transfer from 0 to 1
start transfer from 1 to 0
end transfer from 1 to 0
end transfer from 0 to 1
start transfer from 1 to 0
end transfer from 1 to 0
start transfer from 0 to 1
start transfer from 1 to 0
end transfer from 1 to 0
end transfer from 0 to 1
start transfer from 1 to 0
start transfer from 0 to 1
end transfer from 1 to 0
end transfer from 0 to 1
start transfer from 1 to 0
end transfer from 1 to 0
start transfer from 0 to 1
start transfer from 1 to 0
end transfer from 1 to 0
end transfer from 0 to 1
start transfer from 1 to 0
end transfer from 1 to 0
start transfer from 0 to 1
start transfer from 1 to 0
end transfer from 0 to 1
end transfer from 1 to 0
start transfer from 0 to 1
start transfer from 1 to 0
end transfer from 1 to 0
end transfer from 0 to 1
start transfer from 1 to 0
end transfer from 1 to 0
start transfer from 0 to 1
start transfer from 1 to 0
end transfer from 1 to 0
end transfer from 0 to 1
start transfer from 1 to 0
end transfer from 1 to 0
start transfer from 0 to 1
start transfer from 1 to 0
end transfer from 0 to 1
end transfer from 1 to 0
start transfer from 1 to 0
start transfer from 0 to 1
end transfer from 1 to 0
start transfer from 1 to 0
end transfer from 0 to 1
end transfer from 1 to 0
start transfer from 1 to 0
start transfer from 0 to 1
end transfer from 1 to 0
start transfer from 1 to 0
end transfer from 0 to 1
end transfer from 1 to 0
start transfer from 0 to 1
start transfer from 1 to 0
end transfer from 1 to 0
start transfer from 1 to 0
end transfer from 1 to 0
start transfer from 1 to 0
end transfer from 1 to 0
start transfer from 1 to 0
end transfer from 1 to 0
start transfer from 1 to 0
end transfer from 1 to 0
start transfer from 1 to 0
end transfer from 1 to 0
start transfer from 1 to 0
end transfer from 1 to 0
start transfer from 1 to 0
end transfer from 0 to 1
start transfer from 0 to 1
end transfer from 1 to 0
end transfer from 0 to 1
start transfer from 0 to 1
start transfer from 1 to 0
end transfer from 0 to 1
start transfer from 0 to 1
end transfer from 1 to 0
end transfer from 0 to 1
start transfer from 1 to 0
start transfer from 0 to 1
end transfer from 1 to 0
end transfer from 0 to 1
start transfer from 1 to 0
start transfer from 0 to 1
end transfer from 1 to 0
end transfer from 0 to 1
start transfer from 0 to 1
start transfer from 1 to 0
end transfer from 0 to 1
end transfer from 1 to 0
start transfer from 0 to 1
end transfer from 0 to 1
start transfer from 1 to 0
start transfer from 0 to 1
end transfer from 0 to 1
end transfer from 1 to 0
start transfer from 0 to 1
start transfer from 1 to 0
end transfer from 0 to 1
end transfer from 1 to 0
start transfer from 0 to 1
end transfer from 0 to 1
start transfer from 1 to 0
start transfer from 0 to 1
end transfer from 1 to 0
end transfer from 0 to 1
start transfer from 0 to 1
start transfer from 1 to 0
end transfer from 0 to 1
end transfer from 1 to 0
start transfer from 0 to 1
start transfer from 1 to 0
end transfer from 0 to 1
start transfer from 0 to 1
end transfer from 1 to 0
end transfer from 0 to 1
start transfer from 1 to 0
start transfer from 0 to 1
end transfer from 1 to 0
end transfer from 0 to 1
start transfer from 0 to 1
start transfer from 1 to 0
end transfer from 0 to 1
end transfer from 1 to 0
start transfer from 0 to 1
start transfer from 1 to 0
end transfer from 0 to 1
start transfer from 0 to 1
end transfer from 1 to 0
end transfer from 0 to 1
start transfer from 1 to 0
start transfer from 0 to 1
end transfer from 1 to 0
end transfer from 0 to 1
start transfer from 1 to 0
start transfer from 0 to 1
end transfer from 1 to 0
end transfer from 0 to 1
start transfer from 1 to 0
start transfer from 0 to 1
end transfer from 1 to 0
end transfer from 0 to 1
start transfer from 1 to 0
start transfer from 0 to 1
end transfer from 0 to 1
end transfer from 1 to 0
start transfer from 1 to 0
start transfer from 0 to 1
end transfer from 1 to 0
start transfer from 1 to 0
end transfer from 1 to 0
start transfer from 1 to 0
end transfer from 1 to 0
start transfer from 1 to 0
end transfer from 1 to 0
start transfer from 1 to 0
end transfer from 0 to 1
end transfer from 1 to 0
start transfer from 1 to 0
end transfer from 1 to 0
start transfer from 1 to 0
end transfer from 1 to 0
start transfer from 1 to 0
end transfer from 1 to 0
start transfer from 1 to 0
start transfer from 0 to 1
end transfer from 1 to 0
end transfer from 0 to 1
start transfer from 1 to 0
start transfer from 0 to 1
end transfer from 1 to 0
end transfer from 0 to 1
start transfer from 1 to 0
start transfer from 0 to 1
end transfer from 1 to 0
start transfer from 1 to 0
end transfer from 0 to 1
end transfer from 1 to 0
start transfer from 1 to 0
start transfer from 0 to 1
end transfer from 1 to 0
end transfer from 0 to 1
start transfer from 1 to 0
end transfer from 1 to 0
start transfer from 0 to 1
end transfer from 0 to 1
start transfer from 1 to 0
start transfer from 0 to 1
end transfer from 1 to 0
end transfer from 0 to 1
start transfer from 1 to 0
start transfer from 0 to 1
end transfer from 1 to 0
end transfer from 0 to 1
start transfer from 1 to 0
start transfer from 0 to 1
end transfer from 1 to 0
end transfer from 0 to 1
start transfer from 1 to 0
start transfer from 0 to 1
end transfer from 1 to 0
end transfer from 0 to 1
start transfer from 1 to 0
end transfer from 1 to 0
start transfer from 0 to 1
start transfer from 1 to 0
end transfer from 0 to 1
end transfer from 1 to 0
start transfer from 0 to 1
start transfer from 1 to 0
end transfer from 1 to 0
end transfer from 0 to 1
start transfer from 1 to 0
end transfer from 1 to 0
start transfer from 0 to 1
start transfer from 1 to 0
end transfer from 1 to 0
end transfer from 0 to 1
start transfer from 1 to 0
start transfer from 0 to 1
end transfer from 1 to 0
start transfer from 1 to 0
end transfer from 0 to 1
end transfer from 1 to 0
start transfer from 1 to 0
start transfer from 0 to 1
end transfer from 1 to 0
end transfer from 0 to 1
start transfer from 1 to 0
end transfer from 1 to 0
start transfer from 0 to 1
start transfer from 1 to 0
end transfer from 0 to 1
end transfer from 1 to 0
start transfer from 0 to 1
start transfer from 1 to 0
end transfer from 0 to 1
start transfer from 0 to 1
end transfer from 1 to 0
end transfer from 0 to 1
start transfer from 0 to 1
start transfer from 1 to 0
end transfer from 0 to 1
start transfer from 0 to 1
end transfer from 1 to 0
end transfer from 0 to 1
start transfer from 1 to 0
start transfer from 0 to 1
end transfer from 0 to 1
end transfer from 1 to 0
start transfer from 0 to 1
start transfer from 1 to 0
end transfer from 0 to 1
end transfer from 1 to 0
start transfer from 0 to 1
start transfer from 1 to 0
end transfer from 0 to 1
end transfer from 1 to 0
start transfer from 0 to 1
start transfer from 1 to 0
end transfer from 0 to 1
end transfer from 1 to 0
start transfer from 0 to 1
end transfer from 0 to 1
start transfer from 1 to 0
start transfer from 0 to 1
end transfer from 1 to 0
end transfer from 0 to 1
start transfer from 1 to 0
start transfer from 0 to 1
end transfer from 1 to 0
end transfer from 0 to 1
start transfer from 1 to 0
start transfer from 0 to 1
end transfer from 0 to 1
end transfer from 1 to 0
start transfer from 0 to 1
start transfer from 1 to 0
end transfer from 0 to 1
end transfer from 1 to 0
start transfer from 0 to 1
start transfer from 1 to 0
end transfer from 0 to 1
start transfer from 0 to 1
end transfer from 1 to 0
end transfer from 0 to 1
start transfer from 1 to 0
start transfer from 0 to 1
end transfer from 1 to 0
end transfer from 0 to 1
start transfer from 1 to 0
start transfer from 0 to 1
end transfer from 1 to 0
end transfer from 0 to 1
start transfer from 1 to 0
start transfer from 0 to 1
end transfer from 1 to 0
end transfer from 0 to 1
start transfer from 0 to 1
end transfer from 0 to 1
start transfer from 0 to 1
start transfer from 1 to 0
end transfer from 0 to 1
start transfer from 0 to 1
end transfer from 0 to 1
start transfer from 0 to 1
end transfer from 0 to 1
start transfer from 0 to 1
end transfer from 0 to 1
start transfer from 0 to 1
end transfer from 0 to 1
start transfer from 0 to 1
end transfer from 1 to 0
end transfer from 0 to 1
start transfer from 1 to 0
end transfer from 1 to 0
start transfer from 0 to 1
start transfer from 1 to 0
end transfer from 0 to 1
end transfer from 1 to 0
start transfer from 0 to 1
start transfer from 1 to 0
end transfer from 0 to 1
end transfer from 1 to 0
start transfer from 0 to 1
start transfer from 1 to 0
end transfer from 0 to 1
start transfer from 0 to 1
end transfer from 1 to 0
end transfer from 0 to 1
start transfer from 1 to 0
start transfer from 0 to 1
end transfer from 1 to 0
end transfer from 0 to 1
start transfer from 1 to 0
start transfer from 0 to 1
end transfer from 1 to 0
end transfer from 0 to 1
start transfer from 1 to 0
start transfer from 0 to 1
end transfer from 1 to 0
end transfer from 0 to 1
start transfer from 1 to 0
start transfer from 0 to 1
end transfer from 1 to 0
end transfer from 0 to 1
start transfer from 1 to 0
start transfer from 0 to 1
end transfer from 1 to 0
end transfer from 0 to 1
start transfer from 1 to 0
start transfer from 0 to 1
end transfer from 0 to 1
end transfer from 1 to 0
start transfer from 0 to 1
start transfer from 1 to 0
end transfer from 0 to 1
end transfer from 1 to 0
start transfer from 0 to 1
start transfer from 1 to 0
end transfer from 0 to 1
end transfer from 1 to 0
start transfer from 0 to 1
start transfer from 1 to 0
end transfer from 0 to 1
end transfer from 1 to 0
start transfer from 1 to 0
start transfer from 0 to 1
end transfer from 1 to 0
start transfer from 1 to 0
end transfer from 0 to 1
end transfer from 1 to 0
start transfer from 1 to 0
end transfer from 1 to 0
start transfer from 0 to 1
start transfer from 1 to 0
end transfer from 0 to 1
end transfer from 1 to 0
start transfer from 0 to 1
start transfer from 1 to 0
end transfer from 0 to 1
end transfer from 1 to 0
start transfer from 0 to 1
start transfer from 1 to 0
end transfer from 0 to 1
end transfer from 1 to 0
start transfer from 0 to 1
start transfer from 1 to 0
end transfer from 0 to 1
end transfer from 1 to 0
start transfer from 0 to 1
start transfer from 1 to 0
end transfer from 0 to 1
end transfer from 1 to 0
start transfer from 0 to 1
start transfer from 1 to 0
end transfer from 0 to 1
end transfer from 1 to 0
start transfer from 0 to 1
start transfer from 1 to 0
end transfer from 0 to 1
end transfer from 1 to 0
start transfer from 0 to 1
start transfer from 1 to 0
end transfer from 0 to 1
end transfer from 1 to 0
start transfer from 0 to 1
start transfer from 1 to 0
end transfer from 0 to 1
end transfer from 1 to 0
start transfer from 0 to 1
start transfer from 1 to 0
end transfer from 0 to 1
end transfer from 1 to 0
start transfer from 0 to 1
start transfer from 1 to 0
end transfer from 0 to 1
start transfer from 0 to 1
end transfer from 1 to 0
end transfer from 0 to 1
start transfer from 0 to 1
start transfer from 1 to 0
end transfer from 0 to 1
end transfer from 1 to 0
start transfer from 0 to 1
start transfer from 1 to 0
end transfer from 0 to 1
end transfer from 1 to 0
start transfer from 1 to 0
start transfer from 0 to 1
end transfer from 1 to 0
end transfer from 0 to 1
start transfer from 1 to 0
start transfer from 0 to 1
end transfer from 1 to 0
end transfer from 0 to 1
start transfer from 0 to 1
start transfer from 1 to 0
end transfer from 0 to 1
end transfer from 1 to 0
start transfer from 0 to 1
end transfer from 0 to 1
start transfer from 1 to 0
start transfer from 0 to 1
end transfer from 1 to 0
end transfer from 0 to 1
start transfer from 1 to 0
end transfer from 1 to 0
start transfer from 0 to 1
start transfer from 1 to 0
end transfer from 0 to 1
end transfer from 1 to 0
start transfer from 0 to 1
start transfer from 1 to 0
end transfer from 0 to 1
end transfer from 1 to 0
start transfer from 1 to 0
start transfer from 0 to 1
end transfer from 0 to 1
end transfer from 1 to 0
start transfer from 1 to 0
start transfer from 0 to 1
end transfer from 1 to 0
end transfer from 0 to 1
start transfer from 1 to 0
end transfer from 1 to 0
start transfer from 0 to 1
start transfer from 1 to 0
end transfer from 0 to 1
end transfer from 1 to 0
start transfer from 0 to 1
start transfer from 1 to 0
end transfer from 1 to 0
end transfer from 0 to 1
start transfer from 1 to 0
end transfer from 1 to 0
start transfer from 1 to 0
start transfer from 0 to 1
end transfer from 1 to 0
start transfer from 1 to 0
end transfer from 1 to 0
end transfer from 0 to 1
start transfer from 1 to 0
end transfer from 1 to 0
start transfer from 1 to 0
end transfer from 1 to 0
start transfer from 0 to 1
start transfer from 1 to 0
end transfer from 0 to 1
end transfer from 1 to 0
start transfer from 0 to 1
start transfer from 1 to 0
end transfer from 0 to 1
end transfer from 1 to 0
start transfer from 1 to 0
start transfer from 0 to 1
end transfer from 1 to 0
start transfer from 1 to 0
end transfer from 0 to 1
end transfer from 1 to 0
start transfer from 0 to 1
start transfer from 1 to 0
end transfer from 1 to 0
start transfer from 1 to 0
end transfer from 1 to 0
end transfer from 0 to 1
start transfer from 1 to 0
end transfer from 1 to 0
start transfer from 1 to 0
start transfer from 0 to 1
end transfer from 1 to 0
start transfer from 1 to 0
end transfer from 1 to 0
start transfer from 1 to 0
end transfer from 0 to 1
end transfer from 1 to 0
start transfer from 1 to 0
start transfer from 0 to 1
end transfer from 1 to 0
start transfer from 1 to 0
end transfer from 1 to 0
start transfer from 1 to 0
end transfer from 1 to 0
start transfer from 1 to 0
end transfer from 0 to 1
end transfer from 1 to 0
start transfer from 0 to 1
start transfer from 1 to 0
end transfer from 0 to 1
end transfer from 1 to 0
start transfer from 1 to 0
start transfer from 0 to 1
end transfer from 1 to 0
end transfer from 0 to 1
start transfer from 1 to 0
start transfer from 0 to 1
end transfer from 1 to 0
end transfer from 0 to 1
start transfer from 1 to 0
start transfer from 0 to 1
end transfer from 1 to 0
end transfer from 0 to 1
start transfer from 1 to 0
start transfer from 0 to 1
end transfer from 1 to 0
start transfer from 1 to 0
end transfer from 0 to 1
end transfer from 1 to 0
start transfer from 0 to 1
start transfer from 1 to 0
end transfer from 0 to 1
end transfer from 1 to 0
start transfer from 0 to 1
start transfer from 1 to 0
end transfer from 0 to 1
start transfer from 0 to 1
end transfer from 1 to 0
end transfer from 0 to 1
start transfer from 0 to 1
start transfer from 1 to 0
end transfer from 0 to 1
end transfer from 1 to 0
start transfer from 0 to 1
start transfer from 1 to 0
end transfer from 0 to 1
end transfer from 1 to 0
start transfer from 1 to 0
start transfer from 0 to 1
end transfer from 1 to 0
end transfer from 0 to 1
start transfer from 1 to 0
start transfer from 0 to 1
end transfer from 1 to 0
end transfer from 0 to 1
start transfer from 1 to 0
start transfer from 0 to 1
end transfer from 1 to 0
end transfer from 0 to 1
start transfer from 0 to 1
start transfer from 1 to 0
end transfer from 0 to 1
end transfer from 1 to 0
start transfer from 0 to 1
start transfer from 1 to 0
end transfer from 0 to 1
end transfer from 1 to 0
start transfer from 0 to 1
start transfer from 1 to 0
end transfer from 0 to 1
end transfer from 1 to 0
start transfer from 0 to 1
end transfer from 0 to 1
start transfer from 0 to 1
end transfer from 0 to 1
start transfer from 0 to 1
start transfer from 1 to 0
end transfer from 0 to 1
start transfer from 0 to 1
end transfer from 0 to 1
start transfer from 0 to 1
end transfer from 0 to 1
start transfer from 0 to 1
end transfer from 0 to 1
start transfer from 0 to 1
end transfer from 0 to 1
start transfer from 0 to 1
end transfer from 0 to 1
start transfer from 0 to 1
end transfer from 0 to 1
start transfer from 0 to 1
end transfer from 0 to 1
start transfer from 0 to 1
end transfer from 0 to 1
start transfer from 0 to 1
end transfer from 1 to 0
end transfer from 0 to 1
start transfer from 1 to 0
start transfer from 0 to 1
end transfer from 1 to 0
end transfer from 0 to 1
start transfer from 1 to 0
start transfer from 0 to 1
end transfer from 1 to 0
end transfer from 0 to 1
start transfer from 0 to 1
start transfer from 1 to 0
end transfer from 0 to 1
end transfer from 1 to 0
start transfer from 0 to 1
start transfer from 1 to 0
end transfer from 0 to 1
start transfer from 0 to 1
end transfer from 0 to 1
start transfer from 0 to 1
end transfer from 0 to 1
end transfer from 1 to 0
start transfer from 0 to 1
start transfer from 1 to 0
end transfer from 0 to 1
end transfer from 1 to 0
start transfer from 0 to 1
start transfer from 1 to 0
end transfer from 1 to 0
start transfer from 1 to 0
end transfer from 1 to 0
start transfer from 1 to 0
end transfer from 1 to 0
start transfer from 1 to 0
end transfer from 1 to 0
start transfer from 1 to 0
end transfer from 1 to 0
start transfer from 1 to 0
end transfer from 1 to 0
start transfer from 1 to 0
end transfer from 1 to 0
end transfer from 0 to 1
start transfer from 1 to 0
start transfer from 0 to 1
end transfer from 1 to 0
end transfer from 0 to 1
start transfer from 1 to 0
end transfer from 1 to 0
start transfer from 1 to 0
start transfer from 0 to 1
end transfer from 0 to 1
end transfer from 1 to 0
start transfer from 0 to 1
end transfer from 0 to 1
start transfer from 0 to 1
start transfer from 1 to 0
end transfer from 0 to 1
start transfer from 0 to 1
end transfer from 1 to 0
end transfer from 0 to 1
start transfer from 1 to 0
start transfer from 0 to 1
end transfer from 0 to 1
end transfer from 1 to 0
start transfer from 0 to 1
start transfer from 1 to 0
end transfer from 0 to 1
start transfer from 0 to 1
end transfer from 0 to 1
end transfer from 1 to 0
start transfer from 0 to 1
start transfer from 1 to 0
end transfer from 0 to 1
start transfer from 0 to 1
end transfer from 1 to 0
end transfer from 0 to 1
start transfer from 1 to 0
start transfer from 0 to 1
end transfer from 0 to 1
start transfer from 0 to 1
end transfer from 0 to 1
start transfer from 0 to 1
end transfer from 0 to 1
start transfer from 0 to 1
end transfer from 1 to 0
end transfer from 0 to 1
start transfer from 1 to 0
start transfer from 0 to 1
end transfer from 1 to 0
end transfer from 0 to 1
start transfer from 1 to 0
start transfer from 0 to 1
end transfer from 1 to 0
end transfer from 0 to 1
start transfer from 1 to 0
start transfer from 0 to 1
end transfer from 1 to 0
end transfer from 0 to 1
start transfer from 1 to 0
start transfer from 0 to 1
end transfer from 1 to 0
end transfer from 0 to 1
start transfer from 1 to 0
start transfer from 0 to 1
end transfer from 1 to 0
end transfer from 0 to 1
start transfer from 1 to 0
start transfer from 0 to 1
end transfer from 1 to 0
start transfer from 1 to 0
end transfer from 0 to 1
end transfer from 1 to 0
start transfer from 0 to 1
start transfer from 1 to 0
end transfer from 0 to 1
end transfer from 1 to 0
start transfer from 0 to 1
start transfer from 1 to 0
end transfer from 0 to 1
end transfer from 1 to 0
start transfer from 0 to 1
start transfer from 1 to 0
end transfer from 0 to 1
end transfer from 1 to 0
start transfer from 0 to 1
start transfer from 1 to 0
end transfer from 0 to 1
end transfer from 1 to 0
start transfer from 0 to 1
start transfer from 1 to 0
end transfer from 1 to 0
end transfer from 0 to 1
start transfer from 1 to 0
start transfer from 0 to 1
end transfer from 1 to 0
end transfer from 0 to 1
start transfer from 1 to 0
end transfer from 1 to 0
start transfer from 0 to 1
start transfer from 1 to 0
end transfer from 0 to 1
end transfer from 1 to 0
start transfer from 0 to 1
start transfer from 1 to 0
end transfer from 0 to 1
end transfer from 1 to 0
start transfer from 0 to 1
start transfer from 1 to 0
end transfer from 0 to 1
start transfer from 0 to 1
end transfer from 1 to 0
end transfer from 0 to 1
start transfer from 1 to 0
start transfer from 0 to 1
end transfer from 1 to 0
start transfer from 1 to 0
end transfer from 0 to 1
end transfer from 1 to 0
start transfer from 1 to 0
start transfer from 0 to 1
end transfer from 1 to 0
end transfer from 0 to 1
start transfer from 1 to 0
start transfer from 0 to 1
end transfer from 0 to 1
end transfer from 1 to 0
start transfer from 0 to 1
start transfer from 1 to 0
end transfer from 0 to 1
end transfer from 1 to 0
start transfer from 0 to 1
start transfer from 1 to 0
end transfer from 0 to 1
end transfer from 1 to 0
start transfer from 0 to 1
start transfer from 1 to 0
end transfer from 0 to 1
start transfer from 0 to 1
end transfer from 1 to 0
end transfer from 0 to 1
start transfer from 1 to 0
start transfer from 0 to 1
end transfer from 1 to 0
end transfer from 0 to 1
start transfer from 1 to 0
start transfer from 0 to 1
end transfer from 1 to 0
end transfer from 0 to 1
start transfer from 1 to 0
start transfer from 0 to 1
end transfer from 1 to 0
end transfer from 0 to 1
start transfer from 0 to 1
start transfer from 1 to 0
end transfer from 0 to 1
start transfer from 0 to 1
end transfer from 1 to 0
end transfer from 0 to 1
start transfer from 1 to 0
start transfer from 0 to 1
end transfer from 0 to 1
end transfer from 1 to 0
start transfer from 0 to 1
start transfer from 1 to 0
end transfer from 0 to 1
end transfer from 1 to 0
start transfer from 0 to 1
start transfer from 1 to 0
end transfer from 0 to 1
start transfer from 0 to 1
end transfer from 1 to 0
start transfer from 1 to 0
end transfer from 1 to 0
end transfer from 0 to 1
start transfer from 1 to 0
start transfer from 0 to 1
end transfer from 1 to 0
end transfer from 0 to 1
start transfer from 1 to 0
start transfer from 0 to 1
end transfer from 1 to 0
end transfer from 0 to 1
start transfer from 1 to 0
start transfer from 0 to 1
end transfer from 1 to 0
end transfer from 0 to 1
start transfer from 1 to 0
start transfer from 0 to 1
end transfer from 0 to 1
end transfer from 1 to 0
start transfer from 0 to 1
start transfer from 1 to 0
end transfer from 0 to 1
start transfer from 0 to 1
end transfer from 1 to 0
end transfer from 0 to 1
start transfer from 1 to 0
end transfer from 1 to 0
start transfer from 0 to 1
start transfer from 1 to 0
end transfer from 0 to 1
start transfer from 0 to 1
end transfer from 1 to 0
start transfer from 1 to 0
end transfer from 0 to 1
start transfer from 0 to 1
end transfer from 1 to 0
start transfer from 1 to 0
end transfer from 0 to 1
end transfer from 1 to 0
start transfer from 0 to 1
start transfer from 1 to 0
end transfer from 0 to 1
start transfer from 0 to 1
end transfer from 1 to 0
end transfer from 0 to 1
start transfer from 1 to 0
end transfer from 1 to 0
start transfer from 0 to 1
start transfer from 1 to 0
end transfer from 0 to 1
end transfer from 1 to 0
start transfer from 0 to 1
start transfer from 1 to 0
end transfer from 0 to 1
start transfer from 0 to 1
end transfer from 1 to 0
end transfer from 0 to 1
start transfer from 0 to 1
start transfer from 1 to 0
end transfer from 0 to 1
end transfer from 1 to 0
start transfer from 0 to 1
start transfer from 1 to 0
end transfer from 0 to 1
end transfer from 1 to 0
start transfer from 0 to 1
end transfer from 0 to 1
start transfer from 1 to 0
start transfer from 0 to 1
end transfer from 0 to 1
end transfer from 1 to 0
start transfer from 0 to 1
start transfer from 1 to 0
end transfer from 0 to 1
start transfer from 0 to 1
end transfer from 1 to 0
end transfer from 0 to 1
start transfer from 1 to 0
start transfer from 0 to 1
end transfer from 1 to 0
end transfer from 0 to 1
start transfer from 1 to 0
start transfer from 0 to 1
end transfer from 1 to 0
end transfer from 0 to 1
start transfer from 1 to 0
start transfer from 0 to 1
end transfer from 1 to 0
end transfer from 0 to 1
start transfer from 1 to 0
start transfer from 0 to 1
end transfer from 1 to 0
end transfer from 0 to 1
start transfer from 1 to 0
start transfer from 0 to 1
end transfer from 1 to 0
end transfer from 0 to 1
start transfer from 1 to 0
start transfer from 0 to 1
end transfer from 1 to 0
end transfer from 0 to 1
start transfer from 1 to 0
end transfer from 1 to 0
start transfer from 1 to 0
start transfer from 0 to 1
end transfer from 1 to 0
start transfer from 1 to 0
end transfer from 0 to 1
end transfer from 1 to 0
start transfer from 0 to 1
start transfer from 1 to 0
end transfer from 0 to 1
end transfer from 1 to 0
start transfer from 0 to 1
start transfer from 1 to 0
end transfer from 0 to 1
end transfer from 1 to 0
start transfer from 1 to 0
start transfer from 0 to 1
end transfer from 1 to 0
end transfer from 0 to 1
start transfer from 1 to 0
start transfer from 0 to 1
end transfer from 1 to 0
end transfer from 0 to 1
start transfer from 1 to 0
start transfer from 0 to 1
end transfer from 1 to 0
end transfer from 0 to 1
start transfer from 1 to 0
start transfer from 0 to 1
end transfer from 1 to 0
end transfer from 0 to 1
start transfer from 1 to 0
start transfer from 0 to 1
end transfer from 1 to 0
end transfer from 0 to 1
start transfer from 0 to 1
start transfer from 1 to 0
end transfer from 0 to 1
start transfer from 0 to 1
end transfer from 1 to 0
end transfer from 0 to 1
start transfer from 1 to 0
start transfer from 0 to 1
end transfer from 1 to 0
end transfer from 0 to 1
start transfer from 1 to 0
start transfer from 0 to 1
end transfer from 1 to 0
end transfer from 0 to 1
start transfer from 1 to 0
start transfer from 0 to 1
end transfer from 1 to 0
end transfer from 0 to 1
start transfer from 1 to 0
start transfer from 0 to 1
end transfer from 1 to 0
end transfer from 0 to 1
start transfer from 1 to 0
start transfer from 0 to 1
end transfer from 1 to 0
start transfer from 1 to 0
end transfer from 0 to 1
end transfer from 1 to 0
start transfer from 0 to 1
start transfer from 1 to 0
end transfer from 0 to 1
end transfer from 1 to 0
start transfer from 0 to 1
start transfer from 1 to 0
end transfer from 1 to 0
end transfer from 0 to 1
start transfer from 1 to 0
start transfer from 0 to 1
end transfer from 1 to 0
end transfer from 0 to 1
start transfer from 1 to 0
start transfer from 0 to 1
end transfer from 1 to 0
end transfer from 0 to 1
start transfer from 1 to 0
start transfer from 0 to 1
end transfer from 1 to 0
start transfer from 1 to 0
end transfer from 0 to 1
end transfer from 1 to 0
start transfer from 0 to 1
start transfer from 1 to 0
end transfer from 0 to 1
end transfer from 1 to 0
start transfer from 0 to 1
start transfer from 1 to 0
end transfer from 1 to 0
end transfer from 0 to 1
start transfer from 1 to 0
start transfer from 0 to 1
end transfer from 1 to 0
end transfer from 0 to 1
start transfer from 1 to 0
start transfer from 0 to 1
end transfer from 1 to 0
start transfer from 1 to 0
end transfer from 0 to 1
end transfer from 1 to 0
start transfer from 0 to 1
start transfer from 1 to 0
end transfer from 0 to 1
end transfer from 1 to 0
start transfer from 1 to 0
start transfer from 0 to 1
end transfer from 1 to 0
end transfer from 0 to 1
start transfer from 1 to 0
start transfer from 0 to 1
end transfer from 1 to 0
end transfer from 0 to 1
start transfer from 1 to 0
start transfer from 0 to 1
end transfer from 0 to 1
start transfer from 0 to 1
end transfer from 1 to 0
end transfer from 0 to 1
start transfer from 1 to 0
start transfer from 0 to 1
end transfer from 1 to 0
end transfer from 0 to 1
start transfer from 1 to 0
start transfer from 0 to 1
end transfer from 1 to 0
start transfer from 1 to 0
end transfer from 0 to 1
end transfer from 1 to 0
start transfer from 0 to 1
start transfer from 1 to 0
end transfer from 1 to 0
end transfer from 0 to 1
start transfer from 1 to 0
start transfer from 0 to 1
end transfer from 1 to 0
end transfer from 0 to 1
start transfer from 1 to 0
start transfer from 0 to 1
end transfer from 1 to 0
start transfer from 1 to 0
end transfer from 0 to 1
end transfer from 1 to 0
start transfer from 0 to 1
start transfer from 1 to 0
end transfer from 0 to 1
end transfer from 1 to 0
start transfer from 1 to 0
start transfer from 0 to 1
end transfer from 1 to 0
end transfer from 0 to 1
start transfer from 1 to 0
start transfer from 0 to 1
end transfer from 1 to 0
end transfer from 0 to 1
start transfer from 1 to 0
end transfer from 1 to 0
start transfer from 0 to 1
start transfer from 1 to 0
end transfer from 0 to 1
end transfer from 1 to 0
start transfer from 0 to 1
start transfer from 1 to 0
end transfer from 0 to 1
end transfer from 1 to 0
start transfer from 0 to 1
start transfer from 1 to 0
end transfer from 0 to 1
end transfer from 1 to 0
start transfer from 0 to 1
start transfer from 1 to 0
end transfer from 0 to 1
end transfer from 1 to 0
start transfer from 0 to 1
start transfer from 1 to 0
end transfer from 0 to 1
end transfer from 1 to 0
start transfer from 0 to 1
start transfer from 1 to 0
end transfer from 0 to 1
end transfer from 1 to 0
start transfer from 0 to 1
start transfer from 1 to 0
end transfer from 0 to 1
end transfer from 1 to 0
start transfer from 0 to 1
start transfer from 1 to 0
end transfer from 0 to 1
end transfer from 1 to 0
start transfer from 0 to 1
start transfer from 1 to 0
end transfer from 1 to 0
end transfer from 0 to 1
start transfer from 0 to 1
end transfer from 0 to 1
start transfer from 1 to 0
start transfer from 0 to 1
end transfer from 1 to 0
end transfer from 0 to 1
start transfer from 1 to 0
end transfer from 1 to 0
start transfer from 1 to 0
end transfer from 1 to 0
start transfer from 1 to 0
end transfer from 1 to 0
start transfer from 0 to 1
start transfer from 1 to 0
end transfer from 0 to 1
end transfer from 1 to 0
start transfer from 0 to 1
start transfer from 1 to 0
end transfer from 0 to 1
end transfer from 1 to 0
start transfer from 0 to 1
start transfer from 1 to 0
end transfer from 0 to 1
end transfer from 1 to 0
start transfer from 0 to 1
start transfer from 1 to 0
end transfer from 0 to 1
end transfer from 1 to 0
start transfer from 1 to 0
end transfer from 1 to 0
start transfer from 1 to 0
end transfer from 1 to 0
start transfer from 0 to 1
start transfer from 1 to 0
end transfer from 0 to 1
end transfer from 1 to 0
start transfer from 0 to 1
start transfer from 1 to 0
end transfer from 1 to 0
start transfer from 1 to 0
end transfer from 1 to 0
start transfer from 1 to 0
end transfer from 1 to 0
start transfer from 1 to 0
end transfer from 1 to 0
start transfer from 1 to 0
end transfer from 0 to 1
end transfer from 1 to 0
start transfer from 1 to 0
start transfer from 0 to 1
end transfer from 1 to 0
start transfer from 1 to 0
end transfer from 1 to 0
start transfer from 1 to 0
end transfer from 1 to 0
start transfer from 1 to 0
end transfer from 1 to 0
start transfer from 1 to 0
end transfer from 1 to 0
end transfer from 0 to 1
start transfer from 1 to 0
end transfer from 1 to 0
start transfer from 0 to 1
start transfer from 1 to 0
end transfer from 0 to 1
end transfer from 1 to 0
start transfer from 0 to 1
start transfer from 1 to 0
end transfer from 0 to 1
end transfer from 1 to 0
start transfer from 0 to 1
start transfer from 1 to 0
end transfer from 1 to 0
end transfer from 0 to 1
start transfer from 1 to 0
start transfer from 0 to 1
end transfer from 1 to 0
end transfer from 0 to 1
start transfer from 1 to 0
start transfer from 0 to 1
end transfer from 1 to 0
start transfer from 1 to 0
end transfer from 0 to 1
end transfer from 1 to 0
start transfer from 0 to 1
start transfer from 1 to 0
end transfer from 0 to 1
end transfer from 1 to 0
start transfer from 0 to 1
start transfer from 1 to 0
end transfer from 1 to 0
end transfer from 0 to 1
start transfer from 1 to 0
end transfer from 1 to 0
start transfer from 0 to 1
start transfer from 1 to 0
end transfer from 0 to 1
end transfer from 1 to 0
start transfer from 0 to 1
start transfer from 1 to 0
end transfer from 1 to 0
end transfer from 0 to 1
start transfer from 1 to 0
start transfer from 0 to 1
end transfer from 1 to 0
end transfer from 0 to 1
start transfer from 1 to 0
start transfer from 0 to 1
end transfer from 1 to 0
start transfer from 1 to 0
end transfer from 0 to 1
end transfer from 1 to 0
start transfer from 0 to 1
start transfer from 1 to 0
end transfer from 0 to 1
end transfer from 1 to 0
start transfer from 0 to 1
start transfer from 1 to 0
end transfer from 0 to 1
end transfer from 1 to 0
start transfer from 0 to 1
start transfer from 1 to 0
end transfer from 0 to 1
end transfer from 1 to 0
start transfer from 0 to 1
start transfer from 1 to 0
end transfer from 1 to 0
end transfer from 0 to 1
start transfer from 1 to 0
start transfer from 0 to 1
end transfer from 1 to 0
end transfer from 0 to 1
start transfer from 1 to 0
end transfer from 1 to 0
start transfer from 1 to 0
end transfer from 1 to 0
start transfer from 0 to 1
start transfer from 1 to 0
end transfer from 0 to 1
end transfer from 1 to 0
start transfer from 0 to 1
start transfer from 1 to 0
end transfer from 0 to 1
end transfer from 1 to 0
start transfer from 1 to 0
start transfer from 0 to 1
end transfer from 1 to 0
start transfer from 1 to 0
end transfer from 0 to 1
end transfer from 1 to 0
start transfer from 1 to 0
end transfer from 1 to 0
start transfer from 1 to 0
end transfer from 1 to 0
start transfer from 1 to 0
start transfer from 0 to 1
end transfer from 1 to 0
start transfer from 1 to 0
end transfer from 0 to 1
end transfer from 1 to 0
start transfer from 1 to 0
end transfer from 1 to 0
start transfer from 0 to 1
start transfer from 1 to 0
end transfer from 1 to 0
end transfer from 0 to 1
start transfer from 1 to 0
start transfer from 0 to 1
end transfer from 1 to 0
start transfer from 1 to 0
end transfer from 0 to 1
end transfer from 1 to 0
start transfer from 0 to 1
start transfer from 1 to 0
end transfer from 0 to 1
end transfer from 1 to 0
start transfer from 0 to 1
start transfer from 1 to 0
end transfer from 0 to 1
end transfer from 1 to 0
start transfer from 0 to 1
start transfer from 1 to 0
end transfer from 0 to 1
start transfer from 0 to 1
end transfer from 1 to 0
end transfer from 0 to 1
start transfer from 1 to 0
start transfer from 0 to 1
end transfer from 1 to 0
end transfer from 0 to 1
start transfer from 1 to 0
end transfer from 1 to 0
start transfer from 0 to 1
start transfer from 1 to 0
end transfer from 0 to 1
start transfer from 0 to 1
end transfer from 1 to 0
end transfer from 0 to 1
start transfer from 1 to 0
start transfer from 0 to 1
end transfer from 0 to 1
end transfer from 1 to 0
start transfer from 0 to 1
start transfer from 1 to 0
end transfer from 0 to 1
end transfer from 1 to 0
start transfer from 0 to 1
start transfer from 1 to 0
end transfer from 0 to 1
start transfer from 0 to 1
end transfer from 1 to 0
end transfer from 0 to 1
start transfer from 1 to 0
start transfer from 0 to 1
end transfer from 1 to 0
end transfer from 0 to 1
start transfer from 1 to 0
start transfer from 0 to 1
end transfer from 1 to 0
end transfer from 0 to 1
start transfer from 1 to 0
start transfer from 0 to 1
end transfer from 1 to 0
end transfer from 0 to 1
start transfer from 0 to 1
start transfer from 1 to 0
end transfer from 0 to 1
end transfer from 1 to 0
start transfer from 0 to 1
start transfer from 1 to 0
end transfer from 0 to 1
end transfer from 1 to 0
start transfer from 0 to 1
end transfer from 0 to 1
start transfer from 1 to 0
end transfer from 1 to 0
start transfer from 0 to 1
start transfer from 1 to 0
end transfer from 0 to 1
end transfer from 1 to 0
start transfer from 0 to 1
start transfer from 1 to 0
end transfer from 0 to 1
end transfer from 1 to 0
start transfer from 0 to 1
start transfer from 1 to 0
end transfer from 0 to 1
end transfer from 1 to 0
start transfer from 1 to 0
start transfer from 0 to 1
end transfer from 1 to 0
end transfer from 0 to 1
start transfer from 1 to 0
start transfer from 0 to 1
end transfer from 1 to 0
end transfer from 0 to 1
start transfer from 1 to 0
start transfer from 0 to 1
end transfer from 1 to 0
start transfer from 1 to 0
end transfer from 0 to 1
end transfer from 1 to 0
start transfer from 0 to 1
start transfer from 1 to 0
end transfer from 1 to 0
end transfer from 0 to 1
start transfer from 1 to 0
start transfer from 0 to 1
end transfer from 1 to 0
end transfer from 0 to 1
start transfer from 1 to 0
end transfer from 1 to 0
start transfer from 0 to 1
start transfer from 1 to 0
end transfer from 0 to 1
end transfer from 1 to 0
start transfer from 1 to 0
start transfer from 0 to 1
end transfer from 1 to 0
end transfer from 0 to 1
start transfer from 1 to 0
start transfer from 0 to 1
end transfer from 1 to 0
start transfer from 1 to 0
end transfer from 0 to 1
end transfer from 1 to 0
start transfer from 0 to 1
start transfer from 1 to 0
end transfer from 1 to 0
end transfer from 0 to 1
start transfer from 1 to 0
start transfer from 0 to 1
end transfer from 1 to 0
start transfer from 1 to 0
end transfer from 0 to 1
end transfer from 1 to 0
start transfer from 0 to 1
start transfer from 1 to 0
end transfer from 1 to 0
end transfer from 0 to 1
start transfer from 1 to 0
start transfer from 0 to 1
end transfer from 1 to 0
start transfer from 1 to 0
end transfer from 0 to 1
end transfer from 1 to 0
start transfer from 0 to 1
start transfer from 1 to 0
end transfer from 1 to 0
end transfer from 0 to 1
start transfer from 1 to 0
start transfer from 0 to 1
end transfer from 1 to 0
start transfer from 1 to 0
end transfer from 0 to 1
end transfer from 1 to 0
start transfer from 0 to 1
start transfer from 1 to 0
end transfer from 0 to 1
end transfer from 1 to 0
start transfer from 1 to 0
start transfer from 0 to 1
end transfer from 1 to 0
end transfer from 0 to 1
start transfer from 1 to 0
end transfer from 1 to 0
start transfer from 0 to 1
start transfer from 1 to 0
end transfer from 0 to 1
end transfer from 1 to 0
start transfer from 1 to 0
start transfer from 0 to 1
end transfer from 1 to 0
start transfer from 1 to 0
end transfer from 0 to 1
end transfer from 1 to 0
start transfer from 0 to 1
start transfer from 1 to 0
end transfer from 0 to 1
end transfer from 1 to 0
start transfer from 0 to 1
start transfer from 1 to 0
end transfer from 0 to 1
end transfer from 1 to 0
start transfer from 0 to 1
start transfer from 1 to 0
end transfer from 0 to 1
end transfer from 1 to 0
start transfer from 0 to 1
start transfer from 1 to 0
end transfer from 0 to 1
end transfer from 1 to 0
start transfer from 0 to 1
start transfer from 1 to 0
end transfer from 0 to 1
end transfer from 1 to 0
start transfer from 0 to 1
end transfer from 0 to 1
start transfer from 1 to 0
start transfer from 0 to 1
end transfer from 1 to 0
end transfer from 0 to 1
start transfer from 0 to 1
start transfer from 1 to 0
end transfer from 0 to 1
end transfer from 1 to 0
start transfer from 0 to 1
start transfer from 1 to 0
end transfer from 0 to 1
end transfer from 1 to 0
start transfer from 0 to 1
start transfer from 1 to 0
end transfer from 0 to 1
start transfer from 0 to 1
end transfer from 1 to 0
end transfer from 0 to 1
start transfer from 1 to 0
start transfer from 0 to 1
end transfer from 1 to 0
end transfer from 0 to 1
start transfer from 1 to 0
start transfer from 0 to 1
end transfer from 0 to 1
end transfer from 1 to 0
start transfer from 0 to 1
start transfer from 1 to 0
end transfer from 0 to 1
end transfer from 1 to 0
start transfer from 0 to 1
start transfer from 1 to 0
end transfer from 0 to 1
start transfer from 0 to 1
end transfer from 1 to 0
end transfer from 0 to 1
start transfer from 1 to 0
start transfer from 0 to 1
end transfer from 1 to 0
end transfer from 0 to 1
start transfer from 1 to 0
start transfer from 0 to 1
end transfer from 1 to 0
end transfer from 0 to 1
start transfer from 1 to 0
start transfer from 0 to 1
end transfer from 1 to 0
end transfer from 0 to 1
start transfer from 0 to 1
start transfer from 1 to 0
end transfer from 0 to 1
end transfer from 1 to 0
start transfer from 0 to 1
start transfer from 1 to 0
end transfer from 0 to 1
start transfer from 0 to 1
end transfer from 1 to 0
end transfer from 0 to 1
start transfer from 1 to 0
start transfer from 0 to 1
end transfer from 1 to 0
end transfer from 0 to 1
start transfer from 0 to 1
start transfer from 1 to 0
end transfer from 0 to 1
end transfer from 1 to 0
start transfer from 0 to 1
end transfer from 0 to 1
start transfer from 1 to 0
start transfer from 0 to 1
end transfer from 1 to 0
end transfer from 0 to 1
start transfer from 1 to 0
start transfer from 0 to 1
end transfer from 0 to 1
end transfer from 1 to 0
start transfer from 0 to 1
start transfer from 1 to 0
end transfer from 0 to 1
end transfer from 1 to 0
start transfer from 0 to 1
start transfer from 1 to 0
end transfer from 0 to 1
end transfer from 1 to 0
start transfer from 0 to 1
end transfer from 0 to 1
start transfer from 1 to 0
start transfer from 0 to 1
end transfer from 0 to 1
end transfer from 1 to 0
start transfer from 0 to 1
start transfer from 1 to 0
end transfer from 0 to 1
end transfer from 1 to 0
start transfer from 0 to 1
start transfer from 1 to 0
end transfer from 0 to 1
start transfer from 0 to 1
end transfer from 1 to 0
end transfer from 0 to 1
start transfer from 1 to 0
start transfer from 0 to 1
end transfer from 1 to 0
end transfer from 0 to 1
start transfer from 1 to 0
start transfer from 0 to 1
end transfer from 1 to 0
end transfer from 0 to 1
start transfer from 1 to 0
start transfer from 0 to 1
end transfer from 1 to 0
end transfer from 0 to 1
start transfer from 0 to 1
start transfer from 1 to 0
end transfer from 0 to 1
start transfer from 0 to 1
end transfer from 1 to 0
start transfer from 1 to 0
end transfer from 1 to 0
start transfer from 1 to 0
end transfer from 1 to 0
end transfer from 0 to 1
start transfer from 1 to 0
end transfer from 1 to 0
start transfer from 1 to 0
end transfer from 1 to 0
start transfer from 1 to 0
end transfer from 1 to 0
start transfer from 1 to 0
end transfer from 1 to 0
start transfer from 0 to 1
start transfer from 1 to 0
end transfer from 1 to 0
end transfer from 0 to 1
start transfer from 1 to 0
start transfer from 0 to 1
end transfer from 1 to 0
end transfer from 0 to 1
start transfer from 1 to 0
start transfer from 0 to 1
end transfer from 1 to 0
end transfer from 0 to 1
start transfer from 1 to 0
start transfer from 0 to 1
end transfer from 1 to 0
start transfer from 1 to 0
end transfer from 0 to 1
end transfer from 1 to 0
start transfer from 1 to 0
end transfer from 1 to 0
start transfer from 1 to 0
end transfer from 1 to 0
start transfer from 1 to 0
end transfer from 1 to 0
start transfer from 0 to 1
start transfer from 1 to 0
end transfer from 0 to 1
end transfer from 1 to 0
start transfer from 1 to 0
start transfer from 0 to 1
end transfer from 1 to 0
end transfer from 0 to 1
start transfer from 1 to 0
start transfer from 0 to 1
end transfer from 1 to 0
end transfer from 0 to 1
start transfer from 1 to 0
start transfer from 0 to 1
end transfer from 1 to 0
end transfer from 0 to 1
start transfer from 1 to 0
start transfer from 0 to 1
end transfer from 1 to 0
end transfer from 0 to 1
start transfer from 1 to 0
end transfer from 1 to 0
start transfer from 1 to 0
end transfer from 1 to 0
start transfer from 1 to 0
end transfer from 1 to 0
start transfer from 0 to 1
start transfer from 1 to 0
end transfer from 0 to 1
end transfer from 1 to 0
start transfer from 0 to 1
start transfer from 1 to 0
end transfer from 0 to 1
end transfer from 1 to 0
start transfer from 0 to 1
start transfer from 1 to 0
end transfer from 1 to 0
start transfer from 1 to 0
end transfer from 1 to 0
start transfer from 1 to 0
end transfer from 0 to 1
end transfer from 1 to 0
start transfer from 0 to 1
start transfer from 1 to 0
end transfer from 0 to 1
end transfer from 1 to 0
start transfer from 0 to 1
start transfer from 1 to 0
end transfer from 0 to 1
end transfer from 1 to 0
start transfer from 1 to 0
start transfer from 0 to 1
end transfer from 1 to 0
end transfer from 0 to 1
start transfer from 1 to 0
start transfer from 0 to 1
end transfer from 1 to 0
end transfer from 0 to 1
start transfer from 1 to 0
start transfer from 0 to 1
end transfer from 1 to 0
start transfer from 1 to 0
end transfer from 0 to 1
end transfer from 1 to 0
start transfer from 0 to 1
start transfer from 1 to 0
end transfer from 0 to 1
end transfer from 1 to 0
start transfer from 0 to 1
start transfer from 1 to 0
end transfer from 0 to 1
end transfer from 1 to 0
start transfer from 0 to 1
start transfer from 1 to 0
end transfer from 0 to 1
end transfer from 1 to 0
start transfer from 0 to 1
start transfer from 1 to 0
end transfer from 0 to 1
end transfer from 1 to 0
start transfer from 0 to 1
start transfer from 1 to 0
end transfer from 0 to 1
end transfer from 1 to 0
start transfer from 0 to 1
start transfer from 1 to 0
end transfer from 0 to 1
end transfer from 1 to 0
start transfer from 0 to 1
start transfer from 1 to 0
end transfer from 0 to 1
end transfer from 1 to 0
start transfer from 0 to 1
start transfer from 1 to 0
end transfer from 0 to 1
end transfer from 1 to 0
start transfer from 0 to 1
start transfer from 1 to 0
end transfer from 0 to 1
end transfer from 1 to 0
start transfer from 0 to 1
start transfer from 1 to 0
end transfer from 0 to 1
end transfer from 1 to 0
start transfer from 0 to 1
start transfer from 1 to 0
end transfer from 0 to 1
end transfer from 1 to 0
start transfer from 0 to 1
start transfer from 1 to 0
end transfer from 0 to 1
end transfer from 1 to 0
start transfer from 0 to 1
start transfer from 1 to 0
end transfer from 0 to 1
end transfer from 1 to 0
start transfer from 0 to 1
start transfer from 1 to 0
end transfer from 0 to 1
end transfer from 1 to 0
start transfer from 0 to 1
start transfer from 1 to 0
end transfer from 0 to 1
end transfer from 1 to 0
start transfer from 0 to 1
start transfer from 1 to 0
end transfer from 0 to 1
end transfer from 1 to 0
start transfer from 0 to 1
start transfer from 1 to 0
end transfer from 0 to 1
start transfer from 0 to 1
end transfer from 1 to 0
end transfer from 0 to 1
start transfer from 1 to 0
start transfer from 0 to 1
end transfer from 1 to 0
end transfer from 0 to 1
start transfer from 1 to 0
start transfer from 0 to 1
end transfer from 1 to 0
end transfer from 0 to 1
start transfer from 1 to 0
start transfer from 0 to 1
end transfer from 1 to 0
end transfer from 0 to 1
start transfer from 1 to 0
start transfer from 0 to 1
end transfer from 1 to 0
end transfer from 0 to 1
start transfer from 1 to 0
start transfer from 0 to 1
end transfer from 1 to 0
end transfer from 0 to 1
start transfer from 1 to 0
start transfer from 0 to 1
end transfer from 1 to 0
end transfer from 0 to 1
start transfer from 0 to 1
start transfer from 1 to 0
end transfer from 0 to 1
end transfer from 1 to 0
start transfer from 0 to 1
start transfer from 1 to 0
end transfer from 1 to 0
end transfer from 0 to 1
start transfer from 1 to 0
start transfer from 0 to 1
end transfer from 1 to 0
end transfer from 0 to 1
start transfer from 1 to 0
start transfer from 0 to 1
end transfer from 1 to 0
end transfer from 0 to 1
start transfer from 1 to 0
start transfer from 0 to 1
end transfer from 1 to 0
end transfer from 0 to 1
start transfer from 1 to 0
start transfer from 0 to 1
end transfer from 1 to 0
end transfer from 0 to 1
start transfer from 1 to 0
start transfer from 0 to 1
end transfer from 1 to 0
end transfer from 0 to 1
start transfer from 0 to 1
start transfer from 1 to 0
end transfer from 1 to 0
end transfer from 0 to 1
start transfer from 0 to 1
start transfer from 1 to 0
end transfer from 0 to 1
end transfer from 1 to 0
start transfer from 0 to 1
start transfer from 1 to 0
end transfer from 1 to 0
end transfer from 0 to 1
start transfer from 1 to 0
start transfer from 0 to 1
end transfer from 0 to 1
end transfer from 1 to 0
start transfer from 1 to 0
start transfer from 0 to 1
end transfer from 0 to 1
end transfer from 1 to 0
start transfer from 1 to 0
start transfer from 0 to 1
end transfer from 1 to 0
end transfer from 0 to 1
start transfer from 0 to 1
start transfer from 1 to 0
end transfer from 0 to 1
end transfer from 1 to 0
start transfer from 0 to 1
start transfer from 1 to 0
end transfer from 1 to 0
end transfer from 0 to 1
start transfer from 1 to 0
start transfer from 0 to 1
end transfer from 1 to 0
end transfer from 0 to 1
start transfer from 0 to 1
start transfer from 1 to 0
end transfer from 1 to 0
end transfer from 0 to 1
start transfer from 0 to 1
start transfer from 1 to 0
end transfer from 1 to 0
end transfer from 0 to 1
start transfer from 0 to 1
start transfer from 1 to 0
end transfer from 0 to 1
end transfer from 1 to 0
start transfer from 0 to 1
start transfer from 1 to 0
end transfer from 1 to 0
end transfer from 0 to 1
start transfer from 0 to 1
start transfer from 1 to 0
end transfer from 0 to 1
end transfer from 1 to 0
start transfer from 1 to 0
start transfer from 0 to 1
end transfer from 0 to 1
end transfer from 1 to 0
start transfer from 0 to 1
start transfer from 1 to 0
end transfer from 0 to 1
end transfer from 1 to 0
start transfer from 0 to 1
start transfer from 1 to 0
end transfer from 0 to 1
end transfer from 1 to 0
start transfer from 0 to 1
start transfer from 1 to 0
end transfer from 0 to 1
end transfer from 1 to 0
start transfer from 1 to 0
start transfer from 0 to 1
end transfer from 1 to 0
end transfer from 0 to 1
start transfer from 1 to 0
start transfer from 0 to 1
end transfer from 0 to 1
end transfer from 1 to 0
start transfer from 1 to 0
start transfer from 0 to 1
end transfer from 1 to 0
end transfer from 0 to 1
start transfer from 1 to 0
start transfer from 0 to 1
end transfer from 1 to 0
start transfer from 1 to 0
end transfer from 0 to 1
start transfer from 0 to 1
end transfer from 1 to 0
start transfer from 1 to 0
end transfer from 0 to 1
end transfer from 1 to 0
start transfer from 0 to 1
start transfer from 1 to 0
end transfer from 1 to 0
end transfer from 0 to 1
start transfer from 1 to 0
start transfer from 0 to 1
end transfer from 1 to 0
end transfer from 0 to 1
start transfer from 0 to 1
start transfer from 1 to 0
end transfer from 0 to 1
end transfer from 1 to 0
start transfer from 0 to 1
start transfer from 1 to 0
end transfer from 0 to 1
end transfer from 1 to 0
start transfer from 1 to 0
start transfer from 0 to 1
end transfer from 0 to 1
end transfer from 1 to 0
start transfer from 1 to 0
start transfer from 0 to 1
end transfer from 1 to 0
end transfer from 0 to 1
start transfer from 1 to 0
start transfer from 0 to 1
end transfer from 1 to 0
end transfer from 0 to 1
start transfer from 1 to 0
start transfer from 0 to 1
end transfer from 1 to 0
end transfer from 0 to 1
start transfer from 1 to 0
end transfer from 1 to 0
start transfer from 0 to 1
start transfer from 1 to 0
end transfer from 0 to 1
start transfer from 0 to 1
end transfer from 1 to 0
end transfer from 0 to 1
start transfer from 1 to 0
start transfer from 0 to 1
end transfer from 1 to 0
start transfer from 1 to 0
end transfer from 0 to 1
start transfer from 0 to 1
end transfer from 1 to 0
start transfer from 1 to 0
end transfer from 0 to 1
start transfer from 0 to 1
end transfer from 1 to 0
start transfer from 1 to 0
end transfer from 0 to 1
end transfer from 1 to 0
start transfer from 0 to 1
start transfer from 1 to 0
end transfer from 0 to 1
start transfer from 0 to 1
end transfer from 1 to 0
start transfer from 1 to 0
end transfer from 0 to 1
end transfer from 1 to 0
start transfer from 0 to 1
start transfer from 1 to 0
end transfer from 0 to 1
end transfer from 1 to 0
start transfer from 0 to 1
end transfer from 0 to 1
start transfer from 1 to 0
end transfer from 1 to 0
start transfer from 0 to 1
start transfer from 1 to 0
end transfer from 0 to 1
end transfer from 1 to 0
start transfer from 0 to 1
end transfer from 0 to 1
start transfer from 1 to 0
end transfer from 1 to 0
start transfer from 0 to 1
start transfer from 1 to 0
end transfer from 0 to 1
end transfer from 1 to 0
start transfer from 0 to 1
end transfer from 0 to 1
start transfer from 1 to 0
end transfer from 1 to 0
start transfer from 0 to 1
start transfer from 1 to 0
end transfer from 0 to 1
end transfer from 1 to 0
start transfer from 0 to 1
start transfer from 1 to 0
end transfer from 0 to 1
end transfer from 1 to 0
start transfer from 0 to 1
start transfer from 1 to 0
end transfer from 0 to 1
end transfer from 1 to 0
start transfer from 0 to 1
start transfer from 1 to 0
end transfer from 1 to 0
end transfer from 0 to 1
start transfer from 1 to 0
end transfer from 1 to 0
start transfer from 1 to 0
start transfer from 0 to 1
end transfer from 1 to 0
start transfer from 1 to 0
end transfer from 0 to 1
end transfer from 1 to 0
start transfer from 1 to 0
start transfer from 0 to 1
end transfer from 1 to 0
start transfer from 1 to 0
end transfer from 0 to 1
end transfer from 1 to 0
start transfer from 1 to 0
start transfer from 0 to 1
end transfer from 1 to 0
start transfer from 1 to 0
end transfer from 0 to 1
end transfer from 1 to 0
start transfer from 1 to 0
end transfer from 1 to 0
start transfer from 0 to 1
start transfer from 1 to 0
end transfer from 1 to 0
end transfer from 0 to 1
start transfer from 1 to 0
end transfer from 1 to 0
start transfer from 0 to 1
start transfer from 1 to 0
end transfer from 0 to 1
end transfer from 1 to 0
start transfer from 1 to 0
start transfer from 0 to 1
end transfer from 1 to 0
end transfer from 0 to 1
start transfer from 1 to 0
start transfer from 0 to 1
end transfer from 1 to 0
end transfer from 0 to 1
start transfer from 0 to 1
start transfer from 1 to 0
end transfer from 0 to 1
end transfer from 1 to 0
start transfer from 0 to 1
start transfer from 1 to 0
end transfer from 0 to 1
end transfer from 1 to 0
start transfer from 0 to 1
end transfer from 0 to 1
start transfer from 1 to 0
start transfer from 0 to 1
end transfer from 1 to 0
end transfer from 0 to 1
start transfer from 1 to 0
start transfer from 0 to 1
end transfer from 1 to 0
end transfer from 0 to 1
start transfer from 1 to 0
start transfer from 0 to 1
end transfer from 1 to 0
start transfer from 1 to 0
end transfer from 0 to 1
end transfer from 1 to 0
start transfer from 0 to 1
start transfer from 1 to 0
end transfer from 0 to 1
end transfer from 1 to 0
start transfer from 1 to 0
start transfer from 0 to 1
end transfer from 1 to 0
end transfer from 0 to 1
start transfer from 1 to 0
start transfer from 0 to 1
end transfer from 1 to 0
start transfer from 1 to 0
end transfer from 0 to 1
end transfer from 1 to 0
start transfer from 0 to 1
start transfer from 1 to 0
end transfer from 1 to 0
end transfer from 0 to 1
start transfer from 1 to 0
start transfer from 0 to 1
end transfer from 1 to 0
end transfer from 0 to 1
start transfer from 1 to 0
start transfer from 0 to 1
end transfer from 1 to 0
end transfer from 0 to 1
start transfer from 1 to 0
start transfer from 0 to 1
end transfer from 1 to 0
end transfer from 0 to 1
start transfer from 0 to 1
start transfer from 1 to 0
end transfer from 0 to 1
end transfer from 1 to 0
start transfer from 0 to 1
end transfer from 0 to 1
start transfer from 0 to 1
start transfer from 1 to 0
end transfer from 0 to 1
end transfer from 1 to 0
start transfer from 0 to 1
start transfer from 1 to 0
end transfer from 1 to 0
end transfer from 0 to 1
start transfer from 1 to 0
start transfer from 0 to 1
end transfer from 1 to 0
end transfer from 0 to 1
start transfer from 1 to 0
start transfer from 0 to 1
end transfer from 1 to 0
end transfer from 0 to 1
start transfer from 1 to 0
start transfer from 0 to 1
end transfer from 1 to 0
end transfer from 0 to 1
start transfer from 1 to 0
start transfer from 0 to 1
end transfer from 1 to 0
end transfer from 0 to 1
start transfer from 1 to 0
start transfer from 0 to 1
end transfer from 0 to 1
end transfer from 1 to 0
start transfer from 0 to 1
start transfer from 1 to 0
end transfer from 0 to 1
end transfer from 1 to 0
start transfer from 0 to 1
start transfer from 1 to 0
end transfer from 1 to 0
end transfer from 0 to 1
start transfer from 1 to 0
start transfer from 0 to 1
end transfer from 1 to 0
end transfer from 0 to 1
start transfer from 1 to 0
start transfer from 0 to 1
end transfer from 1 to 0
start transfer from 1 to 0
end transfer from 0 to 1
end transfer from 1 to 0
start transfer from 1 to 0
end transfer from 1 to 0
start transfer from 1 to 0
end transfer from 1 to 0
start transfer from 1 to 0
start transfer from 0 to 1
end transfer from 1 to 0
start transfer from 1 to 0
end transfer from 1 to 0
start transfer from 1 to 0
end transfer from 0 to 1
start transfer from 0 to 1
end transfer from 1 to 0
end transfer from 0 to 1
start transfer from 1 to 0
end transfer from 1 to 0
start transfer from 0 to 1
start transfer from 1 to 0
end transfer from 0 to 1
end transfer from 1 to 0
start transfer from 0 to 1
start transfer from 1 to 0
end transfer from 1 to 0
end transfer from 0 to 1
start transfer from 1 to 0
end transfer from 1 to 0
start transfer from 1 to 0
start transfer from 0 to 1
end transfer from 1 to 0
start transfer from 1 to 0
end transfer from 1 to 0
end transfer from 0 to 1
start transfer from 1 to 0
end transfer from 1 to 0
start transfer from 1 to 0
end transfer from 1 to 0
start transfer from 1 to 0
end transfer from 1 to 0
start transfer from 1 to 0
end transfer from 1 to 0
start transfer from 1 to 0
end transfer from 1 to 0
start transfer from 0 to 1
start transfer from 1 to 0
end transfer from 0 to 1
start transfer from 0 to 1
end transfer from 0 to 1
start transfer from 0 to 1
end transfer from 0 to 1
start transfer from 0 to 1
end transfer from 0 to 1
start transfer from 0 to 1
end transfer from 0 to 1
start transfer from 0 to 1
end transfer from 0 to 1
start transfer from 0 to 1
end transfer from 0 to 1
start transfer from 0 to 1
end transfer from 0 to 1
start transfer from 0 to 1
end transfer from 1 to 0
end transfer from 0 to 1
start transfer from 0 to 1
end transfer from 0 to 1
start transfer from 0 to 1
end transfer from 0 to 1
start transfer from 1 to 0
start transfer from 0 to 1
end transfer from 1 to 0
start transfer from 1 to 0
end transfer from 1 to 0
start transfer from 1 to 0
end transfer from 1 to 0
start transfer from 1 to 0
end transfer from 1 to 0
start transfer from 1 to 0
end transfer from 1 to 0
start transfer from 1 to 0
end transfer from 0 to 1
end transfer from 1 to 0
start transfer from 1 to 0
end transfer from 1 to 0
start transfer from 1 to 0
end transfer from 1 to 0
start transfer from 0 to 1
start transfer from 1 to 0
end transfer from 1 to 0
start transfer from 1 to 0
end transfer from 1 to 0
end transfer from 0 to 1
start transfer from 1 to 0
start transfer from 0 to 1
end transfer from 0 to 1
start transfer from 0 to 1
end transfer from 0 to 1
start transfer from 0 to 1
end transfer from 0 to 1
start transfer from 0 to 1
end transfer from 0 to 1
end transfer from 1 to 0
start transfer from 0 to 1
end transfer from 0 to 1
start transfer from 0 to 1
end transfer from 0 to 1
start transfer from 0 to 1
end transfer from 0 to 1
start transfer from 0 to 1
start transfer from 1 to 0
end transfer from 0 to 1
start transfer from 0 to 1
end transfer from 0 to 1
start transfer from 0 to 1
end transfer from 1 to 0
start transfer from 1 to 0
end transfer from 1 to 0
start transfer from 1 to 0
end transfer from 1 to 0
start transfer from 1 to 0
end transfer from 1 to 0
start transfer from 1 to 0
end transfer from 1 to 0
end transfer from 0 to 1
start transfer from 1 to 0
end transfer from 1 to 0
start transfer from 1 to 0
end transfer from 1 to 0
start transfer from 1 to 0
end transfer from 1 to 0
start transfer from 1 to 0
start transfer from 0 to 1
end transfer from 1 to 0
start transfer from 1 to 0
end transfer from 1 to 0
end transfer from 0 to 1
start transfer from 1 to 0
end transfer from 1 to 0
start transfer from 1 to 0
start transfer from 0 to 1
end transfer from 1 to 0
start transfer from 1 to 0
end transfer from 1 to 0
start transfer from 1 to 0
end transfer from 1 to 0
start transfer from 1 to 0
end transfer from 1 to 0
start transfer from 1 to 0
end transfer from 1 to 0
start transfer from 1 to 0
end transfer from 0 to 1
end transfer from 1 to 0
start transfer from 0 to 1
start transfer from 1 to 0
end transfer from 0 to 1
end transfer from 1 to 0
start transfer from 0 to 1
start transfer from 1 to 0
end transfer from 0 to 1
end transfer from 1 to 0
start transfer from 0 to 1
start transfer from 1 to 0
end transfer from 0 to 1
end transfer from 1 to 0
start transfer from 0 to 1
start transfer from 1 to 0
end transfer from 0 to 1
end transfer from 1 to 0
start transfer from 0 to 1
start transfer from 1 to 0
end transfer from 0 to 1
end transfer from 1 to 0
start transfer from 0 to 1
start transfer from 1 to 0
end transfer from 0 to 1
end transfer from 1 to 0
start transfer from 0 to 1
start transfer from 1 to 0
end transfer from 0 to 1
end transfer from 1 to 0
start transfer from 0 to 1
start transfer from 1 to 0
end transfer from 0 to 1
end transfer from 1 to 0
start transfer from 0 to 1
start transfer from 1 to 0
end transfer from 0 to 1
start transfer from 0 to 1
end transfer from 1 to 0
end transfer from 0 to 1
start transfer from 1 to 0
start transfer from 0 to 1
end transfer from 1 to 0
end transfer from 0 to 1
start transfer from 0 to 1
start transfer from 1 to 0
end transfer from 0 to 1
end transfer from 1 to 0
start transfer from 0 to 1
start transfer from 1 to 0
end transfer from 0 to 1
end transfer from 1 to 0
start transfer from 0 to 1
start transfer from 1 to 0
end transfer from 0 to 1
start transfer from 0 to 1
end transfer from 1 to 0
end transfer from 0 to 1
start transfer from 1 to 0
start transfer from 0 to 1
end transfer from 1 to 0
end transfer from 0 to 1
start transfer from 1 to 0
start transfer from 0 to 1
end transfer from 1 to 0
end transfer from 0 to 1
start transfer from 1 to 0
start transfer from 0 to 1
end transfer from 1 to 0
end transfer from 0 to 1
start transfer from 1 to 0
start transfer from 0 to 1
end transfer from 1 to 0
end transfer from 0 to 1
start transfer from 1 to 0
start transfer from 0 to 1
end transfer from 1 to 0
end transfer from 0 to 1
start transfer from 1 to 0
start transfer from 0 to 1
end transfer from 1 to 0
end transfer from 0 to 1
start transfer from 1 to 0
start transfer from 0 to 1
end transfer from 1 to 0
end transfer from 0 to 1
start transfer from 1 to 0
start transfer from 0 to 1
end transfer from 0 to 1
end transfer from 1 to 0
start transfer from 0 to 1
start transfer from 1 to 0
end transfer from 0 to 1
end transfer from 1 to 0
start transfer from 0 to 1
start transfer from 1 to 0
end transfer from 0 to 1
end transfer from 1 to 0
start transfer from 0 to 1
start transfer from 1 to 0
end transfer from 0 to 1
end transfer from 1 to 0
start transfer from 0 to 1
start transfer from 1 to 0
end transfer from 1 to 0
end transfer from 0 to 1
start transfer from 1 to 0
start transfer from 0 to 1
end transfer from 1 to 0
start transfer from 1 to 0
end transfer from 1 to 0
end transfer from 0 to 1
start transfer from 1 to 0
end transfer from 1 to 0
start transfer from 0 to 1
start transfer from 1 to 0
end transfer from 1 to 0
end transfer from 0 to 1
start transfer from 0 to 1
end transfer from 0 to 1
start transfer from 0 to 1
start transfer from 1 to 0
end transfer from 0 to 1
end transfer from 1 to 0
start transfer from 0 to 1
start transfer from 1 to 0
end transfer from 0 to 1
start transfer from 0 to 1
end transfer from 1 to 0
start transfer from 1 to 0
end transfer from 0 to 1
start transfer from 0 to 1
end transfer from 1 to 0
end transfer from 0 to 1
start transfer from 1 to 0
end transfer from 1 to 0
start transfer from 0 to 1
end transfer from 0 to 1
start transfer from 0 to 1
start transfer from 1 to 0
end transfer from 0 to 1
start transfer from 0 to 1
end transfer from 1 to 0
start transfer from 1 to 0
end transfer from 0 to 1
start transfer from 0 to 1
end transfer from 0 to 1
start transfer from 0 to 1
end transfer from 0 to 1
end transfer from 1 to 0
start transfer from 0 to 1
start transfer from 1 to 0
end transfer from 0 to 1
start transfer from 0 to 1
end transfer from 0 to 1
end transfer from 1 to 0
start transfer from 0 to 1
end transfer from 0 to 1
start transfer from 0 to 1
end transfer from 0 to 1
start transfer from 0 to 1
end transfer from 0 to 1
start transfer from 0 to 1
end transfer from 0 to 1
start transfer from 0 to 1
start transfer from 1 to 0
end transfer from 0 to 1
end transfer from 1 to 0
start transfer from 1 to 0
start transfer from 0 to 1
end transfer from 1 to 0
end transfer from 0 to 1
start transfer from 1 to 0
end transfer from 1 to 0
start transfer from 0 to 1
start transfer from 1 to 0
end transfer from 0 to 1
end transfer from 1 to 0
start transfer from 0 to 1
start transfer from 1 to 0
end transfer from 0 to 1
end transfer from 1 to 0
start transfer from 0 to 1
start transfer from 1 to 0
end transfer from 0 to 1
end transfer from 1 to 0
start transfer from 0 to 1
start transfer from 1 to 0
end transfer from 1 to 0
end transfer from 0 to 1
start transfer from 1 to 0
start transfer from 0 to 1
end transfer from 1 to 0
end transfer from 0 to 1
start transfer from 1 to 0
start transfer from 0 to 1
end transfer from 1 to 0
start transfer from 1 to 0
end transfer from 0 to 1
end transfer from 1 to 0
start transfer from 0 to 1
start transfer from 1 to 0
end transfer from 0 to 1
end transfer from 1 to 0
start transfer from 0 to 1
start transfer from 1 to 0
end transfer from 0 to 1
end transfer from 1 to 0
start transfer from 1 to 0
start transfer from 0 to 1
end transfer from 1 to 0
end transfer from 0 to 1
start transfer from 1 to 0
start transfer from 0 to 1
end transfer from 1 to 0
end transfer from 0 to 1
start transfer from 1 to 0
end transfer from 1 to 0
start transfer from 0 to 1
start transfer from 1 to 0
end transfer from 0 to 1
end transfer from 1 to 0
start transfer from 0 to 1
start transfer from 1 to 0
end transfer from 0 to 1
end transfer from 1 to 0
start transfer from 0 to 1
start transfer from 1 to 0
end transfer from 0 to 1
end transfer from 1 to 0
start transfer from 0 to 1
start transfer from 1 to 0
end transfer from 0 to 1
end transfer from 1 to 0
start transfer from 0 to 1
start transfer from 1 to 0
end transfer from 0 to 1
start transfer from 0 to 1
end transfer from 0 to 1
start transfer from 0 to 1
end transfer from 1 to 0
end transfer from 0 to 1
start transfer from 1 to 0
start transfer from 0 to 1
end transfer from 1 to 0
end transfer from 0 to 1
start transfer from 1 to 0
end transfer from 1 to 0
start transfer from 0 to 1
end transfer from 0 to 1
start transfer from 0 to 1
end transfer from 0 to 1
start transfer from 0 to 1
end transfer from 0 to 1
start transfer from 0 to 1
end transfer from 0 to 1
start transfer from 0 to 1
start transfer from 1 to 0
end transfer from 1 to 0
start transfer from 1 to 0
end transfer from 0 to 1
end transfer from 1 to 0
start transfer from 1 to 0
start transfer from 0 to 1
end transfer from 0 to 1
end transfer from 1 to 0
start transfer from 1 to 0
start transfer from 0 to 1
end transfer from 1 to 0
end transfer from 0 to 1
start transfer from 1 to 0
start transfer from 0 to 1
end transfer from 0 to 1
start transfer from 0 to 1
end transfer from 0 to 1
start transfer from 0 to 1
end transfer from 0 to 1
start transfer from 0 to 1
end transfer from 1 to 0
end transfer from 0 to 1
start transfer from 1 to 0
start transfer from 0 to 1
end transfer from 1 to 0
start transfer from 1 to 0
end transfer from 1 to 0
start transfer from 1 to 0
end transfer from 1 to 0
start transfer from 1 to 0
end transfer from 1 to 0
start transfer from 1 to 0
end transfer from 1 to 0
start transfer from 1 to 0
end transfer from 1 to 0
start transfer from 1 to 0
end transfer from 1 to 0
start transfer from 1 to 0
end transfer from 1 to 0
start transfer from 1 to 0
end transfer from 1 to 0
start transfer from 1 to 0
end transfer from 1 to 0
start transfer from 1 to 0
end transfer from 1 to 0
start transfer from 1 to 0
end transfer from 1 to 0
start transfer from 1 to 0
end transfer from 1 to 0
start transfer from 1 to 0
end transfer from 1 to 0
end transfer from 0 to 1
start transfer from 1 to 0
end transfer from 1 to 0
start transfer from 1 to 0
end transfer from 1 to 0
start transfer from 1 to 0
end transfer from 1 to 0
start transfer from 1 to 0
end transfer from 1 to 0
start transfer from 1 to 0
end transfer from 1 to 0
start transfer from 1 to 0
end transfer from 1 to 0
start transfer from 1 to 0
end transfer from 1 to 0
start transfer from 1 to 0
end transfer from 1 to 0
start transfer from 1 to 0
end transfer from 1 to 0
start transfer from 1 to 0
end transfer from 1 to 0
start transfer from 1 to 0
end transfer from 1 to 0
start transfer from 1 to 0
end transfer from 1 to 0
start transfer from 1 to 0
end transfer from 1 to 0
start transfer from 1 to 0
end transfer from 1 to 0
start transfer from 1 to 0
end transfer from 1 to 0
start transfer from 1 to 0
end transfer from 1 to 0
start transfer from 1 to 0
end transfer from 1 to 0
start transfer from 1 to 0
end transfer from 1 to 0
start transfer from 1 to 0
end transfer from 1 to 0
start transfer from 1 to 0
end transfer from 1 to 0
start transfer from 1 to 0
end transfer from 1 to 0
start transfer from 1 to 0
end transfer from 1 to 0
start transfer from 1 to 0
end transfer from 1 to 0
start transfer from 1 to 0
end transfer from 1 to 0
start transfer from 1 to 0
end transfer from 1 to 0
start transfer from 1 to 0
end transfer from 1 to 0
start transfer from 1 to 0
end transfer from 1 to 0
start transfer from 1 to 0
end transfer from 1 to 0
start transfer from 1 to 0
end transfer from 1 to 0
start transfer from 1 to 0
end transfer from 1 to 0
start transfer from 1 to 0
end transfer from 1 to 0
start transfer from 1 to 0
end transfer from 1 to 0
start transfer from 1 to 0
end transfer from 1 to 0
start transfer from 1 to 0
end transfer from 1 to 0
start transfer from 1 to 0
end transfer from 1 to 0
start transfer from 1 to 0
end transfer from 1 to 0
start transfer from 1 to 0
end transfer from 1 to 0
start transfer from 1 to 0
end transfer from 1 to 0
start transfer from 1 to 0
end transfer from 1 to 0
start transfer from 1 to 0
end transfer from 1 to 0
start transfer from 1 to 0
end transfer from 1 to 0
start transfer from 1 to 0
end transfer from 1 to 0
start transfer from 1 to 0
end transfer from 1 to 0
start transfer from 1 to 0
end transfer from 1 to 0
start transfer from 1 to 0
end transfer from 1 to 0
start transfer from 1 to 0
end transfer from 1 to 0
start transfer from 1 to 0
end transfer from 1 to 0
start transfer from 1 to 0
start transfer from 0 to 1
end transfer from 1 to 0
start transfer from 1 to 0
end transfer from 1 to 0
start transfer from 1 to 0
end transfer from 1 to 0
end transfer from 0 to 1
start transfer from 1 to 0
end transfer from 1 to 0
start transfer from 1 to 0
end transfer from 1 to 0
start transfer from 0 to 1
start transfer from 1 to 0
end transfer from 1 to 0
end transfer from 0 to 1
start transfer from 1 to 0
end transfer from 1 to 0
start transfer from 0 to 1
start transfer from 1 to 0
end transfer from 0 to 1
end transfer from 1 to 0
start transfer from 0 to 1
start transfer from 1 to 0
end transfer from 0 to 1
end transfer from 1 to 0
start transfer from 1 to 0
end transfer from 1 to 0
start transfer from 1 to 0
start transfer from 0 to 1
end transfer from 0 to 1
end transfer from 1 to 0
start transfer from 0 to 1
end transfer from 0 to 1
start transfer from 1 to 0
end transfer from 1 to 0
start transfer from 0 to 1
start transfer from 1 to 0
end transfer from 0 to 1
start transfer from 0 to 1
end transfer from 1 to 0
end transfer from 0 to 1
start transfer from 1 to 0
start transfer from 0 to 1
end transfer from 0 to 1
start transfer from 0 to 1
end transfer from 1 to 0
end transfer from 0 to 1
start transfer from 0 to 1
start transfer from 1 to 0
end transfer from 0 to 1
start transfer from 0 to 1
end transfer from 1 to 0
end transfer from 0 to 1
start transfer from 0 to 1
start transfer from 1 to 0
end transfer from 1 to 0
end transfer from 0 to 1
start transfer from 1 to 0
start transfer from 0 to 1
end transfer from 1 to 0
end transfer from 0 to 1
start transfer from 1 to 0
start transfer from 0 to 1
end transfer from 0 to 1
end transfer from 1 to 0
start transfer from 0 to 1
end transfer from 0 to 1
start transfer from 0 to 1
end transfer from 0 to 1
start transfer from 1 to 0
start transfer from 0 to 1
end transfer from 0 to 1
end transfer from 1 to 0
start transfer from 0 to 1
end transfer from 0 to 1
start transfer from 1 to 0
start transfer from 0 to 1
end transfer from 0 to 1
start transfer from 0 to 1
end transfer from 0 to 1
end transfer from 1 to 0
start transfer from 0 to 1
end transfer from 0 to 1
start transfer from 1 to 0
start transfer from 0 to 1
end transfer from 0 to 1
end transfer from 1 to 0
start transfer from 0 to 1
end transfer from 0 to 1
start transfer from 1 to 0
start transfer from 0 to 1
end transfer from 0 to 1
end transfer from 1 to 0
start transfer from 0 to 1
end transfer from 0 to 1
start transfer from 1 to 0
start transfer from 0 to 1
end transfer from 0 to 1
start transfer from 0 to 1
end transfer from 1 to 0
end transfer from 0 to 1
start transfer from 0 to 1
start transfer from 1 to 0
end transfer from 0 to 1
end transfer from 1 to 0
start transfer from 0 to 1
end transfer from 0 to 1
start transfer from 1 to 0
start transfer from 0 to 1
end transfer from 1 to 0
end transfer from 0 to 1
start transfer from 1 to 0
start transfer from 0 to 1
end transfer from 1 to 0
end transfer from 0 to 1
start transfer from 1 to 0
start transfer from 0 to 1
end transfer from 1 to 0
end transfer from 0 to 1
start transfer from 1 to 0
start transfer from 0 to 1
end transfer from 1 to 0
end transfer from 0 to 1
start transfer from 1 to 0
start transfer from 0 to 1
end transfer from 1 to 0
end transfer from 0 to 1
start transfer from 1 to 0
start transfer from 0 to 1
end transfer from 1 to 0
end transfer from 0 to 1
start transfer from 1 to 0
start transfer from 0 to 1
end transfer from 1 to 0
end transfer from 0 to 1
start transfer from 1 to 0
start transfer from 0 to 1
end transfer from 1 to 0
end transfer from 0 to 1
start transfer from 1 to 0
start transfer from 0 to 1
end transfer from 1 to 0
end transfer from 0 to 1
start transfer from 1 to 0
start transfer from 0 to 1
end transfer from 1 to 0
end transfer from 0 to 1
start transfer from 1 to 0
start transfer from 0 to 1
end transfer from 1 to 0
end transfer from 0 to 1
start transfer from 1 to 0
start transfer from 0 to 1
end transfer from 1 to 0
end transfer from 0 to 1
start transfer from 1 to 0
start transfer from 0 to 1
end transfer from 1 to 0
end transfer from 0 to 1
start transfer from 1 to 0
start transfer from 0 to 1
end transfer from 1 to 0
end transfer from 0 to 1
start transfer from 1 to 0
start transfer from 0 to 1
end transfer from 1 to 0
end transfer from 0 to 1
start transfer from 1 to 0
start transfer from 0 to 1
end transfer from 1 to 0
end transfer from 0 to 1
start transfer from 1 to 0
start transfer from 0 to 1
end transfer from 1 to 0
end transfer from 0 to 1
start transfer from 1 to 0
start transfer from 0 to 1
end transfer from 1 to 0
end transfer from 0 to 1
start transfer from 1 to 0
start transfer from 0 to 1
end transfer from 1 to 0
end transfer from 0 to 1
start transfer from 1 to 0
start transfer from 0 to 1
end transfer from 1 to 0
end transfer from 0 to 1
start transfer from 1 to 0
start transfer from 0 to 1
end transfer from 1 to 0
end transfer from 0 to 1
start transfer from 1 to 0
start transfer from 0 to 1
end transfer from 1 to 0
end transfer from 0 to 1
start transfer from 1 to 0
start transfer from 0 to 1
end transfer from 1 to 0
end transfer from 0 to 1
start transfer from 1 to 0
start transfer from 0 to 1
end transfer from 1 to 0
end transfer from 0 to 1
start transfer from 1 to 0
start transfer from 0 to 1
end transfer from 1 to 0
end transfer from 0 to 1
start transfer from 1 to 0
start transfer from 0 to 1
end transfer from 1 to 0
end transfer from 0 to 1
start transfer from 1 to 0
start transfer from 0 to 1
end transfer from 1 to 0
end transfer from 0 to 1
start transfer from 1 to 0
end transfer from 1 to 0
start transfer from 0 to 1
start transfer from 1 to 0
end transfer from 1 to 0
end transfer from 0 to 1
start transfer from 1 to 0
end transfer from 1 to 0
start transfer from 0 to 1
start transfer from 1 to 0
end transfer from 0 to 1
start transfer from 0 to 1
end transfer from 0 to 1
start transfer from 0 to 1
end transfer from 0 to 1
end transfer from 1 to 0
start transfer from 0 to 1
start transfer from 1 to 0
end transfer from 1 to 0
start transfer from 1 to 0
end transfer from 1 to 0
start transfer from 1 to 0
end transfer from 1 to 0
end transfer from 0 to 1
start transfer from 1 to 0
start transfer from 0 to 1
end transfer from 1 to 0
end transfer from 0 to 1
start transfer from 1 to 0
start transfer from 0 to 1
end transfer from 1 to 0
start transfer from 1 to 0
end transfer from 1 to 0
start transfer from 1 to 0
end transfer from 1 to 0
end transfer from 0 to 1
start transfer from 1 to 0
start transfer from 0 to 1
end transfer from 1 to 0
end transfer from 0 to 1
start transfer from 1 to 0
end transfer from 1 to 0
start transfer from 0 to 1
start transfer from 1 to 0
end transfer from 0 to 1
end transfer from 1 to 0
start transfer from 0 to 1
start transfer from 1 to 0
end transfer from 1 to 0
start transfer from 1 to 0
end transfer from 0 to 1
end transfer from 1 to 0
start transfer from 0 to 1
start transfer from 1 to 0
end transfer from 1 to 0
start transfer from 1 to 0
end transfer from 1 to 0
start transfer from 1 to 0
end transfer from 0 to 1
end transfer from 1 to 0
start transfer from 0 to 1
start transfer from 1 to 0
end transfer from 0 to 1
end transfer from 1 to 0
start transfer from 0 to 1
start transfer from 1 to 0
end transfer from 1 to 0
start transfer from 1 to 0
end transfer from 0 to 1
end transfer from 1 to 0
start transfer from 1 to 0
start transfer from 0 to 1
end transfer from 1 to 0
end transfer from 0 to 1
start transfer from 1 to 0
start transfer from 0 to 1
end transfer from 1 to 0
end transfer from 0 to 1
start transfer from 1 to 0
start transfer from 0 to 1
end transfer from 1 to 0
start transfer from 1 to 0
end transfer from 0 to 1
end transfer from 1 to 0
start transfer from 0 to 1
start transfer from 1 to 0
end transfer from 0 to 1
end transfer from 1 to 0
start transfer from 0 to 1
start transfer from 1 to 0
end transfer from 0 to 1
end transfer from 1 to 0
start transfer from 0 to 1
start transfer from 1 to 0
end transfer from 0 to 1
end transfer from 1 to 0
start transfer from 0 to 1
start transfer from 1 to 0
end transfer from 0 to 1
end transfer from 1 to 0
start transfer from 0 to 1
start transfer from 1 to 0
end transfer from 0 to 1
end transfer from 1 to 0
start transfer from 0 to 1
start transfer from 1 to 0
end transfer from 0 to 1
end transfer from 1 to 0
start transfer from 0 to 1
start transfer from 1 to 0
end transfer from 0 to 1
end transfer from 1 to 0
start transfer from 0 to 1
start transfer from 1 to 0
end transfer from 0 to 1
end transfer from 1 to 0
start transfer from 0 to 1
start transfer from 1 to 0
end transfer from 0 to 1
end transfer from 1 to 0
start transfer from 0 to 1
start transfer from 1 to 0
end transfer from 0 to 1
end transfer from 1 to 0
start transfer from 0 to 1
start transfer from 1 to 0
end transfer from 0 to 1
end transfer from 1 to 0
start transfer from 0 to 1
start transfer from 1 to 0
end transfer from 0 to 1
end transfer from 1 to 0
start transfer from 0 to 1
start transfer from 1 to 0
end transfer from 0 to 1
end transfer from 1 to 0
start transfer from 0 to 1
start transfer from 1 to 0
end transfer from 0 to 1
start transfer from 0 to 1
end transfer from 1 to 0
end transfer from 0 to 1
start transfer from 1 to 0
start transfer from 0 to 1
end transfer from 0 to 1
end transfer from 1 to 0
start transfer from 0 to 1
start transfer from 1 to 0
end transfer from 1 to 0
end transfer from 0 to 1
start transfer from 0 to 1
start transfer from 1 to 0
end transfer from 0 to 1
end transfer from 1 to 0
start transfer from 0 to 1
start transfer from 1 to 0
end transfer from 0 to 1
end transfer from 1 to 0
start transfer from 0 to 1
start transfer from 1 to 0
end transfer from 1 to 0
end transfer from 0 to 1
start transfer from 1 to 0
start transfer from 0 to 1
end transfer from 1 to 0
end transfer from 0 to 1
start transfer from 1 to 0
start transfer from 0 to 1
end transfer from 1 to 0
start transfer from 1 to 0
end transfer from 0 to 1
end transfer from 1 to 0
start transfer from 0 to 1
start transfer from 1 to 0
end transfer from 0 to 1
start transfer from 0 to 1
end transfer from 0 to 1
start transfer from 0 to 1
end transfer from 1 to 0
start transfer from 1 to 0
end transfer from 1 to 0
end transfer from 0 to 1
start transfer from 1 to 0
end transfer from 1 to 0
start transfer from 0 to 1
start transfer from 1 to 0
end transfer from 0 to 1
end transfer from 1 to 0
start transfer from 0 to 1
start transfer from 1 to 0
end transfer from 0 to 1
end transfer from 1 to 0
start transfer from 0 to 1
start transfer from 1 to 0
end transfer from 0 to 1
end transfer from 1 to 0
start transfer from 1 to 0
end transfer from 1 to 0
start transfer from 1 to 0
end transfer from 1 to 0
start transfer from 0 to 1
start transfer from 1 to 0
end transfer from 1 to 0
start transfer from 1 to 0
end transfer from 1 to 0
end transfer from 0 to 1
start transfer from 1 to 0
end transfer from 1 to 0
start transfer from 1 to 0
end transfer from 1 to 0
start transfer from 1 to 0
end transfer from 1 to 0
start transfer from 0 to 1
start transfer from 1 to 0
end transfer from 1 to 0
start transfer from 1 to 0
end transfer from 1 to 0
start transfer from 1 to 0
end transfer from 1 to 0
start transfer from 1 to 0
end transfer from 1 to 0
end transfer from 0 to 1
start transfer from 1 to 0
end transfer from 1 to 0
start transfer from 0 to 1
end transfer from 0 to 1
start transfer from 1 to 0
end transfer from 1 to 0
start transfer from 1 to 0
end transfer from 1 to 0
start transfer from 1 to 0
end transfer from 1 to 0
start transfer from 0 to 1
start transfer from 1 to 0
end transfer from 1 to 0
start transfer from 1 to 0
end transfer from 1 to 0
start transfer from 1 to 0
end transfer from 1 to 0
end transfer from 0 to 1
start transfer from 1 to 0
end transfer from 1 to 0
start transfer from 1 to 0
end transfer from 1 to 0
start transfer from 1 to 0
end transfer from 1 to 0
start transfer from 1 to 0
start transfer from 0 to 1
end transfer from 1 to 0
start transfer from 1 to 0
end transfer from 1 to 0
start transfer from 1 to 0
end transfer from 1 to 0
end transfer from 0 to 1
start transfer from 1 to 0
end transfer from 1 to 0
start transfer from 1 to 0
end transfer from 1 to 0
start transfer from 1 to 0
end transfer from 1 to 0
start transfer from 0 to 1
start transfer from 1 to 0
end transfer from 1 to 0
start transfer from 1 to 0
end transfer from 1 to 0
start transfer from 1 to 0
end transfer from 1 to 0
start transfer from 1 to 0
end transfer from 1 to 0
end transfer from 0 to 1
start transfer from 1 to 0
end transfer from 1 to 0
start transfer from 0 to 1
end transfer from 0 to 1
start transfer from 0 to 1
start transfer from 1 to 0
end transfer from 1 to 0
end transfer from 0 to 1
start transfer from 0 to 1
start transfer from 1 to 0
end transfer from 0 to 1
end transfer from 1 to 0
start transfer from 0 to 1
end transfer from 0 to 1
start transfer from 0 to 1
start transfer from 1 to 0
end transfer from 0 to 1
end transfer from 1 to 0
start transfer from 0 to 1
end transfer from 0 to 1
start transfer from 0 to 1
start transfer from 1 to 0
end transfer from 1 to 0
end transfer from 0 to 1
start transfer from 0 to 1
end transfer from 0 to 1
start transfer from 1 to 0
start transfer from 0 to 1
end transfer from 1 to 0
end transfer from 0 to 1
start transfer from 1 to 0
start transfer from 0 to 1
end transfer from 1 to 0
start transfer from 1 to 0
end transfer from 0 to 1
end transfer from 1 to 0
start transfer from 0 to 1
end transfer from 0 to 1
start transfer from 1 to 0
start transfer from 0 to 1
end transfer from 1 to 0
end transfer from 0 to 1
start transfer from 0 to 1
start transfer from 1 to 0
end transfer from 1 to 0
end transfer from 0 to 1
start transfer from 1 to 0
start transfer from 0 to 1
end transfer from 1 to 0
end transfer from 0 to 1
start transfer from 1 to 0
start transfer from 0 to 1
end transfer from 1 to 0
start transfer from 1 to 0
end transfer from 0 to 1
end transfer from 1 to 0
start transfer from 1 to 0
start transfer from 0 to 1
end transfer from 1 to 0
start transfer from 1 to 0
end transfer from 0 to 1
end transfer from 1 to 0
start transfer from 0 to 1
start transfer from 1 to 0
end transfer from 0 to 1
end transfer from 1 to 0
start transfer from 0 to 1
start transfer from 1 to 0
end transfer from 0 to 1
end transfer from 1 to 0
start transfer from 0 to 1
start transfer from 1 to 0
end transfer from 0 to 1
end transfer from 1 to 0
start transfer from 0 to 1
start transfer from 1 to 0
end transfer from 0 to 1
end transfer from 1 to 0
start transfer from 0 to 1
start transfer from 1 to 0
end transfer from 0 to 1
end transfer from 1 to 0
start transfer from 0 to 1
start transfer from 1 to 0
end transfer from 0 to 1
end transfer from 1 to 0
start transfer from 0 to 1
start transfer from 1 to 0
end transfer from 0 to 1
end transfer from 1 to 0
start transfer from 0 to 1
start transfer from 1 to 0
end transfer from 0 to 1
end transfer from 1 to 0
start transfer from 0 to 1
start transfer from 1 to 0
end transfer from 0 to 1
end transfer from 1 to 0
start transfer from 0 to 1
start transfer from 1 to 0
end transfer from 0 to 1
end transfer from 1 to 0
start transfer from 0 to 1
start transfer from 1 to 0
end transfer from 0 to 1
end transfer from 1 to 0
start transfer from 0 to 1
start transfer from 1 to 0
end transfer from 0 to 1
end transfer from 1 to 0
start transfer from 0 to 1
start transfer from 1 to 0
end transfer from 0 to 1
start transfer from 0 to 1
end transfer from 0 to 1
end transfer from 1 to 0
start transfer from 1 to 0
start transfer from 0 to 1
end transfer from 1 to 0
start transfer from 1 to 0
end transfer from 0 to 1
end transfer from 1 to 0
start transfer from 0 to 1
start transfer from 1 to 0
end transfer from 0 to 1
start transfer from 0 to 1
end transfer from 1 to 0
end transfer from 0 to 1
start transfer from 1 to 0
start transfer from 0 to 1
end transfer from 1 to 0
end transfer from 0 to 1
start transfer from 1 to 0
start transfer from 0 to 1
end transfer from 1 to 0
end transfer from 0 to 1
start transfer from 1 to 0
start transfer from 0 to 1
end transfer from 1 to 0
end transfer from 0 to 1
start transfer from 1 to 0
start transfer from 0 to 1
end transfer from 1 to 0
end transfer from 0 to 1
start transfer from 1 to 0
start transfer from 0 to 1
end transfer from 1 to 0
end transfer from 0 to 1
start transfer from 1 to 0
start transfer from 0 to 1
end transfer from 0 to 1
start transfer from 0 to 1
end transfer from 0 to 1
start transfer from 0 to 1
end transfer from 0 to 1
start transfer from 0 to 1
end transfer from 0 to 1
start transfer from 0 to 1
end transfer from 0 to 1
start transfer from 0 to 1
end transfer from 1 to 0
end transfer from 0 to 1
start transfer from 1 to 0
start transfer from 0 to 1
end transfer from 1 to 0
start transfer from 1 to 0
end transfer from 0 to 1
start transfer from 0 to 1
end transfer from 1 to 0
end transfer from 0 to 1
start transfer from 0 to 1
start transfer from 1 to 0
end transfer from 0 to 1
start transfer from 0 to 1
end transfer from 1 to 0
end transfer from 0 to 1
start transfer from 1 to 0
start transfer from 0 to 1
end transfer from 1 to 0
end transfer from 0 to 1
start transfer from 1 to 0
start transfer from 0 to 1
end transfer from 1 to 0
end transfer from 0 to 1
start transfer from 1 to 0
start transfer from 0 to 1
end transfer from 1 to 0
end transfer from 0 to 1
start transfer from 0 to 1
start transfer from 1 to 0
end transfer from 0 to 1
start transfer from 0 to 1
end transfer from 1 to 0
end transfer from 0 to 1
start transfer from 1 to 0
start transfer from 0 to 1
end transfer from 1 to 0
start transfer from 1 to 0
end transfer from 1 to 0
start transfer from 1 to 0
end transfer from 0 to 1
end transfer from 1 to 0
start transfer from 0 to 1
end transfer from 0 to 1
start transfer from 0 to 1
end transfer from 0 to 1
start transfer from 0 to 1
end transfer from 0 to 1
start transfer from 0 to 1
end transfer from 0 to 1
start transfer from 1 to 0
start transfer from 0 to 1
end transfer from 0 to 1
start transfer from 0 to 1
end transfer from 0 to 1
start transfer from 0 to 1
end transfer from 0 to 1
start transfer from 0 to 1
end transfer from 0 to 1
start transfer from 0 to 1
end transfer from 0 to 1
start transfer from 0 to 1
end transfer from 0 to 1
start transfer from 0 to 1
end transfer from 0 to 1
end transfer from 1 to 0
start transfer from 0 to 1
end transfer from 0 to 1
start transfer from 1 to 0
start transfer from 0 to 1
end transfer from 0 to 1
start transfer from 0 to 1
end transfer from 1 to 0
end transfer from 0 to 1
start transfer from 0 to 1
end transfer from 0 to 1
start transfer from 1 to 0
start transfer from 0 to 1
end transfer from 0 to 1
start transfer from 0 to 1
end transfer from 1 to 0
end transfer from 0 to 1
start transfer from 0 to 1
end transfer from 0 to 1
start transfer from 1 to 0
start transfer from 0 to 1
end transfer from 0 to 1
start transfer from 0 to 1
end transfer from 1 to 0
end transfer from 0 to 1
start transfer from 0 to 1
end transfer from 0 to 1
start transfer from 1 to 0
start transfer from 0 to 1
end transfer from 0 to 1
start transfer from 0 to 1
end transfer from 1 to 0
end transfer from 0 to 1
start transfer from 0 to 1
end transfer from 0 to 1
start transfer from 0 to 1
end transfer from 0 to 1
start transfer from 0 to 1
end transfer from 0 to 1
start transfer from 0 to 1
end transfer from 0 to 1
start transfer from 0 to 1
end transfer from 0 to 1
start transfer from 0 to 1
end transfer from 0 to 1
start transfer from 0 to 1
end transfer from 0 to 1
start transfer from 0 to 1
start transfer from 1 to 0
end transfer from 1 to 0
start transfer from 1 to 0
end transfer from 1 to 0
start transfer from 1 to 0
end transfer from 1 to 0
start transfer from 1 to 0
end transfer from 0 to 1
end transfer from 1 to 0
start transfer from 1 to 0
start transfer from 0 to 1
end transfer from 1 to 0
end transfer from 0 to 1
start transfer from 1 to 0
start transfer from 0 to 1
end transfer from 1 to 0
end transfer from 0 to 1
start transfer from 1 to 0
start transfer from 0 to 1
end transfer from 1 to 0
start transfer from 1 to 0
end transfer from 0 to 1
end transfer from 1 to 0
start transfer from 0 to 1
start transfer from 1 to 0
end transfer from 0 to 1
end transfer from 1 to 0
start transfer from 0 to 1
start transfer from 1 to 0
end transfer from 0 to 1
end transfer from 1 to 0
start transfer from 0 to 1
start transfer from 1 to 0
end transfer from 1 to 0
end transfer from 0 to 1
start transfer from 1 to 0
start transfer from 0 to 1
end transfer from 1 to 0
end transfer from 0 to 1
start transfer from 1 to 0
start transfer from 0 to 1
end transfer from 1 to 0
end transfer from 0 to 1
start transfer from 1 to 0
start transfer from 0 to 1
end transfer from 1 to 0
end transfer from 0 to 1
start transfer from 1 to 0
start transfer from 0 to 1
end transfer from 1 to 0
end transfer from 0 to 1
start transfer from 1 to 0
start transfer from 0 to 1
end transfer from 1 to 0
end transfer from 0 to 1
start transfer from 1 to 0
start transfer from 0 to 1
end transfer from 1 to 0
start transfer from 1 to 0
end transfer from 0 to 1
end transfer from 1 to 0
start transfer from 0 to 1
start transfer from 1 to 0
end transfer from 1 to 0
start transfer from 1 to 0
end transfer from 0 to 1
end transfer from 1 to 0
start transfer from 1 to 0
end transfer from 1 to 0
start transfer from 1 to 0
start transfer from 0 to 1
end transfer from 1 to 0
start transfer from 1 to 0
end transfer from 1 to 0
end transfer from 0 to 1
start transfer from 1 to 0
end transfer from 1 to 0
start transfer from 0 to 1
start transfer from 1 to 0
end transfer from 1 to 0
start transfer from 1 to 0
end transfer from 1 to 0
end transfer from 0 to 1
start transfer from 1 to 0
end transfer from 1 to 0
start transfer from 1 to 0
start transfer from 0 to 1
end transfer from 1 to 0
start transfer from 1 to 0
end transfer from 1 to 0
start transfer from 1 to 0
end transfer from 1 to 0
start transfer from 1 to 0
end transfer from 0 to 1
end transfer from 1 to 0
start transfer from 1 to 0
end transfer from 1 to 0
start transfer from 1 to 0
end transfer from 1 to 0
start transfer from 0 to 1
start transfer from 1 to 0
end transfer from 1 to 0
end transfer from 0 to 1
start transfer from 1 to 0
end transfer from 1 to 0
start transfer from 1 to 0
start transfer from 0 to 1
end transfer from 1 to 0
end transfer from 0 to 1
start transfer from 1 to 0
start transfer from 0 to 1
end transfer from 1 to 0
end transfer from 0 to 1
start transfer from 1 to 0
start transfer from 0 to 1
end transfer from 1 to 0
end transfer from 0 to 1
start transfer from 1 to 0
start transfer from 0 to 1
end transfer from 1 to 0
end transfer from 0 to 1
start transfer from 1 to 0
start transfer from 0 to 1
end transfer from 1 to 0
end transfer from 0 to 1
start transfer from 1 to 0
start transfer from 0 to 1
end transfer from 1 to 0
end transfer from 0 to 1
start transfer from 1 to 0
start transfer from 0 to 1
end transfer from 1 to 0
end transfer from 0 to 1
start transfer from 1 to 0
start transfer from 0 to 1
end transfer from 1 to 0
end transfer from 0 to 1
start transfer from 1 to 0
start transfer from 0 to 1
end transfer from 1 to 0
end transfer from 0 to 1
start transfer from 1 to 0
start transfer from 0 to 1
end transfer from 1 to 0
end transfer from 0 to 1
start transfer from 1 to 0
start transfer from 0 to 1
end transfer from 1 to 0
end transfer from 0 to 1
start transfer from 1 to 0
end transfer from 1 to 0
start transfer from 1 to 0
end transfer from 1 to 0
start transfer from 1 to 0
end transfer from 1 to 0
start transfer from 1 to 0
end transfer from 1 to 0
start transfer from 1 to 0
start transfer from 0 to 1
end transfer from 0 to 1
end transfer from 1 to 0
start transfer from 0 to 1
start transfer from 1 to 0
end transfer from 0 to 1
start transfer from 0 to 1
end transfer from 0 to 1
start transfer from 0 to 1
end transfer from 0 to 1
end transfer from 1 to 0
start transfer from 0 to 1
end transfer from 0 to 1
start transfer from 0 to 1
end transfer from 0 to 1
start transfer from 0 to 1
start transfer from 1 to 0
end transfer from 0 to 1
start transfer from 0 to 1
end transfer from 0 to 1
start transfer from 0 to 1
end transfer from 0 to 1
start transfer from 0 to 1
end transfer from 0 to 1
end transfer from 1 to 0
start transfer from 0 to 1
end transfer from 0 to 1
start transfer from 0 to 1
end transfer from 0 to 1
start transfer from 0 to 1
start transfer from 1 to 0
end transfer from 0 to 1
start transfer from 0 to 1
end transfer from 0 to 1
start transfer from 0 to 1
end transfer from 0 to 1
end transfer from 1 to 0
start transfer from 0 to 1
start transfer from 1 to 0
end transfer from 0 to 1
end transfer from 1 to 0
start transfer from 0 to 1
start transfer from 1 to 0
end transfer from 0 to 1
end transfer from 1 to 0
start transfer from 0 to 1
start transfer from 1 to 0
end transfer from 0 to 1
end transfer from 1 to 0
start transfer from 0 to 1
start transfer from 1 to 0
end transfer from 0 to 1
end transfer from 1 to 0
start transfer from 0 to 1
start transfer from 1 to 0
end transfer from 0 to 1
end transfer from 1 to 0
start transfer from 0 to 1
start transfer from 1 to 0
end transfer from 0 to 1
end transfer from 1 to 0
start transfer from 0 to 1
start transfer from 1 to 0
end transfer from 0 to 1
end transfer from 1 to 0
start transfer from 0 to 1
start transfer from 1 to 0
end transfer from 0 to 1
end transfer from 1 to 0
start transfer from 0 to 1
start transfer from 1 to 0
end transfer from 0 to 1
end transfer from 1 to 0
start transfer from 0 to 1
start transfer from 1 to 0
end transfer from 0 to 1
end transfer from 1 to 0
start transfer from 0 to 1
start transfer from 1 to 0
end transfer from 0 to 1
end transfer from 1 to 0
start transfer from 0 to 1
start transfer from 1 to 0
end transfer from 0 to 1
end transfer from 1 to 0
start transfer from 0 to 1
start transfer from 1 to 0
end transfer from 0 to 1
end transfer from 1 to 0
start transfer from 0 to 1
start transfer from 1 to 0
end transfer from 0 to 1
end transfer from 1 to 0
start transfer from 0 to 1
start transfer from 1 to 0
end transfer from 0 to 1
end transfer from 1 to 0
start transfer from 0 to 1
start transfer from 1 to 0
end transfer from 0 to 1
end transfer from 1 to 0
start transfer from 0 to 1
start transfer from 1 to 0
end transfer from 0 to 1
end transfer from 1 to 0
start transfer from 0 to 1
start transfer from 1 to 0
end transfer from 0 to 1
end transfer from 1 to 0
start transfer from 0 to 1
start transfer from 1 to 0
end transfer from 0 to 1
end transfer from 1 to 0
start transfer from 0 to 1
start transfer from 1 to 0
end transfer from 0 to 1
end transfer from 1 to 0
start transfer from 0 to 1
start transfer from 1 to 0
end transfer from 0 to 1
end transfer from 1 to 0
start transfer from 0 to 1
start transfer from 1 to 0
end transfer from 0 to 1
end transfer from 1 to 0
start transfer from 0 to 1
start transfer from 1 to 0
end transfer from 0 to 1
end transfer from 1 to 0
start transfer from 0 to 1
start transfer from 1 to 0
end transfer from 0 to 1
end transfer from 1 to 0
start transfer from 0 to 1
start transfer from 1 to 0
end transfer from 0 to 1
end transfer from 1 to 0
start transfer from 0 to 1
start transfer from 1 to 0
end transfer from 0 to 1
end transfer from 1 to 0
start transfer from 0 to 1
start transfer from 1 to 0
end transfer from 0 to 1
end transfer from 1 to 0
start transfer from 0 to 1
start transfer from 1 to 0
end transfer from 0 to 1
end transfer from 1 to 0
start transfer from 0 to 1
start transfer from 1 to 0
end transfer from 0 to 1
end transfer from 1 to 0
start transfer from 0 to 1
start transfer from 1 to 0
end transfer from 0 to 1
end transfer from 1 to 0
start transfer from 0 to 1
start transfer from 1 to 0
end transfer from 0 to 1
end transfer from 1 to 0
start transfer from 0 to 1
start transfer from 1 to 0
end transfer from 0 to 1
end transfer from 1 to 0
start transfer from 0 to 1
end transfer from 0 to 1
start transfer from 0 to 1
end transfer from 0 to 1
start transfer from 0 to 1
start transfer from 1 to 0
end transfer from 1 to 0
end transfer from 0 to 1
start transfer from 1 to 0
end transfer from 1 to 0
start transfer from 1 to 0
start transfer from 0 to 1
end transfer from 1 to 0
start transfer from 1 to 0
end transfer from 1 to 0
start transfer from 1 to 0
end transfer from 1 to 0
end transfer from 0 to 1
start transfer from 1 to 0
end transfer from 1 to 0
start transfer from 1 to 0
end transfer from 1 to 0
start transfer from 1 to 0
start transfer from 0 to 1
end transfer from 1 to 0
start transfer from 1 to 0
end transfer from 1 to 0
start transfer from 1 to 0
end transfer from 1 to 0
start transfer from 1 to 0
end transfer from 0 to 1
end transfer from 1 to 0
start transfer from 1 to 0
end transfer from 1 to 0
start transfer from 1 to 0
end transfer from 1 to 0
start transfer from 1 to 0
end transfer from 1 to 0
start transfer from 1 to 0
start transfer from 0 to 1
end transfer from 1 to 0
start transfer from 1 to 0
end transfer from 1 to 0
start transfer from 1 to 0
end transfer from 1 to 0
start transfer from 1 to 0
end transfer from 1 to 0
start transfer from 1 to 0
end transfer from 1 to 0
start transfer from 1 to 0
end transfer from 1 to 0
start transfer from 1 to 0
end transfer from 1 to 0
start transfer from 1 to 0
end transfer from 1 to 0
start transfer from 1 to 0
end transfer from 1 to 0
start transfer from 1 to 0
end transfer from 1 to 0
start transfer from 1 to 0
end transfer from 1 to 0
start transfer from 1 to 0
end transfer from 1 to 0
start transfer from 1 to 0
end transfer from 1 to 0
end transfer from 0 to 1
start transfer from 1 to 0
end transfer from 1 to 0
start transfer from 1 to 0
end transfer from 1 to 0
start transfer from 1 to 0
end transfer from 1 to 0
start transfer from 1 to 0
end transfer from 1 to 0
start transfer from 1 to 0
end transfer from 1 to 0
start transfer from 0 to 1
start transfer from 1 to 0
end transfer from 1 to 0
end transfer from 0 to 1
start transfer from 1 to 0
start transfer from 0 to 1
end transfer from 1 to 0
end transfer from 0 to 1
start transfer from 0 to 1
end transfer from 0 to 1
start transfer from 0 to 1
end transfer from 0 to 1
start transfer from 0 to 1
end transfer from 0 to 1
start transfer from 0 to 1
end transfer from 0 to 1
start transfer from 0 to 1
end transfer from 0 to 1
start transfer from 0 to 1
end transfer from 0 to 1
start transfer from 0 to 1
end transfer from 0 to 1
start transfer from 0 to 1
end transfer from 0 to 1
start transfer from 0 to 1
end transfer from 0 to 1
start transfer from 0 to 1
start transfer from 1 to 0
end transfer from 0 to 1
start transfer from 0 to 1
end transfer from 1 to 0
start transfer from 1 to 0
end transfer from 1 to 0
start transfer from 1 to 0
end transfer from 0 to 1
end transfer from 1 to 0
start transfer from 1 to 0
end transfer from 1 to 0
start transfer from 1 to 0
end transfer from 1 to 0
start transfer from 1 to 0
end transfer from 1 to 0
start transfer from 1 to 0
end transfer from 1 to 0
start transfer from 1 to 0
end transfer from 1 to 0
start transfer from 1 to 0
end transfer from 1 to 0
start transfer from 0 to 1
start transfer from 1 to 0
end transfer from 1 to 0
start transfer from 1 to 0
end transfer from 1 to 0
start transfer from 1 to 0
end transfer from 1 to 0
start transfer from 1 to 0
end transfer from 1 to 0
end transfer from 0 to 1
start transfer from 1 to 0
end transfer from 1 to 0
start transfer from 1 to 0
end transfer from 1 to 0
start transfer from 1 to 0
end transfer from 1 to 0
start transfer from 1 to 0
start transfer from 0 to 1
end transfer from 1 to 0
end transfer from 0 to 1
start transfer from 1 to 0
start transfer from 0 to 1
end transfer from 1 to 0
end transfer from 0 to 1
start transfer from 1 to 0
start transfer from 0 to 1
end transfer from 1 to 0
end transfer from 0 to 1
start transfer from 1 to 0
start transfer from 0 to 1
end transfer from 0 to 1
end transfer from 1 to 0
start transfer from 0 to 1
start transfer from 1 to 0
end transfer from 0 to 1
end transfer from 1 to 0
start transfer from 0 to 1
start transfer from 1 to 0
end transfer from 0 to 1
end transfer from 1 to 0
start transfer from 0 to 1
start transfer from 1 to 0
end transfer from 0 to 1
end transfer from 1 to 0
start transfer from 0 to 1
start transfer from 1 to 0
end transfer from 0 to 1
end transfer from 1 to 0
start transfer from 0 to 1
start transfer from 1 to 0
end transfer from 0 to 1
end transfer from 1 to 0
start transfer from 0 to 1
start transfer from 1 to 0
end transfer from 0 to 1
end transfer from 1 to 0
start transfer from 0 to 1
start transfer from 1 to 0
end transfer from 0 to 1
end transfer from 1 to 0
start transfer from 0 to 1
start transfer from 1 to 0
end transfer from 0 to 1
end transfer from 1 to 0
start transfer from 0 to 1
start transfer from 1 to 0
end transfer from 0 to 1
end transfer from 1 to 0
start transfer from 0 to 1
start transfer from 1 to 0
end transfer from 0 to 1
end transfer from 1 to 0
start transfer from 0 to 1
start transfer from 1 to 0
end transfer from 0 to 1
end transfer from 1 to 0
start transfer from 0 to 1
start transfer from 1 to 0
end transfer from 0 to 1
end transfer from 1 to 0
start transfer from 0 to 1
start transfer from 1 to 0
end transfer from 0 to 1
end transfer from 1 to 0
start transfer from 0 to 1
start transfer from 1 to 0
end transfer from 0 to 1
end transfer from 1 to 0
start transfer from 0 to 1
start transfer from 1 to 0
end transfer from 0 to 1
end transfer from 1 to 0
start transfer from 0 to 1
start transfer from 1 to 0
end transfer from 0 to 1
start transfer from 0 to 1
end transfer from 1 to 0
end transfer from 0 to 1
start transfer from 1 to 0
start transfer from 0 to 1
end transfer from 1 to 0
end transfer from 0 to 1
start transfer from 1 to 0
start transfer from 0 to 1
end transfer from 1 to 0
end transfer from 0 to 1
start transfer from 1 to 0
start transfer from 0 to 1
end transfer from 1 to 0
end transfer from 0 to 1
start transfer from 1 to 0
start transfer from 0 to 1
end transfer from 1 to 0
end transfer from 0 to 1
start transfer from 1 to 0
start transfer from 0 to 1
end transfer from 1 to 0
end transfer from 0 to 1
start transfer from 1 to 0
start transfer from 0 to 1
end transfer from 1 to 0
end transfer from 0 to 1
start transfer from 1 to 0
start transfer from 0 to 1
end transfer from 1 to 0
end transfer from 0 to 1
start transfer from 1 to 0
start transfer from 0 to 1
end transfer from 1 to 0
end transfer from 0 to 1
start transfer from 1 to 0
start transfer from 0 to 1
end transfer from 1 to 0
end transfer from 0 to 1
start transfer from 1 to 0
start transfer from 0 to 1
end transfer from 1 to 0
end transfer from 0 to 1
start transfer from 1 to 0
start transfer from 0 to 1
end transfer from 1 to 0
end transfer from 0 to 1
start transfer from 1 to 0
start transfer from 0 to 1
end transfer from 1 to 0
end transfer from 0 to 1
start transfer from 1 to 0
start transfer from 0 to 1
end transfer from 1 to 0
end transfer from 0 to 1
start transfer from 1 to 0
start transfer from 0 to 1
end transfer from 1 to 0
end transfer from 0 to 1
start transfer from 1 to 0
start transfer from 0 to 1
end transfer from 1 to 0
end transfer from 0 to 1
start transfer from 1 to 0
start transfer from 0 to 1
end transfer from 1 to 0
end transfer from 0 to 1
start transfer from 1 to 0
start transfer from 0 to 1
end transfer from 1 to 0
end transfer from 0 to 1
start transfer from 1 to 0
start transfer from 0 to 1
end transfer from 1 to 0
end transfer from 0 to 1
start transfer from 1 to 0
start transfer from 0 to 1
end transfer from 1 to 0
end transfer from 0 to 1
start transfer from 1 to 0
start transfer from 0 to 1
end transfer from 1 to 0
end transfer from 0 to 1
start transfer from 1 to 0
start transfer from 0 to 1
end transfer from 1 to 0
end transfer from 0 to 1
start transfer from 1 to 0
start transfer from 0 to 1
end transfer from 1 to 0
end transfer from 0 to 1
start transfer from 1 to 0
start transfer from 0 to 1
end transfer from 1 to 0
end transfer from 0 to 1
start transfer from 1 to 0
start transfer from 0 to 1
end transfer from 1 to 0
end transfer from 0 to 1
start transfer from 1 to 0
start transfer from 0 to 1
end transfer from 1 to 0
end transfer from 0 to 1
start transfer from 1 to 0
start transfer from 0 to 1
end transfer from 1 to 0
end transfer from 0 to 1
start transfer from 1 to 0
start transfer from 0 to 1
end transfer from 1 to 0
end transfer from 0 to 1
start transfer from 1 to 0
start transfer from 0 to 1
end transfer from 1 to 0
end transfer from 0 to 1
start transfer from 1 to 0
start transfer from 0 to 1
end transfer from 1 to 0
end transfer from 0 to 1
start transfer from 1 to 0
start transfer from 0 to 1
end transfer from 0 to 1
end transfer from 1 to 0
start transfer from 0 to 1
start transfer from 1 to 0
end transfer from 0 to 1
end transfer from 1 to 0
start transfer from 0 to 1
start transfer from 1 to 0
end transfer from 0 to 1
end transfer from 1 to 0
start transfer from 0 to 1
start transfer from 1 to 0
end transfer from 0 to 1
end transfer from 1 to 0
start transfer from 0 to 1
start transfer from 1 to 0
end transfer from 0 to 1
end transfer from 1 to 0
start transfer from 0 to 1
end transfer from 0 to 1
start transfer from 1 to 0
start transfer from 0 to 1
end transfer from 1 to 0
end transfer from 0 to 1
start transfer from 1 to 0
start transfer from 0 to 1
end transfer from 1 to 0
end transfer from 0 to 1
start transfer from 1 to 0
start transfer from 0 to 1
end transfer from 1 to 0
end transfer from 0 to 1
start transfer from 1 to 0
start transfer from 0 to 1
end transfer from 1 to 0
end transfer from 0 to 1
start transfer from 1 to 0
start transfer from 0 to 1
end transfer from 1 to 0
end transfer from 0 to 1
start transfer from 1 to 0
start transfer from 0 to 1
end transfer from 0 to 1
end transfer from 1 to 0
start transfer from 0 to 1
start transfer from 1 to 0
end transfer from 0 to 1
end transfer from 1 to 0
start transfer from 0 to 1
start transfer from 1 to 0
end transfer from 0 to 1
end transfer from 1 to 0
start transfer from 0 to 1
start transfer from 1 to 0
end transfer from 0 to 1
end transfer from 1 to 0
start transfer from 0 to 1
start transfer from 1 to 0
end transfer from 0 to 1
end transfer from 1 to 0
start transfer from 0 to 1
start transfer from 1 to 0
end transfer from 0 to 1
end transfer from 1 to 0
start transfer from 0 to 1
start transfer from 1 to 0
end transfer from 0 to 1
end transfer from 1 to 0
start transfer from 0 to 1
start transfer from 1 to 0
end transfer from 0 to 1
end transfer from 1 to 0
start transfer from 0 to 1
start transfer from 1 to 0
end transfer from 0 to 1
end transfer from 1 to 0
start transfer from 0 to 1
start transfer from 1 to 0
end transfer from 0 to 1
end transfer from 1 to 0
start transfer from 0 to 1
start transfer from 1 to 0
end transfer from 1 to 0
start transfer from 1 to 0
end transfer from 1 to 0
start transfer from 1 to 0
end transfer from 1 to 0
start transfer from 1 to 0
end transfer from 1 to 0
start transfer from 1 to 0
end transfer from 1 to 0
start transfer from 1 to 0
end transfer from 1 to 0
start transfer from 1 to 0
end transfer from 1 to 0
start transfer from 1 to 0
end transfer from 1 to 0
start transfer from 1 to 0
end transfer from 1 to 0
start transfer from 1 to 0
end transfer from 1 to 0
start transfer from 1 to 0
end transfer from 1 to 0
start transfer from 1 to 0
end transfer from 1 to 0
start transfer from 1 to 0
end transfer from 1 to 0
start transfer from 1 to 0
end transfer from 1 to 0
start transfer from 1 to 0
end transfer from 1 to 0
start transfer from 1 to 0
end transfer from 1 to 0
start transfer from 1 to 0
end transfer from 1 to 0
start transfer from 1 to 0
end transfer from 1 to 0
start transfer from 1 to 0
end transfer from 1 to 0
start transfer from 1 to 0
end transfer from 1 to 0
start transfer from 1 to 0
end transfer from 1 to 0
start transfer from 1 to 0
end transfer from 1 to 0
start transfer from 1 to 0
end transfer from 1 to 0
start transfer from 1 to 0
end transfer from 1 to 0
start transfer from 1 to 0
end transfer from 1 to 0
start transfer from 1 to 0
end transfer from 1 to 0
start transfer from 1 to 0
end transfer from 1 to 0
start transfer from 1 to 0
end transfer from 1 to 0
start transfer from 1 to 0
end transfer from 1 to 0
start transfer from 1 to 0
end transfer from 1 to 0
start transfer from 1 to 0
end transfer from 1 to 0
start transfer from 1 to 0
end transfer from 1 to 0
start transfer from 1 to 0
end transfer from 1 to 0
start transfer from 1 to 0
end transfer from 1 to 0
start transfer from 1 to 0
end transfer from 1 to 0
start transfer from 1 to 0
end transfer from 1 to 0
start transfer from 1 to 0
end transfer from 1 to 0
start transfer from 1 to 0
end transfer from 1 to 0
start transfer from 1 to 0
end transfer from 1 to 0
start transfer from 1 to 0
end transfer from 1 to 0
start transfer from 1 to 0
end transfer from 1 to 0
start transfer from 1 to 0
end transfer from 1 to 0
start transfer from 1 to 0
end transfer from 1 to 0
start transfer from 1 to 0
end transfer from 1 to 0
start transfer from 1 to 0
end transfer from 1 to 0
start transfer from 1 to 0
end transfer from 1 to 0
start transfer from 1 to 0
end transfer from 1 to 0
start transfer from 1 to 0
end transfer from 1 to 0
start transfer from 1 to 0
end transfer from 1 to 0
start transfer from 1 to 0
end transfer from 1 to 0
start transfer from 1 to 0
end transfer from 1 to 0
start transfer from 1 to 0
end transfer from 1 to 0
start transfer from 1 to 0
end transfer from 1 to 0
start transfer from 1 to 0
end transfer from 1 to 0
start transfer from 1 to 0
end transfer from 1 to 0
start transfer from 1 to 0
end transfer from 1 to 0
start transfer from 1 to 0
end transfer from 1 to 0
start transfer from 1 to 0
end transfer from 1 to 0
start transfer from 1 to 0
end transfer from 1 to 0
start transfer from 1 to 0
end transfer from 1 to 0
start transfer from 1 to 0
end transfer from 1 to 0
start transfer from 1 to 0
end transfer from 1 to 0
start transfer from 1 to 0
end transfer from 1 to 0
start transfer from 1 to 0
end transfer from 1 to 0
start transfer from 1 to 0
end transfer from 1 to 0
start transfer from 1 to 0
end transfer from 1 to 0
start transfer from 1 to 0
end transfer from 1 to 0
start transfer from 1 to 0
end transfer from 1 to 0
end transfer from 0 to 1
start transfer from 1 to 0
end transfer from 1 to 0
start transfer from 0 to 1
start transfer from 1 to 0
end transfer from 1 to 0
end transfer from 0 to 1
start transfer from 1 to 0
start transfer from 0 to 1
end transfer from 1 to 0
end transfer from 0 to 1
start transfer from 1 to 0
start transfer from 0 to 1
end transfer from 1 to 0
end transfer from 0 to 1
start transfer from 1 to 0
start transfer from 0 to 1
end transfer from 1 to 0
end transfer from 0 to 1
start transfer from 1 to 0
start transfer from 0 to 1
end transfer from 1 to 0
end transfer from 0 to 1
start transfer from 1 to 0
start transfer from 0 to 1
end transfer from 1 to 0
end transfer from 0 to 1
start transfer from 1 to 0
start transfer from 0 to 1
end transfer from 1 to 0
start transfer from 1 to 0
end transfer from 0 to 1
end transfer from 1 to 0
start transfer from 0 to 1
start transfer from 1 to 0
end transfer from 0 to 1
end transfer from 1 to 0
start transfer from 0 to 1
start transfer from 1 to 0
end transfer from 0 to 1
end transfer from 1 to 0
start transfer from 1 to 0
start transfer from 0 to 1
end transfer from 1 to 0
end transfer from 0 to 1
start transfer from 1 to 0
start transfer from 0 to 1
end transfer from 1 to 0
start transfer from 1 to 0
end transfer from 0 to 1
end transfer from 1 to 0
start transfer from 0 to 1
start transfer from 1 to 0
end transfer from 0 to 1
end transfer from 1 to 0
start transfer from 0 to 1
start transfer from 1 to 0
end transfer from 0 to 1
end transfer from 1 to 0
start transfer from 0 to 1
start transfer from 1 to 0
end transfer from 1 to 0
end transfer from 0 to 1
start transfer from 1 to 0
start transfer from 0 to 1
end transfer from 1 to 0
end transfer from 0 to 1
start transfer from 1 to 0
start transfer from 0 to 1
end transfer from 1 to 0
end transfer from 0 to 1
start transfer from 1 to 0
start transfer from 0 to 1
end transfer from 1 to 0
start transfer from 1 to 0
end transfer from 0 to 1
end transfer from 1 to 0
start transfer from 0 to 1
start transfer from 1 to 0
end transfer from 0 to 1
end transfer from 1 to 0
start transfer from 0 to 1
start transfer from 1 to 0
end transfer from 0 to 1
end transfer from 1 to 0
start transfer from 0 to 1
start transfer from 1 to 0
end transfer from 0 to 1
end transfer from 1 to 0
start transfer from 0 to 1
start transfer from 1 to 0
end transfer from 0 to 1
end transfer from 1 to 0
start transfer from 0 to 1
start transfer from 1 to 0
end transfer from 0 to 1
end transfer from 1 to 0
start transfer from 0 to 1
start transfer from 1 to 0
end transfer from 0 to 1
end transfer from 1 to 0
start transfer from 0 to 1
start transfer from 1 to 0
end transfer from 1 to 0
end transfer from 0 to 1
start transfer from 1 to 0
start transfer from 0 to 1
end transfer from 1 to 0
end transfer from 0 to 1
start transfer from 1 to 0
start transfer from 0 to 1
end transfer from 1 to 0
end transfer from 0 to 1
start transfer from 1 to 0
start transfer from 0 to 1
end transfer from 1 to 0
end transfer from 0 to 1
start transfer from 1 to 0
start transfer from 0 to 1
end transfer from 1 to 0
end transfer from 0 to 1
start transfer from 1 to 0
start transfer from 0 to 1
end transfer from 1 to 0
end transfer from 0 to 1
start transfer from 1 to 0
start transfer from 0 to 1
end transfer from 1 to 0
end transfer from 0 to 1
start transfer from 1 to 0
start transfer from 0 to 1
end transfer from 1 to 0
end transfer from 0 to 1
start transfer from 1 to 0
start transfer from 0 to 1
end transfer from 1 to 0
end transfer from 0 to 1
start transfer from 1 to 0
start transfer from 0 to 1
end transfer from 1 to 0
end transfer from 0 to 1
start transfer from 1 to 0
start transfer from 0 to 1
end transfer from 1 to 0
end transfer from 0 to 1
start transfer from 1 to 0
end transfer from 1 to 0
start transfer from 0 to 1
end transfer from 0 to 1
start transfer from 0 to 1
start transfer from 1 to 0
end transfer from 0 to 1
end transfer from 1 to 0
start transfer from 0 to 1
start transfer from 1 to 0
end transfer from 0 to 1
end transfer from 1 to 0
start transfer from 0 to 1
start transfer from 1 to 0
end transfer from 0 to 1
end transfer from 1 to 0
start transfer from 0 to 1
start transfer from 1 to 0
end transfer from 1 to 0
end transfer from 0 to 1
start transfer from 1 to 0
start transfer from 0 to 1
end transfer from 0 to 1
end transfer from 1 to 0
start transfer from 0 to 1
end transfer from 0 to 1
start transfer from 1 to 0
start transfer from 0 to 1
end transfer from 1 to 0
start transfer from 1 to 0
end transfer from 1 to 0
start transfer from 1 to 0
end transfer from 1 to 0
start transfer from 1 to 0
end transfer from 1 to 0
start transfer from 1 to 0
end transfer from 1 to 0
start transfer from 1 to 0
end transfer from 1 to 0
end transfer from 0 to 1
start transfer from 1 to 0
start transfer from 0 to 1
end transfer from 1 to 0
end transfer from 0 to 1
start transfer from 1 to 0
start transfer from 0 to 1
end transfer from 1 to 0
start transfer from 1 to 0
end transfer from 0 to 1
end transfer from 1 to 0
start transfer from 0 to 1
start transfer from 1 to 0
end transfer from 0 to 1
end transfer from 1 to 0
start transfer from 0 to 1
start transfer from 1 to 0
end transfer from 0 to 1
end transfer from 1 to 0
start transfer from 0 to 1
start transfer from 1 to 0
end transfer from 0 to 1
end transfer from 1 to 0
start transfer from 0 to 1
start transfer from 1 to 0
end transfer from 0 to 1
end transfer from 1 to 0
start transfer from 0 to 1
start transfer from 1 to 0
end transfer from 0 to 1
end transfer from 1 to 0
start transfer from 1 to 0
start transfer from 0 to 1
end transfer from 1 to 0
end transfer from 0 to 1
start transfer from 0 to 1
end transfer from 0 to 1
start transfer from 0 to 1
end transfer from 0 to 1
start transfer from 0 to 1
end transfer from 0 to 1
start transfer from 0 to 1
end transfer from 0 to 1
start transfer from 0 to 1
end transfer from 0 to 1
start transfer from 0 to 1
end transfer from 0 to 1
start transfer from 0 to 1
end transfer from 0 to 1
start transfer from 0 to 1
end transfer from 0 to 1
start transfer from 0 to 1
end transfer from 0 to 1
start transfer from 0 to 1
end transfer from 0 to 1
start transfer from 0 to 1
end transfer from 0 to 1
start transfer from 0 to 1
end transfer from 0 to 1
start transfer from 0 to 1
end transfer from 0 to 1
start transfer from 0 to 1
end transfer from 0 to 1
start transfer from 0 to 1
end transfer from 0 to 1
start transfer from 0 to 1
end transfer from 0 to 1
start transfer from 0 to 1
end transfer from 0 to 1
start transfer from 0 to 1
end transfer from 0 to 1
start transfer from 0 to 1
end transfer from 0 to 1
start transfer from 0 to 1
end transfer from 0 to 1
start transfer from 0 to 1
end transfer from 0 to 1
start transfer from 0 to 1
end transfer from 0 to 1
start transfer from 0 to 1
end transfer from 0 to 1
start transfer from 0 to 1
end transfer from 0 to 1
start transfer from 0 to 1
end transfer from 0 to 1
start transfer from 0 to 1
end transfer from 0 to 1
start transfer from 0 to 1
end transfer from 0 to 1
start transfer from 0 to 1
end transfer from 0 to 1
start transfer from 0 to 1
end transfer from 0 to 1
start transfer from 0 to 1
end transfer from 0 to 1
start transfer from 0 to 1
end transfer from 0 to 1
start transfer from 0 to 1
end transfer from 0 to 1
start transfer from 0 to 1
end transfer from 0 to 1
start transfer from 0 to 1
end transfer from 0 to 1
start transfer from 0 to 1
end transfer from 0 to 1
start transfer from 0 to 1
end transfer from 0 to 1
start transfer from 0 to 1
end transfer from 0 to 1
start transfer from 0 to 1
end transfer from 0 to 1
start transfer from 0 to 1
end transfer from 0 to 1
start transfer from 0 to 1
end transfer from 0 to 1
start transfer from 0 to 1
end transfer from 0 to 1
start transfer from 0 to 1
end transfer from 0 to 1
start transfer from 0 to 1
end transfer from 0 to 1
start transfer from 0 to 1
start transfer from 1 to 0
end transfer from 0 to 1
start transfer from 0 to 1
end transfer from 0 to 1
start transfer from 0 to 1
end transfer from 0 to 1
start transfer from 0 to 1
end transfer from 1 to 0
end transfer from 0 to 1
start transfer from 0 to 1
end transfer from 0 to 1
start transfer from 0 to 1
end transfer from 0 to 1
start transfer from 0 to 1
end transfer from 0 to 1
start transfer from 1 to 0
start transfer from 0 to 1
end transfer from 0 to 1
start transfer from 0 to 1
end transfer from 1 to 0
end transfer from 0 to 1
start transfer from 0 to 1
end transfer from 0 to 1
start transfer from 0 to 1
end transfer from 0 to 1
start transfer from 1 to 0
start transfer from 0 to 1
end transfer from 0 to 1
start transfer from 0 to 1
end transfer from 0 to 1
start transfer from 0 to 1
end transfer from 0 to 1
end transfer from 1 to 0
start transfer from 0 to 1
start transfer from 1 to 0
end transfer from 0 to 1
end transfer from 1 to 0
start transfer from 0 to 1
start transfer from 1 to 0
end transfer from 0 to 1
end transfer from 1 to 0
start transfer from 0 to 1
start transfer from 1 to 0
end transfer from 1 to 0
start transfer from 1 to 0
end transfer from 1 to 0
start transfer from 1 to 0
end transfer from 0 to 1
end transfer from 1 to 0
start transfer from 1 to 0
start transfer from 0 to 1
end transfer from 1 to 0
end transfer from 0 to 1
start transfer from 1 to 0
start transfer from 0 to 1
end transfer from 1 to 0
end transfer from 0 to 1
start transfer from 1 to 0
start transfer from 0 to 1
end transfer from 1 to 0
end transfer from 0 to 1
start transfer from 1 to 0
end transfer from 1 to 0
start transfer from 1 to 0
start transfer from 0 to 1
end transfer from 1 to 0
end transfer from 0 to 1
start transfer from 1 to 0
start transfer from 0 to 1
end transfer from 1 to 0
end transfer from 0 to 1
start transfer from 1 to 0
start transfer from 0 to 1
end transfer from 1 to 0
end transfer from 0 to 1
start transfer from 1 to 0
start transfer from 0 to 1
end transfer from 1 to 0
end transfer from 0 to 1
start transfer from 1 to 0
start transfer from 0 to 1
end transfer from 1 to 0
end transfer from 0 to 1
start transfer from 1 to 0
start transfer from 0 to 1
end transfer from 1 to 0
end transfer from 0 to 1
start transfer from 1 to 0
start transfer from 0 to 1
end transfer from 1 to 0
end transfer from 0 to 1
start transfer from 1 to 0
start transfer from 0 to 1
end transfer from 1 to 0
end transfer from 0 to 1
start transfer from 1 to 0
start transfer from 0 to 1
end transfer from 1 to 0
end transfer from 0 to 1
start transfer from 1 to 0
start transfer from 0 to 1
end transfer from 1 to 0
end transfer from 0 to 1
start transfer from 1 to 0
end transfer from 1 to 0
start transfer from 0 to 1
end transfer from 0 to 1
start transfer from 0 to 1
start transfer from 1 to 0
end transfer from 0 to 1
end transfer from 1 to 0
start transfer from 0 to 1
start transfer from 1 to 0
end transfer from 1 to 0
end transfer from 0 to 1
start transfer from 1 to 0
start transfer from 0 to 1
end transfer from 0 to 1
end transfer from 1 to 0
start transfer from 1 to 0
start transfer from 0 to 1
end transfer from 1 to 0
end transfer from 0 to 1
start transfer from 0 to 1
start transfer from 1 to 0
end transfer from 1 to 0
end transfer from 0 to 1
start transfer from 0 to 1
start transfer from 1 to 0
end transfer from 0 to 1
end transfer from 1 to 0
start transfer from 0 to 1
start transfer from 1 to 0
end transfer from 0 to 1
end transfer from 1 to 0
start transfer from 0 to 1
start transfer from 1 to 0
end transfer from 1 to 0
end transfer from 0 to 1
start transfer from 0 to 1
start transfer from 1 to 0
end transfer from 1 to 0
end transfer from 0 to 1
start transfer from 0 to 1
start transfer from 1 to 0
end transfer from 1 to 0
end transfer from 0 to 1
start transfer from 1 to 0
start transfer from 0 to 1
end transfer from 0 to 1
end transfer from 1 to 0
start transfer from 1 to 0
start transfer from 0 to 1
end transfer from 1 to 0
end transfer from 0 to 1
start transfer from 0 to 1
start transfer from 1 to 0
end transfer from 1 to 0
end transfer from 0 to 1
start transfer from 0 to 1
start transfer from 1 to 0
end transfer from 1 to 0
end transfer from 0 to 1
start transfer from 0 to 1
start transfer from 1 to 0
end transfer from 0 to 1
end transfer from 1 to 0
start transfer from 1 to 0
start transfer from 0 to 1
end transfer from 1 to 0
end transfer from 0 to 1
start transfer from 1 to 0
start transfer from 0 to 1
end transfer from 0 to 1
end transfer from 1 to 0
start transfer from 0 to 1
start transfer from 1 to 0
end transfer from 0 to 1
start transfer from 0 to 1
end transfer from 1 to 0
end transfer from 0 to 1
start transfer from 1 to 0
start transfer from 0 to 1
end transfer from 1 to 0
end transfer from 0 to 1
start transfer from 0 to 1
start transfer from 1 to 0
end transfer from 0 to 1
end transfer from 1 to 0
start transfer from 0 to 1
start transfer from 1 to 0
end transfer from 0 to 1
end transfer from 1 to 0
start transfer from 1 to 0
start transfer from 0 to 1
end transfer from 1 to 0
end transfer from 0 to 1
start transfer from 0 to 1
start transfer from 1 to 0
end transfer from 0 to 1
end transfer from 1 to 0
start transfer from 1 to 0
start transfer from 0 to 1
end transfer from 0 to 1
end transfer from 1 to 0
start transfer from 0 to 1
start transfer from 1 to 0
end transfer from 1 to 0
end transfer from 0 to 1
start transfer from 1 to 0
start transfer from 0 to 1
end transfer from 0 to 1
end transfer from 1 to 0
start transfer from 1 to 0
start transfer from 0 to 1
end transfer from 0 to 1
end transfer from 1 to 0
start transfer from 1 to 0
start transfer from 0 to 1
end transfer from 0 to 1
end transfer from 1 to 0
start transfer from 1 to 0
start transfer from 0 to 1
end transfer from 1 to 0
end transfer from 0 to 1
start transfer from 1 to 0
start transfer from 0 to 1
end transfer from 0 to 1
end transfer from 1 to 0
start transfer from 0 to 1
start transfer from 1 to 0
end transfer from 1 to 0
end transfer from 0 to 1
start transfer from 1 to 0
start transfer from 0 to 1
end transfer from 0 to 1
end transfer from 1 to 0
start transfer from 1 to 0
start transfer from 0 to 1
end transfer from 1 to 0
end transfer from 0 to 1
start transfer from 1 to 0
start transfer from 0 to 1
end transfer from 0 to 1
end transfer from 1 to 0
start transfer from 1 to 0
start transfer from 0 to 1
end transfer from 0 to 1
end transfer from 1 to 0
start transfer from 1 to 0
start transfer from 0 to 1
end transfer from 1 to 0
end transfer from 0 to 1
start transfer from 0 to 1
start transfer from 1 to 0
end transfer from 0 to 1
end transfer from 1 to 0
start transfer from 0 to 1
start transfer from 1 to 0
end transfer from 1 to 0
end transfer from 0 to 1
start transfer from 1 to 0
start transfer from 0 to 1
end transfer from 1 to 0
end transfer from 0 to 1
start transfer from 0 to 1
start transfer from 1 to 0
end transfer from 1 to 0
end transfer from 0 to 1
start transfer from 0 to 1
start transfer from 1 to 0
end transfer from 0 to 1
end transfer from 1 to 0
start transfer from 0 to 1
start transfer from 1 to 0
end transfer from 0 to 1
end transfer from 1 to 0
start transfer from 1 to 0
start transfer from 0 to 1
end transfer from 1 to 0
end transfer from 0 to 1
start transfer from 1 to 0
start transfer from 0 to 1
end transfer from 1 to 0
start transfer from 1 to 0
end transfer from 0 to 1
start transfer from 0 to 1
end transfer from 1 to 0
end transfer from 0 to 1
start transfer from 1 to 0
end transfer from 1 to 0
start transfer from 0 to 1
start transfer from 1 to 0
end transfer from 0 to 1
start transfer from 0 to 1
end transfer from 1 to 0
start transfer from 1 to 0
end transfer from 0 to 1
end transfer from 1 to 0
start transfer from 0 to 1
end transfer from 0 to 1
start transfer from 1 to 0
start transfer from 0 to 1
end transfer from 1 to 0
end transfer from 0 to 1
start transfer from 1 to 0
end transfer from 1 to 0
start transfer from 0 to 1
start transfer from 1 to 0
end transfer from 0 to 1
end transfer from 1 to 0
start transfer from 0 to 1
start transfer from 1 to 0
end transfer from 0 to 1
start transfer from 0 to 1
end transfer from 1 to 0
end transfer from 0 to 1
start transfer from 0 to 1
start transfer from 1 to 0
end transfer from 0 to 1
end transfer from 1 to 0
start transfer from 0 to 1
start transfer from 1 to 0
end transfer from 1 to 0
end transfer from 0 to 1
start transfer from 0 to 1
start transfer from 1 to 0
end transfer from 1 to 0
end transfer from 0 to 1
start transfer from 0 to 1
start transfer from 1 to 0
end transfer from 0 to 1
end transfer from 1 to 0
start transfer from 0 to 1
start transfer from 1 to 0
end transfer from 0 to 1
end transfer from 1 to 0
start transfer from 1 to 0
start transfer from 0 to 1
end transfer from 1 to 0
end transfer from 0 to 1
start transfer from 1 to 0
start transfer from 0 to 1
end transfer from 1 to 0
end transfer from 0 to 1
start transfer from 0 to 1
start transfer from 1 to 0
end transfer from 0 to 1
end transfer from 1 to 0
start transfer from 0 to 1
end transfer from 0 to 1
start transfer from 1 to 0
start transfer from 0 to 1
end transfer from 0 to 1
start transfer from 0 to 1
end transfer from 0 to 1
start transfer from 0 to 1
end transfer from 0 to 1
start transfer from 0 to 1
end transfer from 0 to 1
start transfer from 0 to 1
end transfer from 0 to 1
start transfer from 0 to 1
end transfer from 0 to 1
start transfer from 0 to 1
end transfer from 1 to 0
end transfer from 0 to 1
start transfer from 1 to 0
start transfer from 0 to 1
end transfer from 1 to 0
end transfer from 0 to 1
start transfer from 0 to 1
end transfer from 0 to 1
start transfer from 1 to 0
start transfer from 0 to 1
end transfer from 0 to 1
start transfer from 0 to 1
end transfer from 0 to 1
start transfer from 0 to 1
end transfer from 1 to 0
end transfer from 0 to 1
start transfer from 0 to 1
end transfer from 0 to 1
start transfer from 0 to 1
end transfer from 0 to 1
start transfer from 1 to 0
start transfer from 0 to 1
end transfer from 0 to 1
end transfer from 1 to 0
start transfer from 0 to 1
start transfer from 1 to 0
end transfer from 0 to 1
start transfer from 0 to 1
end transfer from 0 to 1
start transfer from 0 to 1
end transfer from 1 to 0
start transfer from 1 to 0
end transfer from 1 to 0
end transfer from 0 to 1
start transfer from 1 to 0
start transfer from 0 to 1
end transfer from 1 to 0
end transfer from 0 to 1
start transfer from 0 to 1
end transfer from 0 to 1
start transfer from 0 to 1
end transfer from 0 to 1
start transfer from 0 to 1
start transfer from 1 to 0
end transfer from 0 to 1
start transfer from 0 to 1
end transfer from 0 to 1
start transfer from 0 to 1
end transfer from 0 to 1
start transfer from 0 to 1
end transfer from 0 to 1
end transfer from 1 to 0
start transfer from 0 to 1
end transfer from 0 to 1
start transfer from 0 to 1
end transfer from 0 to 1
start transfer from 1 to 0
start transfer from 0 to 1
end transfer from 1 to 0
end transfer from 0 to 1
start transfer from 1 to 0
end transfer from 1 to 0
start transfer from 1 to 0
end transfer from 1 to 0
start transfer from 1 to 0
end transfer from 1 to 0
start transfer from 1 to 0
end transfer from 1 to 0
start transfer from 1 to 0
end transfer from 1 to 0
start transfer from 1 to 0
end transfer from 1 to 0
start transfer from 1 to 0
end transfer from 1 to 0
start transfer from 1 to 0
end transfer from 1 to 0
start transfer from 1 to 0
end transfer from 1 to 0
start transfer from 1 to 0
end transfer from 1 to 0
start transfer from 1 to 0
end transfer from 1 to 0
start transfer from 1 to 0
end transfer from 1 to 0
start transfer from 1 to 0
end transfer from 1 to 0
start transfer from 1 to 0
end transfer from 1 to 0
start transfer from 1 to 0
end transfer from 1 to 0
start transfer from 1 to 0
end transfer from 1 to 0
start transfer from 1 to 0
end transfer from 1 to 0
start transfer from 1 to 0
end transfer from 1 to 0
start transfer from 1 to 0
end transfer from 1 to 0
start transfer from 1 to 0
end transfer from 1 to 0
start transfer from 1 to 0
end transfer from 1 to 0
start transfer from 1 to 0
end transfer from 1 to 0
start transfer from 1 to 0
end transfer from 1 to 0
start transfer from 1 to 0
end transfer from 1 to 0
start transfer from 1 to 0
end transfer from 1 to 0
start transfer from 1 to 0
end transfer from 1 to 0
start transfer from 1 to 0
end transfer from 1 to 0
start transfer from 1 to 0
end transfer from 1 to 0
start transfer from 1 to 0
end transfer from 1 to 0
start transfer from 1 to 0
end transfer from 1 to 0
start transfer from 1 to 0
end transfer from 1 to 0
start transfer from 1 to 0
end transfer from 1 to 0
start transfer from 1 to 0
start transfer from 0 to 1
end transfer from 1 to 0
start transfer from 1 to 0
end transfer from 1 to 0
start transfer from 1 to 0
end transfer from 1 to 0
start transfer from 1 to 0
end transfer from 1 to 0
start transfer from 1 to 0
end transfer from 1 to 0
start transfer from 1 to 0
end transfer from 1 to 0
start transfer from 1 to 0
end transfer from 1 to 0
start transfer from 1 to 0
end transfer from 1 to 0
start transfer from 1 to 0
end transfer from 1 to 0
start transfer from 1 to 0
end transfer from 1 to 0
start transfer from 1 to 0
end transfer from 1 to 0
start transfer from 1 to 0
end transfer from 1 to 0
start transfer from 1 to 0
end transfer from 1 to 0
start transfer from 1 to 0
end transfer from 1 to 0
start transfer from 1 to 0
end transfer from 1 to 0
start transfer from 1 to 0
end transfer from 1 to 0
start transfer from 1 to 0
end transfer from 1 to 0
start transfer from 1 to 0
end transfer from 1 to 0
start transfer from 1 to 0
end transfer from 1 to 0
start transfer from 1 to 0
end transfer from 1 to 0
start transfer from 1 to 0
end transfer from 1 to 0
start transfer from 1 to 0
end transfer from 1 to 0
start transfer from 1 to 0
end transfer from 1 to 0
start transfer from 1 to 0
end transfer from 1 to 0
start transfer from 1 to 0
end transfer from 1 to 0
start transfer from 1 to 0
end transfer from 1 to 0
start transfer from 1 to 0
end transfer from 1 to 0
start transfer from 1 to 0
end transfer from 1 to 0
start transfer from 1 to 0
end transfer from 1 to 0
start transfer from 1 to 0
end transfer from 1 to 0
start transfer from 1 to 0
end transfer from 1 to 0
start transfer from 1 to 0
end transfer from 1 to 0
start transfer from 1 to 0
end transfer from 1 to 0
start transfer from 1 to 0
end transfer from 1 to 0
start transfer from 1 to 0
end transfer from 1 to 0
start transfer from 1 to 0
end transfer from 1 to 0
start transfer from 1 to 0
end transfer from 1 to 0
start transfer from 1 to 0
end transfer from 1 to 0
end transfer from 0 to 1
start transfer from 1 to 0
end transfer from 1 to 0
start transfer from 1 to 0
end transfer from 1 to 0
start transfer from 0 to 1
start transfer from 1 to 0
end transfer from 1 to 0
start transfer from 1 to 0
end transfer from 1 to 0
start transfer from 1 to 0
end transfer from 1 to 0
start transfer from 1 to 0
end transfer from 1 to 0
start transfer from 1 to 0
end transfer from 1 to 0
start transfer from 1 to 0
end transfer from 1 to 0
start transfer from 1 to 0
end transfer from 1 to 0
start transfer from 1 to 0
end transfer from 1 to 0
start transfer from 1 to 0
end transfer from 1 to 0
start transfer from 1 to 0
end transfer from 1 to 0
start transfer from 1 to 0
end transfer from 1 to 0
end transfer from 0 to 1
start transfer from 1 to 0
start transfer from 0 to 1
end transfer from 1 to 0
end transfer from 0 to 1
start transfer from 1 to 0
start transfer from 0 to 1
end transfer from 1 to 0
end transfer from 0 to 1
start transfer from 1 to 0
end transfer from 1 to 0
start transfer from 0 to 1
start transfer from 1 to 0
end transfer from 0 to 1
end transfer from 1 to 0
start transfer from 0 to 1
start transfer from 1 to 0
end transfer from 0 to 1
end transfer from 1 to 0
start transfer from 0 to 1
start transfer from 1 to 0
end transfer from 1 to 0
end transfer from 0 to 1
start transfer from 1 to 0
start transfer from 0 to 1
end transfer from 1 to 0
end transfer from 0 to 1
start transfer from 1 to 0
start transfer from 0 to 1
end transfer from 1 to 0
end transfer from 0 to 1
start transfer from 1 to 0
start transfer from 0 to 1
end transfer from 1 to 0
start transfer from 1 to 0
end transfer from 0 to 1
end transfer from 1 to 0
start transfer from 0 to 1
start transfer from 1 to 0
end transfer from 0 to 1
end transfer from 1 to 0
start transfer from 0 to 1
start transfer from 1 to 0
end transfer from 0 to 1
end transfer from 1 to 0
start transfer from 0 to 1
end transfer from 0 to 1
start transfer from 1 to 0
start transfer from 0 to 1
end transfer from 0 to 1
start transfer from 0 to 1
end transfer from 1 to 0
end transfer from 0 to 1
start transfer from 1 to 0
start transfer from 0 to 1
end transfer from 0 to 1
end transfer from 1 to 0
start transfer from 0 to 1
end transfer from 0 to 1
start transfer from 1 to 0
start transfer from 0 to 1
end transfer from 0 to 1
end transfer from 1 to 0
start transfer from 0 to 1
end transfer from 0 to 1
start transfer from 1 to 0
start transfer from 0 to 1
end transfer from 1 to 0
end transfer from 0 to 1
start transfer from 1 to 0
start transfer from 0 to 1
end transfer from 0 to 1
end transfer from 1 to 0
start transfer from 0 to 1
start transfer from 1 to 0
end transfer from 0 to 1
start transfer from 0 to 1
end transfer from 1 to 0
end transfer from 0 to 1
start transfer from 1 to 0
start transfer from 0 to 1
end transfer from 0 to 1
end transfer from 1 to 0
start transfer from 1 to 0
start transfer from 0 to 1
end transfer from 0 to 1
start transfer from 0 to 1
end transfer from 0 to 1
start transfer from 0 to 1
end transfer from 0 to 1
start transfer from 0 to 1
end transfer from 0 to 1
start transfer from 0 to 1
end transfer from 0 to 1
start transfer from 0 to 1
end transfer from 0 to 1
start transfer from 0 to 1
end transfer from 0 to 1
start transfer from 0 to 1
end transfer from 0 to 1
start transfer from 0 to 1
end transfer from 0 to 1
start transfer from 0 to 1
end transfer from 0 to 1
start transfer from 0 to 1
end transfer from 1 to 0
end transfer from 0 to 1
start transfer from 1 to 0
start transfer from 0 to 1
end transfer from 1 to 0
end transfer from 0 to 1
start transfer from 1 to 0
start transfer from 0 to 1
end transfer from 1 to 0
end transfer from 0 to 1
start transfer from 1 to 0
start transfer from 0 to 1
end transfer from 1 to 0
end transfer from 0 to 1
start transfer from 1 to 0
start transfer from 0 to 1
end transfer from 1 to 0
end transfer from 0 to 1
start transfer from 1 to 0
start transfer from 0 to 1
end transfer from 1 to 0
start transfer from 1 to 0
end transfer from 0 to 1
end transfer from 1 to 0
start transfer from 0 to 1
start transfer from 1 to 0
end transfer from 0 to 1
end transfer from 1 to 0
start transfer from 0 to 1
start transfer from 1 to 0
end transfer from 0 to 1
end transfer from 1 to 0
start transfer from 0 to 1
start transfer from 1 to 0
end transfer from 0 to 1
end transfer from 1 to 0
start transfer from 0 to 1
start transfer from 1 to 0
end transfer from 0 to 1
start transfer from 0 to 1
end transfer from 1 to 0
end transfer from 0 to 1
start transfer from 0 to 1
start transfer from 1 to 0
end transfer from 1 to 0
end transfer from 0 to 1
start transfer from 0 to 1
start transfer from 1 to 0
end transfer from 0 to 1
start transfer from 0 to 1
end transfer from 1 to 0
end transfer from 0 to 1
start transfer from 0 to 1
start transfer from 1 to 0
end transfer from 0 to 1
end transfer from 1 to 0
start transfer from 0 to 1
start transfer from 1 to 0
end transfer from 0 to 1
start transfer from 0 to 1
end transfer from 1 to 0
end transfer from 0 to 1
start transfer from 1 to 0
start transfer from 0 to 1
end transfer from 1 to 0
end transfer from 0 to 1
start transfer from 1 to 0
end transfer from 1 to 0
start transfer from 0 to 1
start transfer from 1 to 0
end transfer from 0 to 1
end transfer from 1 to 0
start transfer from 0 to 1
start transfer from 1 to 0
end transfer from 0 to 1
end transfer from 1 to 0
start transfer from 0 to 1
start transfer from 1 to 0
end transfer from 0 to 1
end transfer from 1 to 0
start transfer from 1 to 0
start transfer from 0 to 1
end transfer from 0 to 1
end transfer from 1 to 0
start transfer from 0 to 1
start transfer from 1 to 0
end transfer from 0 to 1
end transfer from 1 to 0
start transfer from 0 to 1
start transfer from 1 to 0
end transfer from 0 to 1
end transfer from 1 to 0
start transfer from 1 to 0
start transfer from 0 to 1
end transfer from 1 to 0
end transfer from 0 to 1
start transfer from 1 to 0
start transfer from 0 to 1
end transfer from 1 to 0
end transfer from 0 to 1
start transfer from 1 to 0
start transfer from 0 to 1
end transfer from 1 to 0
end transfer from 0 to 1
start transfer from 1 to 0
start transfer from 0 to 1
end transfer from 0 to 1
end transfer from 1 to 0
start transfer from 0 to 1
start transfer from 1 to 0
end transfer from 0 to 1
end transfer from 1 to 0
start transfer from 0 to 1
start transfer from 1 to 0
end transfer from 0 to 1
end transfer from 1 to 0
start transfer from 0 to 1
start transfer from 1 to 0
end transfer from 0 to 1
start transfer from 0 to 1
end transfer from 1 to 0
end transfer from 0 to 1
start transfer from 1 to 0
start transfer from 0 to 1
end transfer from 1 to 0
end transfer from 0 to 1
start transfer from 1 to 0
start transfer from 0 to 1
end transfer from 1 to 0
end transfer from 0 to 1
start transfer from 1 to 0
start transfer from 0 to 1
end transfer from 1 to 0
end transfer from 0 to 1
start transfer from 1 to 0
start transfer from 0 to 1
end transfer from 1 to 0
end transfer from 0 to 1
start transfer from 1 to 0
end transfer from 1 to 0
start transfer from 0 to 1
start transfer from 1 to 0
end transfer from 0 to 1
end transfer from 1 to 0
start transfer from 0 to 1
start transfer from 1 to 0
end transfer from 0 to 1
end transfer from 1 to 0
start transfer from 0 to 1
start transfer from 1 to 0
end transfer from 0 to 1
end transfer from 1 to 0
start transfer from 0 to 1
start transfer from 1 to 0
end transfer from 0 to 1
start transfer from 0 to 1
end transfer from 1 to 0
end transfer from 0 to 1
start transfer from 0 to 1
start transfer from 1 to 0
end transfer from 0 to 1
end transfer from 1 to 0
start transfer from 0 to 1
end transfer from 0 to 1
start transfer from 1 to 0
start transfer from 0 to 1
end transfer from 1 to 0
end transfer from 0 to 1
start transfer from 1 to 0
start transfer from 0 to 1
end transfer from 1 to 0
end transfer from 0 to 1
start transfer from 1 to 0
start transfer from 0 to 1
end transfer from 1 to 0
end transfer from 0 to 1
start transfer from 1 to 0
start transfer from 0 to 1
end transfer from 1 to 0
end transfer from 0 to 1
start transfer from 1 to 0
start transfer from 0 to 1
end transfer from 1 to 0
end transfer from 0 to 1
start transfer from 1 to 0
start transfer from 0 to 1
end transfer from 1 to 0
end transfer from 0 to 1
start transfer from 1 to 0
start transfer from 0 to 1
end transfer from 1 to 0
end transfer from 0 to 1
start transfer from 1 to 0
start transfer from 0 to 1
end transfer from 1 to 0
end transfer from 0 to 1
start transfer from 1 to 0
start transfer from 0 to 1
end transfer from 1 to 0
end transfer from 0 to 1
start transfer from 1 to 0
start transfer from 0 to 1
end transfer from 1 to 0
end transfer from 0 to 1
start transfer from 1 to 0
start transfer from 0 to 1
end transfer from 1 to 0
end transfer from 0 to 1
start transfer from 1 to 0
start transfer from 0 to 1
end transfer from 1 to 0
end transfer from 0 to 1
start transfer from 1 to 0
end transfer from 1 to 0
start transfer from 0 to 1
start transfer from 1 to 0
end transfer from 1 to 0
end transfer from 0 to 1
start transfer from 1 to 0
start transfer from 0 to 1
end transfer from 0 to 1
end transfer from 1 to 0
start transfer from 0 to 1
start transfer from 1 to 0
end transfer from 0 to 1
end transfer from 1 to 0
start transfer from 0 to 1
start transfer from 1 to 0
end transfer from 0 to 1
end transfer from 1 to 0
start transfer from 0 to 1
start transfer from 1 to 0
end transfer from 0 to 1
end transfer from 1 to 0
start transfer from 0 to 1
start transfer from 1 to 0
end transfer from 0 to 1
end transfer from 1 to 0
start transfer from 0 to 1
end transfer from 0 to 1
start transfer from 1 to 0
start transfer from 0 to 1
end transfer from 1 to 0
end transfer from 0 to 1
start transfer from 1 to 0
start transfer from 0 to 1
end transfer from 0 to 1
end transfer from 1 to 0
start transfer from 0 to 1
start transfer from 1 to 0
end transfer from 0 to 1
end transfer from 1 to 0
start transfer from 0 to 1
start transfer from 1 to 0
end transfer from 0 to 1
end transfer from 1 to 0
start transfer from 0 to 1
start transfer from 1 to 0
end transfer from 0 to 1
end transfer from 1 to 0
start transfer from 1 to 0
start transfer from 0 to 1
end transfer from 1 to 0
end transfer from 0 to 1
start transfer from 1 to 0
start transfer from 0 to 1
end transfer from 1 to 0
end transfer from 0 to 1
start transfer from 1 to 0
start transfer from 0 to 1
end transfer from 0 to 1
start transfer from 0 to 1
end transfer from 0 to 1
start transfer from 0 to 1
end transfer from 0 to 1
start transfer from 0 to 1
end transfer from 0 to 1
start transfer from 0 to 1
end transfer from 0 to 1
end transfer from 1 to 0
start transfer from 0 to 1
start transfer from 1 to 0
end transfer from 0 to 1
end transfer from 1 to 0
start transfer from 0 to 1
start transfer from 1 to 0
end transfer from 0 to 1
end transfer from 1 to 0
start transfer from 0 to 1
start transfer from 1 to 0
end transfer from 1 to 0
start transfer from 1 to 0
end transfer from 1 to 0
start transfer from 1 to 0
end transfer from 1 to 0
start transfer from 1 to 0
end transfer from 0 to 1
end transfer from 1 to 0
start transfer from 1 to 0
end transfer from 1 to 0
start transfer from 0 to 1
start transfer from 1 to 0
end transfer from 0 to 1
end transfer from 1 to 0
start transfer from 0 to 1
start transfer from 1 to 0
end transfer from 0 to 1
end transfer from 1 to 0
start transfer from 0 to 1
start transfer from 1 to 0
end transfer from 1 to 0
start transfer from 1 to 0
end transfer from 1 to 0
end transfer from 0 to 1
start transfer from 1 to 0
start transfer from 0 to 1
end transfer from 1 to 0
end transfer from 0 to 1
start transfer from 1 to 0
start transfer from 0 to 1
end transfer from 1 to 0
end transfer from 0 to 1
start transfer from 1 to 0
end transfer from 1 to 0
start transfer from 1 to 0
end transfer from 1 to 0
start transfer from 1 to 0
end transfer from 1 to 0
start transfer from 0 to 1
start transfer from 1 to 0
end transfer from 1 to 0
start transfer from 1 to 0
end transfer from 0 to 1
end transfer from 1 to 0
start transfer from 1 to 0
end transfer from 1 to 0
start transfer from 1 to 0
end transfer from 1 to 0
start transfer from 1 to 0
start transfer from 0 to 1
end transfer from 1 to 0
start transfer from 1 to 0
end transfer from 0 to 1
end transfer from 1 to 0
start transfer from 1 to 0
end transfer from 1 to 0
start transfer from 0 to 1
start transfer from 1 to 0
end transfer from 1 to 0
start transfer from 1 to 0
end transfer from 1 to 0
start transfer from 1 to 0
end transfer from 0 to 1
end transfer from 1 to 0
start transfer from 1 to 0
end transfer from 1 to 0
start transfer from 1 to 0
start transfer from 0 to 1
end transfer from 1 to 0
start transfer from 1 to 0
end transfer from 1 to 0
end transfer from 0 to 1
start transfer from 1 to 0
end transfer from 1 to 0
start transfer from 1 to 0
start transfer from 0 to 1
end transfer from 1 to 0
start transfer from 1 to 0
end transfer from 1 to 0
start transfer from 1 to 0
end transfer from 0 to 1
end transfer from 1 to 0
start transfer from 1 to 0
start transfer from 0 to 1
end transfer from 1 to 0
start transfer from 1 to 0
end transfer from 0 to 1
end transfer from 1 to 0
start transfer from 1 to 0
start transfer from 0 to 1
end transfer from 1 to 0
start transfer from 1 to 0
end transfer from 1 to 0
start transfer from 1 to 0
end transfer from 1 to 0
start transfer from 1 to 0
end transfer from 0 to 1
end transfer from 1 to 0
start transfer from 0 to 1
start transfer from 1 to 0
end transfer from 0 to 1
end transfer from 1 to 0
start transfer from 0 to 1
start transfer from 1 to 0
end transfer from 0 to 1
end transfer from 1 to 0
start transfer from 1 to 0
start transfer from 0 to 1
end transfer from 1 to 0
end transfer from 0 to 1
start transfer from 1 to 0
start transfer from 0 to 1
end transfer from 1 to 0
end transfer from 0 to 1
start transfer from 1 to 0
start transfer from 0 to 1
end transfer from 1 to 0
start transfer from 1 to 0
end transfer from 0 to 1
end transfer from 1 to 0
start transfer from 0 to 1
start transfer from 1 to 0
end transfer from 0 to 1
end transfer from 1 to 0
start transfer from 0 to 1
start transfer from 1 to 0
end transfer from 0 to 1
end transfer from 1 to 0
start transfer from 0 to 1
start transfer from 1 to 0
end transfer from 0 to 1
end transfer from 1 to 0
start transfer from 0 to 1
start transfer from 1 to 0
end transfer from 0 to 1
end transfer from 1 to 0
start transfer from 0 to 1
start transfer from 1 to 0
end transfer from 0 to 1
end transfer from 1 to 0
start transfer from 0 to 1
end transfer from 0 to 1
start transfer from 1 to 0
start transfer from 0 to 1
end transfer from 1 to 0
end transfer from 0 to 1
start transfer from 1 to 0
start transfer from 0 to 1
end transfer from 1 to 0
end transfer from 0 to 1
start transfer from 1 to 0
start transfer from 0 to 1
end transfer from 1 to 0
start transfer from 1 to 0
end transfer from 0 to 1
end transfer from 1 to 0
start transfer from 0 to 1
end transfer from 0 to 1
start transfer from 0 to 1
start transfer from 1 to 0
end transfer from 0 to 1
end transfer from 1 to 0
start transfer from 0 to 1
start transfer from 1 to 0
end transfer from 0 to 1
end transfer from 1 to 0
start transfer from 0 to 1
start transfer from 1 to 0
end transfer from 0 to 1
end transfer from 1 to 0
start transfer from 0 to 1
start transfer from 1 to 0
end transfer from 0 to 1
end transfer from 1 to 0
start transfer from 0 to 1
start transfer from 1 to 0
end transfer from 1 to 0
end transfer from 0 to 1
start transfer from 1 to 0
start transfer from 0 to 1
end transfer from 0 to 1
end transfer from 1 to 0
start transfer from 0 to 1
start transfer from 1 to 0
end transfer from 0 to 1
end transfer from 1 to 0
start transfer from 0 to 1
start transfer from 1 to 0
end transfer from 1 to 0
end transfer from 0 to 1
start transfer from 1 to 0
end transfer from 1 to 0
start transfer from 0 to 1
start transfer from 1 to 0
end transfer from 0 to 1
end transfer from 1 to 0
start transfer from 1 to 0
start transfer from 0 to 1
end transfer from 1 to 0
end transfer from 0 to 1
start transfer from 1 to 0
start transfer from 0 to 1
end transfer from 1 to 0
end transfer from 0 to 1
start transfer from 1 to 0
start transfer from 0 to 1
end transfer from 1 to 0
start transfer from 1 to 0
end transfer from 0 to 1
end transfer from 1 to 0
start transfer from 0 to 1
start transfer from 1 to 0
end transfer from 0 to 1
end transfer from 1 to 0
start transfer from 0 to 1
start transfer from 1 to 0
end transfer from 0 to 1
end transfer from 1 to 0
start transfer from 0 to 1
start transfer from 1 to 0
end transfer from 0 to 1
end transfer from 1 to 0
start transfer from 0 to 1
start transfer from 1 to 0
end transfer from 0 to 1
end transfer from 1 to 0
start transfer from 1 to 0
start transfer from 0 to 1
end transfer from 1 to 0
end transfer from 0 to 1
start transfer from 1 to 0
end transfer from 1 to 0
start transfer from 0 to 1
start transfer from 1 to 0
end transfer from 0 to 1
end transfer from 1 to 0
start transfer from 0 to 1
end transfer from 0 to 1
start transfer from 1 to 0
start transfer from 0 to 1
end transfer from 1 to 0
end transfer from 0 to 1
start transfer from 0 to 1
start transfer from 1 to 0
end transfer from 0 to 1
end transfer from 1 to 0
start transfer from 0 to 1
start transfer from 1 to 0
end transfer from 0 to 1
start transfer from 0 to 1
end transfer from 1 to 0
end transfer from 0 to 1
start transfer from 1 to 0
start transfer from 0 to 1
end transfer from 1 to 0
end transfer from 0 to 1
start transfer from 0 to 1
start transfer from 1 to 0
end transfer from 0 to 1
end transfer from 1 to 0
start transfer from 0 to 1
end transfer from 0 to 1
start transfer from 1 to 0
start transfer from 0 to 1
end transfer from 1 to 0
end transfer from 0 to 1
start transfer from 1 to 0
start transfer from 0 to 1
end transfer from 0 to 1
end transfer from 1 to 0
start transfer from 0 to 1
end transfer from 0 to 1
start transfer from 1 to 0
start transfer from 0 to 1
end transfer from 0 to 1
end transfer from 1 to 0
start transfer from 0 to 1
start transfer from 1 to 0
end transfer from 0 to 1
start transfer from 0 to 1
end transfer from 1 to 0
end transfer from 0 to 1
start transfer from 0 to 1
start transfer from 1 to 0
end transfer from 0 to 1
end transfer from 1 to 0
start transfer from 0 to 1
end transfer from 0 to 1
start transfer from 1 to 0
start transfer from 0 to 1
end transfer from 0 to 1
end transfer from 1 to 0
start transfer from 0 to 1
start transfer from 1 to 0
end transfer from 0 to 1
end transfer from 1 to 0
start transfer from 0 to 1
end transfer from 0 to 1
start transfer from 1 to 0
start transfer from 0 to 1
end transfer from 0 to 1
end transfer from 1 to 0
start transfer from 0 to 1
start transfer from 1 to 0
end transfer from 0 to 1
start transfer from 0 to 1
end transfer from 1 to 0
end transfer from 0 to 1
start transfer from 0 to 1
start transfer from 1 to 0
end transfer from 0 to 1
start transfer from 0 to 1
end transfer from 1 to 0
end transfer from 0 to 1
start transfer from 0 to 1
start transfer from 1 to 0
end transfer from 0 to 1
end transfer from 1 to 0
start transfer from 0 to 1
end transfer from 0 to 1
start transfer from 1 to 0
start transfer from 0 to 1
end transfer from 1 to 0
end transfer from 0 to 1
start transfer from 0 to 1
start transfer from 1 to 0
end transfer from 0 to 1
start transfer from 0 to 1
end transfer from 0 to 1
start transfer from 0 to 1
end transfer from 0 to 1
start transfer from 0 to 1
end transfer from 0 to 1
start transfer from 0 to 1
end transfer from 1 to 0
end transfer from 0 to 1
start transfer from 1 to 0
start transfer from 0 to 1
end transfer from 1 to 0
end transfer from 0 to 1
start transfer from 1 to 0
end transfer from 1 to 0
start transfer from 0 to 1
start transfer from 1 to 0
end transfer from 0 to 1
end transfer from 1 to 0
start transfer from 0 to 1
start transfer from 1 to 0
end transfer from 0 to 1
end transfer from 1 to 0
start transfer from 0 to 1
start transfer from 1 to 0
end transfer from 0 to 1
end transfer from 1 to 0
start transfer from 0 to 1
start transfer from 1 to 0
end transfer from 0 to 1
end transfer from 1 to 0
start transfer from 0 to 1
start transfer from 1 to 0
end transfer from 0 to 1
end transfer from 1 to 0
start transfer from 0 to 1
start transfer from 1 to 0
end transfer from 0 to 1
end transfer from 1 to 0
start transfer from 0 to 1
start transfer from 1 to 0
end transfer from 0 to 1
end transfer from 1 to 0
start transfer from 1 to 0
start transfer from 0 to 1
end transfer from 1 to 0
end transfer from 0 to 1
start transfer from 1 to 0
end transfer from 1 to 0
start transfer from 0 to 1
start transfer from 1 to 0
end transfer from 0 to 1
end transfer from 1 to 0
start transfer from 0 to 1
end transfer from 0 to 1
start transfer from 1 to 0
start transfer from 0 to 1
end transfer from 1 to 0
end transfer from 0 to 1
start transfer from 1 to 0
start transfer from 0 to 1
end transfer from 1 to 0
end transfer from 0 to 1
start transfer from 1 to 0
start transfer from 0 to 1
end transfer from 1 to 0
end transfer from 0 to 1
start transfer from 1 to 0
start transfer from 0 to 1
end transfer from 1 to 0
end transfer from 0 to 1
start transfer from 1 to 0
start transfer from 0 to 1
end transfer from 1 to 0
end transfer from 0 to 1
start transfer from 1 to 0
start transfer from 0 to 1
end transfer from 1 to 0
end transfer from 0 to 1
start transfer from 1 to 0
start transfer from 0 to 1
end transfer from 1 to 0
end transfer from 0 to 1
start transfer from 1 to 0
start transfer from 0 to 1
end transfer from 1 to 0
end transfer from 0 to 1
start transfer from 0 to 1
start transfer from 1 to 0
end transfer from 0 to 1
end transfer from 1 to 0
start transfer from 0 to 1
start transfer from 1 to 0
end transfer from 0 to 1
end transfer from 1 to 0
start transfer from 0 to 1
start transfer from 1 to 0
end transfer from 0 to 1
end transfer from 1 to 0
start transfer from 0 to 1
start transfer from 1 to 0
end transfer from 0 to 1
start transfer from 0 to 1
end transfer from 1 to 0
end transfer from 0 to 1
start transfer from 1 to 0
start transfer from 0 to 1
end transfer from 1 to 0
end transfer from 0 to 1
start transfer from 1 to 0
start transfer from 0 to 1
end transfer from 1 to 0
end transfer from 0 to 1
start transfer from 1 to 0
start transfer from 0 to 1
end transfer from 1 to 0
end transfer from 0 to 1
start transfer from 1 to 0
start transfer from 0 to 1
end transfer from 1 to 0
end transfer from 0 to 1
start transfer from 1 to 0
start transfer from 0 to 1
end transfer from 1 to 0
end transfer from 0 to 1
start transfer from 1 to 0
start transfer from 0 to 1
end transfer from 1 to 0
end transfer from 0 to 1
start transfer from 1 to 0
start transfer from 0 to 1
end transfer from 1 to 0
end transfer from 0 to 1
start transfer from 1 to 0
start transfer from 0 to 1
end transfer from 1 to 0
end transfer from 0 to 1
start transfer from 1 to 0
start transfer from 0 to 1
end transfer from 1 to 0
end transfer from 0 to 1
start transfer from 1 to 0
start transfer from 0 to 1
end transfer from 1 to 0
start transfer from 1 to 0
end transfer from 1 to 0
end transfer from 0 to 1
start transfer from 1 to 0
start transfer from 0 to 1
end transfer from 1 to 0
end transfer from 0 to 1
start transfer from 1 to 0
start transfer from 0 to 1
end transfer from 1 to 0
end transfer from 0 to 1
start transfer from 1 to 0
start transfer from 0 to 1
end transfer from 1 to 0
end transfer from 0 to 1
start transfer from 1 to 0
start transfer from 0 to 1
end transfer from 1 to 0
end transfer from 0 to 1
start transfer from 1 to 0
start transfer from 0 to 1
end transfer from 1 to 0
end transfer from 0 to 1
start transfer from 1 to 0
start transfer from 0 to 1
end transfer from 1 to 0
end transfer from 0 to 1
start transfer from 1 to 0
start transfer from 0 to 1
end transfer from 1 to 0
end transfer from 0 to 1
start transfer from 1 to 0
start transfer from 0 to 1
end transfer from 1 to 0
start transfer from 1 to 0
end transfer from 0 to 1
end transfer from 1 to 0
start transfer from 0 to 1
start transfer from 1 to 0
end transfer from 0 to 1
end transfer from 1 to 0
start transfer from 0 to 1
end transfer from 0 to 1
start transfer from 0 to 1
end transfer from 0 to 1
start transfer from 0 to 1
end transfer from 0 to 1
start transfer from 0 to 1
end transfer from 0 to 1
start transfer from 0 to 1
end transfer from 0 to 1
start transfer from 0 to 1
end transfer from 0 to 1
start transfer from 0 to 1
end transfer from 0 to 1
start transfer from 0 to 1
end transfer from 0 to 1
start transfer from 0 to 1
end transfer from 0 to 1
start transfer from 0 to 1
end transfer from 0 to 1
start transfer from 0 to 1
end transfer from 0 to 1
start transfer from 0 to 1
start transfer from 1 to 0
end transfer from 0 to 1
start transfer from 0 to 1
end transfer from 0 to 1
start transfer from 0 to 1
end transfer from 1 to 0
end transfer from 0 to 1
start transfer from 0 to 1
end transfer from 0 to 1
start transfer from 0 to 1
start transfer from 1 to 0
end transfer from 0 to 1
start transfer from 0 to 1
end transfer from 0 to 1
start transfer from 0 to 1
end transfer from 0 to 1
start transfer from 0 to 1
end transfer from 1 to 0
end transfer from 0 to 1
start transfer from 0 to 1
end transfer from 0 to 1
start transfer from 0 to 1
end transfer from 0 to 1
start transfer from 0 to 1
start transfer from 1 to 0
end transfer from 0 to 1
start transfer from 0 to 1
end transfer from 0 to 1
start transfer from 0 to 1
end transfer from 0 to 1
end transfer from 1 to 0
start transfer from 0 to 1
end transfer from 0 to 1
start transfer from 0 to 1
end transfer from 0 to 1
start transfer from 0 to 1
end transfer from 0 to 1
start transfer from 1 to 0
start transfer from 0 to 1
end transfer from 1 to 0
end transfer from 0 to 1
start transfer from 1 to 0
start transfer from 0 to 1
end transfer from 1 to 0
end transfer from 0 to 1
start transfer from 1 to 0
start transfer from 0 to 1
end transfer from 1 to 0
end transfer from 0 to 1
start transfer from 1 to 0
start transfer from 0 to 1
end transfer from 1 to 0
end transfer from 0 to 1
start transfer from 1 to 0
start transfer from 0 to 1
end transfer from 1 to 0
end transfer from 0 to 1
start transfer from 1 to 0
start transfer from 0 to 1
end transfer from 1 to 0
end transfer from 0 to 1
start transfer from 1 to 0
start transfer from 0 to 1
end transfer from 1 to 0
end transfer from 0 to 1
start transfer from 1 to 0
start transfer from 0 to 1
end transfer from 1 to 0
end transfer from 0 to 1
start transfer from 1 to 0
start transfer from 0 to 1
end transfer from 0 to 1
end transfer from 1 to 0
start transfer from 0 to 1
start transfer from 1 to 0
end transfer from 0 to 1
end transfer from 1 to 0
start transfer from 0 to 1
start transfer from 1 to 0
end transfer from 0 to 1
start transfer from 0 to 1
end transfer from 1 to 0
end transfer from 0 to 1
start transfer from 1 to 0
start transfer from 0 to 1
end transfer from 0 to 1
end transfer from 1 to 0
start transfer from 0 to 1
start transfer from 1 to 0
end transfer from 0 to 1
end transfer from 1 to 0
start transfer from 0 to 1
end transfer from 0 to 1
start transfer from 1 to 0
start transfer from 0 to 1
end transfer from 1 to 0
end transfer from 0 to 1
start transfer from 1 to 0
start transfer from 0 to 1
end transfer from 0 to 1
end transfer from 1 to 0
start transfer from 0 to 1
start transfer from 1 to 0
end transfer from 0 to 1
start transfer from 0 to 1
end transfer from 0 to 1
end transfer from 1 to 0
start transfer from 0 to 1
start transfer from 1 to 0
end transfer from 0 to 1
start transfer from 0 to 1
end transfer from 1 to 0
end transfer from 0 to 1
start transfer from 1 to 0
start transfer from 0 to 1
end transfer from 0 to 1
end transfer from 1 to 0
start transfer from 0 to 1
start transfer from 1 to 0
end transfer from 0 to 1
start transfer from 0 to 1
end transfer from 1 to 0
end transfer from 0 to 1
start transfer from 0 to 1
start transfer from 1 to 0
end transfer from 0 to 1
start transfer from 0 to 1
end transfer from 1 to 0
end transfer from 0 to 1
start transfer from 1 to 0
start transfer from 0 to 1
end transfer from 1 to 0
end transfer from 0 to 1
start transfer from 1 to 0
start transfer from 0 to 1
end transfer from 1 to 0
end transfer from 0 to 1
start transfer from 0 to 1
start transfer from 1 to 0
end transfer from 0 to 1
start transfer from 0 to 1
end transfer from 1 to 0
end transfer from 0 to 1
start transfer from 1 to 0
start transfer from 0 to 1
end transfer from 0 to 1
end transfer from 1 to 0
start transfer from 0 to 1
start transfer from 1 to 0
end transfer from 0 to 1
start transfer from 0 to 1
end transfer from 1 to 0
start transfer from 1 to 0
end transfer from 0 to 1
start transfer from 0 to 1
end transfer from 1 to 0
end transfer from 0 to 1
start transfer from 0 to 1
start transfer from 1 to 0
end transfer from 0 to 1
end transfer from 1 to 0
start transfer from 0 to 1
start transfer from 1 to 0
end transfer from 0 to 1
end transfer from 1 to 0
start transfer from 0 to 1
start transfer from 1 to 0
end transfer from 0 to 1
end transfer from 1 to 0
start transfer from 0 to 1
start transfer from 1 to 0
end transfer from 0 to 1
end transfer from 1 to 0
start transfer from 0 to 1
start transfer from 1 to 0
end transfer from 0 to 1
end transfer from 1 to 0
start transfer from 0 to 1
start transfer from 1 to 0
end transfer from 0 to 1
end transfer from 1 to 0
start transfer from 0 to 1
start transfer from 1 to 0
end transfer from 0 to 1
end transfer from 1 to 0
start transfer from 0 to 1
start transfer from 1 to 0
end transfer from 0 to 1
end transfer from 1 to 0
start transfer from 1 to 0
start transfer from 0 to 1
end transfer from 1 to 0
end transfer from 0 to 1
start transfer from 1 to 0
start transfer from 0 to 1
end transfer from 1 to 0
end transfer from 0 to 1
start transfer from 1 to 0
start transfer from 0 to 1
end transfer from 1 to 0
end transfer from 0 to 1
start transfer from 1 to 0
start transfer from 0 to 1
end transfer from 1 to 0
end transfer from 0 to 1
start transfer from 1 to 0
start transfer from 0 to 1
end transfer from 1 to 0
end transfer from 0 to 1
start transfer from 1 to 0
start transfer from 0 to 1
end transfer from 1 to 0
end transfer from 0 to 1
start transfer from 1 to 0
start transfer from 0 to 1
end transfer from 1 to 0
end transfer from 0 to 1
start transfer from 1 to 0
start transfer from 0 to 1
end transfer from 1 to 0
end transfer from 0 to 1
start transfer from 1 to 0
start transfer from 0 to 1
end transfer from 1 to 0
end transfer from 0 to 1
start transfer from 1 to 0
start transfer from 0 to 1
end transfer from 1 to 0
end transfer from 0 to 1
start transfer from 1 to 0
end transfer from 1 to 0
start transfer from 0 to 1
start transfer from 1 to 0
end transfer from 0 to 1
end transfer from 1 to 0
start transfer from 0 to 1
start transfer from 1 to 0
end transfer from 0 to 1
end transfer from 1 to 0
start transfer from 0 to 1
start transfer from 1 to 0
end transfer from 0 to 1
end transfer from 1 to 0
start transfer from 1 to 0
start transfer from 0 to 1
end transfer from 1 to 0
end transfer from 0 to 1
start transfer from 1 to 0
start transfer from 0 to 1
end transfer from 1 to 0
end transfer from 0 to 1
start transfer from 1 to 0
start transfer from 0 to 1
end transfer from 1 to 0
end transfer from 0 to 1
start transfer from 1 to 0
start transfer from 0 to 1
end transfer from 1 to 0
end transfer from 0 to 1
start transfer from 1 to 0
start transfer from 0 to 1
end transfer from 1 to 0
start transfer from 1 to 0
end transfer from 0 to 1
end transfer from 1 to 0
start transfer from 0 to 1
start transfer from 1 to 0
end transfer from 0 to 1
end transfer from 1 to 0
start transfer from 1 to 0
start transfer from 0 to 1
end transfer from 1 to 0
end transfer from 0 to 1
start transfer from 1 to 0
start transfer from 0 to 1
end transfer from 1 to 0
end transfer from 0 to 1
start transfer from 1 to 0
start transfer from 0 to 1
end transfer from 1 to 0
start transfer from 1 to 0
end transfer from 0 to 1
end transfer from 1 to 0
start transfer from 0 to 1
start transfer from 1 to 0
end transfer from 0 to 1
end transfer from 1 to 0
start transfer from 0 to 1
start transfer from 1 to 0
end transfer from 0 to 1
end transfer from 1 to 0
start transfer from 0 to 1
start transfer from 1 to 0
end transfer from 0 to 1
end transfer from 1 to 0
start transfer from 0 to 1
start transfer from 1 to 0
end transfer from 1 to 0
end transfer from 0 to 1
start transfer from 1 to 0
start transfer from 0 to 1
end transfer from 0 to 1
end transfer from 1 to 0
start transfer from 0 to 1
start transfer from 1 to 0
end transfer from 0 to 1
end transfer from 1 to 0
start transfer from 0 to 1
start transfer from 1 to 0
end transfer from 0 to 1
end transfer from 1 to 0
start transfer from 0 to 1
start transfer from 1 to 0
end transfer from 0 to 1
end transfer from 1 to 0
start transfer from 0 to 1
start transfer from 1 to 0
end transfer from 0 to 1
end transfer from 1 to 0
start transfer from 0 to 1
start transfer from 1 to 0
end transfer from 1 to 0
end transfer from 0 to 1
start transfer from 1 to 0
start transfer from 0 to 1
end transfer from 1 to 0
end transfer from 0 to 1
start transfer from 1 to 0
start transfer from 0 to 1
end transfer from 1 to 0
start transfer from 1 to 0
end transfer from 0 to 1
start transfer from 0 to 1
end transfer from 1 to 0
end transfer from 0 to 1
start transfer from 0 to 1
start transfer from 1 to 0
end transfer from 0 to 1
end transfer from 1 to 0
start transfer from 0 to 1
start transfer from 1 to 0
end transfer from 0 to 1
end transfer from 1 to 0
start transfer from 0 to 1
start transfer from 1 to 0
end transfer from 0 to 1
end transfer from 1 to 0
start transfer from 0 to 1
start transfer from 1 to 0
end transfer from 0 to 1
end transfer from 1 to 0
start transfer from 0 to 1
start transfer from 1 to 0
end transfer from 0 to 1
end transfer from 1 to 0
start transfer from 0 to 1
start transfer from 1 to 0
end transfer from 0 to 1
end transfer from 1 to 0
start transfer from 0 to 1
start transfer from 1 to 0
end transfer from 0 to 1
start transfer from 0 to 1
end transfer from 1 to 0
end transfer from 0 to 1
start transfer from 1 to 0
start transfer from 0 to 1
end transfer from 1 to 0
start transfer from 1 to 0
end transfer from 0 to 1
end transfer from 1 to 0
start transfer from 0 to 1
start transfer from 1 to 0
end transfer from 0 to 1
end transfer from 1 to 0
start transfer from 0 to 1
start transfer from 1 to 0
end transfer from 0 to 1
end transfer from 1 to 0
start transfer from 0 to 1
start transfer from 1 to 0
end transfer from 1 to 0
end transfer from 0 to 1
start transfer from 1 to 0
start transfer from 0 to 1
end transfer from 1 to 0
end transfer from 0 to 1
start transfer from 1 to 0
start transfer from 0 to 1
end transfer from 1 to 0
end transfer from 0 to 1
start transfer from 1 to 0
start transfer from 0 to 1
end transfer from 1 to 0
start transfer from 1 to 0
end transfer from 0 to 1
end transfer from 1 to 0
start transfer from 0 to 1
start transfer from 1 to 0
end transfer from 0 to 1
end transfer from 1 to 0
start transfer from 0 to 1
start transfer from 1 to 0
end transfer from 0 to 1
end transfer from 1 to 0
start transfer from 0 to 1
start transfer from 1 to 0
end transfer from 0 to 1
end transfer from 1 to 0
start transfer from 0 to 1
start transfer from 1 to 0
end transfer from 0 to 1
end transfer from 1 to 0
start transfer from 0 to 1
start transfer from 1 to 0
end transfer from 0 to 1
end transfer from 1 to 0
start transfer from 0 to 1
start transfer from 1 to 0
end transfer from 0 to 1
start transfer from 0 to 1
end transfer from 1 to 0
end transfer from 0 to 1
start transfer from 1 to 0
start transfer from 0 to 1
end transfer from 1 to 0
end transfer from 0 to 1
start transfer from 1 to 0
start transfer from 0 to 1
end transfer from 1 to 0
end transfer from 0 to 1
start transfer from 1 to 0
start transfer from 0 to 1
end transfer from 1 to 0
end transfer from 0 to 1
start transfer from 0 to 1
start transfer from 1 to 0
end transfer from 0 to 1
end transfer from 1 to 0
start transfer from 0 to 1
start transfer from 1 to 0
end transfer from 0 to 1
end transfer from 1 to 0
start transfer from 0 to 1
start transfer from 1 to 0
end transfer from 1 to 0
end transfer from 0 to 1
start transfer from 1 to 0
start transfer from 0 to 1
end transfer from 1 to 0
end transfer from 0 to 1
start transfer from 1 to 0
start transfer from 0 to 1
end transfer from 1 to 0
end transfer from 0 to 1
start transfer from 1 to 0
start transfer from 0 to 1
end transfer from 1 to 0
end transfer from 0 to 1
start transfer from 1 to 0
start transfer from 0 to 1
end transfer from 1 to 0
end transfer from 0 to 1
start transfer from 1 to 0
start transfer from 0 to 1
end transfer from 1 to 0
end transfer from 0 to 1
start transfer from 1 to 0
start transfer from 0 to 1
end transfer from 1 to 0
end transfer from 0 to 1
start transfer from 1 to 0
start transfer from 0 to 1
end transfer from 1 to 0
end transfer from 0 to 1
start transfer from 1 to 0
start transfer from 0 to 1
end transfer from 1 to 0
end transfer from 0 to 1
start transfer from 1 to 0
start transfer from 0 to 1
end transfer from 0 to 1
start transfer from 0 to 1
end transfer from 1 to 0
end transfer from 0 to 1
start transfer from 1 to 0
start transfer from 0 to 1
end transfer from 0 to 1
end transfer from 1 to 0
start transfer from 1 to 0
start transfer from 0 to 1
end transfer from 1 to 0
end transfer from 0 to 1
start transfer from 0 to 1
start transfer from 1 to 0
end transfer from 0 to 1
start transfer from 0 to 1
end transfer from 0 to 1
start transfer from 0 to 1
end transfer from 0 to 1
start transfer from 0 to 1
end transfer from 0 to 1
start transfer from 0 to 1
end transfer from 0 to 1
end transfer from 1 to 0
start transfer from 1 to 0
end transfer from 1 to 0
start transfer from 1 to 0
end transfer from 1 to 0
start transfer from 1 to 0
end transfer from 1 to 0
start transfer from 1 to 0
end transfer from 1 to 0
start transfer from 0 to 1
start transfer from 1 to 0
end transfer from 0 to 1
end transfer from 1 to 0
start transfer from 0 to 1
start transfer from 1 to 0
end transfer from 0 to 1
end transfer from 1 to 0
start transfer from 0 to 1
start transfer from 1 to 0
end transfer from 0 to 1
end transfer from 1 to 0
start transfer from 0 to 1
start transfer from 1 to 0
end transfer from 1 to 0
end transfer from 0 to 1
start transfer from 1 to 0
start transfer from 0 to 1
end transfer from 1 to 0
end transfer from 0 to 1
start transfer from 0 to 1
start transfer from 1 to 0
end transfer from 0 to 1
end transfer from 1 to 0
start transfer from 0 to 1
start transfer from 1 to 0
end transfer from 0 to 1
end transfer from 1 to 0
start transfer from 0 to 1
start transfer from 1 to 0
end transfer from 0 to 1
end transfer from 1 to 0
start transfer from 0 to 1
start transfer from 1 to 0
end transfer from 0 to 1
end transfer from 1 to 0
start transfer from 0 to 1
start transfer from 1 to 0
end transfer from 0 to 1
end transfer from 1 to 0
start transfer from 0 to 1
start transfer from 1 to 0
end transfer from 0 to 1
end transfer from 1 to 0
start transfer from 0 to 1
start transfer from 1 to 0
end transfer from 0 to 1
end transfer from 1 to 0
start transfer from 0 to 1
start transfer from 1 to 0
end transfer from 0 to 1
end transfer from 1 to 0
start transfer from 0 to 1
start transfer from 1 to 0
end transfer from 0 to 1
end transfer from 1 to 0
start transfer from 0 to 1
start transfer from 1 to 0
end transfer from 0 to 1
end transfer from 1 to 0
start transfer from 0 to 1
start transfer from 1 to 0
end transfer from 0 to 1
end transfer from 1 to 0
start transfer from 0 to 1
start transfer from 1 to 0
end transfer from 0 to 1
end transfer from 1 to 0
start transfer from 0 to 1
start transfer from 1 to 0
end transfer from 0 to 1
end transfer from 1 to 0
start transfer from 0 to 1
start transfer from 1 to 0
end transfer from 0 to 1
end transfer from 1 to 0
start transfer from 1 to 0
start transfer from 0 to 1
end transfer from 1 to 0
end transfer from 0 to 1
start transfer from 1 to 0
start transfer from 0 to 1
end transfer from 1 to 0
end transfer from 0 to 1
start transfer from 1 to 0
start transfer from 0 to 1
end transfer from 0 to 1
end transfer from 1 to 0
start transfer from 0 to 1
start transfer from 1 to 0
end transfer from 0 to 1
end transfer from 1 to 0
start transfer from 1 to 0
start transfer from 0 to 1
end transfer from 1 to 0
end transfer from 0 to 1
start transfer from 1 to 0
start transfer from 0 to 1
end transfer from 1 to 0
end transfer from 0 to 1
start transfer from 1 to 0
start transfer from 0 to 1
end transfer from 0 to 1
end transfer from 1 to 0
start transfer from 0 to 1
start transfer from 1 to 0
end transfer from 0 to 1
end transfer from 1 to 0
start transfer from 0 to 1
start transfer from 1 to 0
end transfer from 0 to 1
end transfer from 1 to 0
start transfer from 1 to 0
start transfer from 0 to 1
end transfer from 0 to 1
end transfer from 1 to 0
start transfer from 0 to 1
start transfer from 1 to 0
end transfer from 0 to 1
end transfer from 1 to 0
start transfer from 1 to 0
start transfer from 0 to 1
end transfer from 1 to 0
end transfer from 0 to 1
start transfer from 1 to 0
start transfer from 0 to 1
end transfer from 1 to 0
end transfer from 0 to 1
start transfer from 1 to 0
start transfer from 0 to 1
end transfer from 1 to 0
end transfer from 0 to 1
start transfer from 1 to 0
end transfer from 1 to 0
start transfer from 0 to 1
start transfer from 1 to 0
end transfer from 0 to 1
end transfer from 1 to 0
start transfer from 0 to 1
start transfer from 1 to 0
end transfer from 0 to 1
end transfer from 1 to 0
start transfer from 0 to 1
start transfer from 1 to 0
end transfer from 0 to 1
start transfer from 0 to 1
end transfer from 1 to 0
end transfer from 0 to 1
start transfer from 1 to 0
start transfer from 0 to 1
end transfer from 1 to 0
start transfer from 1 to 0
end transfer from 0 to 1
end transfer from 1 to 0
start transfer from 1 to 0
start transfer from 0 to 1
end transfer from 1 to 0
end transfer from 0 to 1
start transfer from 1 to 0
start transfer from 0 to 1
end transfer from 1 to 0
start transfer from 1 to 0
end transfer from 0 to 1
end transfer from 1 to 0
start transfer from 0 to 1
start transfer from 1 to 0
end transfer from 0 to 1
end transfer from 1 to 0
start transfer from 0 to 1
start transfer from 1 to 0
end transfer from 0 to 1
end transfer from 1 to 0
start transfer from 0 to 1
start transfer from 1 to 0
end transfer from 0 to 1
start transfer from 0 to 1
end transfer from 1 to 0
end transfer from 0 to 1
start transfer from 1 to 0
start transfer from 0 to 1
end transfer from 1 to 0
end transfer from 0 to 1
start transfer from 1 to 0
start transfer from 0 to 1
end transfer from 1 to 0
end transfer from 0 to 1
start transfer from 1 to 0
start transfer from 0 to 1
end transfer from 1 to 0
end transfer from 0 to 1
start transfer from 1 to 0
start transfer from 0 to 1
end transfer from 1 to 0
end transfer from 0 to 1
start transfer from 1 to 0
start transfer from 0 to 1
end transfer from 1 to 0
end transfer from 0 to 1
start transfer from 1 to 0
start transfer from 0 to 1
end transfer from 1 to 0
end transfer from 0 to 1
start transfer from 1 to 0
start transfer from 0 to 1
end transfer from 1 to 0
end transfer from 0 to 1
start transfer from 1 to 0
start transfer from 0 to 1
end transfer from 1 to 0
end transfer from 0 to 1
start transfer from 1 to 0
start transfer from 0 to 1
end transfer from 1 to 0
end transfer from 0 to 1
start transfer from 1 to 0
start transfer from 0 to 1
end transfer from 1 to 0
end transfer from 0 to 1
start transfer from 1 to 0
end transfer from 1 to 0
start transfer from 1 to 0
start transfer from 0 to 1
end transfer from 1 to 0
end transfer from 0 to 1
start transfer from 1 to 0
start transfer from 0 to 1
end transfer from 1 to 0
end transfer from 0 to 1
start transfer from 0 to 1
end transfer from 0 to 1
start transfer from 0 to 1
end transfer from 0 to 1
start transfer from 0 to 1
end transfer from 0 to 1
start transfer from 0 to 1
end transfer from 0 to 1
start transfer from 0 to 1
end transfer from 0 to 1
start transfer from 0 to 1
end transfer from 0 to 1
start transfer from 0 to 1
end transfer from 0 to 1
start transfer from 0 to 1
end transfer from 0 to 1
start transfer from 0 to 1
end transfer from 0 to 1
start transfer from 0 to 1
end transfer from 0 to 1
start transfer from 0 to 1
end transfer from 0 to 1
start transfer from 0 to 1
end transfer from 0 to 1
start transfer from 0 to 1
end transfer from 0 to 1
start transfer from 0 to 1
end transfer from 0 to 1
start transfer from 0 to 1
end transfer from 0 to 1
start transfer from 0 to 1
end transfer from 0 to 1
start transfer from 0 to 1
end transfer from 0 to 1
start transfer from 0 to 1
end transfer from 0 to 1
start transfer from 0 to 1
end transfer from 0 to 1
start transfer from 0 to 1
end transfer from 0 to 1
start transfer from 0 to 1
end transfer from 0 to 1
start transfer from 0 to 1
end transfer from 0 to 1
start transfer from 0 to 1
end transfer from 0 to 1
start transfer from 0 to 1
end transfer from 0 to 1
start transfer from 0 to 1
end transfer from 0 to 1
start transfer from 0 to 1
end transfer from 0 to 1
start transfer from 0 to 1
end transfer from 0 to 1
start transfer from 0 to 1
end transfer from 0 to 1
start transfer from 0 to 1
end transfer from 0 to 1
start transfer from 0 to 1
end transfer from 0 to 1
start transfer from 0 to 1
end transfer from 0 to 1
start transfer from 0 to 1
end transfer from 0 to 1
start transfer from 0 to 1
end transfer from 0 to 1
start transfer from 0 to 1
end transfer from 0 to 1
start transfer from 0 to 1
end transfer from 0 to 1
start transfer from 0 to 1
end transfer from 0 to 1
start transfer from 0 to 1
end transfer from 0 to 1
start transfer from 0 to 1
end transfer from 0 to 1
start transfer from 0 to 1
end transfer from 0 to 1
start transfer from 0 to 1
end transfer from 0 to 1
start transfer from 0 to 1
end transfer from 0 to 1
start transfer from 0 to 1
start transfer from 1 to 0
end transfer from 0 to 1
end transfer from 1 to 0
start transfer from 0 to 1
start transfer from 1 to 0
end transfer from 0 to 1
start transfer from 0 to 1
end transfer from 1 to 0
end transfer from 0 to 1
start transfer from 1 to 0
end transfer from 1 to 0
start transfer from 0 to 1
start transfer from 1 to 0
end transfer from 0 to 1
end transfer from 1 to 0
start transfer from 0 to 1
end transfer from 0 to 1
start transfer from 1 to 0
start transfer from 0 to 1
end transfer from 1 to 0
end transfer from 0 to 1
start transfer from 1 to 0
end transfer from 1 to 0
start transfer from 0 to 1
end transfer from 0 to 1
start transfer from 0 to 1
start transfer from 1 to 0
end transfer from 0 to 1
end transfer from 1 to 0
start transfer from 0 to 1
start transfer from 1 to 0
end transfer from 0 to 1
end transfer from 1 to 0
start transfer from 1 to 0
start transfer from 0 to 1
end transfer from 1 to 0
end transfer from 0 to 1
start transfer from 0 to 1
start transfer from 1 to 0
end transfer from 0 to 1
end transfer from 1 to 0
start transfer from 1 to 0
start transfer from 0 to 1
end transfer from 0 to 1
end transfer from 1 to 0
start transfer from 1 to 0
start transfer from 0 to 1
end transfer from 0 to 1
end transfer from 1 to 0
start transfer from 0 to 1
start transfer from 1 to 0
end transfer from 1 to 0
end transfer from 0 to 1
start transfer from 0 to 1
start transfer from 1 to 0
end transfer from 0 to 1
end transfer from 1 to 0
start transfer from 1 to 0
start transfer from 0 to 1
end transfer from 1 to 0
end transfer from 0 to 1
start transfer from 0 to 1
start transfer from 1 to 0
end transfer from 0 to 1
end transfer from 1 to 0
start transfer from 1 to 0
start transfer from 0 to 1
end transfer from 0 to 1
end transfer from 1 to 0
start transfer from 0 to 1
end transfer from 0 to 1
start transfer from 1 to 0
start transfer from 0 to 1
end transfer from 1 to 0
end transfer from 0 to 1
start transfer from 1 to 0
end transfer from 1 to 0
start transfer from 0 to 1
end transfer from 0 to 1
start transfer from 1 to 0
end transfer from 1 to 0
start transfer from 0 to 1
start transfer from 1 to 0
end transfer from 1 to 0
end transfer from 0 to 1
start transfer from 0 to 1
start transfer from 1 to 0
end transfer from 0 to 1
end transfer from 1 to 0
start transfer from 1 to 0
start transfer from 0 to 1
end transfer from 0 to 1
end transfer from 1 to 0
start transfer from 0 to 1
start transfer from 1 to 0
end transfer from 1 to 0
end transfer from 0 to 1
start transfer from 1 to 0
start transfer from 0 to 1
end transfer from 0 to 1
end transfer from 1 to 0
start transfer from 0 to 1
start transfer from 1 to 0
end transfer from 0 to 1
end transfer from 1 to 0
start transfer from 1 to 0
start transfer from 0 to 1
end transfer from 1 to 0
end transfer from 0 to 1
start transfer from 0 to 1
start transfer from 1 to 0
end transfer from 0 to 1
end transfer from 1 to 0
start transfer from 1 to 0
start transfer from 0 to 1
end transfer from 0 to 1
end transfer from 1 to 0
start transfer from 0 to 1
start transfer from 1 to 0
end transfer from 0 to 1
end transfer from 1 to 0
start transfer from 0 to 1
start transfer from 1 to 0
end transfer from 1 to 0
end transfer from 0 to 1
start transfer from 0 to 1
start transfer from 1 to 0
end transfer from 0 to 1
end transfer from 1 to 0
start transfer from 1 to 0
start transfer from 0 to 1
end transfer from 1 to 0
end transfer from 0 to 1
start transfer from 1 to 0
start transfer from 0 to 1
end transfer from 0 to 1
end transfer from 1 to 0
start transfer from 0 to 1
start transfer from 1 to 0
end transfer from 0 to 1
end transfer from 1 to 0
start transfer from 0 to 1
start transfer from 1 to 0
end transfer from 1 to 0
end transfer from 0 to 1
start transfer from 0 to 1
start transfer from 1 to 0
end transfer from 1 to 0
end transfer from 0 to 1
start transfer from 0 to 1
start transfer from 1 to 0
end transfer from 0 to 1
end transfer from 1 to 0
start transfer from 0 to 1
start transfer from 1 to 0
end transfer from 0 to 1
end transfer from 1 to 0
start transfer from 0 to 1
start transfer from 1 to 0
end transfer from 0 to 1
start transfer from 0 to 1
end transfer from 1 to 0
end transfer from 0 to 1
start transfer from 1 to 0
start transfer from 0 to 1
end transfer from 1 to 0
end transfer from 0 to 1
start transfer from 0 to 1
end transfer from 0 to 1
start transfer from 0 to 1
end transfer from 0 to 1
start transfer from 0 to 1
end transfer from 0 to 1
start transfer from 0 to 1
start transfer from 1 to 0
end transfer from 0 to 1
start transfer from 0 to 1
end transfer from 1 to 0
end transfer from 0 to 1
start transfer from 1 to 0
start transfer from 0 to 1
end transfer from 1 to 0
start transfer from 1 to 0
end transfer from 0 to 1
end transfer from 1 to 0
start transfer from 0 to 1
start transfer from 1 to 0
end transfer from 0 to 1
end transfer from 1 to 0
start transfer from 0 to 1
start transfer from 1 to 0
end transfer from 0 to 1
start transfer from 0 to 1
end transfer from 1 to 0
end transfer from 0 to 1
start transfer from 1 to 0
start transfer from 0 to 1
end transfer from 1 to 0
end transfer from 0 to 1
start transfer from 1 to 0
end transfer from 1 to 0
start transfer from 0 to 1
end transfer from 0 to 1
start transfer from 1 to 0
start transfer from 0 to 1
end transfer from 1 to 0
end transfer from 0 to 1
start transfer from 1 to 0
start transfer from 0 to 1
end transfer from 0 to 1
end transfer from 1 to 0
start transfer from 0 to 1
end transfer from 0 to 1
start transfer from 0 to 1
start transfer from 1 to 0
end transfer from 0 to 1
start transfer from 0 to 1
end transfer from 1 to 0
end transfer from 0 to 1
start transfer from 1 to 0
start transfer from 0 to 1
end transfer from 1 to 0
end transfer from 0 to 1
start transfer from 1 to 0
start transfer from 0 to 1
end transfer from 1 to 0
end transfer from 0 to 1
start transfer from 1 to 0
start transfer from 0 to 1
end transfer from 1 to 0
end transfer from 0 to 1
start transfer from 1 to 0
start transfer from 0 to 1
end transfer from 1 to 0
end transfer from 0 to 1
start transfer from 1 to 0
start transfer from 0 to 1
end transfer from 1 to 0
end transfer from 0 to 1
start transfer from 1 to 0
start transfer from 0 to 1
end transfer from 1 to 0
end transfer from 0 to 1
start transfer from 1 to 0
start transfer from 0 to 1
end transfer from 1 to 0
end transfer from 0 to 1
start transfer from 1 to 0
start transfer from 0 to 1
end transfer from 1 to 0
end transfer from 0 to 1
start transfer from 1 to 0
start transfer from 0 to 1
end transfer from 1 to 0
end transfer from 0 to 1
start transfer from 1 to 0
start transfer from 0 to 1
end transfer from 1 to 0
end transfer from 0 to 1
start transfer from 1 to 0
start transfer from 0 to 1
end transfer from 1 to 0
end transfer from 0 to 1
start transfer from 1 to 0
start transfer from 0 to 1
end transfer from 1 to 0
end transfer from 0 to 1
start transfer from 1 to 0
start transfer from 0 to 1
end transfer from 1 to 0
end transfer from 0 to 1
start transfer from 1 to 0
start transfer from 0 to 1
end transfer from 1 to 0
end transfer from 0 to 1
start transfer from 1 to 0
start transfer from 0 to 1
end transfer from 1 to 0
end transfer from 0 to 1
start transfer from 1 to 0
start transfer from 0 to 1
end transfer from 1 to 0
end transfer from 0 to 1
start transfer from 1 to 0
start transfer from 0 to 1
end transfer from 1 to 0
end transfer from 0 to 1
start transfer from 1 to 0
end transfer from 1 to 0
start transfer from 1 to 0
end transfer from 1 to 0
start transfer from 0 to 1
start transfer from 1 to 0
end transfer from 0 to 1
end transfer from 1 to 0
start transfer from 0 to 1
end transfer from 0 to 1
start transfer from 1 to 0
start transfer from 0 to 1
end transfer from 1 to 0
start transfer from 1 to 0
end transfer from 0 to 1
start transfer from 0 to 1
end transfer from 1 to 0
end transfer from 0 to 1
start transfer from 0 to 1
start transfer from 1 to 0
end transfer from 0 to 1
end transfer from 1 to 0
start transfer from 0 to 1
end transfer from 0 to 1
start transfer from 1 to 0
start transfer from 0 to 1
end transfer from 1 to 0
end transfer from 0 to 1
start transfer from 0 to 1
start transfer from 1 to 0
end transfer from 0 to 1
start transfer from 0 to 1
end transfer from 1 to 0
end transfer from 0 to 1
start transfer from 1 to 0
start transfer from 0 to 1
end transfer from 1 to 0
end transfer from 0 to 1
start transfer from 1 to 0
start transfer from 0 to 1
end transfer from 0 to 1
end transfer from 1 to 0
start transfer from 0 to 1
end transfer from 0 to 1
start transfer from 1 to 0
start transfer from 0 to 1
end transfer from 1 to 0
end transfer from 0 to 1
start transfer from 0 to 1
start transfer from 1 to 0
end transfer from 0 to 1
start transfer from 0 to 1
end transfer from 1 to 0
end transfer from 0 to 1
start transfer from 1 to 0
start transfer from 0 to 1
end transfer from 0 to 1
end transfer from 1 to 0
start transfer from 0 to 1
start transfer from 1 to 0
end transfer from 0 to 1
start transfer from 0 to 1
end transfer from 0 to 1
end transfer from 1 to 0
start transfer from 0 to 1
start transfer from 1 to 0
end transfer from 0 to 1
start transfer from 0 to 1
end transfer from 1 to 0
end transfer from 0 to 1
start transfer from 0 to 1
start transfer from 1 to 0
end transfer from 0 to 1
end transfer from 1 to 0
start transfer from 1 to 0
start transfer from 0 to 1
end transfer from 1 to 0
start transfer from 1 to 0
end transfer from 0 to 1
end transfer from 1 to 0
start transfer from 0 to 1
start transfer from 1 to 0
end transfer from 1 to 0
start transfer from 1 to 0
end transfer from 1 to 0
start transfer from 1 to 0
end transfer from 1 to 0
start transfer from 1 to 0
end transfer from 1 to 0
start transfer from 1 to 0
end transfer from 1 to 0
start transfer from 1 to 0
end transfer from 1 to 0
start transfer from 1 to 0
end transfer from 1 to 0
start transfer from 1 to 0
end transfer from 1 to 0
start transfer from 1 to 0
end transfer from 1 to 0
start transfer from 1 to 0
end transfer from 1 to 0
start transfer from 1 to 0
end transfer from 1 to 0
start transfer from 1 to 0
end transfer from 1 to 0
start transfer from 1 to 0
end transfer from 1 to 0
start transfer from 1 to 0
end transfer from 1 to 0
start transfer from 1 to 0
end transfer from 1 to 0
start transfer from 1 to 0
end transfer from 0 to 1
end transfer from 1 to 0
start transfer from 0 to 1
start transfer from 1 to 0
end transfer from 0 to 1
end transfer from 1 to 0
start transfer from 0 to 1
start transfer from 1 to 0
end transfer from 0 to 1
start transfer from 0 to 1
end transfer from 1 to 0
end transfer from 0 to 1
start transfer from 1 to 0
end transfer from 1 to 0
start transfer from 0 to 1
start transfer from 1 to 0
end transfer from 0 to 1
start transfer from 0 to 1
end transfer from 1 to 0
start transfer from 1 to 0
end transfer from 0 to 1
end transfer from 1 to 0
start transfer from 0 to 1
start transfer from 1 to 0
end transfer from 0 to 1
start transfer from 0 to 1
end transfer from 1 to 0
start transfer from 1 to 0
end transfer from 0 to 1
start transfer from 0 to 1
end transfer from 1 to 0
start transfer from 1 to 0
end transfer from 0 to 1
end transfer from 1 to 0
start transfer from 0 to 1
start transfer from 1 to 0
end transfer from 0 to 1
end transfer from 1 to 0
start transfer from 0 to 1
end transfer from 0 to 1
start transfer from 1 to 0
start transfer from 0 to 1
end transfer from 1 to 0
end transfer from 0 to 1
start transfer from 1 to 0
end transfer from 1 to 0
start transfer from 0 to 1
start transfer from 1 to 0
end transfer from 0 to 1
end transfer from 1 to 0
start transfer from 0 to 1
start transfer from 1 to 0
end transfer from 0 to 1
start transfer from 0 to 1
end transfer from 1 to 0
end transfer from 0 to 1
start transfer from 1 to 0
end transfer from 1 to 0
start transfer from 0 to 1
start transfer from 1 to 0
end transfer from 0 to 1
start transfer from 0 to 1
end transfer from 1 to 0
start transfer from 1 to 0
end transfer from 0 to 1
end transfer from 1 to 0
start transfer from 0 to 1
start transfer from 1 to 0
end transfer from 0 to 1
end transfer from 1 to 0
start transfer from 0 to 1
start transfer from 1 to 0
end transfer from 0 to 1
start transfer from 0 to 1
end transfer from 1 to 0
start transfer from 1 to 0
end transfer from 0 to 1
end transfer from 1 to 0
start transfer from 1 to 0
start transfer from 0 to 1
end transfer from 1 to 0
end transfer from 0 to 1
start transfer from 1 to 0
start transfer from 0 to 1
end transfer from 0 to 1
end transfer from 1 to 0
start transfer from 0 to 1
start transfer from 1 to 0
end transfer from 0 to 1
end transfer from 1 to 0
start transfer from 0 to 1
start transfer from 1 to 0
end transfer from 0 to 1
end transfer from 1 to 0
start transfer from 0 to 1
start transfer from 1 to 0
end transfer from 1 to 0
end transfer from 0 to 1
start transfer from 1 to 0
start transfer from 0 to 1
end transfer from 0 to 1
end transfer from 1 to 0
start transfer from 1 to 0
start transfer from 0 to 1
end transfer from 1 to 0
end transfer from 0 to 1
start transfer from 1 to 0
start transfer from 0 to 1
end transfer from 1 to 0
end transfer from 0 to 1
start transfer from 1 to 0
start transfer from 0 to 1
end transfer from 1 to 0
end transfer from 0 to 1
start transfer from 1 to 0
start transfer from 0 to 1
end transfer from 0 to 1
end transfer from 1 to 0
start transfer from 0 to 1
start transfer from 1 to 0
end transfer from 0 to 1
end transfer from 1 to 0
start transfer from 0 to 1
start transfer from 1 to 0
end transfer from 0 to 1
end transfer from 1 to 0
start transfer from 0 to 1
start transfer from 1 to 0
end transfer from 1 to 0
end transfer from 0 to 1
start transfer from 1 to 0
start transfer from 0 to 1
end transfer from 0 to 1
end transfer from 1 to 0
start transfer from 0 to 1
start transfer from 1 to 0
end transfer from 0 to 1
end transfer from 1 to 0
start transfer from 1 to 0
start transfer from 0 to 1
end transfer from 1 to 0
end transfer from 0 to 1
start transfer from 0 to 1
start transfer from 1 to 0
end transfer from 0 to 1
end transfer from 1 to 0
start transfer from 0 to 1
start transfer from 1 to 0
end transfer from 1 to 0
end transfer from 0 to 1
start transfer from 1 to 0
start transfer from 0 to 1
end transfer from 0 to 1
end transfer from 1 to 0
start transfer from 0 to 1
start transfer from 1 to 0
end transfer from 0 to 1
end transfer from 1 to 0
start transfer from 1 to 0
start transfer from 0 to 1
end transfer from 1 to 0
start transfer from 1 to 0
end transfer from 0 to 1
start transfer from 0 to 1
end transfer from 1 to 0
end transfer from 0 to 1
start transfer from 1 to 0
start transfer from 0 to 1
end transfer from 1 to 0
start transfer from 1 to 0
end transfer from 0 to 1
start transfer from 0 to 1
end transfer from 1 to 0
start transfer from 1 to 0
end transfer from 0 to 1
end transfer from 1 to 0
start transfer from 0 to 1
start transfer from 1 to 0
end transfer from 0 to 1
start transfer from 0 to 1
end transfer from 1 to 0
start transfer from 1 to 0
end transfer from 0 to 1
end transfer from 1 to 0
start transfer from 0 to 1
end transfer from 0 to 1
start transfer from 1 to 0
end transfer from 1 to 0
start transfer from 0 to 1
start transfer from 1 to 0
end transfer from 0 to 1
start transfer from 0 to 1
end transfer from 1 to 0
start transfer from 1 to 0
end transfer from 0 to 1
start transfer from 0 to 1
end transfer from 1 to 0
end transfer from 0 to 1
start transfer from 1 to 0
end transfer from 1 to 0
start transfer from 0 to 1
start transfer from 1 to 0
end transfer from 0 to 1
end transfer from 1 to 0
start transfer from 0 to 1
start transfer from 1 to 0
end transfer from 0 to 1
end transfer from 1 to 0
start transfer from 1 to 0
start transfer from 0 to 1
end transfer from 1 to 0
end transfer from 0 to 1
start transfer from 0 to 1
start transfer from 1 to 0
end transfer from 1 to 0
end transfer from 0 to 1
start transfer from 1 to 0
start transfer from 0 to 1
end transfer from 0 to 1
end transfer from 1 to 0
start transfer from 0 to 1
start transfer from 1 to 0
end transfer from 1 to 0
end transfer from 0 to 1
start transfer from 0 to 1
start transfer from 1 to 0
end transfer from 1 to 0
end transfer from 0 to 1
start transfer from 0 to 1
start transfer from 1 to 0
end transfer from 1 to 0
end transfer from 0 to 1
start transfer from 1 to 0
start transfer from 0 to 1
end transfer from 1 to 0
end transfer from 0 to 1
start transfer from 0 to 1
start transfer from 1 to 0
end transfer from 1 to 0
end transfer from 0 to 1
start transfer from 1 to 0
start transfer from 0 to 1
end transfer from 1 to 0
end transfer from 0 to 1
start transfer from 0 to 1
start transfer from 1 to 0
end transfer from 1 to 0
end transfer from 0 to 1
start transfer from 1 to 0
start transfer from 0 to 1
end transfer from 1 to 0
end transfer from 0 to 1
start transfer from 0 to 1
start transfer from 1 to 0
end transfer from 0 to 1
end transfer from 1 to 0
start transfer from 0 to 1
start transfer from 1 to 0
end transfer from 0 to 1
end transfer from 1 to 0
start transfer from 1 to 0
start transfer from 0 to 1
end transfer from 1 to 0
end transfer from 0 to 1
start transfer from 1 to 0
start transfer from 0 to 1
end transfer from 1 to 0
end transfer from 0 to 1
start transfer from 1 to 0
start transfer from 0 to 1
end transfer from 1 to 0
start transfer from 1 to 0
end transfer from 0 to 1
end transfer from 1 to 0
start transfer from 0 to 1
end transfer from 0 to 1
start transfer from 1 to 0
end transfer from 1 to 0
start transfer from 0 to 1
start transfer from 1 to 0
end transfer from 0 to 1
end transfer from 1 to 0
start transfer from 0 to 1
start transfer from 1 to 0
end transfer from 0 to 1
end transfer from 1 to 0
start transfer from 0 to 1
end transfer from 0 to 1
start transfer from 1 to 0
start transfer from 0 to 1
end transfer from 1 to 0
end transfer from 0 to 1
start transfer from 1 to 0
start transfer from 0 to 1
end transfer from 1 to 0
end transfer from 0 to 1
start transfer from 1 to 0
start transfer from 0 to 1
end transfer from 1 to 0
end transfer from 0 to 1
start transfer from 1 to 0
start transfer from 0 to 1
end transfer from 1 to 0
end transfer from 0 to 1
start transfer from 1 to 0
end transfer from 1 to 0
start transfer from 0 to 1
start transfer from 1 to 0
end transfer from 0 to 1
end transfer from 1 to 0
start transfer from 0 to 1
start transfer from 1 to 0
end transfer from 0 to 1
end transfer from 1 to 0
start transfer from 0 to 1
end transfer from 0 to 1
start transfer from 1 to 0
end transfer from 1 to 0
start transfer from 0 to 1
start transfer from 1 to 0
end transfer from 0 to 1
end transfer from 1 to 0
start transfer from 0 to 1
start transfer from 1 to 0
end transfer from 1 to 0
end transfer from 0 to 1
start transfer from 1 to 0
start transfer from 0 to 1
end transfer from 1 to 0
end transfer from 0 to 1
start transfer from 1 to 0
start transfer from 0 to 1
end transfer from 1 to 0
end transfer from 0 to 1
start transfer from 1 to 0
start transfer from 0 to 1
end transfer from 1 to 0
end transfer from 0 to 1
start transfer from 1 to 0
start transfer from 0 to 1
end transfer from 1 to 0
end transfer from 0 to 1
start transfer from 1 to 0
start transfer from 0 to 1
end transfer from 1 to 0
end transfer from 0 to 1
start transfer from 1 to 0
start transfer from 0 to 1
end transfer from 1 to 0
end transfer from 0 to 1
start transfer from 1 to 0
start transfer from 0 to 1
end transfer from 1 to 0
end transfer from 0 to 1
start transfer from 1 to 0
start transfer from 0 to 1
end transfer from 1 to 0
end transfer from 0 to 1
start transfer from 1 to 0
start transfer from 0 to 1
end transfer from 0 to 1
end transfer from 1 to 0
start transfer from 0 to 1
start transfer from 1 to 0
end transfer from 0 to 1
end transfer from 1 to 0
start transfer from 0 to 1
start transfer from 1 to 0
end transfer from 0 to 1
end transfer from 1 to 0
start transfer from 0 to 1
start transfer from 1 to 0
end transfer from 0 to 1
end transfer from 1 to 0
start transfer from 0 to 1
start transfer from 1 to 0
end transfer from 0 to 1
end transfer from 1 to 0
start transfer from 0 to 1
start transfer from 1 to 0
end transfer from 0 to 1
end transfer from 1 to 0
start transfer from 0 to 1
start transfer from 1 to 0
end transfer from 0 to 1
end transfer from 1 to 0
start transfer from 0 to 1
start transfer from 1 to 0
end transfer from 0 to 1
end transfer from 1 to 0
start transfer from 0 to 1
start transfer from 1 to 0
end transfer from 0 to 1
end transfer from 1 to 0
start transfer from 0 to 1
start transfer from 1 to 0
end transfer from 0 to 1
end transfer from 1 to 0
start transfer from 0 to 1
start transfer from 1 to 0
end transfer from 0 to 1
end transfer from 1 to 0
start transfer from 0 to 1
start transfer from 1 to 0
end transfer from 0 to 1
end transfer from 1 to 0
start transfer from 0 to 1
start transfer from 1 to 0
end transfer from 0 to 1
end transfer from 1 to 0
start transfer from 0 to 1
start transfer from 1 to 0
end transfer from 0 to 1
end transfer from 1 to 0
start transfer from 0 to 1
start transfer from 1 to 0
end transfer from 0 to 1
end transfer from 1 to 0
start transfer from 1 to 0
end transfer from 1 to 0
start transfer from 1 to 0
end transfer from 1 to 0
start transfer from 1 to 0
end transfer from 1 to 0
start transfer from 1 to 0
end transfer from 1 to 0
start transfer from 1 to 0
end transfer from 1 to 0
start transfer from 1 to 0
end transfer from 1 to 0
start transfer from 1 to 0
start transfer from 0 to 1
end transfer from 1 to 0
end transfer from 0 to 1
start transfer from 0 to 1
end transfer from 0 to 1
start transfer from 0 to 1
end transfer from 0 to 1
start transfer from 0 to 1
end transfer from 0 to 1
start transfer from 0 to 1
end transfer from 0 to 1
start transfer from 0 to 1
end transfer from 0 to 1
start transfer from 0 to 1
end transfer from 0 to 1
start transfer from 0 to 1
end transfer from 0 to 1
start transfer from 0 to 1
end transfer from 0 to 1
start transfer from 0 to 1
end transfer from 0 to 1
start transfer from 0 to 1
end transfer from 0 to 1
start transfer from 0 to 1
end transfer from 0 to 1
start transfer from 0 to 1
end transfer from 0 to 1
start transfer from 0 to 1
end transfer from 0 to 1
start transfer from 0 to 1
end transfer from 0 to 1
start transfer from 0 to 1
start transfer from 1 to 0
end transfer from 0 to 1
end transfer from 1 to 0
start transfer from 1 to 0
start transfer from 0 to 1
end transfer from 0 to 1
end transfer from 1 to 0
start transfer from 1 to 0
start transfer from 0 to 1
end transfer from 1 to 0
end transfer from 0 to 1
start transfer from 1 to 0
start transfer from 0 to 1
end transfer from 0 to 1
end transfer from 1 to 0
start transfer from 1 to 0
start transfer from 0 to 1
end transfer from 0 to 1
end transfer from 1 to 0
start transfer from 0 to 1
end transfer from 0 to 1
start transfer from 0 to 1
end transfer from 0 to 1
start transfer from 1 to 0
start transfer from 0 to 1
end transfer from 1 to 0
start transfer from 1 to 0
end transfer from 0 to 1
start transfer from 0 to 1
end transfer from 1 to 0
start transfer from 1 to 0
end transfer from 0 to 1
end transfer from 1 to 0
start transfer from 1 to 0
end transfer from 1 to 0
start transfer from 1 to 0
end transfer from 1 to 0
start transfer from 1 to 0
end transfer from 1 to 0
start transfer from 1 to 0
end transfer from 1 to 0
start transfer from 1 to 0
end transfer from 1 to 0
start transfer from 1 to 0
end transfer from 1 to 0
start transfer from 1 to 0
end transfer from 1 to 0
start transfer from 1 to 0
end transfer from 1 to 0
start transfer from 1 to 0
end transfer from 1 to 0
start transfer from 1 to 0
end transfer from 1 to 0
start transfer from 1 to 0
end transfer from 1 to 0
start transfer from 1 to 0
end transfer from 1 to 0
start transfer from 1 to 0
end transfer from 1 to 0
start transfer from 1 to 0
end transfer from 1 to 0
start transfer from 1 to 0
end transfer from 1 to 0
start transfer from 1 to 0
end transfer from 1 to 0
start transfer from 1 to 0
end transfer from 1 to 0
start transfer from 0 to 1
start transfer from 1 to 0
end transfer from 1 to 0
end transfer from 0 to 1
start transfer from 1 to 0
end transfer from 1 to 0
start transfer from 0 to 1
start transfer from 1 to 0
end transfer from 0 to 1
end transfer from 1 to 0
start transfer from 0 to 1
start transfer from 1 to 0
end transfer from 0 to 1
end transfer from 1 to 0
start transfer from 0 to 1
start transfer from 1 to 0
end transfer from 0 to 1
end transfer from 1 to 0
start transfer from 0 to 1
start transfer from 1 to 0
end transfer from 0 to 1
end transfer from 1 to 0
start transfer from 0 to 1
start transfer from 1 to 0
end transfer from 0 to 1
end transfer from 1 to 0
start transfer from 0 to 1
start transfer from 1 to 0
end transfer from 0 to 1
end transfer from 1 to 0
start transfer from 0 to 1
start transfer from 1 to 0
end transfer from 0 to 1
end transfer from 1 to 0
start transfer from 0 to 1
start transfer from 1 to 0
end transfer from 0 to 1
end transfer from 1 to 0
start transfer from 0 to 1
start transfer from 1 to 0
end transfer from 0 to 1
end transfer from 1 to 0
start transfer from 0 to 1
start transfer from 1 to 0
end transfer from 0 to 1
end transfer from 1 to 0
start transfer from 0 to 1
start transfer from 1 to 0
end transfer from 1 to 0
end transfer from 0 to 1
start transfer from 1 to 0
start transfer from 0 to 1
end transfer from 1 to 0
end transfer from 0 to 1
start transfer from 1 to 0
start transfer from 0 to 1
end transfer from 1 to 0
start transfer from 1 to 0
end transfer from 0 to 1
end transfer from 1 to 0
start transfer from 0 to 1
start transfer from 1 to 0
end transfer from 0 to 1
end transfer from 1 to 0
start transfer from 0 to 1
start transfer from 1 to 0
end transfer from 0 to 1
end transfer from 1 to 0
start transfer from 0 to 1
start transfer from 1 to 0
end transfer from 1 to 0
end transfer from 0 to 1
start transfer from 1 to 0
end transfer from 1 to 0
start transfer from 0 to 1
start transfer from 1 to 0
end transfer from 1 to 0
end transfer from 0 to 1
start transfer from 1 to 0
start transfer from 0 to 1
end transfer from 1 to 0
end transfer from 0 to 1
start transfer from 0 to 1
start transfer from 1 to 0
end transfer from 0 to 1
start transfer from 0 to 1
end transfer from 1 to 0
end transfer from 0 to 1
start transfer from 0 to 1
start transfer from 1 to 0
end transfer from 0 to 1
end transfer from 1 to 0
start transfer from 0 to 1
end transfer from 0 to 1
start transfer from 1 to 0
start transfer from 0 to 1
end transfer from 1 to 0
end transfer from 0 to 1
start transfer from 1 to 0
start transfer from 0 to 1
end transfer from 0 to 1
end transfer from 1 to 0
start transfer from 0 to 1
end transfer from 0 to 1
start transfer from 1 to 0
start transfer from 0 to 1
end transfer from 1 to 0
end transfer from 0 to 1
start transfer from 1 to 0
start transfer from 0 to 1
end transfer from 0 to 1
end transfer from 1 to 0
start transfer from 0 to 1
start transfer from 1 to 0
end transfer from 0 to 1
end transfer from 1 to 0
start transfer from 0 to 1
end transfer from 0 to 1
start transfer from 1 to 0
start transfer from 0 to 1
end transfer from 1 to 0
start transfer from 1 to 0
end transfer from 0 to 1
end transfer from 1 to 0
start transfer from 0 to 1
end transfer from 0 to 1
start transfer from 0 to 1
start transfer from 1 to 0
end transfer from 0 to 1
end transfer from 1 to 0
start transfer from 0 to 1
start transfer from 1 to 0
end transfer from 0 to 1
start transfer from 0 to 1
end transfer from 1 to 0
end transfer from 0 to 1
start transfer from 1 to 0
start transfer from 0 to 1
end transfer from 1 to 0
end transfer from 0 to 1
start transfer from 0 to 1
start transfer from 1 to 0
end transfer from 0 to 1
end transfer from 1 to 0
start transfer from 0 to 1
start transfer from 1 to 0
end transfer from 0 to 1
end transfer from 1 to 0
start transfer from 0 to 1
end transfer from 0 to 1
start transfer from 1 to 0
start transfer from 0 to 1
end transfer from 0 to 1
end transfer from 1 to 0
start transfer from 0 to 1
start transfer from 1 to 0
end transfer from 0 to 1
start transfer from 0 to 1
end transfer from 1 to 0
end transfer from 0 to 1
start transfer from 1 to 0
start transfer from 0 to 1
end transfer from 0 to 1
end transfer from 1 to 0
start transfer from 0 to 1
start transfer from 1 to 0
end transfer from 0 to 1
end transfer from 1 to 0
start transfer from 0 to 1
end transfer from 0 to 1
start transfer from 1 to 0
start transfer from 0 to 1
end transfer from 1 to 0
end transfer from 0 to 1
start transfer from 0 to 1
start transfer from 1 to 0
end transfer from 0 to 1
start transfer from 0 to 1
end transfer from 1 to 0
end transfer from 0 to 1
start transfer from 1 to 0
start transfer from 0 to 1
end transfer from 1 to 0
end transfer from 0 to 1
start transfer from 0 to 1
start transfer from 1 to 0
end transfer from 0 to 1
start transfer from 0 to 1
end transfer from 1 to 0
end transfer from 0 to 1
start transfer from 1 to 0
start transfer from 0 to 1
end transfer from 1 to 0
end transfer from 0 to 1
start transfer from 1 to 0
start transfer from 0 to 1
end transfer from 1 to 0
end transfer from 0 to 1
start transfer from 1 to 0
start transfer from 0 to 1
end transfer from 0 to 1
end transfer from 1 to 0
start transfer from 0 to 1
end transfer from 0 to 1
start transfer from 1 to 0
start transfer from 0 to 1
end transfer from 1 to 0
end transfer from 0 to 1
start transfer from 1 to 0
start transfer from 0 to 1
end transfer from 1 to 0
end transfer from 0 to 1
start transfer from 1 to 0
end transfer from 1 to 0
start transfer from 0 to 1
end transfer from 0 to 1
start transfer from 0 to 1
start transfer from 1 to 0
end transfer from 0 to 1
end transfer from 1 to 0
start transfer from 0 to 1
start transfer from 1 to 0
end transfer from 0 to 1
end transfer from 1 to 0
start transfer from 0 to 1
start transfer from 1 to 0
end transfer from 0 to 1
end transfer from 1 to 0
start transfer from 0 to 1
start transfer from 1 to 0
end transfer from 0 to 1
end transfer from 1 to 0
start transfer from 0 to 1
start transfer from 1 to 0
end transfer from 0 to 1
end transfer from 1 to 0
start transfer from 0 to 1
start transfer from 1 to 0
end transfer from 0 to 1
end transfer from 1 to 0
start transfer from 0 to 1
start transfer from 1 to 0
end transfer from 0 to 1
end transfer from 1 to 0
start transfer from 0 to 1
start transfer from 1 to 0
end transfer from 0 to 1
end transfer from 1 to 0
start transfer from 0 to 1
start transfer from 1 to 0
end transfer from 0 to 1
end transfer from 1 to 0
start transfer from 0 to 1
start transfer from 1 to 0
end transfer from 0 to 1
end transfer from 1 to 0
start transfer from 0 to 1
start transfer from 1 to 0
end transfer from 0 to 1
end transfer from 1 to 0
start transfer from 0 to 1
start transfer from 1 to 0
end transfer from 0 to 1
end transfer from 1 to 0
start transfer from 0 to 1
start transfer from 1 to 0
end transfer from 0 to 1
end transfer from 1 to 0
start transfer from 0 to 1
start transfer from 1 to 0
end transfer from 0 to 1
end transfer from 1 to 0
start transfer from 0 to 1
start transfer from 1 to 0
end transfer from 0 to 1
end transfer from 1 to 0
start transfer from 0 to 1
start transfer from 1 to 0
end transfer from 0 to 1
end transfer from 1 to 0
start transfer from 0 to 1
start transfer from 1 to 0
end transfer from 0 to 1
end transfer from 1 to 0
start transfer from 0 to 1
start transfer from 1 to 0
end transfer from 0 to 1
end transfer from 1 to 0
start transfer from 0 to 1
start transfer from 1 to 0
end transfer from 0 to 1
end transfer from 1 to 0
start transfer from 0 to 1
start transfer from 1 to 0
end transfer from 0 to 1
start transfer from 0 to 1
end transfer from 1 to 0
end transfer from 0 to 1
start transfer from 1 to 0
start transfer from 0 to 1
end transfer from 0 to 1
end transfer from 1 to 0
start transfer from 0 to 1
start transfer from 1 to 0
end transfer from 1 to 0
start transfer from 1 to 0
end transfer from 0 to 1
end transfer from 1 to 0
start transfer from 0 to 1
start transfer from 1 to 0
end transfer from 0 to 1
end transfer from 1 to 0
start transfer from 0 to 1
start transfer from 1 to 0
end transfer from 0 to 1
end transfer from 1 to 0
start transfer from 0 to 1
start transfer from 1 to 0
end transfer from 0 to 1
end transfer from 1 to 0
start transfer from 0 to 1
start transfer from 1 to 0
end transfer from 0 to 1
end transfer from 1 to 0
start transfer from 0 to 1
start transfer from 1 to 0
end transfer from 0 to 1
end transfer from 1 to 0
start transfer from 0 to 1
start transfer from 1 to 0
end transfer from 0 to 1
end transfer from 1 to 0
start transfer from 0 to 1
start transfer from 1 to 0
end transfer from 0 to 1
end transfer from 1 to 0
start transfer from 0 to 1
start transfer from 1 to 0
end transfer from 1 to 0
start transfer from 1 to 0
end transfer from 0 to 1
end transfer from 1 to 0
start transfer from 0 to 1
start transfer from 1 to 0
end transfer from 0 to 1
end transfer from 1 to 0
start transfer from 0 to 1
start transfer from 1 to 0
end transfer from 0 to 1
end transfer from 1 to 0
start transfer from 0 to 1
start transfer from 1 to 0
end transfer from 0 to 1
end transfer from 1 to 0
start transfer from 0 to 1
start transfer from 1 to 0
end transfer from 0 to 1
end transfer from 1 to 0
start transfer from 0 to 1
start transfer from 1 to 0
end transfer from 0 to 1
end transfer from 1 to 0
start transfer from 0 to 1
start transfer from 1 to 0
end transfer from 1 to 0
start transfer from 1 to 0
end transfer from 1 to 0
end transfer from 0 to 1
start transfer from 1 to 0
start transfer from 0 to 1
end transfer from 1 to 0
end transfer from 0 to 1
start transfer from 1 to 0
start transfer from 0 to 1
end transfer from 1 to 0
end transfer from 0 to 1
start transfer from 1 to 0
start transfer from 0 to 1
end transfer from 1 to 0
end transfer from 0 to 1
start transfer from 1 to 0
start transfer from 0 to 1
end transfer from 0 to 1
end transfer from 1 to 0
start transfer from 0 to 1
start transfer from 1 to 0
end transfer from 0 to 1
end transfer from 1 to 0
start transfer from 0 to 1
start transfer from 1 to 0
end transfer from 0 to 1
end transfer from 1 to 0
start transfer from 0 to 1
start transfer from 1 to 0
end transfer from 0 to 1
end transfer from 1 to 0
start transfer from 0 to 1
start transfer from 1 to 0
end transfer from 0 to 1
end transfer from 1 to 0
start transfer from 0 to 1
start transfer from 1 to 0
end transfer from 0 to 1
end transfer from 1 to 0
start transfer from 0 to 1
start transfer from 1 to 0
end transfer from 0 to 1
end transfer from 1 to 0
start transfer from 0 to 1
start transfer from 1 to 0
end transfer from 0 to 1
end transfer from 1 to 0
start transfer from 0 to 1
start transfer from 1 to 0
end transfer from 1 to 0
end transfer from 0 to 1
start transfer from 1 to 0
start transfer from 0 to 1
end transfer from 1 to 0
end transfer from 0 to 1
start transfer from 1 to 0
start transfer from 0 to 1
end transfer from 1 to 0
end transfer from 0 to 1
start transfer from 1 to 0
start transfer from 0 to 1
end transfer from 1 to 0
end transfer from 0 to 1
start transfer from 1 to 0
start transfer from 0 to 1
end transfer from 1 to 0
end transfer from 0 to 1
start transfer from 1 to 0
start transfer from 0 to 1
end transfer from 1 to 0
end transfer from 0 to 1
start transfer from 1 to 0
start transfer from 0 to 1
end transfer from 1 to 0
start transfer from 1 to 0
end transfer from 0 to 1
end transfer from 1 to 0
start transfer from 0 to 1
start transfer from 1 to 0
end transfer from 0 to 1
end transfer from 1 to 0
start transfer from 0 to 1
start transfer from 1 to 0
end transfer from 0 to 1
end transfer from 1 to 0
start transfer from 0 to 1
start transfer from 1 to 0
end transfer from 0 to 1
end transfer from 1 to 0
start transfer from 0 to 1
start transfer from 1 to 0
end transfer from 0 to 1
end transfer from 1 to 0
start transfer from 0 to 1
start transfer from 1 to 0
end transfer from 0 to 1
end transfer from 1 to 0
start transfer from 0 to 1
start transfer from 1 to 0
end transfer from 0 to 1
end transfer from 1 to 0
start transfer from 0 to 1
start transfer from 1 to 0
end transfer from 0 to 1
end transfer from 1 to 0
start transfer from 0 to 1
start transfer from 1 to 0
end transfer from 0 to 1
end transfer from 1 to 0
start transfer from 0 to 1
start transfer from 1 to 0
end transfer from 0 to 1
end transfer from 1 to 0
start transfer from 0 to 1
start transfer from 1 to 0
end transfer from 0 to 1
end transfer from 1 to 0
start transfer from 0 to 1
start transfer from 1 to 0
end transfer from 0 to 1
end transfer from 1 to 0
start transfer from 0 to 1
start transfer from 1 to 0
end transfer from 0 to 1
end transfer from 1 to 0
start transfer from 0 to 1
start transfer from 1 to 0
end transfer from 0 to 1
end transfer from 1 to 0
start transfer from 0 to 1
start transfer from 1 to 0
end transfer from 0 to 1
end transfer from 1 to 0
start transfer from 0 to 1
start transfer from 1 to 0
end transfer from 0 to 1
end transfer from 1 to 0
start transfer from 0 to 1
start transfer from 1 to 0
end transfer from 0 to 1
end transfer from 1 to 0
start transfer from 0 to 1
end transfer from 0 to 1
start transfer from 0 to 1
end transfer from 0 to 1
start transfer from 1 to 0
start transfer from 0 to 1
end transfer from 1 to 0
end transfer from 0 to 1
start transfer from 1 to 0
end transfer from 1 to 0
start transfer from 0 to 1
start transfer from 1 to 0
end transfer from 0 to 1
start transfer from 0 to 1
end transfer from 1 to 0
start transfer from 1 to 0
end transfer from 1 to 0
end transfer from 0 to 1
start transfer from 1 to 0
start transfer from 0 to 1
end transfer from 1 to 0
end transfer from 0 to 1
start transfer from 1 to 0
start transfer from 0 to 1
end transfer from 1 to 0
end transfer from 0 to 1
start transfer from 1 to 0
start transfer from 0 to 1
end transfer from 1 to 0
end transfer from 0 to 1
start transfer from 1 to 0
start transfer from 0 to 1
end transfer from 1 to 0
end transfer from 0 to 1
start transfer from 1 to 0
start transfer from 0 to 1
end transfer from 1 to 0
end transfer from 0 to 1
start transfer from 1 to 0
start transfer from 0 to 1
end transfer from 1 to 0
end transfer from 0 to 1
start transfer from 1 to 0
start transfer from 0 to 1
end transfer from 1 to 0
end transfer from 0 to 1
start transfer from 1 to 0
start transfer from 0 to 1
end transfer from 1 to 0
end transfer from 0 to 1
start transfer from 1 to 0
start transfer from 0 to 1
end transfer from 1 to 0
end transfer from 0 to 1
start transfer from 1 to 0
start transfer from 0 to 1
end transfer from 1 to 0
end transfer from 0 to 1
start transfer from 1 to 0
start transfer from 0 to 1
end transfer from 1 to 0
start transfer from 1 to 0
end transfer from 1 to 0
end transfer from 0 to 1
start transfer from 1 to 0
start transfer from 0 to 1
end transfer from 1 to 0
end transfer from 0 to 1
start transfer from 1 to 0
start transfer from 0 to 1
end transfer from 0 to 1
end transfer from 1 to 0
start transfer from 0 to 1
start transfer from 1 to 0
end transfer from 1 to 0
end transfer from 0 to 1
start transfer from 0 to 1
start transfer from 1 to 0
end transfer from 0 to 1
end transfer from 1 to 0
start transfer from 1 to 0
start transfer from 0 to 1
end transfer from 0 to 1
end transfer from 1 to 0
start transfer from 0 to 1
start transfer from 1 to 0
end transfer from 1 to 0
end transfer from 0 to 1
start transfer from 0 to 1
start transfer from 1 to 0
end transfer from 1 to 0
end transfer from 0 to 1
start transfer from 1 to 0
start transfer from 0 to 1
end transfer from 1 to 0
end transfer from 0 to 1
start transfer from 1 to 0
start transfer from 0 to 1
end transfer from 0 to 1
end transfer from 1 to 0
start transfer from 1 to 0
start transfer from 0 to 1
end transfer from 0 to 1
end transfer from 1 to 0
start transfer from 1 to 0
start transfer from 0 to 1
end transfer from 0 to 1
end transfer from 1 to 0
start transfer from 0 to 1
start transfer from 1 to 0
end transfer from 0 to 1
end transfer from 1 to 0
start transfer from 1 to 0
start transfer from 0 to 1
end transfer from 0 to 1
end transfer from 1 to 0
start transfer from 0 to 1
start transfer from 1 to 0
end transfer from 1 to 0
end transfer from 0 to 1
start transfer from 0 to 1
start transfer from 1 to 0
end transfer from 0 to 1
end transfer from 1 to 0
start transfer from 1 to 0
start transfer from 0 to 1
end transfer from 1 to 0
end transfer from 0 to 1
start transfer from 0 to 1
start transfer from 1 to 0
end transfer from 0 to 1
end transfer from 1 to 0
start transfer from 1 to 0
start transfer from 0 to 1
end transfer from 1 to 0
end transfer from 0 to 1
start transfer from 1 to 0
start transfer from 0 to 1
end transfer from 1 to 0
end transfer from 0 to 1
start transfer from 0 to 1
start transfer from 1 to 0
end transfer from 1 to 0
end transfer from 0 to 1
start transfer from 0 to 1
start transfer from 1 to 0
end transfer from 1 to 0
end transfer from 0 to 1
start transfer from 0 to 1
start transfer from 1 to 0
end transfer from 0 to 1
end transfer from 1 to 0
start transfer from 1 to 0
start transfer from 0 to 1
end transfer from 0 to 1
end transfer from 1 to 0
start transfer from 1 to 0
end transfer from 1 to 0
start transfer from 0 to 1
start transfer from 1 to 0
end transfer from 1 to 0
end transfer from 0 to 1
start transfer from 1 to 0
start transfer from 0 to 1
end transfer from 1 to 0
start transfer from 1 to 0
end transfer from 0 to 1
start transfer from 0 to 1
end transfer from 1 to 0
end transfer from 0 to 1
start transfer from 0 to 1
start transfer from 1 to 0
end transfer from 0 to 1
start transfer from 0 to 1
end transfer from 1 to 0
end transfer from 0 to 1
start transfer from 0 to 1
start transfer from 1 to 0
end transfer from 0 to 1
end transfer from 1 to 0
start transfer from 0 to 1
end transfer from 0 to 1
start transfer from 0 to 1
start transfer from 1 to 0
end transfer from 0 to 1
end transfer from 1 to 0
start transfer from 0 to 1
end transfer from 0 to 1
start transfer from 1 to 0
start transfer from 0 to 1
end transfer from 0 to 1
end transfer from 1 to 0
start transfer from 0 to 1
start transfer from 1 to 0
end transfer from 0 to 1
start transfer from 0 to 1
end transfer from 1 to 0
end transfer from 0 to 1
start transfer from 0 to 1
start transfer from 1 to 0
end transfer from 0 to 1
end transfer from 1 to 0
start transfer from 0 to 1
end transfer from 0 to 1
start transfer from 1 to 0
start transfer from 0 to 1
end transfer from 1 to 0
end transfer from 0 to 1
start transfer from 0 to 1
start transfer from 1 to 0
end transfer from 0 to 1
start transfer from 0 to 1
end transfer from 1 to 0
end transfer from 0 to 1
start transfer from 1 to 0
start transfer from 0 to 1
end transfer from 0 to 1
end transfer from 1 to 0
start transfer from 0 to 1
end transfer from 0 to 1
start transfer from 1 to 0
start transfer from 0 to 1
end transfer from 0 to 1
end transfer from 1 to 0
start transfer from 0 to 1
start transfer from 1 to 0
end transfer from 0 to 1
start transfer from 0 to 1
end transfer from 1 to 0
end transfer from 0 to 1
start transfer from 1 to 0
start transfer from 0 to 1
end transfer from 0 to 1
end transfer from 1 to 0
start transfer from 0 to 1
start transfer from 1 to 0
end transfer from 0 to 1
start transfer from 0 to 1
end transfer from 1 to 0
end transfer from 0 to 1
start transfer from 0 to 1
start transfer from 1 to 0
end transfer from 0 to 1
start transfer from 0 to 1
end transfer from 1 to 0
end transfer from 0 to 1
start transfer from 0 to 1
start transfer from 1 to 0
end transfer from 0 to 1
start transfer from 0 to 1
end transfer from 1 to 0
end transfer from 0 to 1
start transfer from 1 to 0
start transfer from 0 to 1
end transfer from 0 to 1
end transfer from 1 to 0
start transfer from 0 to 1
end transfer from 0 to 1
start transfer from 1 to 0
start transfer from 0 to 1
end transfer from 1 to 0
end transfer from 0 to 1
start transfer from 0 to 1
start transfer from 1 to 0
end transfer from 0 to 1
end transfer from 1 to 0
start transfer from 0 to 1
start transfer from 1 to 0
end transfer from 0 to 1
end transfer from 1 to 0
start transfer from 0 to 1
start transfer from 1 to 0
end transfer from 0 to 1
start transfer from 0 to 1
end transfer from 1 to 0
end transfer from 0 to 1
start transfer from 1 to 0
start transfer from 0 to 1
end transfer from 1 to 0
end transfer from 0 to 1
start transfer from 1 to 0
start transfer from 0 to 1
end transfer from 1 to 0
end transfer from 0 to 1
start transfer from 1 to 0
start transfer from 0 to 1
end transfer from 1 to 0
end transfer from 0 to 1
start transfer from 1 to 0
start transfer from 0 to 1
end transfer from 1 to 0
end transfer from 0 to 1
start transfer from 1 to 0
start transfer from 0 to 1
end transfer from 1 to 0
start transfer from 1 to 0
end transfer from 0 to 1
end transfer from 1 to 0
start transfer from 1 to 0
start transfer from 0 to 1
end transfer from 1 to 0
end transfer from 0 to 1
start transfer from 1 to 0
end transfer from 1 to 0
start transfer from 0 to 1
start transfer from 1 to 0
end transfer from 0 to 1
end transfer from 1 to 0
start transfer from 0 to 1
start transfer from 1 to 0
end transfer from 0 to 1
end transfer from 1 to 0
start transfer from 0 to 1
start transfer from 1 to 0
end transfer from 0 to 1
end transfer from 1 to 0
start transfer from 0 to 1
start transfer from 1 to 0
end transfer from 1 to 0
end transfer from 0 to 1
start transfer from 1 to 0
start transfer from 0 to 1
end transfer from 1 to 0
end transfer from 0 to 1
start transfer from 1 to 0
start transfer from 0 to 1
end transfer from 1 to 0
end transfer from 0 to 1
start transfer from 1 to 0
start transfer from 0 to 1
end transfer from 1 to 0
end transfer from 0 to 1
start transfer from 1 to 0
end transfer from 1 to 0
start transfer from 0 to 1
start transfer from 1 to 0
end transfer from 0 to 1
end transfer from 1 to 0
start transfer from 0 to 1
start transfer from 1 to 0
end transfer from 0 to 1
end transfer from 1 to 0
start transfer from 0 to 1
start transfer from 1 to 0
end transfer from 0 to 1
end transfer from 1 to 0
start transfer from 0 to 1
start transfer from 1 to 0
end transfer from 1 to 0
end transfer from 0 to 1
start transfer from 1 to 0
start transfer from 0 to 1
end transfer from 1 to 0
end transfer from 0 to 1
start transfer from 1 to 0
start transfer from 0 to 1
end transfer from 1 to 0
end transfer from 0 to 1
start transfer from 1 to 0
end transfer from 1 to 0
start transfer from 0 to 1
start transfer from 1 to 0
end transfer from 0 to 1
end transfer from 1 to 0
start transfer from 0 to 1
start transfer from 1 to 0
end transfer from 0 to 1
end transfer from 1 to 0
start transfer from 1 to 0
start transfer from 0 to 1
end transfer from 1 to 0
end transfer from 0 to 1
start transfer from 1 to 0
start transfer from 0 to 1
end transfer from 0 to 1
start transfer from 0 to 1
end transfer from 1 to 0
end transfer from 0 to 1
start transfer from 1 to 0
start transfer from 0 to 1
end transfer from 1 to 0
start transfer from 1 to 0
end transfer from 0 to 1
end transfer from 1 to 0
start transfer from 0 to 1
start transfer from 1 to 0
end transfer from 0 to 1
start transfer from 0 to 1
end transfer from 1 to 0
end transfer from 0 to 1
start transfer from 1 to 0
start transfer from 0 to 1
end transfer from 1 to 0
end transfer from 0 to 1
start transfer from 1 to 0
start transfer from 0 to 1
end transfer from 1 to 0
end transfer from 0 to 1
start transfer from 1 to 0
end transfer from 1 to 0
start transfer from 0 to 1
end transfer from 0 to 1
start transfer from 1 to 0
start transfer from 0 to 1
end transfer from 1 to 0
start transfer from 1 to 0
end transfer from 0 to 1
start transfer from 0 to 1
end transfer from 1 to 0
start transfer from 1 to 0
end transfer from 0 to 1
end transfer from 1 to 0
start transfer from 1 to 0
end transfer from 1 to 0
start transfer from 1 to 0
end transfer from 1 to 0
start transfer from 0 to 1
start transfer from 1 to 0
end transfer from 1 to 0
end transfer from 0 to 1
start transfer from 1 to 0
start transfer from 0 to 1
end transfer from 1 to 0
end transfer from 0 to 1
start transfer from 1 to 0
start transfer from 0 to 1
end transfer from 1 to 0
end transfer from 0 to 1
start transfer from 1 to 0
start transfer from 0 to 1
end transfer from 1 to 0
end transfer from 0 to 1
start transfer from 1 to 0
start transfer from 0 to 1
end transfer from 1 to 0
end transfer from 0 to 1
start transfer from 1 to 0
start transfer from 0 to 1
end transfer from 1 to 0
end transfer from 0 to 1
start transfer from 1 to 0
start transfer from 0 to 1
end transfer from 1 to 0
end transfer from 0 to 1
start transfer from 1 to 0
start transfer from 0 to 1
end transfer from 1 to 0
end transfer from 0 to 1
start transfer from 1 to 0
start transfer from 0 to 1
end transfer from 1 to 0
start transfer from 1 to 0
end transfer from 0 to 1
end transfer from 1 to 0
start transfer from 1 to 0
start transfer from 0 to 1
end transfer from 1 to 0
end transfer from 0 to 1
start transfer from 1 to 0
start transfer from 0 to 1
end transfer from 1 to 0
end transfer from 0 to 1
start transfer from 1 to 0
start transfer from 0 to 1
end transfer from 1 to 0
end transfer from 0 to 1
start transfer from 1 to 0
start transfer from 0 to 1
end transfer from 1 to 0
end transfer from 0 to 1
start transfer from 1 to 0
start transfer from 0 to 1
end transfer from 1 to 0
end transfer from 0 to 1
start transfer from 1 to 0
start transfer from 0 to 1
end transfer from 1 to 0
end transfer from 0 to 1
start transfer from 1 to 0
start transfer from 0 to 1
end transfer from 1 to 0
end transfer from 0 to 1
start transfer from 1 to 0
start transfer from 0 to 1
end transfer from 1 to 0
end transfer from 0 to 1
start transfer from 1 to 0
start transfer from 0 to 1
end transfer from 1 to 0
end transfer from 0 to 1
start transfer from 1 to 0
start transfer from 0 to 1
end transfer from 1 to 0
end transfer from 0 to 1
start transfer from 1 to 0
start transfer from 0 to 1
end transfer from 1 to 0
end transfer from 0 to 1
start transfer from 1 to 0
start transfer from 0 to 1
end transfer from 1 to 0
end transfer from 0 to 1
start transfer from 1 to 0
start transfer from 0 to 1
end transfer from 1 to 0
end transfer from 0 to 1
start transfer from 1 to 0
start transfer from 0 to 1
end transfer from 1 to 0
end transfer from 0 to 1
start transfer from 1 to 0
start transfer from 0 to 1
end transfer from 1 to 0
end transfer from 0 to 1
start transfer from 1 to 0
start transfer from 0 to 1
end transfer from 1 to 0
end transfer from 0 to 1
start transfer from 1 to 0
start transfer from 0 to 1
end transfer from 1 to 0
end transfer from 0 to 1
start transfer from 1 to 0
start transfer from 0 to 1
end transfer from 1 to 0
start transfer from 1 to 0
end transfer from 1 to 0
start transfer from 1 to 0
end transfer from 1 to 0
start transfer from 1 to 0
end transfer from 1 to 0
start transfer from 1 to 0
end transfer from 1 to 0
start transfer from 1 to 0
end transfer from 1 to 0
start transfer from 1 to 0
end transfer from 1 to 0
start transfer from 1 to 0
end transfer from 1 to 0
start transfer from 1 to 0
end transfer from 0 to 1
end transfer from 1 to 0
start transfer from 0 to 1
start transfer from 1 to 0
end transfer from 0 to 1
end transfer from 1 to 0
start transfer from 0 to 1
start transfer from 1 to 0
end transfer from 0 to 1
end transfer from 1 to 0
start transfer from 0 to 1
start transfer from 1 to 0
end transfer from 0 to 1
start transfer from 0 to 1
end transfer from 0 to 1
start transfer from 0 to 1
end transfer from 1 to 0
end transfer from 0 to 1
start transfer from 1 to 0
start transfer from 0 to 1
end transfer from 0 to 1
end transfer from 1 to 0
start transfer from 1 to 0
start transfer from 0 to 1
end transfer from 1 to 0
end transfer from 0 to 1
start transfer from 1 to 0
start transfer from 0 to 1
end transfer from 1 to 0
end transfer from 0 to 1
start transfer from 1 to 0
end transfer from 1 to 0
start transfer from 1 to 0
end transfer from 1 to 0
start transfer from 0 to 1
start transfer from 1 to 0
end transfer from 1 to 0
end transfer from 0 to 1
start transfer from 1 to 0
start transfer from 0 to 1
end transfer from 1 to 0
end transfer from 0 to 1
start transfer from 1 to 0
start transfer from 0 to 1
end transfer from 1 to 0
end transfer from 0 to 1
start transfer from 1 to 0
end transfer from 1 to 0
start transfer from 0 to 1
start transfer from 1 to 0
end transfer from 0 to 1
end transfer from 1 to 0
start transfer from 0 to 1
start transfer from 1 to 0
end transfer from 0 to 1
end transfer from 1 to 0
start transfer from 0 to 1
start transfer from 1 to 0
end transfer from 0 to 1
end transfer from 1 to 0
start transfer from 0 to 1
start transfer from 1 to 0
end transfer from 0 to 1
end transfer from 1 to 0
start transfer from 0 to 1
start transfer from 1 to 0
end transfer from 0 to 1
end transfer from 1 to 0
start transfer from 1 to 0
start transfer from 0 to 1
end transfer from 1 to 0
end transfer from 0 to 1
start transfer from 1 to 0
end transfer from 1 to 0
start transfer from 1 to 0
start transfer from 0 to 1
end transfer from 1 to 0
end transfer from 0 to 1
start transfer from 1 to 0
start transfer from 0 to 1
end transfer from 1 to 0
end transfer from 0 to 1
start transfer from 0 to 1
start transfer from 1 to 0
end transfer from 0 to 1
end transfer from 1 to 0
start transfer from 1 to 0
start transfer from 0 to 1
end transfer from 1 to 0
end transfer from 0 to 1
start transfer from 1 to 0
start transfer from 0 to 1
end transfer from 1 to 0
end transfer from 0 to 1
start transfer from 1 to 0
end transfer from 1 to 0
start transfer from 0 to 1
end transfer from 0 to 1
start transfer from 1 to 0
end transfer from 1 to 0
start transfer from 0 to 1
start transfer from 1 to 0
end transfer from 0 to 1
end transfer from 1 to 0
start transfer from 0 to 1
start transfer from 1 to 0
end transfer from 0 to 1
end transfer from 1 to 0
start transfer from 0 to 1
end transfer from 0 to 1
start transfer from 1 to 0
end transfer from 1 to 0
start transfer from 0 to 1
start transfer from 1 to 0
end transfer from 0 to 1
end transfer from 1 to 0
start transfer from 0 to 1
start transfer from 1 to 0
end transfer from 0 to 1
start transfer from 0 to 1
end transfer from 1 to 0
start transfer from 1 to 0
end transfer from 0 to 1
end transfer from 1 to 0
start transfer from 0 to 1
end transfer from 0 to 1
start transfer from 1 to 0
start transfer from 0 to 1
end transfer from 1 to 0
start transfer from 1 to 0
end transfer from 0 to 1
end transfer from 1 to 0
start transfer from 0 to 1
start transfer from 1 to 0
end transfer from 0 to 1
end transfer from 1 to 0
start transfer from 0 to 1
start transfer from 1 to 0
end transfer from 0 to 1
start transfer from 0 to 1
end transfer from 1 to 0
end transfer from 0 to 1
start transfer from 1 to 0
start transfer from 0 to 1
end transfer from 1 to 0
end transfer from 0 to 1
start transfer from 1 to 0
start transfer from 0 to 1
end transfer from 1 to 0
start transfer from 1 to 0
end transfer from 0 to 1
end transfer from 1 to 0
start transfer from 0 to 1
end transfer from 0 to 1
start transfer from 1 to 0
end transfer from 1 to 0
start transfer from 0 to 1
start transfer from 1 to 0
end transfer from 0 to 1
end transfer from 1 to 0
start transfer from 0 to 1
end transfer from 0 to 1
start transfer from 1 to 0
start transfer from 0 to 1
end transfer from 1 to 0
start transfer from 1 to 0
end transfer from 0 to 1
end transfer from 1 to 0
start transfer from 0 to 1
end transfer from 0 to 1
start transfer from 1 to 0
end transfer from 1 to 0
start transfer from 0 to 1
end transfer from 0 to 1
start transfer from 1 to 0
end transfer from 1 to 0
start transfer from 1 to 0
start transfer from 0 to 1
end transfer from 1 to 0
end transfer from 0 to 1
start transfer from 1 to 0
end transfer from 1 to 0
start transfer from 1 to 0
start transfer from 0 to 1
end transfer from 1 to 0
end transfer from 0 to 1
start transfer from 1 to 0
start transfer from 0 to 1
end transfer from 1 to 0
start transfer from 1 to 0
end transfer from 0 to 1
end transfer from 1 to 0
start transfer from 1 to 0
start transfer from 0 to 1
end transfer from 1 to 0
end transfer from 0 to 1
start transfer from 1 to 0
end transfer from 1 to 0
start transfer from 1 to 0
start transfer from 0 to 1
end transfer from 1 to 0
end transfer from 0 to 1
start transfer from 1 to 0
start transfer from 0 to 1
end transfer from 1 to 0
start transfer from 1 to 0
end transfer from 0 to 1
end transfer from 1 to 0
start transfer from 1 to 0
start transfer from 0 to 1
end transfer from 1 to 0
end transfer from 0 to 1
start transfer from 1 to 0
start transfer from 0 to 1
end transfer from 1 to 0
start transfer from 1 to 0
end transfer from 0 to 1
end transfer from 1 to 0
start transfer from 0 to 1
start transfer from 1 to 0
end transfer from 1 to 0
end transfer from 0 to 1
start transfer from 1 to 0
start transfer from 0 to 1
end transfer from 1 to 0
end transfer from 0 to 1
start transfer from 1 to 0
end transfer from 1 to 0
start transfer from 0 to 1
end transfer from 0 to 1
start transfer from 1 to 0
start transfer from 0 to 1
end transfer from 1 to 0
end transfer from 0 to 1
start transfer from 1 to 0
start transfer from 0 to 1
end transfer from 0 to 1
end transfer from 1 to 0
start transfer from 0 to 1
start transfer from 1 to 0
end transfer from 0 to 1
end transfer from 1 to 0
start transfer from 0 to 1
start transfer from 1 to 0
end transfer from 0 to 1
start transfer from 0 to 1
end transfer from 1 to 0
end transfer from 0 to 1
start transfer from 1 to 0
start transfer from 0 to 1
end transfer from 0 to 1
end transfer from 1 to 0
start transfer from 0 to 1
end transfer from 0 to 1
start transfer from 1 to 0
start transfer from 0 to 1
end transfer from 1 to 0
end transfer from 0 to 1
start transfer from 0 to 1
end transfer from 0 to 1
start transfer from 1 to 0
start transfer from 0 to 1
end transfer from 1 to 0
end transfer from 0 to 1
start transfer from 0 to 1
start transfer from 1 to 0
end transfer from 0 to 1
start transfer from 0 to 1
end transfer from 1 to 0
end transfer from 0 to 1
start transfer from 1 to 0
start transfer from 0 to 1
end transfer from 0 to 1
end transfer from 1 to 0
start transfer from 0 to 1
start transfer from 1 to 0
end transfer from 0 to 1
start transfer from 0 to 1
end transfer from 1 to 0
end transfer from 0 to 1
start transfer from 0 to 1
start transfer from 1 to 0
end transfer from 0 to 1
end transfer from 1 to 0
start transfer from 0 to 1
end transfer from 0 to 1
start transfer from 1 to 0
start transfer from 0 to 1
end transfer from 0 to 1
end transfer from 1 to 0
start transfer from 0 to 1
start transfer from 1 to 0
end transfer from 0 to 1
start transfer from 0 to 1
end transfer from 1 to 0
end transfer from 0 to 1
start transfer from 1 to 0
start transfer from 0 to 1
end transfer from 1 to 0
end transfer from 0 to 1
start transfer from 0 to 1
start transfer from 1 to 0
end transfer from 1 to 0
end transfer from 0 to 1
start transfer from 0 to 1
start transfer from 1 to 0
end transfer from 0 to 1
start transfer from 0 to 1
end transfer from 1 to 0
end transfer from 0 to 1
start transfer from 1 to 0
start transfer from 0 to 1
end transfer from 1 to 0
end transfer from 0 to 1
start transfer from 1 to 0
start transfer from 0 to 1
end transfer from 1 to 0
end transfer from 0 to 1
start transfer from 1 to 0
start transfer from 0 to 1
end transfer from 1 to 0
end transfer from 0 to 1
start transfer from 1 to 0
start transfer from 0 to 1
end transfer from 1 to 0
end transfer from 0 to 1
start transfer from 1 to 0
start transfer from 0 to 1
end transfer from 1 to 0
end transfer from 0 to 1
start transfer from 1 to 0
start transfer from 0 to 1
end transfer from 1 to 0
end transfer from 0 to 1
start transfer from 1 to 0
start transfer from 0 to 1
end transfer from 1 to 0
start transfer from 1 to 0
end transfer from 0 to 1
end transfer from 1 to 0
start transfer from 0 to 1
start transfer from 1 to 0
end transfer from 0 to 1
end transfer from 1 to 0
start transfer from 1 to 0
end transfer from 1 to 0
start transfer from 0 to 1
start transfer from 1 to 0
end transfer from 1 to 0
end transfer from 0 to 1
start transfer from 1 to 0
start transfer from 0 to 1
end transfer from 1 to 0
start transfer from 1 to 0
end transfer from 0 to 1
end transfer from 1 to 0
start transfer from 0 to 1
start transfer from 1 to 0
end transfer from 0 to 1
end transfer from 1 to 0
start transfer from 1 to 0
start transfer from 0 to 1
end transfer from 1 to 0
end transfer from 0 to 1
start transfer from 1 to 0
start transfer from 0 to 1
end transfer from 1 to 0
start transfer from 1 to 0
end transfer from 0 to 1
end transfer from 1 to 0
start transfer from 0 to 1
start transfer from 1 to 0
end transfer from 0 to 1
end transfer from 1 to 0
start transfer from 0 to 1
start transfer from 1 to 0
end transfer from 1 to 0
end transfer from 0 to 1
start transfer from 1 to 0
start transfer from 0 to 1
end transfer from 1 to 0
start transfer from 1 to 0
end transfer from 0 to 1
end transfer from 1 to 0
start transfer from 0 to 1
start transfer from 1 to 0
end transfer from 0 to 1
end transfer from 1 to 0
start transfer from 0 to 1
start transfer from 1 to 0
end transfer from 0 to 1
end transfer from 1 to 0
start transfer from 0 to 1
start transfer from 1 to 0
end transfer from 0 to 1
end transfer from 1 to 0
start transfer from 0 to 1
start transfer from 1 to 0
end transfer from 1 to 0
end transfer from 0 to 1
start transfer from 1 to 0
start transfer from 0 to 1
end transfer from 1 to 0
end transfer from 0 to 1
start transfer from 1 to 0
start transfer from 0 to 1
end transfer from 1 to 0
end transfer from 0 to 1
start transfer from 1 to 0
start transfer from 0 to 1
end transfer from 1 to 0
end transfer from 0 to 1
start transfer from 1 to 0
start transfer from 0 to 1
end transfer from 1 to 0
end transfer from 0 to 1
start transfer from 1 to 0
end transfer from 1 to 0
start transfer from 0 to 1
end transfer from 0 to 1
start transfer from 0 to 1
end transfer from 0 to 1
start transfer from 0 to 1
end transfer from 0 to 1
start transfer from 0 to 1
end transfer from 0 to 1
start transfer from 0 to 1
end transfer from 0 to 1
start transfer from 0 to 1
end transfer from 0 to 1
start transfer from 0 to 1
end transfer from 0 to 1
start transfer from 0 to 1
end transfer from 0 to 1
start transfer from 0 to 1
end transfer from 0 to 1
start transfer from 0 to 1
end transfer from 0 to 1
start transfer from 0 to 1
end transfer from 0 to 1
start transfer from 0 to 1
end transfer from 0 to 1
start transfer from 0 to 1
end transfer from 0 to 1
start transfer from 0 to 1
end transfer from 0 to 1
start transfer from 0 to 1
end transfer from 0 to 1
start transfer from 0 to 1
end transfer from 0 to 1
start transfer from 0 to 1
end transfer from 0 to 1
start transfer from 0 to 1
end transfer from 0 to 1
start transfer from 0 to 1
end transfer from 0 to 1
start transfer from 0 to 1
end transfer from 0 to 1
start transfer from 0 to 1
end transfer from 0 to 1
start transfer from 0 to 1
end transfer from 0 to 1
start transfer from 0 to 1
end transfer from 0 to 1
start transfer from 0 to 1
end transfer from 0 to 1
start transfer from 0 to 1
end transfer from 0 to 1
start transfer from 0 to 1
end transfer from 0 to 1
start transfer from 1 to 0
end transfer from 1 to 0
start transfer from 0 to 1
end transfer from 0 to 1
start transfer from 1 to 0
start transfer from 0 to 1
end transfer from 1 to 0
start transfer from 1 to 0
end transfer from 0 to 1
start transfer from 0 to 1
end transfer from 1 to 0
end transfer from 0 to 1
start transfer from 1 to 0
start transfer from 0 to 1
end transfer from 1 to 0
start transfer from 1 to 0
end transfer from 0 to 1
start transfer from 0 to 1
end transfer from 1 to 0
start transfer from 1 to 0
end transfer from 0 to 1
end transfer from 1 to 0
start transfer from 0 to 1
end transfer from 0 to 1
start transfer from 1 to 0
end transfer from 1 to 0
start transfer from 0 to 1
end transfer from 0 to 1
start transfer from 1 to 0
end transfer from 1 to 0
start transfer from 0 to 1
end transfer from 0 to 1
start transfer from 1 to 0
end transfer from 1 to 0
start transfer from 0 to 1
end transfer from 0 to 1
start transfer from 1 to 0
end transfer from 1 to 0
start transfer from 0 to 1
end transfer from 0 to 1
start transfer from 1 to 0
end transfer from 1 to 0
start transfer from 0 to 1
end transfer from 0 to 1
start transfer from 1 to 0
start transfer from 0 to 1
end transfer from 1 to 0
end transfer from 0 to 1
start transfer from 1 to 0
start transfer from 0 to 1
end transfer from 1 to 0
end transfer from 0 to 1
start transfer from 0 to 1
start transfer from 1 to 0
end transfer from 0 to 1
end transfer from 1 to 0
start transfer from 1 to 0
start transfer from 0 to 1
end transfer from 1 to 0
end transfer from 0 to 1
start transfer from 1 to 0
start transfer from 0 to 1
end transfer from 1 to 0
end transfer from 0 to 1
start transfer from 0 to 1
start transfer from 1 to 0
end transfer from 0 to 1
end transfer from 1 to 0
start transfer from 0 to 1
start transfer from 1 to 0
end transfer from 1 to 0
end transfer from 0 to 1
start transfer from 1 to 0
start transfer from 0 to 1
end transfer from 0 to 1
end transfer from 1 to 0
start transfer from 0 to 1
start transfer from 1 to 0
end transfer from 0 to 1
end transfer from 1 to 0
start transfer from 1 to 0
start transfer from 0 to 1
end transfer from 0 to 1
end transfer from 1 to 0
start transfer from 1 to 0
start transfer from 0 to 1
end transfer from 1 to 0
end transfer from 0 to 1
start transfer from 0 to 1
start transfer from 1 to 0
end transfer from 1 to 0
end transfer from 0 to 1
start transfer from 0 to 1
start transfer from 1 to 0
end transfer from 0 to 1
end transfer from 1 to 0
start transfer from 1 to 0
start transfer from 0 to 1
end transfer from 0 to 1
end transfer from 1 to 0
start transfer from 1 to 0
start transfer from 0 to 1
end transfer from 0 to 1
end transfer from 1 to 0
start transfer from 0 to 1
start transfer from 1 to 0
end transfer from 1 to 0
end transfer from 0 to 1
start transfer from 0 to 1
start transfer from 1 to 0
end transfer from 0 to 1
end transfer from 1 to 0
start transfer from 1 to 0
start transfer from 0 to 1
end transfer from 0 to 1
end transfer from 1 to 0
start transfer from 1 to 0
start transfer from 0 to 1
end transfer from 0 to 1
end transfer from 1 to 0
start transfer from 1 to 0
start transfer from 0 to 1
end transfer from 0 to 1
end transfer from 1 to 0
start transfer from 1 to 0
start transfer from 0 to 1
end transfer from 0 to 1
end transfer from 1 to 0
start transfer from 0 to 1
start transfer from 1 to 0
end transfer from 1 to 0
end transfer from 0 to 1
start transfer from 0 to 1
start transfer from 1 to 0
end transfer from 0 to 1
end transfer from 1 to 0
start transfer from 0 to 1
start transfer from 1 to 0
end transfer from 0 to 1
end transfer from 1 to 0
start transfer from 1 to 0
start transfer from 0 to 1
end transfer from 0 to 1
end transfer from 1 to 0
start transfer from 1 to 0
start transfer from 0 to 1
end transfer from 0 to 1
end transfer from 1 to 0
start transfer from 1 to 0
start transfer from 0 to 1
end transfer from 0 to 1
end transfer from 1 to 0
start transfer from 0 to 1
start transfer from 1 to 0
end transfer from 0 to 1
end transfer from 1 to 0
start transfer from 0 to 1
start transfer from 1 to 0
end transfer from 1 to 0
end transfer from 0 to 1
start transfer from 0 to 1
start transfer from 1 to 0
end transfer from 1 to 0
end transfer from 0 to 1
start transfer from 0 to 1
start transfer from 1 to 0
end transfer from 1 to 0
end transfer from 0 to 1
start transfer from 0 to 1
start transfer from 1 to 0
end transfer from 0 to 1
end transfer from 1 to 0
start transfer from 1 to 0
start transfer from 0 to 1
end transfer from 1 to 0
end transfer from 0 to 1
start transfer from 1 to 0
start transfer from 0 to 1
end transfer from 1 to 0
end transfer from 0 to 1
start transfer from 0 to 1
start transfer from 1 to 0
end transfer from 1 to 0
end transfer from 0 to 1
start transfer from 0 to 1
start transfer from 1 to 0
end transfer from 1 to 0
end transfer from 0 to 1
start transfer from 0 to 1
start transfer from 1 to 0
end transfer from 1 to 0
end transfer from 0 to 1
start transfer from 1 to 0
start transfer from 0 to 1
end transfer from 0 to 1
end transfer from 1 to 0
start transfer from 1 to 0
start transfer from 0 to 1
end transfer from 1 to 0
end transfer from 0 to 1
start transfer from 1 to 0
start transfer from 0 to 1
end transfer from 0 to 1
end transfer from 1 to 0
start transfer from 0 to 1
start transfer from 1 to 0
end transfer from 0 to 1
end transfer from 1 to 0
start transfer from 1 to 0
start transfer from 0 to 1
end transfer from 1 to 0
end transfer from 0 to 1
start transfer from 0 to 1
start transfer from 1 to 0
end transfer from 1 to 0
end transfer from 0 to 1
start transfer from 0 to 1
start transfer from 1 to 0
end transfer from 0 to 1
end transfer from 1 to 0
start transfer from 1 to 0
start transfer from 0 to 1
end transfer from 1 to 0
end transfer from 0 to 1
start transfer from 0 to 1
start transfer from 1 to 0
end transfer from 0 to 1
end transfer from 1 to 0
start transfer from 0 to 1
start transfer from 1 to 0
end transfer from 0 to 1
end transfer from 1 to 0
start transfer from 1 to 0
start transfer from 0 to 1
end transfer from 0 to 1
end transfer from 1 to 0
start transfer from 1 to 0
start transfer from 0 to 1
end transfer from 1 to 0
end transfer from 0 to 1
start transfer from 1 to 0
start transfer from 0 to 1
end transfer from 0 to 1
end transfer from 1 to 0
start transfer from 0 to 1
start transfer from 1 to 0
end transfer from 1 to 0
end transfer from 0 to 1
start transfer from 0 to 1
start transfer from 1 to 0
end transfer from 0 to 1
end transfer from 1 to 0
start transfer from 1 to 0
start transfer from 0 to 1
end transfer from 0 to 1
end transfer from 1 to 0
start transfer from 0 to 1
start transfer from 1 to 0
end transfer from 0 to 1
end transfer from 1 to 0
start transfer from 0 to 1
start transfer from 1 to 0
end transfer from 1 to 0
end transfer from 0 to 1
start transfer from 0 to 1
start transfer from 1 to 0
end transfer from 0 to 1
end transfer from 1 to 0
start transfer from 1 to 0
start transfer from 0 to 1
end transfer from 1 to 0
end transfer from 0 to 1
start transfer from 1 to 0
start transfer from 0 to 1
end transfer from 1 to 0
end transfer from 0 to 1
start transfer from 1 to 0
start transfer from 0 to 1
end transfer from 0 to 1
end transfer from 1 to 0
start transfer from 1 to 0
start transfer from 0 to 1
end transfer from 1 to 0
end transfer from 0 to 1
start transfer from 0 to 1
start transfer from 1 to 0
end transfer from 0 to 1
end transfer from 1 to 0
start transfer from 0 to 1
start transfer from 1 to 0
end transfer from 1 to 0
end transfer from 0 to 1
start transfer from 0 to 1
start transfer from 1 to 0
end transfer from 1 to 0
end transfer from 0 to 1
start transfer from 1 to 0
start transfer from 0 to 1
end transfer from 0 to 1
end transfer from 1 to 0
start transfer from 0 to 1
start transfer from 1 to 0
end transfer from 0 to 1
end transfer from 1 to 0
start transfer from 0 to 1
start transfer from 1 to 0
end transfer from 0 to 1
end transfer from 1 to 0
start transfer from 1 to 0
start transfer from 0 to 1
end transfer from 1 to 0
end transfer from 0 to 1
start transfer from 1 to 0
start transfer from 0 to 1
end transfer from 0 to 1
end transfer from 1 to 0
start transfer from 1 to 0
start transfer from 0 to 1
end transfer from 1 to 0
end transfer from 0 to 1
start transfer from 1 to 0
start transfer from 0 to 1
end transfer from 0 to 1
end transfer from 1 to 0
start transfer from 0 to 1
start transfer from 1 to 0
end transfer from 1 to 0
end transfer from 0 to 1
start transfer from 1 to 0
start transfer from 0 to 1
end transfer from 1 to 0
end transfer from 0 to 1
start transfer from 1 to 0
start transfer from 0 to 1
end transfer from 1 to 0
end transfer from 0 to 1
start transfer from 0 to 1
start transfer from 1 to 0
end transfer from 1 to 0
end transfer from 0 to 1
start transfer from 0 to 1
start transfer from 1 to 0
end transfer from 1 to 0
end transfer from 0 to 1
start transfer from 0 to 1
start transfer from 1 to 0
end transfer from 1 to 0
end transfer from 0 to 1
start transfer from 1 to 0
start transfer from 0 to 1
end transfer from 1 to 0
end transfer from 0 to 1
start transfer from 1 to 0
start transfer from 0 to 1
end transfer from 1 to 0
end transfer from 0 to 1
start transfer from 1 to 0
start transfer from 0 to 1
end transfer from 1 to 0
end transfer from 0 to 1
start transfer from 1 to 0
start transfer from 0 to 1
end transfer from 0 to 1
end transfer from 1 to 0
start transfer from 1 to 0
start transfer from 0 to 1
end transfer from 0 to 1
end transfer from 1 to 0
start transfer from 0 to 1
start transfer from 1 to 0
end transfer from 1 to 0
end transfer from 0 to 1
start transfer from 0 to 1
start transfer from 1 to 0
end transfer from 0 to 1
end transfer from 1 to 0
start transfer from 0 to 1
start transfer from 1 to 0
end transfer from 1 to 0
end transfer from 0 to 1
start transfer from 0 to 1
start transfer from 1 to 0
end transfer from 1 to 0
end transfer from 0 to 1
start transfer from 1 to 0
start transfer from 0 to 1
end transfer from 0 to 1
end transfer from 1 to 0
start transfer from 1 to 0
start transfer from 0 to 1
end transfer from 1 to 0
end transfer from 0 to 1
start transfer from 0 to 1
start transfer from 1 to 0
end transfer from 1 to 0
end transfer from 0 to 1
start transfer from 1 to 0
start transfer from 0 to 1
end transfer from 1 to 0
end transfer from 0 to 1
start transfer from 1 to 0
start transfer from 0 to 1
end transfer from 1 to 0
end transfer from 0 to 1
start transfer from 0 to 1
start transfer from 1 to 0
end transfer from 1 to 0
end transfer from 0 to 1
start transfer from 1 to 0
start transfer from 0 to 1
end transfer from 0 to 1
end transfer from 1 to 0
start transfer from 0 to 1
start transfer from 1 to 0
end transfer from 0 to 1
end transfer from 1 to 0
start transfer from 0 to 1
start transfer from 1 to 0
end transfer from 0 to 1
end transfer from 1 to 0
start transfer from 1 to 0
start transfer from 0 to 1
end transfer from 1 to 0
end transfer from 0 to 1
start transfer from 0 to 1
start transfer from 1 to 0
end transfer from 0 to 1
end transfer from 1 to 0
start transfer from 1 to 0
start transfer from 0 to 1
end transfer from 0 to 1
end transfer from 1 to 0
start transfer from 1 to 0
start transfer from 0 to 1
end transfer from 1 to 0
end transfer from 0 to 1
start transfer from 0 to 1
start transfer from 1 to 0
end transfer from 0 to 1
end transfer from 1 to 0
start transfer from 1 to 0
start transfer from 0 to 1
end transfer from 1 to 0
end transfer from 0 to 1
start transfer from 0 to 1
start transfer from 1 to 0
end transfer from 1 to 0
end transfer from 0 to 1
start transfer from 1 to 0
start transfer from 0 to 1
end transfer from 0 to 1
end transfer from 1 to 0
start transfer from 1 to 0
start transfer from 0 to 1
end transfer from 1 to 0
end transfer from 0 to 1
start transfer from 1 to 0
end transfer from 1 to 0
start transfer from 0 to 1
start transfer from 1 to 0
end transfer from 0 to 1
start transfer from 0 to 1
end transfer from 1 to 0
start transfer from 1 to 0
end transfer from 0 to 1
end transfer from 1 to 0
start transfer from 0 to 1
start transfer from 1 to 0
end transfer from 0 to 1
start transfer from 0 to 1
end transfer from 1 to 0
start transfer from 1 to 0
end transfer from 0 to 1
start transfer from 0 to 1
end transfer from 1 to 0
end transfer from 0 to 1
start transfer from 1 to 0
end transfer from 1 to 0
start transfer from 0 to 1
start transfer from 1 to 0
end transfer from 1 to 0
start transfer from 1 to 0
end transfer from 1 to 0
start transfer from 1 to 0
end transfer from 1 to 0
start transfer from 1 to 0
end transfer from 1 to 0
start transfer from 1 to 0
end transfer from 1 to 0
start transfer from 1 to 0
end transfer from 1 to 0
start transfer from 1 to 0
end transfer from 1 to 0
start transfer from 1 to 0
end transfer from 1 to 0
start transfer from 1 to 0
end transfer from 1 to 0
start transfer from 1 to 0
end transfer from 1 to 0
start transfer from 1 to 0
end transfer from 1 to 0
start transfer from 1 to 0
end transfer from 1 to 0
start transfer from 1 to 0
end transfer from 1 to 0
start transfer from 1 to 0
end transfer from 1 to 0
start transfer from 1 to 0
end transfer from 1 to 0
start transfer from 1 to 0
end transfer from 1 to 0
start transfer from 1 to 0
end transfer from 1 to 0
start transfer from 1 to 0
end transfer from 1 to 0
start transfer from 1 to 0
end transfer from 1 to 0
start transfer from 1 to 0
end transfer from 1 to 0
start transfer from 1 to 0
end transfer from 1 to 0
start transfer from 1 to 0
end transfer from 1 to 0
start transfer from 1 to 0
end transfer from 1 to 0
start transfer from 1 to 0
end transfer from 1 to 0
start transfer from 1 to 0
end transfer from 1 to 0
start transfer from 1 to 0
end transfer from 1 to 0
start transfer from 1 to 0
end transfer from 1 to 0
start transfer from 1 to 0
end transfer from 1 to 0
start transfer from 1 to 0
end transfer from 1 to 0
start transfer from 1 to 0
end transfer from 1 to 0
start transfer from 1 to 0
end transfer from 1 to 0
start transfer from 1 to 0
end transfer from 0 to 1
end transfer from 1 to 0
start transfer from 1 to 0
start transfer from 0 to 1
end transfer from 1 to 0
end transfer from 0 to 1
start transfer from 1 to 0
start transfer from 0 to 1
end transfer from 1 to 0
end transfer from 0 to 1
start transfer from 1 to 0
start transfer from 0 to 1
end transfer from 1 to 0
end transfer from 0 to 1
start transfer from 1 to 0
start transfer from 0 to 1
end transfer from 1 to 0
end transfer from 0 to 1
start transfer from 1 to 0
end transfer from 1 to 0
start transfer from 0 to 1
start transfer from 1 to 0
end transfer from 0 to 1
end transfer from 1 to 0
start transfer from 0 to 1
end transfer from 0 to 1
start transfer from 1 to 0
end transfer from 1 to 0
start transfer from 0 to 1
start transfer from 1 to 0
end transfer from 0 to 1
start transfer from 0 to 1
end transfer from 1 to 0
start transfer from 1 to 0
end transfer from 0 to 1
start transfer from 0 to 1
end transfer from 1 to 0
end transfer from 0 to 1
start transfer from 1 to 0
start transfer from 0 to 1
end transfer from 1 to 0
end transfer from 0 to 1
start transfer from 1 to 0
start transfer from 0 to 1
end transfer from 1 to 0
start transfer from 1 to 0
end transfer from 0 to 1
start transfer from 0 to 1
end transfer from 1 to 0
end transfer from 0 to 1
start transfer from 1 to 0
end transfer from 1 to 0
start transfer from 0 to 1
start transfer from 1 to 0
end transfer from 0 to 1
start transfer from 0 to 1
end transfer from 1 to 0
end transfer from 0 to 1
start transfer from 1 to 0
start transfer from 0 to 1
end transfer from 1 to 0
end transfer from 0 to 1
start transfer from 1 to 0
start transfer from 0 to 1
end transfer from 1 to 0
start transfer from 1 to 0
end transfer from 0 to 1
start transfer from 0 to 1
end transfer from 1 to 0
end transfer from 0 to 1
start transfer from 1 to 0
end transfer from 1 to 0
start transfer from 0 to 1
start transfer from 1 to 0
end transfer from 0 to 1
end transfer from 1 to 0
start transfer from 0 to 1
start transfer from 1 to 0
end transfer from 0 to 1
end transfer from 1 to 0
start transfer from 0 to 1
start transfer from 1 to 0
end transfer from 0 to 1
start transfer from 0 to 1
end transfer from 1 to 0
end transfer from 0 to 1
start transfer from 1 to 0
start transfer from 0 to 1
end transfer from 1 to 0
end transfer from 0 to 1
start transfer from 1 to 0
start transfer from 0 to 1
end transfer from 1 to 0
end transfer from 0 to 1
start transfer from 1 to 0
start transfer from 0 to 1
end transfer from 1 to 0
end transfer from 0 to 1
start transfer from 1 to 0
start transfer from 0 to 1
end transfer from 1 to 0
end transfer from 0 to 1
start transfer from 1 to 0
start transfer from 0 to 1
end transfer from 1 to 0
end transfer from 0 to 1
start transfer from 1 to 0
start transfer from 0 to 1
end transfer from 0 to 1
end transfer from 1 to 0
start transfer from 0 to 1
start transfer from 1 to 0
end transfer from 0 to 1
end transfer from 1 to 0
start transfer from 0 to 1
start transfer from 1 to 0
end transfer from 0 to 1
end transfer from 1 to 0
start transfer from 0 to 1
start transfer from 1 to 0
end transfer from 0 to 1
end transfer from 1 to 0
start transfer from 0 to 1
start transfer from 1 to 0
end transfer from 0 to 1
end transfer from 1 to 0
start transfer from 0 to 1
start transfer from 1 to 0
end transfer from 0 to 1
end transfer from 1 to 0
start transfer from 0 to 1
start transfer from 1 to 0
end transfer from 0 to 1
end transfer from 1 to 0
start transfer from 0 to 1
start transfer from 1 to 0
end transfer from 0 to 1
end transfer from 1 to 0
start transfer from 0 to 1
start transfer from 1 to 0
end transfer from 0 to 1
end transfer from 1 to 0
start transfer from 0 to 1
start transfer from 1 to 0
end transfer from 0 to 1
end transfer from 1 to 0
start transfer from 0 to 1
start transfer from 1 to 0
end transfer from 0 to 1
end transfer from 1 to 0
start transfer from 0 to 1
end transfer from 0 to 1
start transfer from 1 to 0
start transfer from 0 to 1
end transfer from 1 to 0
end transfer from 0 to 1
start transfer from 1 to 0
start transfer from 0 to 1
end transfer from 1 to 0
end transfer from 0 to 1
start transfer from 1 to 0
start transfer from 0 to 1
end transfer from 1 to 0
end transfer from 0 to 1
start transfer from 1 to 0
start transfer from 0 to 1
end transfer from 1 to 0
end transfer from 0 to 1
start transfer from 1 to 0
start transfer from 0 to 1
end transfer from 1 to 0
end transfer from 0 to 1
start transfer from 0 to 1
start transfer from 1 to 0
end transfer from 0 to 1
end transfer from 1 to 0
start transfer from 0 to 1
start transfer from 1 to 0
end transfer from 0 to 1
end transfer from 1 to 0
start transfer from 0 to 1
start transfer from 1 to 0
end transfer from 0 to 1
end transfer from 1 to 0
start transfer from 0 to 1
start transfer from 1 to 0
end transfer from 0 to 1
start transfer from 0 to 1
end transfer from 1 to 0
end transfer from 0 to 1
start transfer from 1 to 0
start transfer from 0 to 1
end transfer from 1 to 0
end transfer from 0 to 1
start transfer from 1 to 0
start transfer from 0 to 1
end transfer from 1 to 0
end transfer from 0 to 1
start transfer from 1 to 0
start transfer from 0 to 1
end transfer from 1 to 0
end transfer from 0 to 1
start transfer from 1 to 0
start transfer from 0 to 1
end transfer from 1 to 0
end transfer from 0 to 1
start transfer from 1 to 0
start transfer from 0 to 1
end transfer from 1 to 0
end transfer from 0 to 1
start transfer from 1 to 0
start transfer from 0 to 1
end transfer from 1 to 0
end transfer from 0 to 1
start transfer from 1 to 0
start transfer from 0 to 1
end transfer from 1 to 0
end transfer from 0 to 1
start transfer from 1 to 0
start transfer from 0 to 1
end transfer from 1 to 0
end transfer from 0 to 1
start transfer from 1 to 0
start transfer from 0 to 1
end transfer from 1 to 0
end transfer from 0 to 1
start transfer from 1 to 0
start transfer from 0 to 1
end transfer from 1 to 0
end transfer from 0 to 1
start transfer from 1 to 0
start transfer from 0 to 1
end transfer from 1 to 0
end transfer from 0 to 1
start transfer from 1 to 0
start transfer from 0 to 1
end transfer from 1 to 0
start transfer from 1 to 0
end transfer from 0 to 1
end transfer from 1 to 0
start transfer from 0 to 1
start transfer from 1 to 0
end transfer from 0 to 1
start transfer from 0 to 1
end transfer from 1 to 0
start transfer from 1 to 0
end transfer from 0 to 1
start transfer from 0 to 1
end transfer from 1 to 0
start transfer from 1 to 0
end transfer from 0 to 1
start transfer from 0 to 1
end transfer from 1 to 0
start transfer from 1 to 0
end transfer from 0 to 1
end transfer from 1 to 0
start transfer from 0 to 1
start transfer from 1 to 0
end transfer from 0 to 1
end transfer from 1 to 0
start transfer from 0 to 1
start transfer from 1 to 0
end transfer from 0 to 1
start transfer from 0 to 1
end transfer from 1 to 0
start transfer from 1 to 0
end transfer from 0 to 1
start transfer from 0 to 1
end transfer from 1 to 0
end transfer from 0 to 1
start transfer from 1 to 0
end transfer from 1 to 0
start transfer from 0 to 1
end transfer from 0 to 1
start transfer from 1 to 0
end transfer from 1 to 0
start transfer from 0 to 1
end transfer from 0 to 1
start transfer from 1 to 0
start transfer from 0 to 1
end transfer from 1 to 0
start transfer from 1 to 0
end transfer from 0 to 1
start transfer from 0 to 1
end transfer from 1 to 0
end transfer from 0 to 1
start transfer from 1 to 0
end transfer from 1 to 0
start transfer from 0 to 1
start transfer from 1 to 0
end transfer from 0 to 1
end transfer from 1 to 0
start transfer from 0 to 1
start transfer from 1 to 0
end transfer from 0 to 1
end transfer from 1 to 0
start transfer from 0 to 1
start transfer from 1 to 0
end transfer from 0 to 1
end transfer from 1 to 0
start transfer from 0 to 1
end transfer from 0 to 1
start transfer from 1 to 0
start transfer from 0 to 1
end transfer from 1 to 0
start transfer from 1 to 0
end transfer from 0 to 1
end transfer from 1 to 0
start transfer from 0 to 1
start transfer from 1 to 0
end transfer from 0 to 1
end transfer from 1 to 0
start transfer from 0 to 1
end transfer from 0 to 1
start transfer from 1 to 0
end transfer from 1 to 0
start transfer from 0 to 1
end transfer from 0 to 1
start transfer from 1 to 0
end transfer from 1 to 0
start transfer from 0 to 1
start transfer from 1 to 0
end transfer from 0 to 1
end transfer from 1 to 0
start transfer from 0 to 1
start transfer from 1 to 0
end transfer from 0 to 1
end transfer from 1 to 0
start transfer from 0 to 1
start transfer from 1 to 0
end transfer from 0 to 1
end transfer from 1 to 0
start transfer from 0 to 1
end transfer from 0 to 1
start transfer from 1 to 0
end transfer from 1 to 0
start transfer from 0 to 1
end transfer from 0 to 1
start transfer from 1 to 0
end transfer from 1 to 0
start transfer from 0 to 1
start transfer from 1 to 0
end transfer from 0 to 1
start transfer from 0 to 1
end transfer from 1 to 0
end transfer from 0 to 1
start transfer from 1 to 0
start transfer from 0 to 1
end transfer from 1 to 0
end transfer from 0 to 1
start transfer from 1 to 0
start transfer from 0 to 1
end transfer from 1 to 0
end transfer from 0 to 1
start transfer from 1 to 0
start transfer from 0 to 1
end transfer from 0 to 1
end transfer from 1 to 0
start transfer from 0 to 1
start transfer from 1 to 0
end transfer from 0 to 1
end transfer from 1 to 0
start transfer from 0 to 1
start transfer from 1 to 0
end transfer from 0 to 1
end transfer from 1 to 0
start transfer from 1 to 0
start transfer from 0 to 1
end transfer from 1 to 0
end transfer from 0 to 1
start transfer from 1 to 0
start transfer from 0 to 1
end transfer from 1 to 0
end transfer from 0 to 1
start transfer from 0 to 1
start transfer from 1 to 0
end transfer from 0 to 1
end transfer from 1 to 0
start transfer from 0 to 1
start transfer from 1 to 0
end transfer from 0 to 1
end transfer from 1 to 0
start transfer from 0 to 1
start transfer from 1 to 0
end transfer from 0 to 1
start transfer from 0 to 1
end transfer from 1 to 0
end transfer from 0 to 1
start transfer from 1 to 0
start transfer from 0 to 1
end transfer from 1 to 0
end transfer from 0 to 1
start transfer from 1 to 0
start transfer from 0 to 1
end transfer from 1 to 0
end transfer from 0 to 1
start transfer from 1 to 0
start transfer from 0 to 1
end transfer from 1 to 0
end transfer from 0 to 1
start transfer from 1 to 0
start transfer from 0 to 1
end transfer from 0 to 1
end transfer from 1 to 0
start transfer from 0 to 1
start transfer from 1 to 0
end transfer from 0 to 1
end transfer from 1 to 0
start transfer from 0 to 1
start transfer from 1 to 0
end transfer from 0 to 1
end transfer from 1 to 0
start transfer from 0 to 1
end transfer from 0 to 1
start transfer from 1 to 0
start transfer from 0 to 1
end transfer from 1 to 0
end transfer from 0 to 1
start transfer from 1 to 0
start transfer from 0 to 1
end transfer from 1 to 0
end transfer from 0 to 1
start transfer from 1 to 0
start transfer from 0 to 1
end transfer from 1 to 0
end transfer from 0 to 1
start transfer from 1 to 0
start transfer from 0 to 1
end transfer from 1 to 0
end transfer from 0 to 1
start transfer from 1 to 0
start transfer from 0 to 1
end transfer from 1 to 0
end transfer from 0 to 1
start transfer from 1 to 0
start transfer from 0 to 1
end transfer from 1 to 0
end transfer from 0 to 1
start transfer from 0 to 1
start transfer from 1 to 0
end transfer from 0 to 1
end transfer from 1 to 0
start transfer from 0 to 1
start transfer from 1 to 0
end transfer from 0 to 1
end transfer from 1 to 0
start transfer from 0 to 1
start transfer from 1 to 0
end transfer from 0 to 1
end transfer from 1 to 0
start transfer from 0 to 1
start transfer from 1 to 0
end transfer from 0 to 1
end transfer from 1 to 0
start transfer from 0 to 1
start transfer from 1 to 0
end transfer from 0 to 1
end transfer from 1 to 0
start transfer from 0 to 1
start transfer from 1 to 0
end transfer from 0 to 1
end transfer from 1 to 0
start transfer from 0 to 1
start transfer from 1 to 0
end transfer from 0 to 1
end transfer from 1 to 0
start transfer from 0 to 1
start transfer from 1 to 0
end transfer from 0 to 1
end transfer from 1 to 0
start transfer from 0 to 1
start transfer from 1 to 0
end transfer from 0 to 1
end transfer from 1 to 0
start transfer from 0 to 1
start transfer from 1 to 0
end transfer from 0 to 1
end transfer from 1 to 0
start transfer from 0 to 1
start transfer from 1 to 0
end transfer from 0 to 1
start transfer from 0 to 1
end transfer from 1 to 0
end transfer from 0 to 1
start transfer from 1 to 0
start transfer from 0 to 1
end transfer from 1 to 0
end transfer from 0 to 1
start transfer from 1 to 0
start transfer from 0 to 1
end transfer from 1 to 0
end transfer from 0 to 1
start transfer from 1 to 0
start transfer from 0 to 1
end transfer from 1 to 0
end transfer from 0 to 1
start transfer from 1 to 0
start transfer from 0 to 1
end transfer from 1 to 0
end transfer from 0 to 1
start transfer from 1 to 0
start transfer from 0 to 1
end transfer from 1 to 0
end transfer from 0 to 1
start transfer from 1 to 0
start transfer from 0 to 1
end transfer from 1 to 0
end transfer from 0 to 1
start transfer from 1 to 0
start transfer from 0 to 1
end transfer from 1 to 0
end transfer from 0 to 1
start transfer from 1 to 0
start transfer from 0 to 1
end transfer from 0 to 1
end transfer from 1 to 0
start transfer from 0 to 1
start transfer from 1 to 0
end transfer from 0 to 1
end transfer from 1 to 0
start transfer from 0 to 1
start transfer from 1 to 0
end transfer from 0 to 1
end transfer from 1 to 0
start transfer from 0 to 1
start transfer from 1 to 0
end transfer from 0 to 1
start transfer from 0 to 1
end transfer from 1 to 0
end transfer from 0 to 1
start transfer from 1 to 0
start transfer from 0 to 1
end transfer from 1 to 0
end transfer from 0 to 1
start transfer from 1 to 0
start transfer from 0 to 1
end transfer from 1 to 0
end transfer from 0 to 1
start transfer from 1 to 0
start transfer from 0 to 1
end transfer from 1 to 0
end transfer from 0 to 1
start transfer from 0 to 1
start transfer from 1 to 0
end transfer from 0 to 1
end transfer from 1 to 0
start transfer from 0 to 1
start transfer from 1 to 0
end transfer from 0 to 1
end transfer from 1 to 0
start transfer from 0 to 1
start transfer from 1 to 0
end transfer from 0 to 1
start transfer from 0 to 1
end transfer from 1 to 0
start transfer from 1 to 0
end transfer from 0 to 1
end transfer from 1 to 0
start transfer from 0 to 1
start transfer from 1 to 0
end transfer from 0 to 1
start transfer from 0 to 1
end transfer from 1 to 0
end transfer from 0 to 1
start transfer from 1 to 0
start transfer from 0 to 1
end transfer from 1 to 0
end transfer from 0 to 1
start transfer from 1 to 0
start transfer from 0 to 1
end transfer from 1 to 0
end transfer from 0 to 1
start transfer from 1 to 0
start transfer from 0 to 1
end transfer from 0 to 1
end transfer from 1 to 0
start transfer from 0 to 1
start transfer from 1 to 0
end transfer from 0 to 1
end transfer from 1 to 0
start transfer from 1 to 0
start transfer from 0 to 1
end transfer from 1 to 0
end transfer from 0 to 1
start transfer from 0 to 1
start transfer from 1 to 0
end transfer from 0 to 1
end transfer from 1 to 0
start transfer from 0 to 1
start transfer from 1 to 0
end transfer from 0 to 1
end transfer from 1 to 0
start transfer from 0 to 1
start transfer from 1 to 0
end transfer from 0 to 1
start transfer from 0 to 1
end transfer from 1 to 0
end transfer from 0 to 1
start transfer from 1 to 0
start transfer from 0 to 1
end transfer from 1 to 0
end transfer from 0 to 1
start transfer from 1 to 0
start transfer from 0 to 1
end transfer from 1 to 0
end transfer from 0 to 1
start transfer from 1 to 0
start transfer from 0 to 1
end transfer from 1 to 0
end transfer from 0 to 1
start transfer from 1 to 0
start transfer from 0 to 1
end transfer from 1 to 0
end transfer from 0 to 1
start transfer from 1 to 0
start transfer from 0 to 1
end transfer from 1 to 0
end transfer from 0 to 1
start transfer from 1 to 0
start transfer from 0 to 1
end transfer from 0 to 1
end transfer from 1 to 0
start transfer from 0 to 1
start transfer from 1 to 0
end transfer from 0 to 1
end transfer from 1 to 0
start transfer from 0 to 1
start transfer from 1 to 0
end transfer from 0 to 1
end transfer from 1 to 0
start transfer from 0 to 1
start transfer from 1 to 0
end transfer from 0 to 1
end transfer from 1 to 0
start transfer from 0 to 1
start transfer from 1 to 0
end transfer from 0 to 1
end transfer from 1 to 0
start transfer from 0 to 1
start transfer from 1 to 0
end transfer from 0 to 1
end transfer from 1 to 0
start transfer from 0 to 1
start transfer from 1 to 0
end transfer from 0 to 1
end transfer from 1 to 0
start transfer from 0 to 1
start transfer from 1 to 0
end transfer from 0 to 1
end transfer from 1 to 0
start transfer from 0 to 1
start transfer from 1 to 0
end transfer from 0 to 1
end transfer from 1 to 0
start transfer from 0 to 1
start transfer from 1 to 0
end transfer from 0 to 1
end transfer from 1 to 0
start transfer from 0 to 1
start transfer from 1 to 0
end transfer from 0 to 1
end transfer from 1 to 0
start transfer from 0 to 1
start transfer from 1 to 0
end transfer from 0 to 1
end transfer from 1 to 0
start transfer from 0 to 1
start transfer from 1 to 0
end transfer from 0 to 1
end transfer from 1 to 0
start transfer from 0 to 1
start transfer from 1 to 0
end transfer from 0 to 1
end transfer from 1 to 0
start transfer from 0 to 1
start transfer from 1 to 0
end transfer from 0 to 1
end transfer from 1 to 0
start transfer from 0 to 1
start transfer from 1 to 0
end transfer from 0 to 1
end transfer from 1 to 0
start transfer from 0 to 1
start transfer from 1 to 0
end transfer from 0 to 1
end transfer from 1 to 0
start transfer from 0 to 1
start transfer from 1 to 0
end transfer from 1 to 0
end transfer from 0 to 1
start transfer from 1 to 0
start transfer from 0 to 1
end transfer from 1 to 0
end transfer from 0 to 1
start transfer from 1 to 0
start transfer from 0 to 1
end transfer from 1 to 0
end transfer from 0 to 1
start transfer from 1 to 0
start transfer from 0 to 1
end transfer from 1 to 0
end transfer from 0 to 1
start transfer from 1 to 0
start transfer from 0 to 1
end transfer from 1 to 0
end transfer from 0 to 1
start transfer from 1 to 0
end transfer from 1 to 0
start transfer from 0 to 1
start transfer from 1 to 0
end transfer from 0 to 1
end transfer from 1 to 0
start transfer from 0 to 1
start transfer from 1 to 0
end transfer from 0 to 1
end transfer from 1 to 0
start transfer from 0 to 1
start transfer from 1 to 0
end transfer from 0 to 1
end transfer from 1 to 0
start transfer from 0 to 1
start transfer from 1 to 0
end transfer from 0 to 1
end transfer from 1 to 0
start transfer from 0 to 1
start transfer from 1 to 0
end transfer from 0 to 1
end transfer from 1 to 0
start transfer from 0 to 1
start transfer from 1 to 0
end transfer from 0 to 1
end transfer from 1 to 0
start transfer from 1 to 0
start transfer from 0 to 1
end transfer from 1 to 0
end transfer from 0 to 1
start transfer from 1 to 0
start transfer from 0 to 1
end transfer from 1 to 0
end transfer from 0 to 1
start transfer from 1 to 0
start transfer from 0 to 1
end transfer from 1 to 0
end transfer from 0 to 1
start transfer from 1 to 0
start transfer from 0 to 1
end transfer from 1 to 0
end transfer from 0 to 1
start transfer from 1 to 0
start transfer from 0 to 1
end transfer from 1 to 0
end transfer from 0 to 1
start transfer from 1 to 0
start transfer from 0 to 1
end transfer from 1 to 0
start transfer from 1 to 0
end transfer from 0 to 1
end transfer from 1 to 0
start transfer from 0 to 1
start transfer from 1 to 0
end transfer from 0 to 1
end transfer from 1 to 0
start transfer from 0 to 1
start transfer from 1 to 0
end transfer from 0 to 1
end transfer from 1 to 0
start transfer from 0 to 1
start transfer from 1 to 0
end transfer from 0 to 1
end transfer from 1 to 0
start transfer from 0 to 1
start transfer from 1 to 0
end transfer from 0 to 1
end transfer from 1 to 0
start transfer from 0 to 1
start transfer from 1 to 0
end transfer from 0 to 1
end transfer from 1 to 0
start transfer from 1 to 0
start transfer from 0 to 1
end transfer from 1 to 0
end transfer from 0 to 1
start transfer from 1 to 0
start transfer from 0 to 1
end transfer from 1 to 0
end transfer from 0 to 1
start transfer from 1 to 0
start transfer from 0 to 1
end transfer from 1 to 0
start transfer from 1 to 0
end transfer from 0 to 1
end transfer from 1 to 0
start transfer from 0 to 1
start transfer from 1 to 0
end transfer from 0 to 1
end transfer from 1 to 0
start transfer from 0 to 1
start transfer from 1 to 0
end transfer from 0 to 1
end transfer from 1 to 0
start transfer from 0 to 1
start transfer from 1 to 0
end transfer from 0 to 1
end transfer from 1 to 0
start transfer from 0 to 1
start transfer from 1 to 0
end transfer from 0 to 1
end transfer from 1 to 0
start transfer from 0 to 1
start transfer from 1 to 0
end transfer from 0 to 1
end transfer from 1 to 0
start transfer from 0 to 1
start transfer from 1 to 0
end transfer from 0 to 1
end transfer from 1 to 0
start transfer from 0 to 1
start transfer from 1 to 0
end transfer from 1 to 0
end transfer from 0 to 1
start transfer from 1 to 0
start transfer from 0 to 1
end transfer from 1 to 0
end transfer from 0 to 1
start transfer from 1 to 0
end transfer from 1 to 0
start transfer from 0 to 1
start transfer from 1 to 0
end transfer from 0 to 1
end transfer from 1 to 0
start transfer from 0 to 1
start transfer from 1 to 0
end transfer from 0 to 1
end transfer from 1 to 0
start transfer from 0 to 1
start transfer from 1 to 0
end transfer from 0 to 1
end transfer from 1 to 0
start transfer from 0 to 1
start transfer from 1 to 0
end transfer from 0 to 1
end transfer from 1 to 0
start transfer from 0 to 1
start transfer from 1 to 0
end transfer from 0 to 1
start transfer from 0 to 1
end transfer from 1 to 0
end transfer from 0 to 1
start transfer from 1 to 0
start transfer from 0 to 1
end transfer from 1 to 0
start transfer from 1 to 0
end transfer from 0 to 1
end transfer from 1 to 0
start transfer from 0 to 1
end transfer from 0 to 1
start transfer from 1 to 0
start transfer from 0 to 1
end transfer from 1 to 0
end transfer from 0 to 1
start transfer from 1 to 0
start transfer from 0 to 1
end transfer from 1 to 0
start transfer from 1 to 0
end transfer from 0 to 1
end transfer from 1 to 0
start transfer from 0 to 1
start transfer from 1 to 0
end transfer from 0 to 1
end transfer from 1 to 0
start transfer from 0 to 1
start transfer from 1 to 0
end transfer from 1 to 0
end transfer from 0 to 1
start transfer from 0 to 1
start transfer from 1 to 0
end transfer from 0 to 1
end transfer from 1 to 0
start transfer from 0 to 1
start transfer from 1 to 0
end transfer from 0 to 1
end transfer from 1 to 0
start transfer from 0 to 1
start transfer from 1 to 0
end transfer from 0 to 1
end transfer from 1 to 0
start transfer from 1 to 0
start transfer from 0 to 1
end transfer from 1 to 0
start transfer from 1 to 0
end transfer from 0 to 1
end transfer from 1 to 0
start transfer from 0 to 1
start transfer from 1 to 0
end transfer from 0 to 1
end transfer from 1 to 0
start transfer from 0 to 1
end transfer from 0 to 1
start transfer from 1 to 0
start transfer from 0 to 1
end transfer from 1 to 0
start transfer from 1 to 0
end transfer from 0 to 1
start transfer from 0 to 1
end transfer from 1 to 0
end transfer from 0 to 1
start transfer from 1 to 0
start transfer from 0 to 1
end transfer from 1 to 0
end transfer from 0 to 1
start transfer from 1 to 0
start transfer from 0 to 1
end transfer from 1 to 0
start transfer from 1 to 0
end transfer from 0 to 1
end transfer from 1 to 0
start transfer from 0 to 1
start transfer from 1 to 0
end transfer from 0 to 1
end transfer from 1 to 0
start transfer from 0 to 1
start transfer from 1 to 0
end transfer from 0 to 1
end transfer from 1 to 0
start transfer from 0 to 1
end transfer from 0 to 1
start transfer from 1 to 0
start transfer from 0 to 1
end transfer from 1 to 0
start transfer from 1 to 0
end transfer from 0 to 1
end transfer from 1 to 0
start transfer from 0 to 1
start transfer from 1 to 0
end transfer from 0 to 1
end transfer from 1 to 0
start transfer from 0 to 1
start transfer from 1 to 0
end transfer from 0 to 1
end transfer from 1 to 0
start transfer from 0 to 1
end transfer from 0 to 1
start transfer from 1 to 0
start transfer from 0 to 1
end transfer from 1 to 0
end transfer from 0 to 1
start transfer from 1 to 0
start transfer from 0 to 1
end transfer from 1 to 0
start transfer from 1 to 0
end transfer from 0 to 1
start transfer from 0 to 1
end transfer from 1 to 0
end transfer from 0 to 1
start transfer from 1 to 0
start transfer from 0 to 1
end transfer from 1 to 0
start transfer from 1 to 0
end transfer from 0 to 1
end transfer from 1 to 0
start transfer from 0 to 1
start transfer from 1 to 0
end transfer from 0 to 1
end transfer from 1 to 0
start transfer from 0 to 1
start transfer from 1 to 0
end transfer from 0 to 1
start transfer from 0 to 1
end transfer from 1 to 0
end transfer from 0 to 1
start transfer from 1 to 0
start transfer from 0 to 1
end transfer from 1 to 0
end transfer from 0 to 1
start transfer from 1 to 0
start transfer from 0 to 1
end transfer from 1 to 0
start transfer from 1 to 0
end transfer from 0 to 1
end transfer from 1 to 0
start transfer from 0 to 1
start transfer from 1 to 0
end transfer from 0 to 1
end transfer from 1 to 0
start transfer from 1 to 0
start transfer from 0 to 1
end transfer from 1 to 0
end transfer from 0 to 1
start transfer from 1 to 0
start transfer from 0 to 1
end transfer from 1 to 0
end transfer from 0 to 1
start transfer from 0 to 1
start transfer from 1 to 0
end transfer from 0 to 1
start transfer from 0 to 1
end transfer from 1 to 0
end transfer from 0 to 1
start transfer from 1 to 0
start transfer from 0 to 1
end transfer from 1 to 0
end transfer from 0 to 1
start transfer from 0 to 1
end transfer from 0 to 1
start transfer from 1 to 0
start transfer from 0 to 1
end transfer from 1 to 0
end transfer from 0 to 1
start transfer from 1 to 0
start transfer from 0 to 1
end transfer from 1 to 0
end transfer from 0 to 1
start transfer from 1 to 0
start transfer from 0 to 1
end transfer from 1 to 0
end transfer from 0 to 1
start transfer from 1 to 0
start transfer from 0 to 1
end transfer from 1 to 0
end transfer from 0 to 1
start transfer from 1 to 0
start transfer from 0 to 1
end transfer from 1 to 0
end transfer from 0 to 1
start transfer from 1 to 0
start transfer from 0 to 1
end transfer from 1 to 0
end transfer from 0 to 1
start transfer from 0 to 1
start transfer from 1 to 0
end transfer from 0 to 1
start transfer from 0 to 1
end transfer from 1 to 0
end transfer from 0 to 1
start transfer from 0 to 1
end transfer from 0 to 1
start transfer from 1 to 0
start transfer from 0 to 1
end transfer from 0 to 1
end transfer from 1 to 0
start transfer from 0 to 1
end transfer from 0 to 1
start transfer from 1 to 0
start transfer from 0 to 1
end transfer from 1 to 0
end transfer from 0 to 1
start transfer from 1 to 0
start transfer from 0 to 1
end transfer from 1 to 0
end transfer from 0 to 1
start transfer from 1 to 0
start transfer from 0 to 1
end transfer from 1 to 0
end transfer from 0 to 1
start transfer from 1 to 0
start transfer from 0 to 1
end transfer from 0 to 1
start transfer from 0 to 1
end transfer from 0 to 1
end transfer from 1 to 0
start transfer from 0 to 1
start transfer from 1 to 0
end transfer from 0 to 1
end transfer from 1 to 0
start transfer from 0 to 1
start transfer from 1 to 0
end transfer from 0 to 1
end transfer from 1 to 0
start transfer from 0 to 1
start transfer from 1 to 0
end transfer from 0 to 1
end transfer from 1 to 0
start transfer from 0 to 1
start transfer from 1 to 0
end transfer from 0 to 1
end transfer from 1 to 0
start transfer from 0 to 1
end transfer from 0 to 1
start transfer from 1 to 0
start transfer from 0 to 1
end transfer from 1 to 0
end transfer from 0 to 1
start transfer from 1 to 0
start transfer from 0 to 1
end transfer from 1 to 0
end transfer from 0 to 1
start transfer from 1 to 0
end transfer from 1 to 0
start transfer from 0 to 1
start transfer from 1 to 0
end transfer from 0 to 1
end transfer from 1 to 0
start transfer from 0 to 1
start transfer from 1 to 0
end transfer from 0 to 1
end transfer from 1 to 0
start transfer from 0 to 1
start transfer from 1 to 0
end transfer from 0 to 1
end transfer from 1 to 0
start transfer from 0 to 1
start transfer from 1 to 0
end transfer from 0 to 1
end transfer from 1 to 0
start transfer from 0 to 1
start transfer from 1 to 0
end transfer from 0 to 1
end transfer from 1 to 0
start transfer from 0 to 1
start transfer from 1 to 0
end transfer from 0 to 1
start transfer from 0 to 1
end transfer from 1 to 0
end transfer from 0 to 1
start transfer from 1 to 0
start transfer from 0 to 1
end transfer from 1 to 0
end transfer from 0 to 1
start transfer from 1 to 0
start transfer from 0 to 1
end transfer from 1 to 0
start transfer from 1 to 0
end transfer from 0 to 1
end transfer from 1 to 0
start transfer from 0 to 1
start transfer from 1 to 0
end transfer from 0 to 1
end transfer from 1 to 0
start transfer from 0 to 1
start transfer from 1 to 0
end transfer from 0 to 1
end transfer from 1 to 0
start transfer from 0 to 1
start transfer from 1 to 0
end transfer from 0 to 1
end transfer from 1 to 0
start transfer from 0 to 1
start transfer from 1 to 0
end transfer from 0 to 1
end transfer from 1 to 0
start transfer from 0 to 1
start transfer from 1 to 0
end transfer from 0 to 1
end transfer from 1 to 0
start transfer from 1 to 0
start transfer from 0 to 1
end transfer from 1 to 0
end transfer from 0 to 1
start transfer from 1 to 0
start transfer from 0 to 1
end transfer from 1 to 0
end transfer from 0 to 1
start transfer from 1 to 0
start transfer from 0 to 1
end transfer from 1 to 0
end transfer from 0 to 1
start transfer from 1 to 0
start transfer from 0 to 1
end transfer from 1 to 0
end transfer from 0 to 1
start transfer from 1 to 0
start transfer from 0 to 1
end transfer from 1 to 0
end transfer from 0 to 1
start transfer from 1 to 0
start transfer from 0 to 1
end transfer from 1 to 0
end transfer from 0 to 1
start transfer from 1 to 0
start transfer from 0 to 1
end transfer from 1 to 0
end transfer from 0 to 1
start transfer from 1 to 0
start transfer from 0 to 1
end transfer from 1 to 0
end transfer from 0 to 1
start transfer from 1 to 0
start transfer from 0 to 1
end transfer from 1 to 0
end transfer from 0 to 1
start transfer from 1 to 0
start transfer from 0 to 1
end transfer from 1 to 0
end transfer from 0 to 1
start transfer from 1 to 0
start transfer from 0 to 1
end transfer from 0 to 1
end transfer from 1 to 0
start transfer from 0 to 1
start transfer from 1 to 0
end transfer from 0 to 1
end transfer from 1 to 0
start transfer from 0 to 1
end transfer from 0 to 1
start transfer from 1 to 0
start transfer from 0 to 1
end transfer from 1 to 0
end transfer from 0 to 1
start transfer from 1 to 0
start transfer from 0 to 1
end transfer from 1 to 0
end transfer from 0 to 1
start transfer from 0 to 1
start transfer from 1 to 0
end transfer from 0 to 1
end transfer from 1 to 0
start transfer from 0 to 1
end transfer from 0 to 1
start transfer from 1 to 0
start transfer from 0 to 1
end transfer from 1 to 0
end transfer from 0 to 1
start transfer from 1 to 0
start transfer from 0 to 1
end transfer from 1 to 0
end transfer from 0 to 1
start transfer from 1 to 0
end transfer from 1 to 0
start transfer from 0 to 1
start transfer from 1 to 0
end transfer from 1 to 0
end transfer from 0 to 1
start transfer from 1 to 0
start transfer from 0 to 1
end transfer from 1 to 0
end transfer from 0 to 1
start transfer from 1 to 0
start transfer from 0 to 1
end transfer from 1 to 0
end transfer from 0 to 1
start transfer from 1 to 0
start transfer from 0 to 1
end transfer from 1 to 0
start transfer from 1 to 0
end transfer from 0 to 1
end transfer from 1 to 0
start transfer from 0 to 1
start transfer from 1 to 0
end transfer from 0 to 1
end transfer from 1 to 0
start transfer from 0 to 1
start transfer from 1 to 0
end transfer from 0 to 1
end transfer from 1 to 0
start transfer from 1 to 0
start transfer from 0 to 1
end transfer from 1 to 0
end transfer from 0 to 1
start transfer from 0 to 1
start transfer from 1 to 0
end transfer from 1 to 0
end transfer from 0 to 1
start transfer from 0 to 1
end transfer from 0 to 1
start transfer from 0 to 1
end transfer from 0 to 1
start transfer from 0 to 1
end transfer from 0 to 1
start transfer from 1 to 0
start transfer from 0 to 1
end transfer from 0 to 1
end transfer from 1 to 0
start transfer from 0 to 1
start transfer from 1 to 0
end transfer from 0 to 1
end transfer from 1 to 0
start transfer from 0 to 1
start transfer from 1 to 0
end transfer from 0 to 1
start transfer from 0 to 1
end transfer from 1 to 0
end transfer from 0 to 1
start transfer from 1 to 0
start transfer from 0 to 1
end transfer from 1 to 0
end transfer from 0 to 1
start transfer from 1 to 0
start transfer from 0 to 1
end transfer from 1 to 0
end transfer from 0 to 1
start transfer from 1 to 0
end transfer from 1 to 0
start transfer from 0 to 1
start transfer from 1 to 0
end transfer from 0 to 1
end transfer from 1 to 0
start transfer from 0 to 1
start transfer from 1 to 0
end transfer from 0 to 1
start transfer from 0 to 1
end transfer from 1 to 0
end transfer from 0 to 1
start transfer from 1 to 0
start transfer from 0 to 1
end transfer from 1 to 0
start transfer from 1 to 0
end transfer from 1 to 0
start transfer from 1 to 0
end transfer from 0 to 1
start transfer from 0 to 1
end transfer from 0 to 1
start transfer from 0 to 1
end transfer from 0 to 1
start transfer from 0 to 1
end transfer from 0 to 1
start transfer from 0 to 1
end transfer from 0 to 1
start transfer from 0 to 1
end transfer from 1 to 0
start transfer from 1 to 0
end transfer from 0 to 1
start transfer from 0 to 1
end transfer from 0 to 1
start transfer from 0 to 1
end transfer from 0 to 1
start transfer from 0 to 1
end transfer from 0 to 1
start transfer from 0 to 1
end transfer from 0 to 1
start transfer from 0 to 1
end transfer from 0 to 1
start transfer from 0 to 1
end transfer from 0 to 1
start transfer from 0 to 1
end transfer from 0 to 1
end transfer from 1 to 0
start transfer from 1 to 0
end transfer from 1 to 0
start transfer from 1 to 0
end transfer from 1 to 0
start transfer from 1 to 0
end transfer from 1 to 0
start transfer from 0 to 1
end transfer from 0 to 1
start transfer from 0 to 1
end transfer from 0 to 1
start transfer from 0 to 1
end transfer from 0 to 1
start transfer from 0 to 1
end transfer from 0 to 1
start transfer from 0 to 1
end transfer from 0 to 1
start transfer from 0 to 1
end transfer from 0 to 1
start transfer from 1 to 0
end transfer from 1 to 0
start transfer from 1 to 0
end transfer from 1 to 0
start transfer from 1 to 0
end transfer from 1 to 0
start transfer from 1 to 0
end transfer from 1 to 0
start transfer from 1 to 0
end transfer from 1 to 0
start transfer from 1 to 0
end transfer from 1 to 0
start transfer from 1 to 0
end transfer from 1 to 0
start transfer from 1 to 0
end transfer from 1 to 0
start transfer from 1 to 0
end transfer from 1 to 0
start transfer from 0 to 1
start transfer from 1 to 0
end transfer from 1 to 0
start transfer from 1 to 0
end transfer from 0 to 1
end transfer from 1 to 0
start transfer from 0 to 1
start transfer from 1 to 0
end transfer from 1 to 0
end transfer from 0 to 1
start transfer from 0 to 1
start transfer from 1 to 0
end transfer from 0 to 1
end transfer from 1 to 0
start transfer from 0 to 1
start transfer from 1 to 0
end transfer from 1 to 0
end transfer from 0 to 1
start transfer from 1 to 0
end transfer from 1 to 0
start transfer from 0 to 1
start transfer from 1 to 0
end transfer from 0 to 1
end transfer from 1 to 0
start transfer from 0 to 1
start transfer from 1 to 0
end transfer from 0 to 1
end transfer from 1 to 0
start transfer from 0 to 1
start transfer from 1 to 0
end transfer from 1 to 0
end transfer from 0 to 1
start transfer from 1 to 0
start transfer from 0 to 1
end transfer from 1 to 0
end transfer from 0 to 1
start transfer from 1 to 0
start transfer from 0 to 1
end transfer from 1 to 0
end transfer from 0 to 1
start transfer from 1 to 0
start transfer from 0 to 1
end transfer from 1 to 0
start transfer from 1 to 0
end transfer from 0 to 1
end transfer from 1 to 0
start transfer from 0 to 1
start transfer from 1 to 0
end transfer from 0 to 1
end transfer from 1 to 0
start transfer from 0 to 1
start transfer from 1 to 0
end transfer from 0 to 1
end transfer from 1 to 0
start transfer from 1 to 0
end transfer from 1 to 0
start transfer from 1 to 0
start transfer from 0 to 1
end transfer from 1 to 0
start transfer from 1 to 0
end transfer from 1 to 0
end transfer from 0 to 1
start transfer from 1 to 0
start transfer from 0 to 1
end transfer from 1 to 0
start transfer from 1 to 0
end transfer from 1 to 0
start transfer from 1 to 0
end transfer from 1 to 0
end transfer from 0 to 1
start transfer from 1 to 0
end transfer from 1 to 0
start transfer from 1 to 0
end transfer from 1 to 0
start transfer from 1 to 0
end transfer from 1 to 0
start transfer from 1 to 0
end transfer from 1 to 0
start transfer from 1 to 0
end transfer from 1 to 0
start transfer from 1 to 0
end transfer from 1 to 0
start transfer from 0 to 1
end transfer from 0 to 1
start transfer from 0 to 1
end transfer from 0 to 1
start transfer from 1 to 0
start transfer from 0 to 1
end transfer from 0 to 1
end transfer from 1 to 0
start transfer from 0 to 1
start transfer from 1 to 0
end transfer from 0 to 1
start transfer from 0 to 1
end transfer from 1 to 0
end transfer from 0 to 1
start transfer from 1 to 0
start transfer from 0 to 1
end transfer from 1 to 0
end transfer from 0 to 1
start transfer from 1 to 0
start transfer from 0 to 1
end transfer from 1 to 0
end transfer from 0 to 1
start transfer from 1 to 0
start transfer from 0 to 1
end transfer from 1 to 0
end transfer from 0 to 1
start transfer from 1 to 0
start transfer from 0 to 1
end transfer from 1 to 0
end transfer from 0 to 1
start transfer from 0 to 1
start transfer from 1 to 0
end transfer from 0 to 1
end transfer from 1 to 0
start transfer from 0 to 1
end transfer from 0 to 1
start transfer from 0 to 1
end transfer from 0 to 1
start transfer from 1 to 0
start transfer from 0 to 1
end transfer from 1 to 0
start transfer from 1 to 0
end transfer from 0 to 1
end transfer from 1 to 0
start transfer from 0 to 1
start transfer from 1 to 0
end transfer from 0 to 1
end transfer from 1 to 0
start transfer from 0 to 1
start transfer from 1 to 0
end transfer from 0 to 1
end transfer from 1 to 0
start transfer from 0 to 1
end transfer from 0 to 1
start transfer from 1 to 0
start transfer from 0 to 1
end transfer from 1 to 0
end transfer from 0 to 1
start transfer from 1 to 0
start transfer from 0 to 1
end transfer from 0 to 1
end transfer from 1 to 0
start transfer from 0 to 1
start transfer from 1 to 0
end transfer from 0 to 1
end transfer from 1 to 0
start transfer from 0 to 1
start transfer from 1 to 0
end transfer from 0 to 1
end transfer from 1 to 0
start transfer from 0 to 1
start transfer from 1 to 0
end transfer from 0 to 1
end transfer from 1 to 0
start transfer from 0 to 1
start transfer from 1 to 0
end transfer from 0 to 1
end transfer from 1 to 0
start transfer from 0 to 1
end transfer from 0 to 1
start transfer from 1 to 0
start transfer from 0 to 1
end transfer from 1 to 0
end transfer from 0 to 1
start transfer from 1 to 0
start transfer from 0 to 1
end transfer from 1 to 0
end transfer from 0 to 1
start transfer from 1 to 0
start transfer from 0 to 1
end transfer from 1 to 0
end transfer from 0 to 1
start transfer from 1 to 0
start transfer from 0 to 1
end transfer from 1 to 0
end transfer from 0 to 1
start transfer from 1 to 0
start transfer from 0 to 1
end transfer from 1 to 0
end transfer from 0 to 1
start transfer from 1 to 0
start transfer from 0 to 1
end transfer from 1 to 0
end transfer from 0 to 1
start transfer from 0 to 1
end transfer from 0 to 1
start transfer from 1 to 0
start transfer from 0 to 1
end transfer from 1 to 0
end transfer from 0 to 1
start transfer from 1 to 0
start transfer from 0 to 1
end transfer from 1 to 0
end transfer from 0 to 1
start transfer from 0 to 1
start transfer from 1 to 0
end transfer from 0 to 1
end transfer from 1 to 0
start transfer from 0 to 1
start transfer from 1 to 0
end transfer from 0 to 1
start transfer from 0 to 1
end transfer from 1 to 0
end transfer from 0 to 1
start transfer from 0 to 1
start transfer from 1 to 0
end transfer from 0 to 1
start transfer from 0 to 1
end transfer from 1 to 0
end transfer from 0 to 1
start transfer from 0 to 1
end transfer from 0 to 1
start transfer from 1 to 0
start transfer from 0 to 1
end transfer from 0 to 1
start transfer from 0 to 1
end transfer from 1 to 0
end transfer from 0 to 1
start transfer from 0 to 1
start transfer from 1 to 0
end transfer from 0 to 1
start transfer from 0 to 1
end transfer from 0 to 1
end transfer from 1 to 0
start transfer from 0 to 1
end transfer from 0 to 1
start transfer from 1 to 0
start transfer from 0 to 1
end transfer from 0 to 1
start transfer from 0 to 1
end transfer from 0 to 1
end transfer from 1 to 0
start transfer from 0 to 1
end transfer from 0 to 1
start transfer from 1 to 0
start transfer from 0 to 1
end transfer from 0 to 1
start transfer from 0 to 1
end transfer from 1 to 0
end transfer from 0 to 1
start transfer from 0 to 1
end transfer from 0 to 1
start transfer from 1 to 0
start transfer from 0 to 1
end transfer from 0 to 1
end transfer from 1 to 0
start transfer from 0 to 1
end transfer from 0 to 1
start transfer from 0 to 1
start transfer from 1 to 0
end transfer from 0 to 1
start transfer from 0 to 1
end transfer from 0 to 1
end transfer from 1 to 0
start transfer from 0 to 1
end transfer from 0 to 1
start transfer from 0 to 1
start transfer from 1 to 0
end transfer from 0 to 1
start transfer from 0 to 1
end transfer from 1 to 0
end transfer from 0 to 1
start transfer from 1 to 0
start transfer from 0 to 1
end transfer from 0 to 1
start transfer from 0 to 1
end transfer from 1 to 0
end transfer from 0 to 1
start transfer from 0 to 1
start transfer from 1 to 0
end transfer from 0 to 1
start transfer from 0 to 1
end transfer from 0 to 1
end transfer from 1 to 0
start transfer from 0 to 1
end transfer from 0 to 1
start transfer from 1 to 0
start transfer from 0 to 1
end transfer from 0 to 1
start transfer from 0 to 1
end transfer from 0 to 1
end transfer from 1 to 0
start transfer from 0 to 1
end transfer from 0 to 1
start transfer from 0 to 1
start transfer from 1 to 0
end transfer from 0 to 1
start transfer from 0 to 1
end transfer from 1 to 0
end transfer from 0 to 1
start transfer from 0 to 1
end transfer from 0 to 1
start transfer from 0 to 1
start transfer from 1 to 0
end transfer from 0 to 1
start transfer from 0 to 1
end transfer from 1 to 0
end transfer from 0 to 1
start transfer from 0 to 1
end transfer from 0 to 1
start transfer from 1 to 0
start transfer from 0 to 1
end transfer from 0 to 1
start transfer from 0 to 1
end transfer from 1 to 0
end transfer from 0 to 1
start transfer from 0 to 1
end transfer from 0 to 1
start transfer from 1 to 0
start transfer from 0 to 1
end transfer from 0 to 1
start transfer from 0 to 1
end transfer from 0 to 1
end transfer from 1 to 0
start transfer from 0 to 1
start transfer from 1 to 0
end transfer from 0 to 1
end transfer from 1 to 0
start transfer from 0 to 1
start transfer from 1 to 0
end transfer from 0 to 1
start transfer from 0 to 1
end transfer from 1 to 0
end transfer from 0 to 1
start transfer from 1 to 0
start transfer from 0 to 1
end transfer from 0 to 1
start transfer from 0 to 1
end transfer from 0 to 1
end transfer from 1 to 0
start transfer from 0 to 1
start transfer from 1 to 0
end transfer from 0 to 1
end transfer from 1 to 0
start transfer from 0 to 1
start transfer from 1 to 0
end transfer from 0 to 1
end transfer from 1 to 0
start transfer from 1 to 0
start transfer from 0 to 1
end transfer from 1 to 0
start transfer from 1 to 0
end transfer from 1 to 0
end transfer from 0 to 1
start transfer from 1 to 0
start transfer from 0 to 1
end transfer from 1 to 0
start transfer from 1 to 0
end transfer from 0 to 1
end transfer from 1 to 0
start transfer from 0 to 1
start transfer from 1 to 0
end transfer from 0 to 1
end transfer from 1 to 0
start transfer from 0 to 1
start transfer from 1 to 0
end transfer from 0 to 1
end transfer from 1 to 0
start transfer from 0 to 1
end transfer from 0 to 1
start transfer from 1 to 0
end transfer from 1 to 0
start transfer from 0 to 1
end transfer from 0 to 1
start transfer from 1 to 0
start transfer from 0 to 1
end transfer from 1 to 0
end transfer from 0 to 1
start transfer from 1 to 0
start transfer from 0 to 1
end transfer from 1 to 0
start transfer from 1 to 0
end transfer from 0 to 1
start transfer from 0 to 1
end transfer from 1 to 0
start transfer from 1 to 0
end transfer from 0 to 1
start transfer from 0 to 1
end transfer from 1 to 0
start transfer from 1 to 0
end transfer from 0 to 1
end transfer from 1 to 0
start transfer from 0 to 1
end transfer from 0 to 1
start transfer from 1 to 0
end transfer from 1 to 0
start transfer from 0 to 1
end transfer from 0 to 1
start transfer from 1 to 0
end transfer from 1 to 0
start transfer from 0 to 1
end transfer from 0 to 1
start transfer from 1 to 0
end transfer from 1 to 0
start transfer from 0 to 1
start transfer from 1 to 0
end transfer from 0 to 1
start transfer from 0 to 1
end transfer from 1 to 0
start transfer from 1 to 0
end transfer from 0 to 1
start transfer from 0 to 1
end transfer from 1 to 0
start transfer from 1 to 0
end transfer from 1 to 0
end transfer from 0 to 1
start transfer from 1 to 0
start transfer from 0 to 1
end transfer from 1 to 0
end transfer from 0 to 1
start transfer from 1 to 0
start transfer from 0 to 1
end transfer from 1 to 0
end transfer from 0 to 1
start transfer from 1 to 0
start transfer from 0 to 1
end transfer from 0 to 1
end transfer from 1 to 0
start transfer from 1 to 0
start transfer from 0 to 1
end transfer from 1 to 0
start transfer from 1 to 0
end transfer from 0 to 1
end transfer from 1 to 0
start transfer from 0 to 1
start transfer from 1 to 0
end transfer from 0 to 1
start transfer from 0 to 1
end transfer from 1 to 0
start transfer from 1 to 0
end transfer from 0 to 1
start transfer from 0 to 1
end transfer from 1 to 0
start transfer from 1 to 0
end transfer from 0 to 1
start transfer from 0 to 1
end transfer from 1 to 0
start transfer from 1 to 0
end transfer from 0 to 1
end transfer from 1 to 0
start transfer from 0 to 1
start transfer from 1 to 0
end transfer from 0 to 1
end transfer from 1 to 0
start transfer from 0 to 1
start transfer from 1 to 0
end transfer from 0 to 1
end transfer from 1 to 0
start transfer from 0 to 1
end transfer from 0 to 1
start transfer from 1 to 0
start transfer from 0 to 1
end transfer from 1 to 0
end transfer from 0 to 1
start transfer from 1 to 0
start transfer from 0 to 1
end transfer from 1 to 0
end transfer from 0 to 1
start transfer from 1 to 0
start transfer from 0 to 1
end transfer from 1 to 0
start transfer from 1 to 0
end transfer from 0 to 1
start transfer from 0 to 1
end transfer from 1 to 0
start transfer from 1 to 0
end transfer from 0 to 1
end transfer from 1 to 0
start transfer from 0 to 1
end transfer from 0 to 1
start transfer from 1 to 0
start transfer from 0 to 1
end transfer from 1 to 0
end transfer from 0 to 1
start transfer from 1 to 0
start transfer from 0 to 1
end transfer from 1 to 0
end transfer from 0 to 1
start transfer from 1 to 0
start transfer from 0 to 1
end transfer from 1 to 0
end transfer from 0 to 1
start transfer from 1 to 0
start transfer from 0 to 1
end transfer from 1 to 0
end transfer from 0 to 1
start transfer from 1 to 0
start transfer from 0 to 1
end transfer from 1 to 0
start transfer from 1 to 0
end transfer from 0 to 1
start transfer from 0 to 1
end transfer from 1 to 0
start transfer from 1 to 0
end transfer from 0 to 1
start transfer from 0 to 1
end transfer from 1 to 0
start transfer from 1 to 0
end transfer from 0 to 1
start transfer from 0 to 1
end transfer from 1 to 0
end transfer from 0 to 1
start transfer from 1 to 0
start transfer from 0 to 1
end transfer from 1 to 0
end transfer from 0 to 1
start transfer from 1 to 0
start transfer from 0 to 1
end transfer from 1 to 0
end transfer from 0 to 1
start transfer from 1 to 0
start transfer from 0 to 1
end transfer from 1 to 0
start transfer from 1 to 0
end transfer from 0 to 1
end transfer from 1 to 0
start transfer from 0 to 1
end transfer from 0 to 1
start transfer from 1 to 0
start transfer from 0 to 1
end transfer from 1 to 0
end transfer from 0 to 1
start transfer from 1 to 0
end transfer from 1 to 0
start transfer from 0 to 1
start transfer from 1 to 0
end transfer from 0 to 1
end transfer from 1 to 0
start transfer from 0 to 1
start transfer from 1 to 0
end transfer from 0 to 1
end transfer from 1 to 0
start transfer from 0 to 1
end transfer from 0 to 1
start transfer from 1 to 0
end transfer from 1 to 0
start transfer from 0 to 1
end transfer from 0 to 1
start transfer from 1 to 0
start transfer from 0 to 1
end transfer from 1 to 0
start transfer from 1 to 0
end transfer from 0 to 1
end transfer from 1 to 0
start transfer from 0 to 1
start transfer from 1 to 0
end transfer from 0 to 1
start transfer from 0 to 1
end transfer from 1 to 0
end transfer from 0 to 1
start transfer from 1 to 0
start transfer from 0 to 1
end transfer from 1 to 0
end transfer from 0 to 1
start transfer from 0 to 1
end transfer from 0 to 1
start transfer from 1 to 0
start transfer from 0 to 1
end transfer from 0 to 1
end transfer from 1 to 0
start transfer from 1 to 0
start transfer from 0 to 1
end transfer from 0 to 1
end transfer from 1 to 0
start transfer from 1 to 0
start transfer from 0 to 1
end transfer from 0 to 1
end transfer from 1 to 0
start transfer from 1 to 0
end transfer from 1 to 0
start transfer from 0 to 1
start transfer from 1 to 0
end transfer from 0 to 1
end transfer from 1 to 0
start transfer from 0 to 1
start transfer from 1 to 0
end transfer from 0 to 1
end transfer from 1 to 0
start transfer from 0 to 1
start transfer from 1 to 0
end transfer from 0 to 1
end transfer from 1 to 0
start transfer from 0 to 1
start transfer from 1 to 0
end transfer from 0 to 1
start transfer from 0 to 1
end transfer from 1 to 0
end transfer from 0 to 1
start transfer from 1 to 0
start transfer from 0 to 1
end transfer from 1 to 0
end transfer from 0 to 1
start transfer from 1 to 0
start transfer from 0 to 1
end transfer from 1 to 0
end transfer from 0 to 1
start transfer from 1 to 0
start transfer from 0 to 1
end transfer from 1 to 0
end transfer from 0 to 1
start transfer from 1 to 0
start transfer from 0 to 1
end transfer from 0 to 1
end transfer from 1 to 0
start transfer from 0 to 1
start transfer from 1 to 0
end transfer from 0 to 1
end transfer from 1 to 0
start transfer from 0 to 1
start transfer from 1 to 0
end transfer from 0 to 1
start transfer from 0 to 1
end transfer from 1 to 0
end transfer from 0 to 1
start transfer from 1 to 0
start transfer from 0 to 1
end transfer from 1 to 0
end transfer from 0 to 1
start transfer from 1 to 0
start transfer from 0 to 1
end transfer from 1 to 0
start transfer from 1 to 0
end transfer from 0 to 1
end transfer from 1 to 0
start transfer from 1 to 0
start transfer from 0 to 1
end transfer from 0 to 1
end transfer from 1 to 0
start transfer from 0 to 1
start transfer from 1 to 0
end transfer from 1 to 0
end transfer from 0 to 1
start transfer from 0 to 1
end transfer from 0 to 1
start transfer from 0 to 1
end transfer from 0 to 1
start transfer from 0 to 1
start transfer from 1 to 0
end transfer from 1 to 0
end transfer from 0 to 1
start transfer from 0 to 1
start transfer from 1 to 0
end transfer from 0 to 1
start transfer from 0 to 1
end transfer from 1 to 0
end transfer from 0 to 1
start transfer from 0 to 1
start transfer from 1 to 0
end transfer from 0 to 1
end transfer from 1 to 0
start transfer from 0 to 1
end transfer from 0 to 1
start transfer from 1 to 0
start transfer from 0 to 1
end transfer from 1 to 0
end transfer from 0 to 1
start transfer from 1 to 0
start transfer from 0 to 1
end transfer from 1 to 0
end transfer from 0 to 1
start transfer from 0 to 1
end transfer from 0 to 1
start transfer from 0 to 1
end transfer from 0 to 1
start transfer from 0 to 1
end transfer from 0 to 1
start transfer from 0 to 1
end transfer from 0 to 1
start transfer from 0 to 1
end transfer from 0 to 1
start transfer from 0 to 1
end transfer from 0 to 1
start transfer from 0 to 1
end transfer from 0 to 1
start transfer from 0 to 1
end transfer from 0 to 1
start transfer from 0 to 1
start transfer from 1 to 0
end transfer from 0 to 1
start transfer from 0 to 1
end transfer from 1 to 0
end transfer from 0 to 1
start transfer from 1 to 0
start transfer from 0 to 1
end transfer from 1 to 0
end transfer from 0 to 1
start transfer from 1 to 0
start transfer from 0 to 1
end transfer from 0 to 1
end transfer from 1 to 0
start transfer from 1 to 0
start transfer from 0 to 1
end transfer from 1 to 0
end transfer from 0 to 1
start transfer from 1 to 0
start transfer from 0 to 1
end transfer from 1 to 0
end transfer from 0 to 1
start transfer from 0 to 1
start transfer from 1 to 0
end transfer from 0 to 1
end transfer from 1 to 0
start transfer from 0 to 1
start transfer from 1 to 0
end transfer from 0 to 1
end transfer from 1 to 0
start transfer from 0 to 1
start transfer from 1 to 0
end transfer from 1 to 0
end transfer from 0 to 1
start transfer from 0 to 1
end transfer from 0 to 1
start transfer from 0 to 1
end transfer from 0 to 1
start transfer from 0 to 1
start transfer from 1 to 0
end transfer from 0 to 1
end transfer from 1 to 0
start transfer from 0 to 1
end transfer from 0 to 1
start transfer from 0 to 1
start transfer from 1 to 0
end transfer from 0 to 1
end transfer from 1 to 0
start transfer from 0 to 1
start transfer from 1 to 0
end transfer from 0 to 1
start transfer from 0 to 1
end transfer from 0 to 1
end transfer from 1 to 0
start transfer from 1 to 0
start transfer from 0 to 1
end transfer from 1 to 0
end transfer from 0 to 1
start transfer from 1 to 0
start transfer from 0 to 1
end transfer from 1 to 0
end transfer from 0 to 1
start transfer from 1 to 0
start transfer from 0 to 1
end transfer from 0 to 1
end transfer from 1 to 0
start transfer from 1 to 0
start transfer from 0 to 1
end transfer from 1 to 0
end transfer from 0 to 1
start transfer from 1 to 0
start transfer from 0 to 1
end transfer from 1 to 0
end transfer from 0 to 1
start transfer from 1 to 0
end transfer from 1 to 0
start transfer from 0 to 1
start transfer from 1 to 0
end transfer from 0 to 1
end transfer from 1 to 0
start transfer from 0 to 1
start transfer from 1 to 0
end transfer from 0 to 1
end transfer from 1 to 0
start transfer from 0 to 1
start transfer from 1 to 0
end transfer from 1 to 0
end transfer from 0 to 1
start transfer from 1 to 0
start transfer from 0 to 1
end transfer from 1 to 0
end transfer from 0 to 1
start transfer from 1 to 0
start transfer from 0 to 1
end transfer from 1 to 0
end transfer from 0 to 1
start transfer from 1 to 0
end transfer from 1 to 0
start transfer from 0 to 1
start transfer from 1 to 0
end transfer from 0 to 1
end transfer from 1 to 0
start transfer from 0 to 1
start transfer from 1 to 0
end transfer from 1 to 0
start transfer from 1 to 0
end transfer from 0 to 1
end transfer from 1 to 0
start transfer from 0 to 1
start transfer from 1 to 0
end transfer from 0 to 1
end transfer from 1 to 0
start transfer from 0 to 1
start transfer from 1 to 0
end transfer from 1 to 0
end transfer from 0 to 1
start transfer from 1 to 0
start transfer from 0 to 1
end transfer from 0 to 1
end transfer from 1 to 0
start transfer from 0 to 1
end transfer from 0 to 1
start transfer from 1 to 0
start transfer from 0 to 1
end transfer from 1 to 0
start transfer from 1 to 0
end transfer from 0 to 1
end transfer from 1 to 0
start transfer from 0 to 1
end transfer from 0 to 1
start transfer from 1 to 0
start transfer from 0 to 1
end transfer from 1 to 0
end transfer from 0 to 1
start transfer from 1 to 0
start transfer from 0 to 1
end transfer from 1 to 0
end transfer from 0 to 1
start transfer from 1 to 0
start transfer from 0 to 1
end transfer from 1 to 0
end transfer from 0 to 1
start transfer from 1 to 0
start transfer from 0 to 1
end transfer from 1 to 0
end transfer from 0 to 1
start transfer from 1 to 0
start transfer from 0 to 1
end transfer from 0 to 1
end transfer from 1 to 0
start transfer from 0 to 1
start transfer from 1 to 0
end transfer from 0 to 1
end transfer from 1 to 0
start transfer from 0 to 1
start transfer from 1 to 0
end transfer from 1 to 0
end transfer from 0 to 1
start transfer from 1 to 0
end transfer from 1 to 0
start transfer from 0 to 1
end transfer from 0 to 1
start transfer from 1 to 0
end transfer from 1 to 0
start transfer from 0 to 1
start transfer from 1 to 0
end transfer from 0 to 1
end transfer from 1 to 0
start transfer from 0 to 1
start transfer from 1 to 0
end transfer from 0 to 1
start transfer from 0 to 1
end transfer from 1 to 0
start transfer from 1 to 0
end transfer from 0 to 1
start transfer from 0 to 1
end transfer from 1 to 0
end transfer from 0 to 1
start transfer from 1 to 0
start transfer from 0 to 1
end transfer from 1 to 0
end transfer from 0 to 1
start transfer from 1 to 0
end transfer from 1 to 0
start transfer from 0 to 1
start transfer from 1 to 0
end transfer from 0 to 1
start transfer from 0 to 1
end transfer from 0 to 1
end transfer from 1 to 0
start transfer from 1 to 0
end transfer from 1 to 0
start transfer from 0 to 1
start transfer from 1 to 0
end transfer from 0 to 1
end transfer from 1 to 0
start transfer from 0 to 1
start transfer from 1 to 0
end transfer from 0 to 1
end transfer from 1 to 0
start transfer from 0 to 1
start transfer from 1 to 0
end transfer from 0 to 1
end transfer from 1 to 0
start transfer from 0 to 1
start transfer from 1 to 0
end transfer from 0 to 1
end transfer from 1 to 0
start transfer from 0 to 1
start transfer from 1 to 0
end transfer from 0 to 1
end transfer from 1 to 0
start transfer from 0 to 1
start transfer from 1 to 0
end transfer from 0 to 1
end transfer from 1 to 0
start transfer from 0 to 1
start transfer from 1 to 0
end transfer from 0 to 1
end transfer from 1 to 0
start transfer from 0 to 1
start transfer from 1 to 0
end transfer from 1 to 0
end transfer from 0 to 1
start transfer from 0 to 1
start transfer from 1 to 0
end transfer from 0 to 1
end transfer from 1 to 0
start transfer from 0 to 1
start transfer from 1 to 0
end transfer from 0 to 1
end transfer from 1 to 0
start transfer from 0 to 1
start transfer from 1 to 0
end transfer from 1 to 0
end transfer from 0 to 1
start transfer from 1 to 0
start transfer from 0 to 1
end transfer from 1 to 0
end transfer from 0 to 1
start transfer from 1 to 0
start transfer from 0 to 1
end transfer from 1 to 0
start transfer from 1 to 0
end transfer from 1 to 0
end transfer from 0 to 1
start transfer from 1 to 0
start transfer from 0 to 1
end transfer from 1 to 0
start transfer from 1 to 0
end transfer from 0 to 1
end transfer from 1 to 0
start transfer from 0 to 1
start transfer from 1 to 0
end transfer from 0 to 1
end transfer from 1 to 0
start transfer from 1 to 0
start transfer from 0 to 1
end transfer from 1 to 0
start transfer from 1 to 0
end transfer from 0 to 1
end transfer from 1 to 0
start transfer from 0 to 1
start transfer from 1 to 0
end transfer from 0 to 1
end transfer from 1 to 0
start transfer from 0 to 1
start transfer from 1 to 0
end transfer from 1 to 0
end transfer from 0 to 1
start transfer from 1 to 0
start transfer from 0 to 1
end transfer from 1 to 0
end transfer from 0 to 1
start transfer from 1 to 0
start transfer from 0 to 1
end transfer from 1 to 0
end transfer from 0 to 1
start transfer from 1 to 0
start transfer from 0 to 1
end transfer from 1 to 0
end transfer from 0 to 1
start transfer from 1 to 0
start transfer from 0 to 1
end transfer from 1 to 0
end transfer from 0 to 1
start transfer from 1 to 0
start transfer from 0 to 1
end transfer from 1 to 0
end transfer from 0 to 1
start transfer from 1 to 0
start transfer from 0 to 1
end transfer from 1 to 0
end transfer from 0 to 1
start transfer from 1 to 0
start transfer from 0 to 1
end transfer from 1 to 0
end transfer from 0 to 1
start transfer from 1 to 0
end transfer from 1 to 0
start transfer from 0 to 1
start transfer from 1 to 0
end transfer from 0 to 1
end transfer from 1 to 0
start transfer from 0 to 1
start transfer from 1 to 0
end transfer from 0 to 1
end transfer from 1 to 0
start transfer from 0 to 1
start transfer from 1 to 0
end transfer from 1 to 0
end transfer from 0 to 1
start transfer from 1 to 0
start transfer from 0 to 1
end transfer from 1 to 0
end transfer from 0 to 1
start transfer from 1 to 0
start transfer from 0 to 1
end transfer from 1 to 0
end transfer from 0 to 1
start transfer from 1 to 0
start transfer from 0 to 1
end transfer from 1 to 0
start transfer from 1 to 0
end transfer from 0 to 1
end transfer from 1 to 0
start transfer from 0 to 1
start transfer from 1 to 0
end transfer from 0 to 1
end transfer from 1 to 0
start transfer from 0 to 1
start transfer from 1 to 0
end transfer from 0 to 1
end transfer from 1 to 0
start transfer from 0 to 1
start transfer from 1 to 0
end transfer from 0 to 1
end transfer from 1 to 0
start transfer from 0 to 1
start transfer from 1 to 0
end transfer from 0 to 1
end transfer from 1 to 0
start transfer from 0 to 1
start transfer from 1 to 0
end transfer from 0 to 1
end transfer from 1 to 0
start transfer from 0 to 1
start transfer from 1 to 0
end transfer from 0 to 1
end transfer from 1 to 0
start transfer from 1 to 0
end transfer from 1 to 0
start transfer from 1 to 0
start transfer from 0 to 1
end transfer from 1 to 0
start transfer from 1 to 0
end transfer from 0 to 1
end transfer from 1 to 0
start transfer from 0 to 1
start transfer from 1 to 0
end transfer from 0 to 1
end transfer from 1 to 0
start transfer from 0 to 1
start transfer from 1 to 0
end transfer from 0 to 1
end transfer from 1 to 0
start transfer from 0 to 1
start transfer from 1 to 0
end transfer from 0 to 1
end transfer from 1 to 0
start transfer from 0 to 1
start transfer from 1 to 0
end transfer from 1 to 0
end transfer from 0 to 1
start transfer from 1 to 0
start transfer from 0 to 1
end transfer from 1 to 0
end transfer from 0 to 1
start transfer from 1 to 0
start transfer from 0 to 1
end transfer from 0 to 1
end transfer from 1 to 0
start transfer from 1 to 0
start transfer from 0 to 1
end transfer from 1 to 0
end transfer from 0 to 1
start transfer from 1 to 0
start transfer from 0 to 1
end transfer from 0 to 1
end transfer from 1 to 0
start transfer from 1 to 0
start transfer from 0 to 1
end transfer from 1 to 0
start transfer from 1 to 0
end transfer from 0 to 1
start transfer from 0 to 1
end transfer from 1 to 0
start transfer from 1 to 0
end transfer from 0 to 1
end transfer from 1 to 0
start transfer from 0 to 1
start transfer from 1 to 0
end transfer from 0 to 1
start transfer from 0 to 1
end transfer from 1 to 0
end transfer from 0 to 1
start transfer from 1 to 0
start transfer from 0 to 1
end transfer from 1 to 0
end transfer from 0 to 1
start transfer from 1 to 0
start transfer from 0 to 1
end transfer from 1 to 0
start transfer from 1 to 0
end transfer from 0 to 1
end transfer from 1 to 0
start transfer from 0 to 1
start transfer from 1 to 0
end transfer from 0 to 1
end transfer from 1 to 0
start transfer from 0 to 1
start transfer from 1 to 0
end transfer from 1 to 0
end transfer from 0 to 1
start transfer from 1 to 0
end transfer from 1 to 0
start transfer from 0 to 1
start transfer from 1 to 0
end transfer from 1 to 0
end transfer from 0 to 1
start transfer from 0 to 1
start transfer from 1 to 0
end transfer from 0 to 1
end transfer from 1 to 0
start transfer from 0 to 1
start transfer from 1 to 0
end transfer from 0 to 1
end transfer from 1 to 0
start transfer from 1 to 0
start transfer from 0 to 1
end transfer from 1 to 0
end transfer from 0 to 1
start transfer from 1 to 0
start transfer from 0 to 1
end transfer from 1 to 0
end transfer from 0 to 1
start transfer from 1 to 0
start transfer from 0 to 1
end transfer from 0 to 1
end transfer from 1 to 0
start transfer from 1 to 0
start transfer from 0 to 1
end transfer from 1 to 0
end transfer from 0 to 1
start transfer from 0 to 1
start transfer from 1 to 0
end transfer from 1 to 0
end transfer from 0 to 1
start transfer from 0 to 1
start transfer from 1 to 0
end transfer from 1 to 0
end transfer from 0 to 1
start transfer from 0 to 1
start transfer from 1 to 0
end transfer from 1 to 0
end transfer from 0 to 1
start transfer from 1 to 0
start transfer from 0 to 1
end transfer from 0 to 1
end transfer from 1 to 0
start transfer from 1 to 0
start transfer from 0 to 1
end transfer from 1 to 0
end transfer from 0 to 1
start transfer from 1 to 0
start transfer from 0 to 1
end transfer from 1 to 0
end transfer from 0 to 1
start transfer from 1 to 0
start transfer from 0 to 1
end transfer from 1 to 0
end transfer from 0 to 1
start transfer from 1 to 0
end transfer from 1 to 0
start transfer from 0 to 1
start transfer from 1 to 0
end transfer from 0 to 1
start transfer from 0 to 1
end transfer from 1 to 0
start transfer from 1 to 0
end transfer from 0 to 1
end transfer from 1 to 0
start transfer from 0 to 1
start transfer from 1 to 0
end transfer from 0 to 1
end transfer from 1 to 0
start transfer from 0 to 1
start transfer from 1 to 0
end transfer from 0 to 1
end transfer from 1 to 0
start transfer from 0 to 1
start transfer from 1 to 0
end transfer from 0 to 1
end transfer from 1 to 0
start transfer from 0 to 1
end transfer from 0 to 1
start transfer from 1 to 0
start transfer from 0 to 1
end transfer from 1 to 0
start transfer from 1 to 0
end transfer from 0 to 1
start transfer from 0 to 1
end transfer from 1 to 0
start transfer from 1 to 0
end transfer from 0 to 1
end transfer from 1 to 0
start transfer from 0 to 1
start transfer from 1 to 0
end transfer from 0 to 1
start transfer from 0 to 1
end transfer from 1 to 0
end transfer from 0 to 1
start transfer from 1 to 0
end transfer from 1 to 0
start transfer from 0 to 1
end transfer from 0 to 1
start transfer from 1 to 0
end transfer from 1 to 0
start transfer from 0 to 1
end transfer from 0 to 1
start transfer from 1 to 0
start transfer from 0 to 1
end transfer from 1 to 0
start transfer from 1 to 0
end transfer from 0 to 1
start transfer from 0 to 1
end transfer from 1 to 0
end transfer from 0 to 1
start transfer from 1 to 0
start transfer from 0 to 1
end transfer from 0 to 1
end transfer from 1 to 0
start transfer from 0 to 1
start transfer from 1 to 0
end transfer from 1 to 0
end transfer from 0 to 1
start transfer from 0 to 1
start transfer from 1 to 0
end transfer from 1 to 0
end transfer from 0 to 1
start transfer from 1 to 0
start transfer from 0 to 1
end transfer from 1 to 0
end transfer from 0 to 1
start transfer from 1 to 0
start transfer from 0 to 1
end transfer from 1 to 0
end transfer from 0 to 1
start transfer from 1 to 0
start transfer from 0 to 1
end transfer from 1 to 0
end transfer from 0 to 1
start transfer from 1 to 0
start transfer from 0 to 1
end transfer from 1 to 0
start transfer from 1 to 0
end transfer from 0 to 1
end transfer from 1 to 0
start transfer from 0 to 1
start transfer from 1 to 0
end transfer from 0 to 1
end transfer from 1 to 0
start transfer from 0 to 1
start transfer from 1 to 0
end transfer from 0 to 1
end transfer from 1 to 0
start transfer from 0 to 1
start transfer from 1 to 0
end transfer from 0 to 1
end transfer from 1 to 0
start transfer from 0 to 1
start transfer from 1 to 0
end transfer from 0 to 1
end transfer from 1 to 0
start transfer from 0 to 1
end transfer from 0 to 1
start transfer from 1 to 0
start transfer from 0 to 1
end transfer from 1 to 0
end transfer from 0 to 1
start transfer from 1 to 0
start transfer from 0 to 1
end transfer from 1 to 0
end transfer from 0 to 1
start transfer from 1 to 0
start transfer from 0 to 1
end transfer from 0 to 1
end transfer from 1 to 0
start transfer from 0 to 1
start transfer from 1 to 0
end transfer from 0 to 1
end transfer from 1 to 0
start transfer from 0 to 1
start transfer from 1 to 0
end transfer from 1 to 0
end transfer from 0 to 1
start transfer from 0 to 1
start transfer from 1 to 0
end transfer from 1 to 0
end transfer from 0 to 1
start transfer from 1 to 0
start transfer from 0 to 1
end transfer from 1 to 0
end transfer from 0 to 1
start transfer from 1 to 0
start transfer from 0 to 1
end transfer from 0 to 1
end transfer from 1 to 0
start transfer from 1 to 0
start transfer from 0 to 1
end transfer from 0 to 1
end transfer from 1 to 0
start transfer from 1 to 0
start transfer from 0 to 1
end transfer from 1 to 0
end transfer from 0 to 1
start transfer from 1 to 0
start transfer from 0 to 1
end transfer from 0 to 1
end transfer from 1 to 0
start transfer from 0 to 1
start transfer from 1 to 0
end transfer from 1 to 0
end transfer from 0 to 1
start transfer from 0 to 1
start transfer from 1 to 0
end transfer from 1 to 0
end transfer from 0 to 1
start transfer from 0 to 1
start transfer from 1 to 0
end transfer from 1 to 0
end transfer from 0 to 1
start transfer from 0 to 1
end transfer from 0 to 1
start transfer from 1 to 0
start transfer from 0 to 1
end transfer from 1 to 0
end transfer from 0 to 1
start transfer from 0 to 1
start transfer from 1 to 0
end transfer from 0 to 1
end transfer from 1 to 0
start transfer from 0 to 1
start transfer from 1 to 0
end transfer from 0 to 1
end transfer from 1 to 0
start transfer from 0 to 1
start transfer from 1 to 0
end transfer from 0 to 1
start transfer from 0 to 1
end transfer from 1 to 0
end transfer from 0 to 1
start transfer from 1 to 0
end transfer from 1 to 0
start transfer from 0 to 1
start transfer from 1 to 0
end transfer from 0 to 1
end transfer from 1 to 0
start transfer from 0 to 1
start transfer from 1 to 0
end transfer from 0 to 1
end transfer from 1 to 0
start transfer from 0 to 1
start transfer from 1 to 0
end transfer from 0 to 1
end transfer from 1 to 0
start transfer from 0 to 1
start transfer from 1 to 0
end transfer from 0 to 1
start transfer from 0 to 1
end transfer from 1 to 0
start transfer from 1 to 0
end transfer from 0 to 1
start transfer from 0 to 1
end transfer from 1 to 0
end transfer from 0 to 1
start transfer from 1 to 0
start transfer from 0 to 1
end transfer from 1 to 0
start transfer from 1 to 0
end transfer from 0 to 1
end transfer from 1 to 0
start transfer from 0 to 1
start transfer from 1 to 0
end transfer from 0 to 1
end transfer from 1 to 0
start transfer from 0 to 1
start transfer from 1 to 0
end transfer from 0 to 1
end transfer from 1 to 0
start transfer from 0 to 1
end transfer from 0 to 1
start transfer from 1 to 0
start transfer from 0 to 1
end transfer from 1 to 0
start transfer from 1 to 0
end transfer from 0 to 1
end transfer from 1 to 0
start transfer from 1 to 0
start transfer from 0 to 1
end transfer from 1 to 0
end transfer from 0 to 1
start transfer from 1 to 0
start transfer from 0 to 1
end transfer from 1 to 0
end transfer from 0 to 1
start transfer from 1 to 0
start transfer from 0 to 1
end transfer from 1 to 0
end transfer from 0 to 1
start transfer from 1 to 0
start transfer from 0 to 1
end transfer from 1 to 0
end transfer from 0 to 1
start transfer from 0 to 1
start transfer from 1 to 0
end transfer from 0 to 1
end transfer from 1 to 0
start transfer from 0 to 1
start transfer from 1 to 0
end transfer from 0 to 1
end transfer from 1 to 0
start transfer from 0 to 1
start transfer from 1 to 0
end transfer from 0 to 1
end transfer from 1 to 0
start transfer from 0 to 1
end transfer from 0 to 1
start transfer from 1 to 0
start transfer from 0 to 1
end transfer from 1 to 0
end transfer from 0 to 1
start transfer from 1 to 0
start transfer from 0 to 1
end transfer from 1 to 0
end transfer from 0 to 1
start transfer from 1 to 0
start transfer from 0 to 1
end transfer from 0 to 1
end transfer from 1 to 0
start transfer from 0 to 1
start transfer from 1 to 0
end transfer from 0 to 1
end transfer from 1 to 0
start transfer from 0 to 1
start transfer from 1 to 0
end transfer from 0 to 1
end transfer from 1 to 0
start transfer from 0 to 1
start transfer from 1 to 0
end transfer from 0 to 1
end transfer from 1 to 0
start transfer from 0 to 1
start transfer from 1 to 0
end transfer from 0 to 1
start transfer from 0 to 1
end transfer from 1 to 0
end transfer from 0 to 1
start transfer from 1 to 0
start transfer from 0 to 1
end transfer from 0 to 1
end transfer from 1 to 0
start transfer from 0 to 1
start transfer from 1 to 0
end transfer from 0 to 1
end transfer from 1 to 0
start transfer from 0 to 1
start transfer from 1 to 0
end transfer from 0 to 1
end transfer from 1 to 0
start transfer from 0 to 1
end transfer from 0 to 1
start transfer from 1 to 0
start transfer from 0 to 1
end transfer from 1 to 0
end transfer from 0 to 1
start transfer from 1 to 0
start transfer from 0 to 1
end transfer from 1 to 0
end transfer from 0 to 1
start transfer from 1 to 0
start transfer from 0 to 1
end transfer from 1 to 0
end transfer from 0 to 1
start transfer from 1 to 0
start transfer from 0 to 1
end transfer from 1 to 0
end transfer from 0 to 1
start transfer from 1 to 0
start transfer from 0 to 1
end transfer from 1 to 0
end transfer from 0 to 1
start transfer from 1 to 0
start transfer from 0 to 1
end transfer from 0 to 1
end transfer from 1 to 0
start transfer from 0 to 1
start transfer from 1 to 0
end transfer from 0 to 1
end transfer from 1 to 0
start transfer from 0 to 1
start transfer from 1 to 0
end transfer from 0 to 1
end transfer from 1 to 0
start transfer from 0 to 1
start transfer from 1 to 0
end transfer from 0 to 1
start transfer from 0 to 1
end transfer from 1 to 0
end transfer from 0 to 1
start transfer from 1 to 0
start transfer from 0 to 1
end transfer from 1 to 0
end transfer from 0 to 1
start transfer from 0 to 1
start transfer from 1 to 0
end transfer from 0 to 1
start transfer from 0 to 1
end transfer from 1 to 0
end transfer from 0 to 1
start transfer from 0 to 1
start transfer from 1 to 0
end transfer from 0 to 1
end transfer from 1 to 0
start transfer from 0 to 1
start transfer from 1 to 0
end transfer from 0 to 1
start transfer from 0 to 1
end transfer from 1 to 0
end transfer from 0 to 1
start transfer from 1 to 0
start transfer from 0 to 1
end transfer from 1 to 0
end transfer from 0 to 1
start transfer from 1 to 0
start transfer from 0 to 1
end transfer from 1 to 0
end transfer from 0 to 1
start transfer from 0 to 1
start transfer from 1 to 0
end transfer from 0 to 1
end transfer from 1 to 0
start transfer from 0 to 1
start transfer from 1 to 0
end transfer from 0 to 1
end transfer from 1 to 0
start transfer from 0 to 1
end transfer from 0 to 1
start transfer from 1 to 0
start transfer from 0 to 1
end transfer from 1 to 0
end transfer from 0 to 1
start transfer from 1 to 0
start transfer from 0 to 1
end transfer from 1 to 0
end transfer from 0 to 1
start transfer from 0 to 1
start transfer from 1 to 0
end transfer from 0 to 1
start transfer from 0 to 1
end transfer from 1 to 0
end transfer from 0 to 1
start transfer from 1 to 0
start transfer from 0 to 1
end transfer from 1 to 0
end transfer from 0 to 1
start transfer from 0 to 1
start transfer from 1 to 0
end transfer from 0 to 1
start transfer from 0 to 1
end transfer from 1 to 0
end transfer from 0 to 1
start transfer from 1 to 0
start transfer from 0 to 1
end transfer from 1 to 0
end transfer from 0 to 1
start transfer from 1 to 0
end transfer from 1 to 0
start transfer from 0 to 1
start transfer from 1 to 0
end transfer from 0 to 1
end transfer from 1 to 0
start transfer from 0 to 1
start transfer from 1 to 0
end transfer from 0 to 1
end transfer from 1 to 0
start transfer from 0 to 1
start transfer from 1 to 0
end transfer from 0 to 1
end transfer from 1 to 0
start transfer from 0 to 1
start transfer from 1 to 0
end transfer from 0 to 1
end transfer from 1 to 0
start transfer from 0 to 1
start transfer from 1 to 0
end transfer from 0 to 1
end transfer from 1 to 0
start transfer from 0 to 1
start transfer from 1 to 0
end transfer from 0 to 1
end transfer from 1 to 0
start transfer from 0 to 1
start transfer from 1 to 0
end transfer from 0 to 1
end transfer from 1 to 0
start transfer from 0 to 1
end transfer from 0 to 1
start transfer from 1 to 0
start transfer from 0 to 1
end transfer from 1 to 0
end transfer from 0 to 1
start transfer from 1 to 0
start transfer from 0 to 1
end transfer from 1 to 0
end transfer from 0 to 1
start transfer from 1 to 0
start transfer from 0 to 1
end transfer from 1 to 0
start transfer from 1 to 0
end transfer from 0 to 1
start transfer from 0 to 1
end transfer from 1 to 0
end transfer from 0 to 1
start transfer from 1 to 0
start transfer from 0 to 1
end transfer from 1 to 0
end transfer from 0 to 1
start transfer from 1 to 0
start transfer from 0 to 1
end transfer from 1 to 0
end transfer from 0 to 1
start transfer from 0 to 1
end transfer from 0 to 1
start transfer from 1 to 0
start transfer from 0 to 1
end transfer from 1 to 0
end transfer from 0 to 1
start transfer from 1 to 0
start transfer from 0 to 1
end transfer from 1 to 0
start transfer from 1 to 0
end transfer from 0 to 1
end transfer from 1 to 0
start transfer from 0 to 1
start transfer from 1 to 0
end transfer from 0 to 1
start transfer from 0 to 1
end transfer from 0 to 1
start transfer from 0 to 1
end transfer from 1 to 0
end transfer from 0 to 1
start transfer from 1 to 0
start transfer from 0 to 1
end transfer from 0 to 1
end transfer from 1 to 0
start transfer from 0 to 1
start transfer from 1 to 0
end transfer from 0 to 1
end transfer from 1 to 0
start transfer from 0 to 1
start transfer from 1 to 0
end transfer from 0 to 1
end transfer from 1 to 0
start transfer from 0 to 1
start transfer from 1 to 0
end transfer from 0 to 1
end transfer from 1 to 0
start transfer from 0 to 1
start transfer from 1 to 0
end transfer from 0 to 1
end transfer from 1 to 0
start transfer from 0 to 1
start transfer from 1 to 0
end transfer from 0 to 1
end transfer from 1 to 0
start transfer from 0 to 1
start transfer from 1 to 0
end transfer from 0 to 1
end transfer from 1 to 0
start transfer from 0 to 1
start transfer from 1 to 0
end transfer from 0 to 1
end transfer from 1 to 0
start transfer from 0 to 1
start transfer from 1 to 0
end transfer from 0 to 1
start transfer from 0 to 1
end transfer from 1 to 0
end transfer from 0 to 1
start transfer from 1 to 0
start transfer from 0 to 1
end transfer from 1 to 0
end transfer from 0 to 1
start transfer from 1 to 0
end transfer from 1 to 0
start transfer from 0 to 1
start transfer from 1 to 0
end transfer from 0 to 1
end transfer from 1 to 0
start transfer from 0 to 1
start transfer from 1 to 0
end transfer from 0 to 1
end transfer from 1 to 0
start transfer from 1 to 0
end transfer from 1 to 0
start transfer from 1 to 0
end transfer from 1 to 0
start transfer from 1 to 0
end transfer from 1 to 0
start transfer from 1 to 0
end transfer from 1 to 0
start transfer from 1 to 0
end transfer from 1 to 0
start transfer from 1 to 0
end transfer from 1 to 0
start transfer from 1 to 0
end transfer from 1 to 0
start transfer from 0 to 1
start transfer from 1 to 0
end transfer from 1 to 0
end transfer from 0 to 1
start transfer from 1 to 0
start transfer from 0 to 1
end transfer from 1 to 0
start transfer from 1 to 0
end transfer from 0 to 1
end transfer from 1 to 0
start transfer from 0 to 1
start transfer from 1 to 0
end transfer from 0 to 1
end transfer from 1 to 0
start transfer from 1 to 0
start transfer from 0 to 1
end transfer from 0 to 1
end transfer from 1 to 0
start transfer from 0 to 1
start transfer from 1 to 0
end transfer from 0 to 1
end transfer from 1 to 0
start transfer from 0 to 1
start transfer from 1 to 0
end transfer from 0 to 1
end transfer from 1 to 0
start transfer from 0 to 1
start transfer from 1 to 0
end transfer from 1 to 0
end transfer from 0 to 1
start transfer from 1 to 0
start transfer from 0 to 1
end transfer from 1 to 0
end transfer from 0 to 1
start transfer from 1 to 0
start transfer from 0 to 1
end transfer from 1 to 0
end transfer from 0 to 1
start transfer from 1 to 0
start transfer from 0 to 1
end transfer from 1 to 0
end transfer from 0 to 1
start transfer from 1 to 0
start transfer from 0 to 1
end transfer from 1 to 0
end transfer from 0 to 1
start transfer from 1 to 0
end transfer from 1 to 0
start transfer from 0 to 1
start transfer from 1 to 0
end transfer from 0 to 1
end transfer from 1 to 0
start transfer from 0 to 1
start transfer from 1 to 0
end transfer from 0 to 1
end transfer from 1 to 0
start transfer from 1 to 0
start transfer from 0 to 1
end transfer from 1 to 0
end transfer from 0 to 1
start transfer from 1 to 0
start transfer from 0 to 1
end transfer from 1 to 0
end transfer from 0 to 1
start transfer from 1 to 0
start transfer from 0 to 1
end transfer from 0 to 1
end transfer from 1 to 0
start transfer from 0 to 1
end transfer from 0 to 1
start transfer from 1 to 0
start transfer from 0 to 1
end transfer from 1 to 0
end transfer from 0 to 1
start transfer from 1 to 0
start transfer from 0 to 1
end transfer from 1 to 0
end transfer from 0 to 1
start transfer from 1 to 0
start transfer from 0 to 1
end transfer from 1 to 0
end transfer from 0 to 1
start transfer from 0 to 1
start transfer from 1 to 0
end transfer from 0 to 1
end transfer from 1 to 0
start transfer from 0 to 1
start transfer from 1 to 0
end transfer from 0 to 1
end transfer from 1 to 0
start transfer from 0 to 1
start transfer from 1 to 0
end transfer from 0 to 1
end transfer from 1 to 0
start transfer from 0 to 1
start transfer from 1 to 0
end transfer from 0 to 1
end transfer from 1 to 0
start transfer from 0 to 1
start transfer from 1 to 0
end transfer from 0 to 1
start transfer from 0 to 1
end transfer from 1 to 0
end transfer from 0 to 1
start transfer from 1 to 0
end transfer from 1 to 0
start transfer from 0 to 1
end transfer from 0 to 1
start transfer from 1 to 0
end transfer from 1 to 0
start transfer from 0 to 1
end transfer from 0 to 1
start transfer from 0 to 1
start transfer from 1 to 0
end transfer from 0 to 1
start transfer from 0 to 1
end transfer from 1 to 0
end transfer from 0 to 1
start transfer from 1 to 0
end transfer from 1 to 0
start transfer from 0 to 1
end transfer from 0 to 1
start transfer from 1 to 0
start transfer from 0 to 1
end transfer from 1 to 0
start transfer from 1 to 0
end transfer from 0 to 1
start transfer from 0 to 1
end transfer from 1 to 0
end transfer from 0 to 1
start transfer from 1 to 0
start transfer from 0 to 1
end transfer from 1 to 0
end transfer from 0 to 1
start transfer from 1 to 0
end transfer from 1 to 0
start transfer from 0 to 1
end transfer from 0 to 1
start transfer from 1 to 0
start transfer from 0 to 1
end transfer from 1 to 0
start transfer from 1 to 0
end transfer from 0 to 1
end transfer from 1 to 0
start transfer from 0 to 1
start transfer from 1 to 0
end transfer from 0 to 1
start transfer from 0 to 1
end transfer from 0 to 1
start transfer from 0 to 1
end transfer from 0 to 1
start transfer from 0 to 1
end transfer from 1 to 0
end transfer from 0 to 1
start transfer from 1 to 0
start transfer from 0 to 1
end transfer from 1 to 0
end transfer from 0 to 1
start transfer from 1 to 0
start transfer from 0 to 1
end transfer from 1 to 0
start transfer from 1 to 0
end transfer from 0 to 1
end transfer from 1 to 0
start transfer from 0 to 1
start transfer from 1 to 0
end transfer from 0 to 1
start transfer from 0 to 1
end transfer from 1 to 0
start transfer from 1 to 0
end transfer from 0 to 1
start transfer from 0 to 1
end transfer from 1 to 0
end transfer from 0 to 1
start transfer from 1 to 0
start transfer from 0 to 1
end transfer from 0 to 1
start transfer from 0 to 1
end transfer from 1 to 0
end transfer from 0 to 1
start transfer from 1 to 0
start transfer from 0 to 1
end transfer from 1 to 0
end transfer from 0 to 1
start transfer from 1 to 0
start transfer from 0 to 1
end transfer from 1 to 0
end transfer from 0 to 1
start transfer from 1 to 0
start transfer from 0 to 1
end transfer from 1 to 0
end transfer from 0 to 1
start transfer from 1 to 0
start transfer from 0 to 1
end transfer from 1 to 0
end transfer from 0 to 1
start transfer from 1 to 0
start transfer from 0 to 1
end transfer from 1 to 0
start transfer from 1 to 0
end transfer from 0 to 1
end transfer from 1 to 0
start transfer from 0 to 1
start transfer from 1 to 0
end transfer from 0 to 1
end transfer from 1 to 0
start transfer from 0 to 1
start transfer from 1 to 0
end transfer from 1 to 0
end transfer from 0 to 1
start transfer from 1 to 0
start transfer from 0 to 1
end transfer from 1 to 0
end transfer from 0 to 1
start transfer from 1 to 0
start transfer from 0 to 1
end transfer from 1 to 0
end transfer from 0 to 1
start transfer from 1 to 0
start transfer from 0 to 1
end transfer from 1 to 0
end transfer from 0 to 1
start transfer from 1 to 0
end transfer from 1 to 0
start transfer from 0 to 1
start transfer from 1 to 0
end transfer from 0 to 1
end transfer from 1 to 0
start transfer from 0 to 1
start transfer from 1 to 0
end transfer from 0 to 1
end transfer from 1 to 0
start transfer from 0 to 1
start transfer from 1 to 0
end transfer from 1 to 0
end transfer from 0 to 1
start transfer from 1 to 0
start transfer from 0 to 1
end transfer from 1 to 0
end transfer from 0 to 1
start transfer from 1 to 0
start transfer from 0 to 1
end transfer from 1 to 0
end transfer from 0 to 1
start transfer from 1 to 0
start transfer from 0 to 1
end transfer from 1 to 0
end transfer from 0 to 1
start transfer from 1 to 0
start transfer from 0 to 1
end transfer from 1 to 0
end transfer from 0 to 1
start transfer from 1 to 0
start transfer from 0 to 1
end transfer from 1 to 0
start transfer from 1 to 0
end transfer from 0 to 1
end transfer from 1 to 0
start transfer from 0 to 1
start transfer from 1 to 0
end transfer from 0 to 1
end transfer from 1 to 0
start transfer from 0 to 1
start transfer from 1 to 0
end transfer from 0 to 1
end transfer from 1 to 0
start transfer from 0 to 1
start transfer from 1 to 0
end transfer from 0 to 1
end transfer from 1 to 0
start transfer from 0 to 1
start transfer from 1 to 0
end transfer from 1 to 0
start transfer from 1 to 0
end transfer from 0 to 1
end transfer from 1 to 0
start transfer from 0 to 1
start transfer from 1 to 0
end transfer from 0 to 1
end transfer from 1 to 0
start transfer from 1 to 0
end transfer from 1 to 0
start transfer from 0 to 1
start transfer from 1 to 0
end transfer from 1 to 0
end transfer from 0 to 1
start transfer from 1 to 0
end transfer from 1 to 0
start transfer from 1 to 0
start transfer from 0 to 1
end transfer from 1 to 0
start transfer from 1 to 0
end transfer from 0 to 1
end transfer from 1 to 0
start transfer from 1 to 0
end transfer from 1 to 0
start transfer from 0 to 1
start transfer from 1 to 0
end transfer from 1 to 0
end transfer from 0 to 1
start transfer from 1 to 0
end transfer from 1 to 0
start transfer from 0 to 1
start transfer from 1 to 0
end transfer from 1 to 0
start transfer from 1 to 0
end transfer from 0 to 1
end transfer from 1 to 0
start transfer from 1 to 0
end transfer from 1 to 0
start transfer from 0 to 1
start transfer from 1 to 0
end transfer from 1 to 0
end transfer from 0 to 1
start transfer from 1 to 0
end transfer from 1 to 0
start transfer from 1 to 0
start transfer from 0 to 1
end transfer from 1 to 0
end transfer from 0 to 1
start transfer from 1 to 0
end transfer from 1 to 0
start transfer from 0 to 1
start transfer from 1 to 0
end transfer from 1 to 0
start transfer from 1 to 0
end transfer from 0 to 1
end transfer from 1 to 0
start transfer from 1 to 0
start transfer from 0 to 1
end transfer from 1 to 0
start transfer from 1 to 0
end transfer from 0 to 1
end transfer from 1 to 0
start transfer from 1 to 0
end transfer from 1 to 0
start transfer from 0 to 1
start transfer from 1 to 0
end transfer from 1 to 0
end transfer from 0 to 1
start transfer from 1 to 0
end transfer from 1 to 0
start transfer from 1 to 0
start transfer from 0 to 1
end transfer from 1 to 0
start transfer from 1 to 0
end transfer from 1 to 0
end transfer from 0 to 1
start transfer from 1 to 0
end transfer from 1 to 0
start transfer from 1 to 0
start transfer from 0 to 1
end transfer from 1 to 0
start transfer from 1 to 0
end transfer from 0 to 1
end transfer from 1 to 0
start transfer from 1 to 0
start transfer from 0 to 1
end transfer from 1 to 0
start transfer from 1 to 0
end transfer from 1 to 0
end transfer from 0 to 1
start transfer from 1 to 0
end transfer from 1 to 0
start transfer from 0 to 1
start transfer from 1 to 0
end transfer from 1 to 0
start transfer from 1 to 0
end transfer from 0 to 1
end transfer from 1 to 0
start transfer from 1 to 0
end transfer from 1 to 0
start transfer from 0 to 1
start transfer from 1 to 0
end transfer from 1 to 0
end transfer from 0 to 1
start transfer from 1 to 0
end transfer from 1 to 0
start transfer from 1 to 0
start transfer from 0 to 1
end transfer from 1 to 0
start transfer from 1 to 0
end transfer from 0 to 1
end transfer from 1 to 0
start transfer from 1 to 0
end transfer from 1 to 0
start transfer from 0 to 1
start transfer from 1 to 0
end transfer from 1 to 0
end transfer from 0 to 1
start transfer from 1 to 0
end transfer from 1 to 0
start transfer from 1 to 0
start transfer from 0 to 1
end transfer from 1 to 0
start transfer from 1 to 0
end transfer from 0 to 1
end transfer from 1 to 0
start transfer from 1 to 0
start transfer from 0 to 1
end transfer from 1 to 0
end transfer from 0 to 1
start transfer from 1 to 0
start transfer from 0 to 1
end transfer from 1 to 0
start transfer from 1 to 0
end transfer from 0 to 1
end transfer from 1 to 0
start transfer from 0 to 1
start transfer from 1 to 0
end transfer from 0 to 1
end transfer from 1 to 0
start transfer from 0 to 1
start transfer from 1 to 0
end transfer from 0 to 1
end transfer from 1 to 0
start transfer from 0 to 1
start transfer from 1 to 0
end transfer from 0 to 1
end transfer from 1 to 0
start transfer from 0 to 1
start transfer from 1 to 0
end transfer from 0 to 1
end transfer from 1 to 0
start transfer from 1 to 0
start transfer from 0 to 1
end transfer from 1 to 0
end transfer from 0 to 1
start transfer from 1 to 0
end transfer from 1 to 0
start transfer from 0 to 1
start transfer from 1 to 0
end transfer from 1 to 0
end transfer from 0 to 1
start transfer from 1 to 0
start transfer from 0 to 1
end transfer from 1 to 0
end transfer from 0 to 1
start transfer from 1 to 0
start transfer from 0 to 1
end transfer from 1 to 0
end transfer from 0 to 1
start transfer from 1 to 0
start transfer from 0 to 1
end transfer from 1 to 0
start transfer from 1 to 0
end transfer from 0 to 1
end transfer from 1 to 0
start transfer from 0 to 1
start transfer from 1 to 0
end transfer from 0 to 1
end transfer from 1 to 0
start transfer from 0 to 1
start transfer from 1 to 0
end transfer from 0 to 1
end transfer from 1 to 0
start transfer from 0 to 1
start transfer from 1 to 0
end transfer from 0 to 1
end transfer from 1 to 0
start transfer from 1 to 0
start transfer from 0 to 1
end transfer from 1 to 0
end transfer from 0 to 1
start transfer from 1 to 0
start transfer from 0 to 1
end transfer from 1 to 0
end transfer from 0 to 1
start transfer from 1 to 0
start transfer from 0 to 1
end transfer from 1 to 0
end transfer from 0 to 1
start transfer from 1 to 0
start transfer from 0 to 1
end transfer from 1 to 0
end transfer from 0 to 1
start transfer from 0 to 1
start transfer from 1 to 0
end transfer from 0 to 1
end transfer from 1 to 0
start transfer from 0 to 1
start transfer from 1 to 0
end transfer from 0 to 1
start transfer from 0 to 1
end transfer from 1 to 0
end transfer from 0 to 1
start transfer from 1 to 0
start transfer from 0 to 1
end transfer from 1 to 0
end transfer from 0 to 1
start transfer from 1 to 0
start transfer from 0 to 1
end transfer from 1 to 0
end transfer from 0 to 1
start transfer from 1 to 0
start transfer from 0 to 1
end transfer from 1 to 0
end transfer from 0 to 1
start transfer from 1 to 0
start transfer from 0 to 1
end transfer from 1 to 0
end transfer from 0 to 1
start transfer from 0 to 1
start transfer from 1 to 0
end transfer from 0 to 1
end transfer from 1 to 0
start transfer from 0 to 1
start transfer from 1 to 0
end transfer from 0 to 1
end transfer from 1 to 0
start transfer from 1 to 0
start transfer from 0 to 1
end transfer from 1 to 0
start transfer from 1 to 0
end transfer from 0 to 1
end transfer from 1 to 0
start transfer from 0 to 1
start transfer from 1 to 0
end transfer from 0 to 1
end transfer from 1 to 0
start transfer from 0 to 1
start transfer from 1 to 0
end transfer from 0 to 1
end transfer from 1 to 0
start transfer from 0 to 1
start transfer from 1 to 0
end transfer from 0 to 1
end transfer from 1 to 0
start transfer from 0 to 1
start transfer from 1 to 0
end transfer from 1 to 0
end transfer from 0 to 1
start transfer from 1 to 0
start transfer from 0 to 1
end transfer from 1 to 0
end transfer from 0 to 1
start transfer from 1 to 0
start transfer from 0 to 1
end transfer from 1 to 0
end transfer from 0 to 1
start transfer from 1 to 0
end transfer from 1 to 0
start transfer from 0 to 1
start transfer from 1 to 0
end transfer from 0 to 1
end transfer from 1 to 0
start transfer from 0 to 1
start transfer from 1 to 0
end transfer from 0 to 1
end transfer from 1 to 0
start transfer from 0 to 1
start transfer from 1 to 0
end transfer from 0 to 1
end transfer from 1 to 0
start transfer from 0 to 1
start transfer from 1 to 0
end transfer from 1 to 0
end transfer from 0 to 1
start transfer from 1 to 0
end transfer from 1 to 0
start transfer from 0 to 1
start transfer from 1 to 0
end transfer from 0 to 1
start transfer from 0 to 1
end transfer from 1 to 0
end transfer from 0 to 1
start transfer from 1 to 0
end transfer from 1 to 0
start transfer from 0 to 1
end transfer from 0 to 1
start transfer from 1 to 0
start transfer from 0 to 1
end transfer from 1 to 0
start transfer from 1 to 0
end transfer from 0 to 1
start transfer from 0 to 1
end transfer from 1 to 0
start transfer from 1 to 0
end transfer from 0 to 1
end transfer from 1 to 0
start transfer from 0 to 1
start transfer from 1 to 0
end transfer from 0 to 1
start transfer from 0 to 1
end transfer from 1 to 0
end transfer from 0 to 1
start transfer from 1 to 0
start transfer from 0 to 1
end transfer from 1 to 0
end transfer from 0 to 1
start transfer from 1 to 0
start transfer from 0 to 1
end transfer from 1 to 0
end transfer from 0 to 1
start transfer from 1 to 0
start transfer from 0 to 1
end transfer from 0 to 1
end transfer from 1 to 0
start transfer from 1 to 0
start transfer from 0 to 1
end transfer from 1 to 0
end transfer from 0 to 1
start transfer from 0 to 1
start transfer from 1 to 0
end transfer from 0 to 1
end transfer from 1 to 0
start transfer from 0 to 1
start transfer from 1 to 0
end transfer from 0 to 1
start transfer from 0 to 1
end transfer from 0 to 1
end transfer from 1 to 0
start transfer from 0 to 1
end transfer from 0 to 1
start transfer from 1 to 0
start transfer from 0 to 1
end transfer from 1 to 0
end transfer from 0 to 1
start transfer from 1 to 0
end transfer from 1 to 0
start transfer from 0 to 1
start transfer from 1 to 0
end transfer from 0 to 1
end transfer from 1 to 0
start transfer from 0 to 1
end transfer from 0 to 1
start transfer from 1 to 0
end transfer from 1 to 0
start transfer from 0 to 1
start transfer from 1 to 0
end transfer from 0 to 1
start transfer from 0 to 1
end transfer from 1 to 0
end transfer from 0 to 1
start transfer from 1 to 0
end transfer from 1 to 0
start transfer from 1 to 0
start transfer from 0 to 1
end transfer from 1 to 0
start transfer from 1 to 0
end transfer from 0 to 1
start transfer from 0 to 1
end transfer from 1 to 0
start transfer from 1 to 0
end transfer from 0 to 1
end transfer from 1 to 0
start transfer from 0 to 1
end transfer from 0 to 1
start transfer from 1 to 0
end transfer from 1 to 0
start transfer from 0 to 1
start transfer from 1 to 0
end transfer from 0 to 1
start transfer from 0 to 1
end transfer from 1 to 0
end transfer from 0 to 1
start transfer from 1 to 0
start transfer from 0 to 1
end transfer from 1 to 0
start transfer from 1 to 0
end transfer from 0 to 1
start transfer from 0 to 1
end transfer from 1 to 0
start transfer from 1 to 0
end transfer from 0 to 1
start transfer from 0 to 1
end transfer from 1 to 0
end transfer from 0 to 1
start transfer from 1 to 0
end transfer from 1 to 0
start transfer from 0 to 1
start transfer from 1 to 0
end transfer from 0 to 1
start transfer from 0 to 1
end transfer from 1 to 0
end transfer from 0 to 1
start transfer from 1 to 0
start transfer from 0 to 1
end transfer from 1 to 0
end transfer from 0 to 1
start transfer from 1 to 0
end transfer from 1 to 0
start transfer from 0 to 1
start transfer from 1 to 0
end transfer from 0 to 1
start transfer from 0 to 1
end transfer from 1 to 0
start transfer from 1 to 0
end transfer from 0 to 1
end transfer from 1 to 0
start transfer from 0 to 1
end transfer from 0 to 1
start transfer from 1 to 0
start transfer from 0 to 1
end transfer from 1 to 0
start transfer from 1 to 0
end transfer from 0 to 1
start transfer from 0 to 1
end transfer from 1 to 0
end transfer from 0 to 1
start transfer from 1 to 0
start transfer from 0 to 1
end transfer from 1 to 0
end transfer from 0 to 1
start transfer from 1 to 0
start transfer from 0 to 1
end transfer from 1 to 0
end transfer from 0 to 1
start transfer from 1 to 0
start transfer from 0 to 1
end transfer from 1 to 0
end transfer from 0 to 1
start transfer from 1 to 0
start transfer from 0 to 1
end transfer from 0 to 1
end transfer from 1 to 0
start transfer from 1 to 0
start transfer from 0 to 1
end transfer from 0 to 1
end transfer from 1 to 0
start transfer from 1 to 0
start transfer from 0 to 1
end transfer from 0 to 1
end transfer from 1 to 0
start transfer from 1 to 0
start transfer from 0 to 1
end transfer from 1 to 0
end transfer from 0 to 1
start transfer from 0 to 1
start transfer from 1 to 0
end transfer from 1 to 0
end transfer from 0 to 1
start transfer from 0 to 1
start transfer from 1 to 0
end transfer from 1 to 0
end transfer from 0 to 1
start transfer from 0 to 1
start transfer from 1 to 0
end transfer from 0 to 1
end transfer from 1 to 0
start transfer from 1 to 0
start transfer from 0 to 1
end transfer from 0 to 1
end transfer from 1 to 0
start transfer from 1 to 0
start transfer from 0 to 1
end transfer from 1 to 0
end transfer from 0 to 1
start transfer from 1 to 0
start transfer from 0 to 1
end transfer from 1 to 0
end transfer from 0 to 1
start transfer from 1 to 0
start transfer from 0 to 1
end transfer from 1 to 0
end transfer from 0 to 1
start transfer from 1 to 0
start transfer from 0 to 1
end transfer from 1 to 0
end transfer from 0 to 1
start transfer from 1 to 0
start transfer from 0 to 1
end transfer from 1 to 0
start transfer from 1 to 0
end transfer from 0 to 1
end transfer from 1 to 0
start transfer from 1 to 0
start transfer from 0 to 1
end transfer from 1 to 0
end transfer from 0 to 1
start transfer from 1 to 0
start transfer from 0 to 1
end transfer from 1 to 0
end transfer from 0 to 1
start transfer from 1 to 0
start transfer from 0 to 1
end transfer from 1 to 0
end transfer from 0 to 1
start transfer from 1 to 0
start transfer from 0 to 1
end transfer from 1 to 0
end transfer from 0 to 1
start transfer from 1 to 0
start transfer from 0 to 1
end transfer from 1 to 0
end transfer from 0 to 1
start transfer from 1 to 0
start transfer from 0 to 1
end transfer from 1 to 0
end transfer from 0 to 1
start transfer from 1 to 0
start transfer from 0 to 1
end transfer from 1 to 0
start transfer from 1 to 0
end transfer from 1 to 0
start transfer from 1 to 0
end transfer from 0 to 1
end transfer from 1 to 0
start transfer from 0 to 1
start transfer from 1 to 0
end transfer from 0 to 1
end transfer from 1 to 0
start transfer from 0 to 1
start transfer from 1 to 0
end transfer from 0 to 1
end transfer from 1 to 0
start transfer from 1 to 0
start transfer from 0 to 1
end transfer from 1 to 0
end transfer from 0 to 1
start transfer from 1 to 0
start transfer from 0 to 1
end transfer from 1 to 0
end transfer from 0 to 1
start transfer from 1 to 0
start transfer from 0 to 1
end transfer from 1 to 0
start transfer from 1 to 0
end transfer from 0 to 1
end transfer from 1 to 0
start transfer from 0 to 1
start transfer from 1 to 0
end transfer from 0 to 1
start transfer from 0 to 1
end transfer from 1 to 0
end transfer from 0 to 1
start transfer from 1 to 0
start transfer from 0 to 1
end transfer from 1 to 0
end transfer from 0 to 1
start transfer from 1 to 0
start transfer from 0 to 1
end transfer from 1 to 0
end transfer from 0 to 1
start transfer from 1 to 0
start transfer from 0 to 1
end transfer from 1 to 0
end transfer from 0 to 1
start transfer from 1 to 0
start transfer from 0 to 1
end transfer from 1 to 0
end transfer from 0 to 1
start transfer from 1 to 0
end transfer from 1 to 0
start transfer from 0 to 1
start transfer from 1 to 0
end transfer from 0 to 1
end transfer from 1 to 0
start transfer from 0 to 1
start transfer from 1 to 0
end transfer from 0 to 1
end transfer from 1 to 0
start transfer from 0 to 1
start transfer from 1 to 0
end transfer from 0 to 1
end transfer from 1 to 0
start transfer from 1 to 0
start transfer from 0 to 1
end transfer from 1 to 0
end transfer from 0 to 1
start transfer from 1 to 0
start transfer from 0 to 1
end transfer from 1 to 0
end transfer from 0 to 1
start transfer from 0 to 1
start transfer from 1 to 0
end transfer from 0 to 1
end transfer from 1 to 0
start transfer from 0 to 1
end transfer from 0 to 1
start transfer from 1 to 0
start transfer from 0 to 1
end transfer from 1 to 0
end transfer from 0 to 1
start transfer from 1 to 0
start transfer from 0 to 1
end transfer from 1 to 0
end transfer from 0 to 1
start transfer from 1 to 0
start transfer from 0 to 1
end transfer from 1 to 0
start transfer from 1 to 0
end transfer from 0 to 1
start transfer from 0 to 1
end transfer from 1 to 0
start transfer from 1 to 0
end transfer from 0 to 1
end transfer from 1 to 0
start transfer from 1 to 0
start transfer from 0 to 1
end transfer from 1 to 0
start transfer from 1 to 0
end transfer from 0 to 1
end transfer from 1 to 0
start transfer from 1 to 0
end transfer from 1 to 0
start transfer from 0 to 1
start transfer from 1 to 0
end transfer from 1 to 0
start transfer from 1 to 0
end transfer from 1 to 0
start transfer from 1 to 0
end transfer from 1 to 0
start transfer from 1 to 0
end transfer from 1 to 0
start transfer from 1 to 0
end transfer from 1 to 0
start transfer from 1 to 0
end transfer from 1 to 0
start transfer from 1 to 0
end transfer from 1 to 0
end transfer from 0 to 1
start transfer from 1 to 0
start transfer from 0 to 1
end transfer from 0 to 1
end transfer from 1 to 0
start transfer from 0 to 1
end transfer from 0 to 1
start transfer from 0 to 1
start transfer from 1 to 0
end transfer from 0 to 1
start transfer from 0 to 1
end transfer from 1 to 0
end transfer from 0 to 1
start transfer from 0 to 1
start transfer from 1 to 0
end transfer from 0 to 1
start transfer from 0 to 1
end transfer from 0 to 1
start transfer from 0 to 1
end transfer from 1 to 0
end transfer from 0 to 1
start transfer from 0 to 1
end transfer from 0 to 1
start transfer from 1 to 0
start transfer from 0 to 1
end transfer from 0 to 1
start transfer from 0 to 1
end transfer from 1 to 0
end transfer from 0 to 1
start transfer from 0 to 1
end transfer from 0 to 1
start transfer from 1 to 0
start transfer from 0 to 1
end transfer from 0 to 1
end transfer from 1 to 0
start transfer from 0 to 1
end transfer from 0 to 1
start transfer from 0 to 1
start transfer from 1 to 0
end transfer from 0 to 1
start transfer from 0 to 1
end transfer from 0 to 1
end transfer from 1 to 0
start transfer from 0 to 1
end transfer from 0 to 1
start transfer from 1 to 0
end transfer from 1 to 0
start transfer from 1 to 0
start transfer from 0 to 1
end transfer from 1 to 0
end transfer from 0 to 1
start transfer from 1 to 0
start transfer from 0 to 1
end transfer from 1 to 0
end transfer from 0 to 1
start transfer from 0 to 1
start transfer from 1 to 0
end transfer from 0 to 1
start transfer from 0 to 1
end transfer from 0 to 1
end transfer from 1 to 0
start transfer from 0 to 1
start transfer from 1 to 0
end transfer from 0 to 1
start transfer from 0 to 1
end transfer from 1 to 0
end transfer from 0 to 1
start transfer from 1 to 0
end transfer from 1 to 0
start transfer from 0 to 1
start transfer from 1 to 0
end transfer from 0 to 1
end transfer from 1 to 0
start transfer from 0 to 1
end transfer from 0 to 1
start transfer from 1 to 0
start transfer from 0 to 1
end transfer from 1 to 0
end transfer from 0 to 1
start transfer from 1 to 0
start transfer from 0 to 1
end transfer from 0 to 1
end transfer from 1 to 0
start transfer from 0 to 1
end transfer from 0 to 1
start transfer from 1 to 0
start transfer from 0 to 1
end transfer from 0 to 1
end transfer from 1 to 0
start transfer from 0 to 1
start transfer from 1 to 0
end transfer from 0 to 1
end transfer from 1 to 0
start transfer from 0 to 1
start transfer from 1 to 0
end transfer from 0 to 1
end transfer from 1 to 0
start transfer from 0 to 1
start transfer from 1 to 0
end transfer from 0 to 1
end transfer from 1 to 0
start transfer from 0 to 1
end transfer from 0 to 1
start transfer from 1 to 0
start transfer from 0 to 1
end transfer from 1 to 0
end transfer from 0 to 1
start transfer from 1 to 0
start transfer from 0 to 1
end transfer from 1 to 0
end transfer from 0 to 1
start transfer from 1 to 0
start transfer from 0 to 1
end transfer from 1 to 0
end transfer from 0 to 1
start transfer from 1 to 0
start transfer from 0 to 1
end transfer from 1 to 0
end transfer from 0 to 1
start transfer from 1 to 0
end transfer from 1 to 0
start transfer from 0 to 1
start transfer from 1 to 0
end transfer from 0 to 1
end transfer from 1 to 0
start transfer from 1 to 0
start transfer from 0 to 1
end transfer from 1 to 0
start transfer from 1 to 0
end transfer from 0 to 1
start transfer from 0 to 1
end transfer from 1 to 0
start transfer from 1 to 0
end transfer from 0 to 1
end transfer from 1 to 0
start transfer from 0 to 1
start transfer from 1 to 0
end transfer from 0 to 1
start transfer from 0 to 1
end transfer from 1 to 0
end transfer from 0 to 1
start transfer from 1 to 0
end transfer from 1 to 0
start transfer from 0 to 1
end transfer from 0 to 1
start transfer from 1 to 0
end transfer from 1 to 0
start transfer from 1 to 0
start transfer from 0 to 1
end transfer from 1 to 0
end transfer from 0 to 1
start transfer from 1 to 0
start transfer from 0 to 1
end transfer from 1 to 0
end transfer from 0 to 1
start transfer from 1 to 0
start transfer from 0 to 1
end transfer from 0 to 1
end transfer from 1 to 0
start transfer from 0 to 1
start transfer from 1 to 0
end transfer from 0 to 1
end transfer from 1 to 0
start transfer from 0 to 1
start transfer from 1 to 0
end transfer from 0 to 1
end transfer from 1 to 0
start transfer from 0 to 1
start transfer from 1 to 0
end transfer from 0 to 1
end transfer from 1 to 0
start transfer from 0 to 1
start transfer from 1 to 0
end transfer from 0 to 1
start transfer from 0 to 1
end transfer from 1 to 0
end transfer from 0 to 1
start transfer from 1 to 0
start transfer from 0 to 1
end transfer from 1 to 0
end transfer from 0 to 1
start transfer from 0 to 1
start transfer from 1 to 0
end transfer from 0 to 1
start transfer from 0 to 1
end transfer from 1 to 0
end transfer from 0 to 1
start transfer from 1 to 0
start transfer from 0 to 1
end transfer from 0 to 1
end transfer from 1 to 0
start transfer from 0 to 1
end transfer from 0 to 1
start transfer from 0 to 1
end transfer from 0 to 1
start transfer from 0 to 1
start transfer from 1 to 0
end transfer from 0 to 1
start transfer from 0 to 1
end transfer from 0 to 1
start transfer from 0 to 1
end transfer from 1 to 0
end transfer from 0 to 1
start transfer from 0 to 1
start transfer from 1 to 0
end transfer from 0 to 1
end transfer from 1 to 0
start transfer from 0 to 1
start transfer from 1 to 0
end transfer from 0 to 1
end transfer from 1 to 0
start transfer from 0 to 1
start transfer from 1 to 0
end transfer from 0 to 1
end transfer from 1 to 0
start transfer from 0 to 1
start transfer from 1 to 0
end transfer from 0 to 1
end transfer from 1 to 0
start transfer from 0 to 1
start transfer from 1 to 0
end transfer from 0 to 1
end transfer from 1 to 0
start transfer from 0 to 1
end transfer from 0 to 1
start transfer from 1 to 0
start transfer from 0 to 1
end transfer from 1 to 0
end transfer from 0 to 1
start transfer from 0 to 1
start transfer from 1 to 0
end transfer from 0 to 1
end transfer from 1 to 0
start transfer from 0 to 1
start transfer from 1 to 0
end transfer from 0 to 1
end transfer from 1 to 0
start transfer from 0 to 1
end transfer from 0 to 1
start transfer from 1 to 0
start transfer from 0 to 1
end transfer from 0 to 1
start transfer from 0 to 1
end transfer from 1 to 0
end transfer from 0 to 1
start transfer from 1 to 0
start transfer from 0 to 1
end transfer from 0 to 1
end transfer from 1 to 0
start transfer from 0 to 1
start transfer from 1 to 0
end transfer from 0 to 1
end transfer from 1 to 0
start transfer from 0 to 1
start transfer from 1 to 0
end transfer from 0 to 1
start transfer from 0 to 1
end transfer from 1 to 0
end transfer from 0 to 1
start transfer from 1 to 0
start transfer from 0 to 1
end transfer from 1 to 0
end transfer from 0 to 1
start transfer from 1 to 0
start transfer from 0 to 1
end transfer from 0 to 1
end transfer from 1 to 0
start transfer from 0 to 1
start transfer from 1 to 0
end transfer from 0 to 1
end transfer from 1 to 0
start transfer from 0 to 1
start transfer from 1 to 0
end transfer from 0 to 1
end transfer from 1 to 0
start transfer from 0 to 1
end transfer from 0 to 1
start transfer from 1 to 0
start transfer from 0 to 1
end transfer from 1 to 0
end transfer from 0 to 1
start transfer from 1 to 0
end transfer from 1 to 0
start transfer from 0 to 1
end transfer from 0 to 1
start transfer from 1 to 0
start transfer from 0 to 1
end transfer from 1 to 0
start transfer from 1 to 0
end transfer from 0 to 1
start transfer from 0 to 1
end transfer from 1 to 0
start transfer from 1 to 0
end transfer from 0 to 1
end transfer from 1 to 0
start transfer from 0 to 1
end transfer from 0 to 1
start transfer from 0 to 1
start transfer from 1 to 0
end transfer from 0 to 1
end transfer from 1 to 0
start transfer from 0 to 1
end transfer from 0 to 1
start transfer from 1 to 0
start transfer from 0 to 1
end transfer from 0 to 1
start transfer from 0 to 1
end transfer from 0 to 1
start transfer from 0 to 1
end transfer from 0 to 1
end transfer from 1 to 0
start transfer from 0 to 1
end transfer from 0 to 1
start transfer from 0 to 1
end transfer from 0 to 1
start transfer from 0 to 1
end transfer from 0 to 1
start transfer from 0 to 1
end transfer from 0 to 1
start transfer from 0 to 1
end transfer from 0 to 1
start transfer from 0 to 1
end transfer from 0 to 1
start transfer from 0 to 1
end transfer from 0 to 1
start transfer from 1 to 0
start transfer from 0 to 1
end transfer from 0 to 1
start transfer from 0 to 1
end transfer from 0 to 1
start transfer from 0 to 1
end transfer from 0 to 1
start transfer from 0 to 1
end transfer from 0 to 1
start transfer from 0 to 1
end transfer from 1 to 0
end transfer from 0 to 1
start transfer from 0 to 1
end transfer from 0 to 1
start transfer from 0 to 1
end transfer from 0 to 1
start transfer from 0 to 1
end transfer from 0 to 1
start transfer from 0 to 1
end transfer from 0 to 1
start transfer from 0 to 1
end transfer from 0 to 1
start transfer from 0 to 1
end transfer from 0 to 1
start transfer from 0 to 1
start transfer from 1 to 0
end transfer from 0 to 1
end transfer from 1 to 0
start transfer from 0 to 1
start transfer from 1 to 0
end transfer from 0 to 1
end transfer from 1 to 0
start transfer from 0 to 1
end transfer from 0 to 1
start transfer from 1 to 0
start transfer from 0 to 1
end transfer from 1 to 0
end transfer from 0 to 1
start transfer from 1 to 0
start transfer from 0 to 1
end transfer from 1 to 0
end transfer from 0 to 1
start transfer from 1 to 0
start transfer from 0 to 1
end transfer from 1 to 0
end transfer from 0 to 1
start transfer from 1 to 0
end transfer from 1 to 0
start transfer from 0 to 1
end transfer from 0 to 1
start transfer from 1 to 0
end transfer from 1 to 0
start transfer from 0 to 1
end transfer from 0 to 1
start transfer from 1 to 0
start transfer from 0 to 1
end transfer from 1 to 0
end transfer from 0 to 1
start transfer from 1 to 0
start transfer from 0 to 1
end transfer from 1 to 0
end transfer from 0 to 1
start transfer from 1 to 0
start transfer from 0 to 1
end transfer from 1 to 0
end transfer from 0 to 1
start transfer from 1 to 0
start transfer from 0 to 1
end transfer from 0 to 1
end transfer from 1 to 0
start transfer from 0 to 1
start transfer from 1 to 0
end transfer from 1 to 0
end transfer from 0 to 1
start transfer from 1 to 0
start transfer from 0 to 1
end transfer from 0 to 1
end transfer from 1 to 0
start transfer from 0 to 1
start transfer from 1 to 0
end transfer from 0 to 1
end transfer from 1 to 0
start transfer from 1 to 0
start transfer from 0 to 1
end transfer from 0 to 1
end transfer from 1 to 0
start transfer from 0 to 1
start transfer from 1 to 0
end transfer from 1 to 0
end transfer from 0 to 1
start transfer from 1 to 0
start transfer from 0 to 1
end transfer from 1 to 0
end transfer from 0 to 1
start transfer from 1 to 0
start transfer from 0 to 1
end transfer from 0 to 1
end transfer from 1 to 0
start transfer from 0 to 1
start transfer from 1 to 0
end transfer from 1 to 0
end transfer from 0 to 1
start transfer from 1 to 0
start transfer from 0 to 1
end transfer from 1 to 0
end transfer from 0 to 1
start transfer from 1 to 0
start transfer from 0 to 1
end transfer from 1 to 0
end transfer from 0 to 1
start transfer from 1 to 0
start transfer from 0 to 1
end transfer from 1 to 0
end transfer from 0 to 1
start transfer from 1 to 0
start transfer from 0 to 1
end transfer from 1 to 0
end transfer from 0 to 1
start transfer from 0 to 1
start transfer from 1 to 0
end transfer from 0 to 1
end transfer from 1 to 0
start transfer from 0 to 1
start transfer from 1 to 0
end transfer from 0 to 1
start transfer from 0 to 1
end transfer from 1 to 0
end transfer from 0 to 1
start transfer from 1 to 0
start transfer from 0 to 1
end transfer from 1 to 0
end transfer from 0 to 1
start transfer from 1 to 0
start transfer from 0 to 1
end transfer from 0 to 1
end transfer from 1 to 0
start transfer from 0 to 1
start transfer from 1 to 0
end transfer from 0 to 1
end transfer from 1 to 0
start transfer from 0 to 1
start transfer from 1 to 0
end transfer from 0 to 1
end transfer from 1 to 0
start transfer from 0 to 1
start transfer from 1 to 0
end transfer from 0 to 1
end transfer from 1 to 0
start transfer from 0 to 1
start transfer from 1 to 0
end transfer from 1 to 0
start transfer from 1 to 0
end transfer from 0 to 1
end transfer from 1 to 0
start transfer from 0 to 1
start transfer from 1 to 0
end transfer from 0 to 1
end transfer from 1 to 0
start transfer from 0 to 1
start transfer from 1 to 0
end transfer from 0 to 1
end transfer from 1 to 0
start transfer from 0 to 1
start transfer from 1 to 0
end transfer from 0 to 1
end transfer from 1 to 0
start transfer from 0 to 1
end transfer from 0 to 1
start transfer from 0 to 1
start transfer from 1 to 0
end transfer from 0 to 1
start transfer from 0 to 1
end transfer from 0 to 1
end transfer from 1 to 0
start transfer from 1 to 0
start transfer from 0 to 1
end transfer from 1 to 0
start transfer from 1 to 0
end transfer from 0 to 1
end transfer from 1 to 0
start transfer from 0 to 1
start transfer from 1 to 0
end transfer from 0 to 1
end transfer from 1 to 0
start transfer from 0 to 1
start transfer from 1 to 0
end transfer from 0 to 1
start transfer from 0 to 1
end transfer from 1 to 0
end transfer from 0 to 1
start transfer from 1 to 0
start transfer from 0 to 1
end transfer from 1 to 0
end transfer from 0 to 1
start transfer from 0 to 1
start transfer from 1 to 0
end transfer from 0 to 1
end transfer from 1 to 0
start transfer from 0 to 1
start transfer from 1 to 0
end transfer from 0 to 1
start transfer from 0 to 1
end transfer from 1 to 0
end transfer from 0 to 1
start transfer from 1 to 0
start transfer from 0 to 1
end transfer from 1 to 0
end transfer from 0 to 1
start transfer from 1 to 0
start transfer from 0 to 1
end transfer from 1 to 0
end transfer from 0 to 1
start transfer from 1 to 0
start transfer from 0 to 1
end transfer from 1 to 0
end transfer from 0 to 1
start transfer from 1 to 0
start transfer from 0 to 1
end transfer from 1 to 0
end transfer from 0 to 1
start transfer from 1 to 0
start transfer from 0 to 1
end transfer from 1 to 0
end transfer from 0 to 1
start transfer from 1 to 0
start transfer from 0 to 1
end transfer from 1 to 0
end transfer from 0 to 1
start transfer from 1 to 0
start transfer from 0 to 1
end transfer from 1 to 0
start transfer from 1 to 0
end transfer from 1 to 0
end transfer from 0 to 1
start transfer from 1 to 0
start transfer from 0 to 1
end transfer from 1 to 0
end transfer from 0 to 1
start transfer from 1 to 0
start transfer from 0 to 1
end transfer from 1 to 0
end transfer from 0 to 1
start transfer from 1 to 0
start transfer from 0 to 1
end transfer from 1 to 0
end transfer from 0 to 1
start transfer from 0 to 1
end transfer from 0 to 1
start transfer from 0 to 1
end transfer from 0 to 1
start transfer from 0 to 1
end transfer from 0 to 1
start transfer from 0 to 1
end transfer from 0 to 1
start transfer from 0 to 1
end transfer from 0 to 1
start transfer from 0 to 1
end transfer from 0 to 1
start transfer from 0 to 1
end transfer from 0 to 1
start transfer from 0 to 1
end transfer from 0 to 1
start transfer from 0 to 1
end transfer from 0 to 1
start transfer from 0 to 1
end transfer from 0 to 1
start transfer from 0 to 1
end transfer from 0 to 1
start transfer from 0 to 1
start transfer from 1 to 0
end transfer from 0 to 1
start transfer from 0 to 1
end transfer from 1 to 0
end transfer from 0 to 1
start transfer from 0 to 1
end transfer from 0 to 1
start transfer from 0 to 1
end transfer from 0 to 1
start transfer from 0 to 1
end transfer from 0 to 1
start transfer from 0 to 1
end transfer from 0 to 1
start transfer from 0 to 1
end transfer from 0 to 1
start transfer from 0 to 1
end transfer from 0 to 1
start transfer from 0 to 1
end transfer from 0 to 1
start transfer from 0 to 1
end transfer from 0 to 1
start transfer from 0 to 1
end transfer from 0 to 1
start transfer from 0 to 1
end transfer from 0 to 1
start transfer from 0 to 1
end transfer from 0 to 1
start transfer from 0 to 1
end transfer from 0 to 1
start transfer from 0 to 1
end transfer from 0 to 1
start transfer from 0 to 1
end transfer from 0 to 1
start transfer from 0 to 1
end transfer from 0 to 1
start transfer from 0 to 1
end transfer from 0 to 1
start transfer from 0 to 1
end transfer from 0 to 1
start transfer from 0 to 1
end transfer from 0 to 1
start transfer from 0 to 1
end transfer from 0 to 1
start transfer from 0 to 1
end transfer from 0 to 1
start transfer from 0 to 1
end transfer from 0 to 1
start transfer from 0 to 1
end transfer from 0 to 1
start transfer from 0 to 1
end transfer from 0 to 1
start transfer from 0 to 1
end transfer from 0 to 1
start transfer from 1 to 0
start transfer from 0 to 1
end transfer from 1 to 0
end transfer from 0 to 1
start transfer from 1 to 0
start transfer from 0 to 1
end transfer from 0 to 1
end transfer from 1 to 0
start transfer from 0 to 1
start transfer from 1 to 0
end transfer from 0 to 1
end transfer from 1 to 0
start transfer from 0 to 1
end transfer from 0 to 1
start transfer from 1 to 0
start transfer from 0 to 1
end transfer from 1 to 0
end transfer from 0 to 1
start transfer from 0 to 1
end transfer from 0 to 1
start transfer from 1 to 0
start transfer from 0 to 1
end transfer from 1 to 0
end transfer from 0 to 1
start transfer from 0 to 1
end transfer from 0 to 1
start transfer from 1 to 0
start transfer from 0 to 1
end transfer from 1 to 0
end transfer from 0 to 1
start transfer from 1 to 0
start transfer from 0 to 1
end transfer from 1 to 0
end transfer from 0 to 1
start transfer from 1 to 0
start transfer from 0 to 1
end transfer from 1 to 0
end transfer from 0 to 1
start transfer from 0 to 1
start transfer from 1 to 0
end transfer from 0 to 1
start transfer from 0 to 1
end transfer from 1 to 0
end transfer from 0 to 1
start transfer from 1 to 0
start transfer from 0 to 1
end transfer from 1 to 0
end transfer from 0 to 1
start transfer from 1 to 0
start transfer from 0 to 1
end transfer from 1 to 0
end transfer from 0 to 1
start transfer from 0 to 1
start transfer from 1 to 0
end transfer from 0 to 1
start transfer from 0 to 1
end transfer from 1 to 0
end transfer from 0 to 1
start transfer from 0 to 1
end transfer from 0 to 1
start transfer from 0 to 1
end transfer from 0 to 1
start transfer from 0 to 1
end transfer from 0 to 1
start transfer from 0 to 1
end transfer from 0 to 1
start transfer from 0 to 1
end transfer from 0 to 1
start transfer from 0 to 1
end transfer from 0 to 1
start transfer from 0 to 1
end transfer from 0 to 1
start transfer from 0 to 1
end transfer from 0 to 1
start transfer from 0 to 1
end transfer from 0 to 1
start transfer from 1 to 0
start transfer from 0 to 1
end transfer from 0 to 1
end transfer from 1 to 0
start transfer from 0 to 1
start transfer from 1 to 0
end transfer from 0 to 1
end transfer from 1 to 0
start transfer from 0 to 1
start transfer from 1 to 0
end transfer from 0 to 1
end transfer from 1 to 0
start transfer from 0 to 1
start transfer from 1 to 0
end transfer from 0 to 1
end transfer from 1 to 0
start transfer from 1 to 0
end transfer from 1 to 0
start transfer from 1 to 0
end transfer from 1 to 0
start transfer from 1 to 0
start transfer from 0 to 1
end transfer from 1 to 0
end transfer from 0 to 1
start transfer from 1 to 0
end transfer from 1 to 0
start transfer from 0 to 1
start transfer from 1 to 0
end transfer from 1 to 0
end transfer from 0 to 1
start transfer from 1 to 0
start transfer from 0 to 1
end transfer from 1 to 0
end transfer from 0 to 1
start transfer from 1 to 0
start transfer from 0 to 1
end transfer from 0 to 1
start transfer from 0 to 1
end transfer from 1 to 0
end transfer from 0 to 1
start transfer from 0 to 1
end transfer from 0 to 1
start transfer from 0 to 1
start transfer from 1 to 0
end transfer from 0 to 1
start transfer from 0 to 1
end transfer from 1 to 0
end transfer from 0 to 1
start transfer from 1 to 0
start transfer from 0 to 1
end transfer from 1 to 0
end transfer from 0 to 1
start transfer from 1 to 0
start transfer from 0 to 1
end transfer from 0 to 1
start transfer from 0 to 1
end transfer from 0 to 1
start transfer from 0 to 1
end transfer from 0 to 1
end transfer from 1 to 0
start transfer from 1 to 0
end transfer from 1 to 0
start transfer from 1 to 0
end transfer from 1 to 0
start transfer from 1 to 0
end transfer from 1 to 0
start transfer from 1 to 0
end transfer from 1 to 0
start transfer from 1 to 0
end transfer from 1 to 0
start transfer from 1 to 0
end transfer from 1 to 0
start transfer from 1 to 0
end transfer from 1 to 0
start transfer from 1 to 0
end transfer from 1 to 0
start transfer from 1 to 0
end transfer from 1 to 0
start transfer from 1 to 0
end transfer from 1 to 0
start transfer from 1 to 0
end transfer from 1 to 0
start transfer from 1 to 0
end transfer from 1 to 0
start transfer from 1 to 0
end transfer from 1 to 0
start transfer from 1 to 0
end transfer from 1 to 0
start transfer from 1 to 0
end transfer from 1 to 0
start transfer from 1 to 0
end transfer from 1 to 0
start transfer from 1 to 0
end transfer from 1 to 0
start transfer from 1 to 0
end transfer from 1 to 0
start transfer from 1 to 0
end transfer from 1 to 0
start transfer from 0 to 1
start transfer from 1 to 0
end transfer from 0 to 1
start transfer from 0 to 1
end transfer from 1 to 0
end transfer from 0 to 1
start transfer from 1 to 0
start transfer from 0 to 1
end transfer from 0 to 1
end transfer from 1 to 0
start transfer from 0 to 1
start transfer from 1 to 0
end transfer from 0 to 1
end transfer from 1 to 0
start transfer from 0 to 1
start transfer from 1 to 0
end transfer from 0 to 1
end transfer from 1 to 0
start transfer from 0 to 1
end transfer from 0 to 1
start transfer from 1 to 0
start transfer from 0 to 1
end transfer from 1 to 0
end transfer from 0 to 1
start transfer from 1 to 0
start transfer from 0 to 1
end transfer from 1 to 0
end transfer from 0 to 1
start transfer from 1 to 0
start transfer from 0 to 1
end transfer from 0 to 1
start transfer from 0 to 1
end transfer from 1 to 0
end transfer from 0 to 1
start transfer from 1 to 0
start transfer from 0 to 1
end transfer from 1 to 0
end transfer from 0 to 1
start transfer from 0 to 1
end transfer from 0 to 1
start transfer from 0 to 1
end transfer from 0 to 1
start transfer from 0 to 1
end transfer from 0 to 1
start transfer from 0 to 1
end transfer from 0 to 1
start transfer from 0 to 1
start transfer from 1 to 0
end transfer from 0 to 1
start transfer from 0 to 1
end transfer from 0 to 1
start transfer from 0 to 1
end transfer from 0 to 1
start transfer from 0 to 1
end transfer from 0 to 1
start transfer from 0 to 1
end transfer from 0 to 1
start transfer from 0 to 1
end transfer from 0 to 1
start transfer from 0 to 1
end transfer from 0 to 1
start transfer from 0 to 1
end transfer from 1 to 0
end transfer from 0 to 1
start transfer from 0 to 1
start transfer from 1 to 0
end transfer from 0 to 1
start transfer from 0 to 1
end transfer from 1 to 0
end transfer from 0 to 1
start transfer from 1 to 0
start transfer from 0 to 1
end transfer from 1 to 0
end transfer from 0 to 1
start transfer from 1 to 0
start transfer from 0 to 1
end transfer from 1 to 0
end transfer from 0 to 1
start transfer from 1 to 0
start transfer from 0 to 1
end transfer from 1 to 0
end transfer from 0 to 1
start transfer from 1 to 0
start transfer from 0 to 1
end transfer from 1 to 0
end transfer from 0 to 1
start transfer from 1 to 0
start transfer from 0 to 1
end transfer from 1 to 0
end transfer from 0 to 1
start transfer from 1 to 0
start transfer from 0 to 1
end transfer from 0 to 1
end transfer from 1 to 0
start transfer from 0 to 1
start transfer from 1 to 0
end transfer from 0 to 1
end transfer from 1 to 0
start transfer from 0 to 1
start transfer from 1 to 0
end transfer from 0 to 1
end transfer from 1 to 0
start transfer from 0 to 1
start transfer from 1 to 0
end transfer from 0 to 1
end transfer from 1 to 0
start transfer from 0 to 1
start transfer from 1 to 0
end transfer from 0 to 1
end transfer from 1 to 0
start transfer from 0 to 1
end transfer from 0 to 1
start transfer from 1 to 0
start transfer from 0 to 1
end transfer from 1 to 0
end transfer from 0 to 1
start transfer from 1 to 0
end transfer from 1 to 0
start transfer from 0 to 1
start transfer from 1 to 0
end transfer from 0 to 1
end transfer from 1 to 0
start transfer from 0 to 1
start transfer from 1 to 0
end transfer from 0 to 1
end transfer from 1 to 0
start transfer from 0 to 1
start transfer from 1 to 0
end transfer from 0 to 1
start transfer from 0 to 1
end transfer from 1 to 0
end transfer from 0 to 1
start transfer from 1 to 0
start transfer from 0 to 1
end transfer from 1 to 0
end transfer from 0 to 1
start transfer from 1 to 0
start transfer from 0 to 1
end transfer from 1 to 0
end transfer from 0 to 1
start transfer from 1 to 0
start transfer from 0 to 1
end transfer from 0 to 1
end transfer from 1 to 0
start transfer from 0 to 1
start transfer from 1 to 0
end transfer from 0 to 1
end transfer from 1 to 0
start transfer from 0 to 1
end transfer from 0 to 1
start transfer from 1 to 0
start transfer from 0 to 1
end transfer from 1 to 0
end transfer from 0 to 1
start transfer from 1 to 0
start transfer from 0 to 1
end transfer from 1 to 0
end transfer from 0 to 1
start transfer from 0 to 1
start transfer from 1 to 0
end transfer from 1 to 0
start transfer from 1 to 0
end transfer from 1 to 0
start transfer from 1 to 0
end transfer from 1 to 0
start transfer from 1 to 0
end transfer from 0 to 1
start transfer from 0 to 1
end transfer from 1 to 0
start transfer from 1 to 0
end transfer from 1 to 0
start transfer from 1 to 0
end transfer from 1 to 0
start transfer from 1 to 0
end transfer from 1 to 0
start transfer from 1 to 0
end transfer from 0 to 1
end transfer from 1 to 0
start transfer from 1 to 0
end transfer from 1 to 0
start transfer from 1 to 0
end transfer from 1 to 0
start transfer from 1 to 0
end transfer from 1 to 0
start transfer from 1 to 0
start transfer from 0 to 1
end transfer from 1 to 0
start transfer from 1 to 0
end transfer from 1 to 0
end transfer from 0 to 1
start transfer from 1 to 0
end transfer from 1 to 0
start transfer from 0 to 1
start transfer from 1 to 0
end transfer from 1 to 0
start transfer from 1 to 0
end transfer from 1 to 0
start transfer from 1 to 0
end transfer from 1 to 0
start transfer from 1 to 0
end transfer from 1 to 0
start transfer from 1 to 0
end transfer from 1 to 0
start transfer from 1 to 0
end transfer from 1 to 0
start transfer from 1 to 0
end transfer from 1 to 0
start transfer from 1 to 0
end transfer from 1 to 0
start transfer from 1 to 0
end transfer from 1 to 0
start transfer from 1 to 0
end transfer from 1 to 0
start transfer from 1 to 0
end transfer from 1 to 0
start transfer from 1 to 0
end transfer from 1 to 0
start transfer from 1 to 0
end transfer from 1 to 0
start transfer from 1 to 0
end transfer from 1 to 0
start transfer from 1 to 0
end transfer from 1 to 0
start transfer from 1 to 0
end transfer from 1 to 0
end transfer from 0 to 1
start transfer from 0 to 1
end transfer from 0 to 1
start transfer from 0 to 1
end transfer from 0 to 1
start transfer from 1 to 0
end transfer from 1 to 0
start transfer from 1 to 0
end transfer from 1 to 0
start transfer from 1 to 0
end transfer from 1 to 0
start transfer from 1 to 0
end transfer from 1 to 0
start transfer from 1 to 0
end transfer from 1 to 0
start transfer from 1 to 0
end transfer from 1 to 0
start transfer from 0 to 1
start transfer from 1 to 0
end transfer from 0 to 1
end transfer from 1 to 0
start transfer from 1 to 0
start transfer from 0 to 1
end transfer from 1 to 0
start transfer from 1 to 0
end transfer from 1 to 0
end transfer from 0 to 1
start transfer from 0 to 1
start transfer from 1 to 0
end transfer from 1 to 0
end transfer from 0 to 1
start transfer from 1 to 0
end transfer from 1 to 0
start transfer from 0 to 1
start transfer from 1 to 0
end transfer from 1 to 0
start transfer from 1 to 0
end transfer from 1 to 0
start transfer from 1 to 0
end transfer from 0 to 1
end transfer from 1 to 0
start transfer from 1 to 0
start transfer from 0 to 1
end transfer from 1 to 0
start transfer from 1 to 0
end transfer from 0 to 1
end transfer from 1 to 0
start transfer from 0 to 1
start transfer from 1 to 0
end transfer from 0 to 1
end transfer from 1 to 0
start transfer from 0 to 1
end transfer from 0 to 1
start transfer from 1 to 0
start transfer from 0 to 1
end transfer from 1 to 0
end transfer from 0 to 1
start transfer from 1 to 0
start transfer from 0 to 1
end transfer from 0 to 1
end transfer from 1 to 0
start transfer from 1 to 0
start transfer from 0 to 1
end transfer from 1 to 0
start transfer from 1 to 0
end transfer from 0 to 1
end transfer from 1 to 0
start transfer from 1 to 0
start transfer from 0 to 1
end transfer from 1 to 0
end transfer from 0 to 1
start transfer from 1 to 0
start transfer from 0 to 1
end transfer from 1 to 0
end transfer from 0 to 1
start transfer from 1 to 0
end transfer from 1 to 0
start transfer from 0 to 1
start transfer from 1 to 0
end transfer from 0 to 1
end transfer from 1 to 0
start transfer from 0 to 1
start transfer from 1 to 0
end transfer from 0 to 1
end transfer from 1 to 0
start transfer from 0 to 1
start transfer from 1 to 0
end transfer from 0 to 1
end transfer from 1 to 0
start transfer from 0 to 1
start transfer from 1 to 0
end transfer from 0 to 1
end transfer from 1 to 0
start transfer from 0 to 1
start transfer from 1 to 0
end transfer from 0 to 1
end transfer from 1 to 0
start transfer from 0 to 1
start transfer from 1 to 0
end transfer from 0 to 1
end transfer from 1 to 0
start transfer from 1 to 0
start transfer from 0 to 1
end transfer from 0 to 1
end transfer from 1 to 0
start transfer from 0 to 1
start transfer from 1 to 0
end transfer from 0 to 1
end transfer from 1 to 0
start transfer from 0 to 1
start transfer from 1 to 0
end transfer from 1 to 0
end transfer from 0 to 1
start transfer from 1 to 0
end transfer from 1 to 0
start transfer from 0 to 1
start transfer from 1 to 0
end transfer from 0 to 1
end transfer from 1 to 0
start transfer from 0 to 1
start transfer from 1 to 0
end transfer from 0 to 1
start transfer from 0 to 1
end transfer from 1 to 0
start transfer from 1 to 0
end transfer from 1 to 0
start transfer from 1 to 0
end transfer from 1 to 0
start transfer from 1 to 0
end transfer from 1 to 0
start transfer from 1 to 0
end transfer from 0 to 1
end transfer from 1 to 0
start transfer from 1 to 0
start transfer from 0 to 1
end transfer from 1 to 0
start transfer from 1 to 0
end transfer from 1 to 0
start transfer from 1 to 0
end transfer from 1 to 0
start transfer from 1 to 0
end transfer from 1 to 0
start transfer from 1 to 0
end transfer from 0 to 1
start transfer from 0 to 1
end transfer from 1 to 0
start transfer from 1 to 0
end transfer from 0 to 1
end transfer from 1 to 0
start transfer from 0 to 1
start transfer from 1 to 0
end transfer from 0 to 1
end transfer from 1 to 0
start transfer from 1 to 0
start transfer from 0 to 1
end transfer from 1 to 0
end transfer from 0 to 1
start transfer from 0 to 1
start transfer from 1 to 0
end transfer from 0 to 1
start transfer from 0 to 1
end transfer from 0 to 1
start transfer from 0 to 1
end transfer from 0 to 1
start transfer from 0 to 1
end transfer from 0 to 1
start transfer from 0 to 1
end transfer from 1 to 0
end transfer from 0 to 1
start transfer from 0 to 1
start transfer from 1 to 0
end transfer from 0 to 1
end transfer from 1 to 0
start transfer from 1 to 0
start transfer from 0 to 1
end transfer from 0 to 1
end transfer from 1 to 0
start transfer from 1 to 0
start transfer from 0 to 1
end transfer from 0 to 1
end transfer from 1 to 0
start transfer from 1 to 0
start transfer from 0 to 1
end transfer from 0 to 1
end transfer from 1 to 0
start transfer from 0 to 1
start transfer from 1 to 0
end transfer from 0 to 1
end transfer from 1 to 0
start transfer from 0 to 1
start transfer from 1 to 0
end transfer from 1 to 0
start transfer from 1 to 0
end transfer from 0 to 1
end transfer from 1 to 0
start transfer from 0 to 1
start transfer from 1 to 0
end transfer from 0 to 1
end transfer from 1 to 0
start transfer from 0 to 1
start transfer from 1 to 0
end transfer from 0 to 1
start transfer from 0 to 1
end transfer from 1 to 0
end transfer from 0 to 1
start transfer from 0 to 1
end transfer from 0 to 1
start transfer from 0 to 1
end transfer from 0 to 1
start transfer from 0 to 1
end transfer from 0 to 1
start transfer from 0 to 1
end transfer from 0 to 1
start transfer from 0 to 1
end transfer from 0 to 1
start transfer from 0 to 1
end transfer from 0 to 1
start transfer from 0 to 1
end transfer from 0 to 1
start transfer from 0 to 1
end transfer from 0 to 1
start transfer from 0 to 1
end transfer from 0 to 1
start transfer from 0 to 1
end transfer from 0 to 1
start transfer from 0 to 1
end transfer from 0 to 1
start transfer from 0 to 1
end transfer from 0 to 1
start transfer from 0 to 1
end transfer from 0 to 1
start transfer from 0 to 1
end transfer from 0 to 1
start transfer from 0 to 1
end transfer from 0 to 1
start transfer from 0 to 1
end transfer from 0 to 1
start transfer from 0 to 1
end transfer from 0 to 1
start transfer from 0 to 1
end transfer from 0 to 1
start transfer from 0 to 1
end transfer from 0 to 1
start transfer from 0 to 1
end transfer from 0 to 1
start transfer from 0 to 1
end transfer from 0 to 1
start transfer from 0 to 1
end transfer from 0 to 1
start transfer from 0 to 1
end transfer from 0 to 1
start transfer from 0 to 1
end transfer from 0 to 1
start transfer from 0 to 1
end transfer from 0 to 1
start transfer from 0 to 1
end transfer from 0 to 1
start transfer from 0 to 1
end transfer from 0 to 1
start transfer from 0 to 1
end transfer from 0 to 1
start transfer from 0 to 1
end transfer from 0 to 1
start transfer from 0 to 1
end transfer from 0 to 1
start transfer from 1 to 0
start transfer from 0 to 1
end transfer from 1 to 0
end transfer from 0 to 1
start transfer from 0 to 1
end transfer from 0 to 1
start transfer from 1 to 0
start transfer from 0 to 1
end transfer from 0 to 1
start transfer from 0 to 1
end transfer from 1 to 0
end transfer from 0 to 1
start transfer from 0 to 1
end transfer from 0 to 1
start transfer from 0 to 1
end transfer from 0 to 1
start transfer from 0 to 1
start transfer from 1 to 0
end transfer from 0 to 1
end transfer from 1 to 0
start transfer from 0 to 1
start transfer from 1 to 0
end transfer from 1 to 0
end transfer from 0 to 1
start transfer from 1 to 0
start transfer from 0 to 1
end transfer from 1 to 0
end transfer from 0 to 1
start transfer from 1 to 0
start transfer from 0 to 1
end transfer from 1 to 0
end transfer from 0 to 1
start transfer from 1 to 0
start transfer from 0 to 1
end transfer from 1 to 0
end transfer from 0 to 1
start transfer from 1 to 0
start transfer from 0 to 1
end transfer from 1 to 0
start transfer from 1 to 0
end transfer from 1 to 0
start transfer from 1 to 0
end transfer from 1 to 0
start transfer from 1 to 0
end transfer from 1 to 0
start transfer from 1 to 0
end transfer from 1 to 0
start transfer from 1 to 0
end transfer from 1 to 0
start transfer from 1 to 0
end transfer from 1 to 0
start transfer from 1 to 0
end transfer from 1 to 0
start transfer from 1 to 0
end transfer from 1 to 0
end transfer from 0 to 1
start transfer from 1 to 0
start transfer from 0 to 1
end transfer from 1 to 0
start transfer from 1 to 0
end transfer from 0 to 1
end transfer from 1 to 0
start transfer from 0 to 1
start transfer from 1 to 0
end transfer from 0 to 1
start transfer from 0 to 1
end transfer from 1 to 0
end transfer from 0 to 1
start transfer from 1 to 0
start transfer from 0 to 1
end transfer from 1 to 0
end transfer from 0 to 1
start transfer from 1 to 0
start transfer from 0 to 1
end transfer from 1 to 0
start transfer from 1 to 0
end transfer from 0 to 1
end transfer from 1 to 0
start transfer from 0 to 1
start transfer from 1 to 0
end transfer from 0 to 1
end transfer from 1 to 0
start transfer from 0 to 1
start transfer from 1 to 0
end transfer from 0 to 1
end transfer from 1 to 0
start transfer from 0 to 1
start transfer from 1 to 0
end transfer from 0 to 1
end transfer from 1 to 0
start transfer from 1 to 0
start transfer from 0 to 1
end transfer from 1 to 0
end transfer from 0 to 1
start transfer from 1 to 0
start transfer from 0 to 1
end transfer from 1 to 0
end transfer from 0 to 1
start transfer from 1 to 0
start transfer from 0 to 1
end transfer from 0 to 1
start transfer from 0 to 1
end transfer from 1 to 0
end transfer from 0 to 1
start transfer from 1 to 0
start transfer from 0 to 1
end transfer from 1 to 0
end transfer from 0 to 1
start transfer from 1 to 0
start transfer from 0 to 1
end transfer from 1 to 0
end transfer from 0 to 1
start transfer from 1 to 0
start transfer from 0 to 1
end transfer from 1 to 0
end transfer from 0 to 1
start transfer from 1 to 0
start transfer from 0 to 1
end transfer from 1 to 0
end transfer from 0 to 1
start transfer from 1 to 0
start transfer from 0 to 1
end transfer from 1 to 0
end transfer from 0 to 1
start transfer from 1 to 0
start transfer from 0 to 1
end transfer from 1 to 0
end transfer from 0 to 1
start transfer from 1 to 0
start transfer from 0 to 1
end transfer from 1 to 0
end transfer from 0 to 1
start transfer from 1 to 0
end transfer from 1 to 0
start transfer from 0 to 1
start transfer from 1 to 0
end transfer from 0 to 1
end transfer from 1 to 0
start transfer from 0 to 1
start transfer from 1 to 0
end transfer from 0 to 1
end transfer from 1 to 0
start transfer from 0 to 1
start transfer from 1 to 0
end transfer from 0 to 1
end transfer from 1 to 0
start transfer from 0 to 1
start transfer from 1 to 0
end transfer from 0 to 1
end transfer from 1 to 0
start transfer from 0 to 1
start transfer from 1 to 0
end transfer from 0 to 1
end transfer from 1 to 0
start transfer from 1 to 0
end transfer from 1 to 0
start transfer from 1 to 0
start transfer from 0 to 1
end transfer from 1 to 0
start transfer from 1 to 0
end transfer from 1 to 0
end transfer from 0 to 1
start transfer from 1 to 0
end transfer from 1 to 0
start transfer from 1 to 0
end transfer from 1 to 0
start transfer from 1 to 0
start transfer from 0 to 1
end transfer from 1 to 0
start transfer from 1 to 0
end transfer from 1 to 0
end transfer from 0 to 1
start transfer from 1 to 0
end transfer from 1 to 0
start transfer from 1 to 0
end transfer from 1 to 0
start transfer from 1 to 0
start transfer from 0 to 1
end transfer from 1 to 0
end transfer from 0 to 1
start transfer from 1 to 0
start transfer from 0 to 1
end transfer from 1 to 0
end transfer from 0 to 1
start transfer from 0 to 1
start transfer from 1 to 0
end transfer from 0 to 1
start transfer from 0 to 1
end transfer from 1 to 0
end transfer from 0 to 1
start transfer from 0 to 1
start transfer from 1 to 0
end transfer from 0 to 1
start transfer from 0 to 1
end transfer from 1 to 0
end transfer from 0 to 1
start transfer from 0 to 1
start transfer from 1 to 0
end transfer from 0 to 1
end transfer from 1 to 0
start transfer from 0 to 1
start transfer from 1 to 0
end transfer from 0 to 1
start transfer from 0 to 1
end transfer from 1 to 0
end transfer from 0 to 1
start transfer from 1 to 0
start transfer from 0 to 1
end transfer from 0 to 1
start transfer from 0 to 1
end transfer from 1 to 0
end transfer from 0 to 1
start transfer from 1 to 0
start transfer from 0 to 1
end transfer from 0 to 1
end transfer from 1 to 0
start transfer from 0 to 1
end transfer from 0 to 1
start transfer from 1 to 0
start transfer from 0 to 1
end transfer from 0 to 1
start transfer from 0 to 1
end transfer from 1 to 0
end transfer from 0 to 1
start transfer from 1 to 0
start transfer from 0 to 1
end transfer from 0 to 1
end transfer from 1 to 0
start transfer from 0 to 1
end transfer from 0 to 1
start transfer from 1 to 0
start transfer from 0 to 1
end transfer from 0 to 1
end transfer from 1 to 0
start transfer from 0 to 1
end transfer from 0 to 1
start transfer from 1 to 0
start transfer from 0 to 1
end transfer from 0 to 1
end transfer from 1 to 0
start transfer from 0 to 1
end transfer from 0 to 1
start transfer from 1 to 0
start transfer from 0 to 1
end transfer from 1 to 0
end transfer from 0 to 1
start transfer from 1 to 0
start transfer from 0 to 1
end transfer from 0 to 1
end transfer from 1 to 0
start transfer from 0 to 1
end transfer from 0 to 1
start transfer from 1 to 0
start transfer from 0 to 1
end transfer from 0 to 1
end transfer from 1 to 0
start transfer from 0 to 1
end transfer from 0 to 1
start transfer from 1 to 0
start transfer from 0 to 1
end transfer from 0 to 1
end transfer from 1 to 0
start transfer from 0 to 1
end transfer from 0 to 1
start transfer from 1 to 0
start transfer from 0 to 1
end transfer from 0 to 1
end transfer from 1 to 0
start transfer from 0 to 1
start transfer from 1 to 0
end transfer from 1 to 0
end transfer from 0 to 1
start transfer from 1 to 0
start transfer from 0 to 1
end transfer from 1 to 0
end transfer from 0 to 1
start transfer from 0 to 1
start transfer from 1 to 0
end transfer from 0 to 1
end transfer from 1 to 0
start transfer from 1 to 0
start transfer from 0 to 1
end transfer from 1 to 0
start transfer from 1 to 0
end transfer from 0 to 1
start transfer from 0 to 1
end transfer from 1 to 0
end transfer from 0 to 1
start transfer from 1 to 0
start transfer from 0 to 1
end transfer from 1 to 0
end transfer from 0 to 1
start transfer from 1 to 0
start transfer from 0 to 1
end transfer from 1 to 0
end transfer from 0 to 1
start transfer from 1 to 0
start transfer from 0 to 1
end transfer from 1 to 0
end transfer from 0 to 1
start transfer from 1 to 0
start transfer from 0 to 1
end transfer from 1 to 0
end transfer from 0 to 1
start transfer from 1 to 0
start transfer from 0 to 1
end transfer from 1 to 0
end transfer from 0 to 1
start transfer from 0 to 1
start transfer from 1 to 0
end transfer from 0 to 1
end transfer from 1 to 0
start transfer from 0 to 1
start transfer from 1 to 0
end transfer from 0 to 1
end transfer from 1 to 0
start transfer from 0 to 1
start transfer from 1 to 0
end transfer from 0 to 1
end transfer from 1 to 0
start transfer from 1 to 0
start transfer from 0 to 1
end transfer from 1 to 0
end transfer from 0 to 1
start transfer from 1 to 0
start transfer from 0 to 1
end transfer from 1 to 0
end transfer from 0 to 1
start transfer from 1 to 0
start transfer from 0 to 1
end transfer from 1 to 0
start transfer from 1 to 0
end transfer from 0 to 1
end transfer from 1 to 0
start transfer from 0 to 1
start transfer from 1 to 0
end transfer from 1 to 0
end transfer from 0 to 1
start transfer from 1 to 0
start transfer from 0 to 1
end transfer from 1 to 0
end transfer from 0 to 1
start transfer from 1 to 0
end transfer from 1 to 0
start transfer from 0 to 1
end transfer from 0 to 1
start transfer from 1 to 0
start transfer from 0 to 1
end transfer from 1 to 0
end transfer from 0 to 1
start transfer from 1 to 0
start transfer from 0 to 1
end transfer from 1 to 0
end transfer from 0 to 1
start transfer from 1 to 0
start transfer from 0 to 1
end transfer from 1 to 0
end transfer from 0 to 1
start transfer from 1 to 0
start transfer from 0 to 1
end transfer from 1 to 0
end transfer from 0 to 1
start transfer from 1 to 0
start transfer from 0 to 1
end transfer from 1 to 0
start transfer from 1 to 0
end transfer from 1 to 0
end transfer from 0 to 1
start transfer from 0 to 1
start transfer from 1 to 0
end transfer from 0 to 1
start transfer from 0 to 1
end transfer from 1 to 0
end transfer from 0 to 1
start transfer from 1 to 0
start transfer from 0 to 1
end transfer from 1 to 0
end transfer from 0 to 1
start transfer from 1 to 0
start transfer from 0 to 1
end transfer from 1 to 0
end transfer from 0 to 1
start transfer from 1 to 0
end transfer from 1 to 0
start transfer from 0 to 1
start transfer from 1 to 0
end transfer from 0 to 1
end transfer from 1 to 0
start transfer from 0 to 1
start transfer from 1 to 0
end transfer from 0 to 1
end transfer from 1 to 0
start transfer from 0 to 1
start transfer from 1 to 0
end transfer from 0 to 1
end transfer from 1 to 0
start transfer from 0 to 1
start transfer from 1 to 0
end transfer from 0 to 1
end transfer from 1 to 0
start transfer from 0 to 1
start transfer from 1 to 0
end transfer from 0 to 1
end transfer from 1 to 0
start transfer from 0 to 1
start transfer from 1 to 0
end transfer from 0 to 1
end transfer from 1 to 0
start transfer from 0 to 1
start transfer from 1 to 0
end transfer from 0 to 1
start transfer from 0 to 1
end transfer from 0 to 1
start transfer from 0 to 1
end transfer from 1 to 0
start transfer from 1 to 0
end transfer from 1 to 0
end transfer from 0 to 1
start transfer from 0 to 1
start transfer from 1 to 0
end transfer from 0 to 1
end transfer from 1 to 0
start transfer from 0 to 1
start transfer from 1 to 0
end transfer from 0 to 1
end transfer from 1 to 0
start transfer from 0 to 1
start transfer from 1 to 0
end transfer from 0 to 1
end transfer from 1 to 0
start transfer from 0 to 1
start transfer from 1 to 0
end transfer from 0 to 1
end transfer from 1 to 0
start transfer from 0 to 1
end transfer from 0 to 1
start transfer from 0 to 1
end transfer from 0 to 1
start transfer from 0 to 1
end transfer from 0 to 1
start transfer from 0 to 1
end transfer from 0 to 1
start transfer from 0 to 1
start transfer from 1 to 0
end transfer from 0 to 1
start transfer from 0 to 1
end transfer from 0 to 1
end transfer from 1 to 0
start transfer from 0 to 1
start transfer from 1 to 0
end transfer from 0 to 1
end transfer from 1 to 0
start transfer from 0 to 1
start transfer from 1 to 0
end transfer from 0 to 1
end transfer from 1 to 0
start transfer from 0 to 1
start transfer from 1 to 0
end transfer from 0 to 1
end transfer from 1 to 0
start transfer from 0 to 1
start transfer from 1 to 0
end transfer from 0 to 1
end transfer from 1 to 0
start transfer from 0 to 1
start transfer from 1 to 0
end transfer from 0 to 1
start transfer from 0 to 1
end transfer from 0 to 1
start transfer from 0 to 1
end transfer from 0 to 1
start transfer from 0 to 1
end transfer from 0 to 1
start transfer from 0 to 1
end transfer from 0 to 1
start transfer from 0 to 1
end transfer from 0 to 1
start transfer from 0 to 1
end transfer from 0 to 1
start transfer from 0 to 1
end transfer from 0 to 1
start transfer from 0 to 1
end transfer from 0 to 1
start transfer from 0 to 1
end transfer from 0 to 1
start transfer from 0 to 1
end transfer from 0 to 1
start transfer from 0 to 1
end transfer from 1 to 0
end transfer from 0 to 1
start transfer from 0 to 1
end transfer from 0 to 1
start transfer from 1 to 0
start transfer from 0 to 1
end transfer from 1 to 0
end transfer from 0 to 1
start transfer from 1 to 0
start transfer from 0 to 1
end transfer from 1 to 0
end transfer from 0 to 1
start transfer from 1 to 0
start transfer from 0 to 1
end transfer from 1 to 0
end transfer from 0 to 1
start transfer from 1 to 0
start transfer from 0 to 1
end transfer from 1 to 0
end transfer from 0 to 1
start transfer from 1 to 0
start transfer from 0 to 1
end transfer from 1 to 0
end transfer from 0 to 1
start transfer from 1 to 0
start transfer from 0 to 1
end transfer from 0 to 1
end transfer from 1 to 0
start transfer from 0 to 1
end transfer from 0 to 1
start transfer from 0 to 1
start transfer from 1 to 0
end transfer from 1 to 0
end transfer from 0 to 1
start transfer from 1 to 0
start transfer from 0 to 1
end transfer from 0 to 1
start transfer from 0 to 1
end transfer from 0 to 1
start transfer from 0 to 1
end transfer from 0 to 1
end transfer from 1 to 0
start transfer from 0 to 1
start transfer from 1 to 0
end transfer from 0 to 1
end transfer from 1 to 0
start transfer from 0 to 1
start transfer from 1 to 0
end transfer from 0 to 1
end transfer from 1 to 0
start transfer from 0 to 1
start transfer from 1 to 0
end transfer from 0 to 1
end transfer from 1 to 0
start transfer from 0 to 1
start transfer from 1 to 0
end transfer from 0 to 1
end transfer from 1 to 0
start transfer from 0 to 1
start transfer from 1 to 0
end transfer from 0 to 1
start transfer from 0 to 1
end transfer from 1 to 0
end transfer from 0 to 1
start transfer from 1 to 0
start transfer from 0 to 1
end transfer from 0 to 1
start transfer from 0 to 1
end transfer from 1 to 0
end transfer from 0 to 1
start transfer from 0 to 1
end transfer from 0 to 1
start transfer from 0 to 1
end transfer from 0 to 1
start transfer from 0 to 1
end transfer from 0 to 1
start transfer from 0 to 1
end transfer from 0 to 1
start transfer from 0 to 1
end transfer from 0 to 1
start transfer from 0 to 1
end transfer from 0 to 1
start transfer from 0 to 1
start transfer from 1 to 0
end transfer from 0 to 1
end transfer from 1 to 0
start transfer from 0 to 1
start transfer from 1 to 0
end transfer from 1 to 0
end transfer from 0 to 1
start transfer from 1 to 0
start transfer from 0 to 1
end transfer from 1 to 0
end transfer from 0 to 1
start transfer from 1 to 0
end transfer from 1 to 0
start transfer from 0 to 1
start transfer from 1 to 0
end transfer from 0 to 1
end transfer from 1 to 0
start transfer from 0 to 1
start transfer from 1 to 0
end transfer from 0 to 1
end transfer from 1 to 0
start transfer from 0 to 1
end transfer from 0 to 1
start transfer from 1 to 0
start transfer from 0 to 1
end transfer from 1 to 0
end transfer from 0 to 1
start transfer from 1 to 0
start transfer from 0 to 1
end transfer from 1 to 0
start transfer from 1 to 0
end transfer from 0 to 1
end transfer from 1 to 0
start transfer from 0 to 1
start transfer from 1 to 0
end transfer from 0 to 1
end transfer from 1 to 0
start transfer from 0 to 1
start transfer from 1 to 0
end transfer from 0 to 1
end transfer from 1 to 0
start transfer from 0 to 1
start transfer from 1 to 0
end transfer from 0 to 1
end transfer from 1 to 0
start transfer from 0 to 1
start transfer from 1 to 0
end transfer from 1 to 0
end transfer from 0 to 1
start transfer from 1 to 0
start transfer from 0 to 1
end transfer from 1 to 0
end transfer from 0 to 1
start transfer from 1 to 0
start transfer from 0 to 1
end transfer from 1 to 0
end transfer from 0 to 1
start transfer from 1 to 0
start transfer from 0 to 1
end transfer from 1 to 0
end transfer from 0 to 1
start transfer from 1 to 0
start transfer from 0 to 1
end transfer from 1 to 0
end transfer from 0 to 1
start transfer from 1 to 0
start transfer from 0 to 1
end transfer from 1 to 0
end transfer from 0 to 1
start transfer from 1 to 0
start transfer from 0 to 1
end transfer from 1 to 0
end transfer from 0 to 1
start transfer from 1 to 0
start transfer from 0 to 1
end transfer from 1 to 0
end transfer from 0 to 1
start transfer from 1 to 0
end transfer from 1 to 0
start transfer from 0 to 1
start transfer from 1 to 0
end transfer from 0 to 1
end transfer from 1 to 0
start transfer from 0 to 1
start transfer from 1 to 0
end transfer from 0 to 1
end transfer from 1 to 0
start transfer from 0 to 1
start transfer from 1 to 0
end transfer from 0 to 1
start transfer from 0 to 1
end transfer from 0 to 1
start transfer from 0 to 1
end transfer from 0 to 1
end transfer from 1 to 0
start transfer from 0 to 1
end transfer from 0 to 1
start transfer from 0 to 1
start transfer from 1 to 0
end transfer from 1 to 0
start transfer from 1 to 0
end transfer from 1 to 0
start transfer from 1 to 0
end transfer from 1 to 0
end transfer from 0 to 1
start transfer from 1 to 0
end transfer from 1 to 0
start transfer from 1 to 0
end transfer from 1 to 0
start transfer from 1 to 0
end transfer from 1 to 0
start transfer from 0 to 1
start transfer from 1 to 0
end transfer from 1 to 0
start transfer from 1 to 0
end transfer from 1 to 0
start transfer from 1 to 0
end transfer from 1 to 0
end transfer from 0 to 1
start transfer from 1 to 0
start transfer from 0 to 1
end transfer from 0 to 1
start transfer from 0 to 1
end transfer from 0 to 1
start transfer from 0 to 1
end transfer from 0 to 1
start transfer from 0 to 1
end transfer from 0 to 1
start transfer from 0 to 1
end transfer from 0 to 1
start transfer from 0 to 1
end transfer from 0 to 1
end transfer from 1 to 0
start transfer from 0 to 1
end transfer from 0 to 1
start transfer from 0 to 1
end transfer from 0 to 1
start transfer from 0 to 1
end transfer from 0 to 1
start transfer from 0 to 1
end transfer from 0 to 1
start transfer from 0 to 1
end transfer from 0 to 1
start transfer from 0 to 1
end transfer from 0 to 1
start transfer from 0 to 1
end transfer from 0 to 1
start transfer from 0 to 1
end transfer from 0 to 1
start transfer from 0 to 1
end transfer from 0 to 1
start transfer from 0 to 1
end transfer from 0 to 1
start transfer from 0 to 1
end transfer from 0 to 1
start transfer from 0 to 1
start transfer from 1 to 0
end transfer from 0 to 1
start transfer from 0 to 1
end transfer from 0 to 1
start transfer from 0 to 1
end transfer from 0 to 1
start transfer from 0 to 1
end transfer from 0 to 1
start transfer from 0 to 1
end transfer from 0 to 1
start transfer from 0 to 1
end transfer from 0 to 1
start transfer from 0 to 1
end transfer from 0 to 1
start transfer from 0 to 1
end transfer from 0 to 1
start transfer from 0 to 1
end transfer from 0 to 1
start transfer from 0 to 1
end transfer from 0 to 1
start transfer from 0 to 1
end transfer from 0 to 1
start transfer from 0 to 1
end transfer from 0 to 1
end transfer from 1 to 0
start transfer from 0 to 1
start transfer from 1 to 0
end transfer from 0 to 1
start transfer from 0 to 1
end transfer from 1 to 0
end transfer from 0 to 1
start transfer from 0 to 1
start transfer from 1 to 0
end transfer from 1 to 0
end transfer from 0 to 1
start transfer from 1 to 0
start transfer from 0 to 1
end transfer from 1 to 0
end transfer from 0 to 1
start transfer from 0 to 1
start transfer from 1 to 0
end transfer from 0 to 1
start transfer from 0 to 1
end transfer from 1 to 0
end transfer from 0 to 1
start transfer from 1 to 0
start transfer from 0 to 1
end transfer from 1 to 0
end transfer from 0 to 1
start transfer from 1 to 0
start transfer from 0 to 1
end transfer from 1 to 0
end transfer from 0 to 1
start transfer from 1 to 0
start transfer from 0 to 1
end transfer from 1 to 0
start transfer from 1 to 0
end transfer from 1 to 0
end transfer from 0 to 1
start transfer from 1 to 0
start transfer from 0 to 1
end transfer from 1 to 0
start transfer from 1 to 0
end transfer from 0 to 1
start transfer from 0 to 1
end transfer from 1 to 0
end transfer from 0 to 1
start transfer from 1 to 0
end transfer from 1 to 0
start transfer from 0 to 1
end transfer from 0 to 1
start transfer from 1 to 0
start transfer from 0 to 1
end transfer from 1 to 0
end transfer from 0 to 1
start transfer from 1 to 0
start transfer from 0 to 1
end transfer from 1 to 0
end transfer from 0 to 1
start transfer from 1 to 0
start transfer from 0 to 1
end transfer from 1 to 0
end transfer from 0 to 1
start transfer from 1 to 0
start transfer from 0 to 1
end transfer from 1 to 0
end transfer from 0 to 1
start transfer from 1 to 0
start transfer from 0 to 1
end transfer from 1 to 0
end transfer from 0 to 1
start transfer from 1 to 0
start transfer from 0 to 1
end transfer from 1 to 0
end transfer from 0 to 1
start transfer from 1 to 0
start transfer from 0 to 1
end transfer from 0 to 1
end transfer from 1 to 0
start transfer from 0 to 1
end transfer from 0 to 1
start transfer from 1 to 0
start transfer from 0 to 1
end transfer from 1 to 0
end transfer from 0 to 1
start transfer from 1 to 0
end transfer from 1 to 0
start transfer from 0 to 1
end transfer from 0 to 1
start transfer from 1 to 0
start transfer from 0 to 1
end transfer from 1 to 0
end transfer from 0 to 1
start transfer from 1 to 0
start transfer from 0 to 1
end transfer from 1 to 0
end transfer from 0 to 1
start transfer from 1 to 0
start transfer from 0 to 1
end transfer from 1 to 0
end transfer from 0 to 1
start transfer from 1 to 0
start transfer from 0 to 1
end transfer from 0 to 1
end transfer from 1 to 0
start transfer from 0 to 1
start transfer from 1 to 0
end transfer from 0 to 1
start transfer from 0 to 1
end transfer from 1 to 0
end transfer from 0 to 1
start transfer from 1 to 0
end transfer from 1 to 0
start transfer from 0 to 1
start transfer from 1 to 0
end transfer from 0 to 1
end transfer from 1 to 0
start transfer from 0 to 1
start transfer from 1 to 0
end transfer from 0 to 1
end transfer from 1 to 0
start transfer from 0 to 1
end transfer from 0 to 1
start transfer from 0 to 1
start transfer from 1 to 0
end transfer from 0 to 1
end transfer from 1 to 0
start transfer from 0 to 1
start transfer from 1 to 0
end transfer from 0 to 1
end transfer from 1 to 0
start transfer from 0 to 1
end transfer from 0 to 1
start transfer from 0 to 1
end transfer from 0 to 1
start transfer from 1 to 0
start transfer from 0 to 1
end transfer from 0 to 1
start transfer from 0 to 1
end transfer from 0 to 1
end transfer from 1 to 0
start transfer from 0 to 1
start transfer from 1 to 0
end transfer from 0 to 1
end transfer from 1 to 0
start transfer from 1 to 0
end transfer from 1 to 0
start transfer from 0 to 1
start transfer from 1 to 0
end transfer from 0 to 1
end transfer from 1 to 0
start transfer from 1 to 0
end transfer from 1 to 0
start transfer from 0 to 1
start transfer from 1 to 0
end transfer from 0 to 1
end transfer from 1 to 0
start transfer from 0 to 1
start transfer from 1 to 0
end transfer from 1 to 0
end transfer from 0 to 1
start transfer from 1 to 0
start transfer from 0 to 1
end transfer from 1 to 0
end transfer from 0 to 1
start transfer from 1 to 0
start transfer from 0 to 1
end transfer from 1 to 0
end transfer from 0 to 1
start transfer from 1 to 0
start transfer from 0 to 1
end transfer from 0 to 1
end transfer from 1 to 0
start transfer from 0 to 1
end transfer from 0 to 1
start transfer from 1 to 0
start transfer from 0 to 1
end transfer from 1 to 0
end transfer from 0 to 1
start transfer from 1 to 0
start transfer from 0 to 1
end transfer from 1 to 0
end transfer from 0 to 1
start transfer from 1 to 0
end transfer from 1 to 0
start transfer from 0 to 1
end transfer from 0 to 1
start transfer from 1 to 0
end transfer from 1 to 0
start transfer from 0 to 1
start transfer from 1 to 0
end transfer from 0 to 1
end transfer from 1 to 0
start transfer from 0 to 1
start transfer from 1 to 0
end transfer from 0 to 1
end transfer from 1 to 0
start transfer from 0 to 1
end transfer from 0 to 1
start transfer from 1 to 0
start transfer from 0 to 1
end transfer from 1 to 0
end transfer from 0 to 1
start transfer from 1 to 0
start transfer from 0 to 1
end transfer from 1 to 0
end transfer from 0 to 1
start transfer from 1 to 0
end transfer from 1 to 0
start transfer from 0 to 1
end transfer from 0 to 1
start transfer from 1 to 0
end transfer from 1 to 0
start transfer from 0 to 1
start transfer from 1 to 0
end transfer from 0 to 1
end transfer from 1 to 0
start transfer from 1 to 0
start transfer from 0 to 1
end transfer from 1 to 0
end transfer from 0 to 1
start transfer from 1 to 0
start transfer from 0 to 1
end transfer from 1 to 0
end transfer from 0 to 1
start transfer from 1 to 0
start transfer from 0 to 1
end transfer from 0 to 1
end transfer from 1 to 0
start transfer from 0 to 1
start transfer from 1 to 0
end transfer from 0 to 1
end transfer from 1 to 0
start transfer from 1 to 0
start transfer from 0 to 1
end transfer from 1 to 0
end transfer from 0 to 1
start transfer from 1 to 0
start transfer from 0 to 1
end transfer from 1 to 0
start transfer from 1 to 0
end transfer from 0 to 1
start transfer from 0 to 1
end transfer from 1 to 0
end transfer from 0 to 1
start transfer from 1 to 0
end transfer from 1 to 0
start transfer from 0 to 1
start transfer from 1 to 0
end transfer from 0 to 1
end transfer from 1 to 0
start transfer from 0 to 1
end transfer from 0 to 1
start transfer from 1 to 0
end transfer from 1 to 0
start transfer from 0 to 1
start transfer from 1 to 0
end transfer from 0 to 1
start transfer from 0 to 1
end transfer from 1 to 0
start transfer from 1 to 0
end transfer from 0 to 1
start transfer from 0 to 1
end transfer from 1 to 0
start transfer from 1 to 0
end transfer from 0 to 1
end transfer from 1 to 0
start transfer from 0 to 1
start transfer from 1 to 0
end transfer from 0 to 1
end transfer from 1 to 0
start transfer from 0 to 1
start transfer from 1 to 0
end transfer from 0 to 1
start transfer from 0 to 1
end transfer from 1 to 0
end transfer from 0 to 1
start transfer from 1 to 0
end transfer from 1 to 0
start transfer from 0 to 1
start transfer from 1 to 0
end transfer from 0 to 1
start transfer from 0 to 1
end transfer from 1 to 0
start transfer from 1 to 0
end transfer from 0 to 1
start transfer from 0 to 1
end transfer from 1 to 0
start transfer from 1 to 0
end transfer from 0 to 1
start transfer from 0 to 1
end transfer from 1 to 0
end transfer from 0 to 1
start transfer from 1 to 0
start transfer from 0 to 1
end transfer from 1 to 0
start transfer from 1 to 0
end transfer from 0 to 1
end transfer from 1 to 0
start transfer from 0 to 1
start transfer from 1 to 0
end transfer from 0 to 1
end transfer from 1 to 0
start transfer from 0 to 1
end transfer from 0 to 1
start transfer from 1 to 0
end transfer from 1 to 0
start transfer from 0 to 1
end transfer from 0 to 1
start transfer from 1 to 0
start transfer from 0 to 1
end transfer from 1 to 0
start transfer from 1 to 0
end transfer from 0 to 1
start transfer from 0 to 1
end transfer from 1 to 0
end transfer from 0 to 1
start transfer from 1 to 0
start transfer from 0 to 1
end transfer from 1 to 0
end transfer from 0 to 1
start transfer from 1 to 0
start transfer from 0 to 1
end transfer from 1 to 0
end transfer from 0 to 1
start transfer from 1 to 0
start transfer from 0 to 1
end transfer from 1 to 0
end transfer from 0 to 1
start transfer from 0 to 1
start transfer from 1 to 0
end transfer from 1 to 0
end transfer from 0 to 1
start transfer from 0 to 1
start transfer from 1 to 0
end transfer from 0 to 1
end transfer from 1 to 0
start transfer from 0 to 1
start transfer from 1 to 0
end transfer from 0 to 1
end transfer from 1 to 0
start transfer from 1 to 0
start transfer from 0 to 1
end transfer from 0 to 1
end transfer from 1 to 0
start transfer from 1 to 0
start transfer from 0 to 1
end transfer from 0 to 1
end transfer from 1 to 0
start transfer from 0 to 1
start transfer from 1 to 0
end transfer from 0 to 1
end transfer from 1 to 0
start transfer from 0 to 1
start transfer from 1 to 0
end transfer from 0 to 1
end transfer from 1 to 0
start transfer from 1 to 0
start transfer from 0 to 1
end transfer from 1 to 0
start transfer from 1 to 0
end transfer from 0 to 1
start transfer from 0 to 1
end transfer from 1 to 0
end transfer from 0 to 1
start transfer from 0 to 1
start transfer from 1 to 0
end transfer from 0 to 1
end transfer from 1 to 0
start transfer from 1 to 0
start transfer from 0 to 1
end transfer from 0 to 1
end transfer from 1 to 0
start transfer from 1 to 0
start transfer from 0 to 1
end transfer from 1 to 0
end transfer from 0 to 1
start transfer from 1 to 0
start transfer from 0 to 1
end transfer from 0 to 1
end transfer from 1 to 0
start transfer from 0 to 1
start transfer from 1 to 0
end transfer from 0 to 1
end transfer from 1 to 0
start transfer from 0 to 1
start transfer from 1 to 0
end transfer from 1 to 0
end transfer from 0 to 1
start transfer from 0 to 1
start transfer from 1 to 0
end transfer from 0 to 1
end transfer from 1 to 0
start transfer from 0 to 1
start transfer from 1 to 0
end transfer from 0 to 1
end transfer from 1 to 0
start transfer from 1 to 0
end transfer from 1 to 0
start transfer from 1 to 0
end transfer from 1 to 0
start transfer from 0 to 1
start transfer from 1 to 0
end transfer from 0 to 1
end transfer from 1 to 0
start transfer from 0 to 1
start transfer from 1 to 0
end transfer from 0 to 1
end transfer from 1 to 0
start transfer from 0 to 1
start transfer from 1 to 0
end transfer from 0 to 1
end transfer from 1 to 0
start transfer from 0 to 1
start transfer from 1 to 0
end transfer from 0 to 1
end transfer from 1 to 0
start transfer from 0 to 1
start transfer from 1 to 0
end transfer from 0 to 1
end transfer from 1 to 0
start transfer from 0 to 1
start transfer from 1 to 0
end transfer from 0 to 1
end transfer from 1 to 0
start transfer from 0 to 1
start transfer from 1 to 0
end transfer from 0 to 1
start transfer from 0 to 1
end transfer from 1 to 0
end transfer from 0 to 1
start transfer from 1 to 0
start transfer from 0 to 1
end transfer from 1 to 0
end transfer from 0 to 1
start transfer from 1 to 0
start transfer from 0 to 1
end transfer from 1 to 0
end transfer from 0 to 1
start transfer from 1 to 0
start transfer from 0 to 1
end transfer from 1 to 0
end transfer from 0 to 1
start transfer from 1 to 0
start transfer from 0 to 1
end transfer from 1 to 0
end transfer from 0 to 1
start transfer from 1 to 0
start transfer from 0 to 1
end transfer from 1 to 0
end transfer from 0 to 1
start transfer from 1 to 0
start transfer from 0 to 1
end transfer from 1 to 0
end transfer from 0 to 1
start transfer from 1 to 0
start transfer from 0 to 1
end transfer from 1 to 0
end transfer from 0 to 1
start transfer from 1 to 0
start transfer from 0 to 1
end transfer from 1 to 0
end transfer from 0 to 1
start transfer from 1 to 0
start transfer from 0 to 1
end transfer from 0 to 1
end transfer from 1 to 0
start transfer from 0 to 1
start transfer from 1 to 0
end transfer from 0 to 1
end transfer from 1 to 0
start transfer from 0 to 1
start transfer from 1 to 0
end transfer from 0 to 1
end transfer from 1 to 0
start transfer from 0 to 1
start transfer from 1 to 0
end transfer from 0 to 1
start transfer from 0 to 1
end transfer from 1 to 0
end transfer from 0 to 1
start transfer from 1 to 0
start transfer from 0 to 1
end transfer from 1 to 0
end transfer from 0 to 1
start transfer from 1 to 0
start transfer from 0 to 1
end transfer from 1 to 0
end transfer from 0 to 1
start transfer from 1 to 0
start transfer from 0 to 1
end transfer from 0 to 1
end transfer from 1 to 0
start transfer from 0 to 1
start transfer from 1 to 0
end transfer from 0 to 1
end transfer from 1 to 0
start transfer from 1 to 0
start transfer from 0 to 1
end transfer from 1 to 0
start transfer from 1 to 0
end transfer from 1 to 0
end transfer from 0 to 1
start transfer from 1 to 0
end transfer from 1 to 0
start transfer from 1 to 0
start transfer from 0 to 1
end transfer from 1 to 0
start transfer from 1 to 0
end transfer from 0 to 1
end transfer from 1 to 0
start transfer from 1 to 0
start transfer from 0 to 1
end transfer from 1 to 0
end transfer from 0 to 1
start transfer from 1 to 0
end transfer from 1 to 0
start transfer from 0 to 1
start transfer from 1 to 0
end transfer from 1 to 0
end transfer from 0 to 1
start transfer from 1 to 0
end transfer from 1 to 0
start transfer from 0 to 1
start transfer from 1 to 0
end transfer from 0 to 1
end transfer from 1 to 0
start transfer from 1 to 0
end transfer from 1 to 0
start transfer from 0 to 1
start transfer from 1 to 0
end transfer from 1 to 0
end transfer from 0 to 1
start transfer from 1 to 0
end transfer from 1 to 0
start transfer from 1 to 0
start transfer from 0 to 1
end transfer from 1 to 0
start transfer from 1 to 0
end transfer from 0 to 1
end transfer from 1 to 0
start transfer from 1 to 0
end transfer from 1 to 0
start transfer from 0 to 1
start transfer from 1 to 0
end transfer from 1 to 0
end transfer from 0 to 1
start transfer from 1 to 0
end transfer from 1 to 0
start transfer from 0 to 1
start transfer from 1 to 0
end transfer from 1 to 0
start transfer from 1 to 0
end transfer from 0 to 1
end transfer from 1 to 0
start transfer from 0 to 1
start transfer from 1 to 0
end transfer from 1 to 0
end transfer from 0 to 1
start transfer from 1 to 0
start transfer from 0 to 1
end transfer from 1 to 0
start transfer from 1 to 0
end transfer from 0 to 1
end transfer from 1 to 0
start transfer from 0 to 1
start transfer from 1 to 0
end transfer from 0 to 1
end transfer from 1 to 0
start transfer from 0 to 1
start transfer from 1 to 0
end transfer from 0 to 1
end transfer from 1 to 0
start transfer from 1 to 0
start transfer from 0 to 1
end transfer from 1 to 0
start transfer from 1 to 0
end transfer from 0 to 1
end transfer from 1 to 0
start transfer from 1 to 0
end transfer from 1 to 0
start transfer from 0 to 1
start transfer from 1 to 0
end transfer from 1 to 0
end transfer from 0 to 1
start transfer from 1 to 0
end transfer from 1 to 0
start transfer from 0 to 1
start transfer from 1 to 0
end transfer from 0 to 1
end transfer from 1 to 0
start transfer from 0 to 1
start transfer from 1 to 0
end transfer from 0 to 1
end transfer from 1 to 0
start transfer from 0 to 1
start transfer from 1 to 0
end transfer from 1 to 0
end transfer from 0 to 1
start transfer from 1 to 0
start transfer from 0 to 1
end transfer from 1 to 0
end transfer from 0 to 1
start transfer from 0 to 1
start transfer from 1 to 0
end transfer from 0 to 1
start transfer from 0 to 1
end transfer from 1 to 0
end transfer from 0 to 1
start transfer from 0 to 1
start transfer from 1 to 0
end transfer from 0 to 1
end transfer from 1 to 0
start transfer from 0 to 1
start transfer from 1 to 0
end transfer from 0 to 1
end transfer from 1 to 0
start transfer from 0 to 1
end transfer from 0 to 1
start transfer from 1 to 0
start transfer from 0 to 1
end transfer from 1 to 0
end transfer from 0 to 1
start transfer from 0 to 1
start transfer from 1 to 0
end transfer from 0 to 1
end transfer from 1 to 0
start transfer from 1 to 0
start transfer from 0 to 1
end transfer from 1 to 0
end transfer from 0 to 1
start transfer from 1 to 0
end transfer from 1 to 0
start transfer from 0 to 1
start transfer from 1 to 0
end transfer from 0 to 1
end transfer from 1 to 0
start transfer from 0 to 1
start transfer from 1 to 0
end transfer from 0 to 1
end transfer from 1 to 0
start transfer from 1 to 0
end transfer from 1 to 0
start transfer from 0 to 1
start transfer from 1 to 0
end transfer from 1 to 0
end transfer from 0 to 1
start transfer from 1 to 0
start transfer from 0 to 1
end transfer from 1 to 0
start transfer from 1 to 0
end transfer from 0 to 1
end transfer from 1 to 0
start transfer from 1 to 0
start transfer from 0 to 1
end transfer from 1 to 0
start transfer from 1 to 0
end transfer from 0 to 1
end transfer from 1 to 0
start transfer from 0 to 1
start transfer from 1 to 0
end transfer from 0 to 1
end transfer from 1 to 0
start transfer from 1 to 0
start transfer from 0 to 1
end transfer from 1 to 0
start transfer from 1 to 0
end transfer from 0 to 1
end transfer from 1 to 0
start transfer from 0 to 1
start transfer from 1 to 0
end transfer from 0 to 1
end transfer from 1 to 0
start transfer from 1 to 0
start transfer from 0 to 1
end transfer from 1 to 0
start transfer from 1 to 0
end transfer from 0 to 1
end transfer from 1 to 0
start transfer from 0 to 1
start transfer from 1 to 0
end transfer from 1 to 0
end transfer from 0 to 1
start transfer from 1 to 0
end transfer from 1 to 0
start transfer from 0 to 1
start transfer from 1 to 0
end transfer from 1 to 0
end transfer from 0 to 1
start transfer from 1 to 0
start transfer from 0 to 1
end transfer from 1 to 0
start transfer from 1 to 0
end transfer from 0 to 1
end transfer from 1 to 0
start transfer from 1 to 0
start transfer from 0 to 1
end transfer from 1 to 0
start transfer from 1 to 0
end transfer from 0 to 1
end transfer from 1 to 0
start transfer from 1 to 0
start transfer from 0 to 1
end transfer from 1 to 0
start transfer from 1 to 0
end transfer from 0 to 1
end transfer from 1 to 0
start transfer from 1 to 0
start transfer from 0 to 1
end transfer from 1 to 0
end transfer from 0 to 1
start transfer from 1 to 0
end transfer from 1 to 0
start transfer from 0 to 1
start transfer from 1 to 0
end transfer from 1 to 0
end transfer from 0 to 1
start transfer from 1 to 0
end transfer from 1 to 0
start transfer from 0 to 1
start transfer from 1 to 0
end transfer from 0 to 1
end transfer from 1 to 0
start transfer from 1 to 0
start transfer from 0 to 1
end transfer from 1 to 0
start transfer from 1 to 0
end transfer from 0 to 1
end transfer from 1 to 0
start transfer from 1 to 0
start transfer from 0 to 1
end transfer from 1 to 0
end transfer from 0 to 1
start transfer from 1 to 0
end transfer from 1 to 0
start transfer from 0 to 1
start transfer from 1 to 0
end transfer from 1 to 0
end transfer from 0 to 1
start transfer from 1 to 0
start transfer from 0 to 1
end transfer from 1 to 0
start transfer from 1 to 0
end transfer from 0 to 1
end transfer from 1 to 0
start transfer from 1 to 0
start transfer from 0 to 1
end transfer from 1 to 0
end transfer from 0 to 1
start transfer from 1 to 0
start transfer from 0 to 1
end transfer from 1 to 0
start transfer from 1 to 0
end transfer from 1 to 0
end transfer from 0 to 1
start transfer from 1 to 0
end transfer from 1 to 0
start transfer from 0 to 1
start transfer from 1 to 0
end transfer from 1 to 0
end transfer from 0 to 1
start transfer from 1 to 0
end transfer from 1 to 0
start transfer from 0 to 1
start transfer from 1 to 0
end transfer from 0 to 1
end transfer from 1 to 0
start transfer from 0 to 1
start transfer from 1 to 0
end transfer from 0 to 1
end transfer from 1 to 0
start transfer from 0 to 1
start transfer from 1 to 0
end transfer from 1 to 0
start transfer from 1 to 0
end transfer from 0 to 1
end transfer from 1 to 0
start transfer from 1 to 0
start transfer from 0 to 1
end transfer from 1 to 0
end transfer from 0 to 1
start transfer from 1 to 0
start transfer from 0 to 1
end transfer from 1 to 0
start transfer from 1 to 0
end transfer from 1 to 0
start transfer from 1 to 0
end transfer from 1 to 0
start transfer from 1 to 0
end transfer from 1 to 0
start transfer from 1 to 0
end transfer from 0 to 1
end transfer from 1 to 0
start transfer from 1 to 0
start transfer from 0 to 1
end transfer from 1 to 0
end transfer from 0 to 1
start transfer from 1 to 0
end transfer from 1 to 0
start transfer from 1 to 0
end transfer from 1 to 0
start transfer from 1 to 0
end transfer from 1 to 0
start transfer from 1 to 0
start transfer from 0 to 1
end transfer from 1 to 0
end transfer from 0 to 1
start transfer from 1 to 0
end transfer from 1 to 0
start transfer from 0 to 1
start transfer from 1 to 0
end transfer from 1 to 0
start transfer from 1 to 0
end transfer from 1 to 0
start transfer from 1 to 0
end transfer from 1 to 0
start transfer from 1 to 0
end transfer from 0 to 1
end transfer from 1 to 0
start transfer from 1 to 0
end transfer from 1 to 0
start transfer from 1 to 0
end transfer from 1 to 0
start transfer from 1 to 0
end transfer from 1 to 0
start transfer from 1 to 0
end transfer from 1 to 0
start transfer from 0 to 1
start transfer from 1 to 0
end transfer from 0 to 1
end transfer from 1 to 0
start transfer from 0 to 1
start transfer from 1 to 0
end transfer from 1 to 0
end transfer from 0 to 1
start transfer from 1 to 0
start transfer from 0 to 1
end transfer from 1 to 0
end transfer from 0 to 1
start transfer from 1 to 0
end transfer from 1 to 0
start transfer from 0 to 1
start transfer from 1 to 0
end transfer from 1 to 0
end transfer from 0 to 1
start transfer from 1 to 0
start transfer from 0 to 1
end transfer from 1 to 0
end transfer from 0 to 1
start transfer from 1 to 0
start transfer from 0 to 1
end transfer from 1 to 0
end transfer from 0 to 1
start transfer from 1 to 0
start transfer from 0 to 1
end transfer from 1 to 0
end transfer from 0 to 1
start transfer from 1 to 0
start transfer from 0 to 1
end transfer from 1 to 0
end transfer from 0 to 1
start transfer from 1 to 0
start transfer from 0 to 1
end transfer from 1 to 0
start transfer from 1 to 0
end transfer from 0 to 1
end transfer from 1 to 0
start transfer from 0 to 1
start transfer from 1 to 0
end transfer from 0 to 1
end transfer from 1 to 0
start transfer from 0 to 1
start transfer from 1 to 0
end transfer from 0 to 1
end transfer from 1 to 0
start transfer from 0 to 1
start transfer from 1 to 0
end transfer from 0 to 1
end transfer from 1 to 0
start transfer from 0 to 1
start transfer from 1 to 0
end transfer from 0 to 1
end transfer from 1 to 0
start transfer from 0 to 1
start transfer from 1 to 0
end transfer from 0 to 1
end transfer from 1 to 0
start transfer from 0 to 1
start transfer from 1 to 0
end transfer from 0 to 1
end transfer from 1 to 0
start transfer from 0 to 1
start transfer from 1 to 0
end transfer from 0 to 1
end transfer from 1 to 0
start transfer from 0 to 1
start transfer from 1 to 0
end transfer from 0 to 1
end transfer from 1 to 0
start transfer from 0 to 1
start transfer from 1 to 0
end transfer from 1 to 0
end transfer from 0 to 1
start transfer from 1 to 0
start transfer from 0 to 1
end transfer from 1 to 0
end transfer from 0 to 1
start transfer from 1 to 0
start transfer from 0 to 1
end transfer from 1 to 0
end transfer from 0 to 1
start transfer from 1 to 0
end transfer from 1 to 0
start transfer from 1 to 0
end transfer from 1 to 0
start transfer from 0 to 1
start transfer from 1 to 0
end transfer from 1 to 0
end transfer from 0 to 1
start transfer from 1 to 0
start transfer from 0 to 1
end transfer from 1 to 0
end transfer from 0 to 1
start transfer from 1 to 0
start transfer from 0 to 1
end transfer from 1 to 0
end transfer from 0 to 1
start transfer from 1 to 0
start transfer from 0 to 1
end transfer from 1 to 0
end transfer from 0 to 1
start transfer from 1 to 0
start transfer from 0 to 1
end transfer from 1 to 0
start transfer from 1 to 0
end transfer from 0 to 1
end transfer from 1 to 0
start transfer from 0 to 1
start transfer from 1 to 0
end transfer from 0 to 1
end transfer from 1 to 0
start transfer from 0 to 1
start transfer from 1 to 0
end transfer from 0 to 1
end transfer from 1 to 0
start transfer from 0 to 1
start transfer from 1 to 0
end transfer from 0 to 1
end transfer from 1 to 0
start transfer from 0 to 1
start transfer from 1 to 0
end transfer from 0 to 1
end transfer from 1 to 0
start transfer from 1 to 0
end transfer from 1 to 0
start transfer from 1 to 0
end transfer from 1 to 0
start transfer from 1 to 0
end transfer from 1 to 0
start transfer from 0 to 1
start transfer from 1 to 0
end transfer from 1 to 0
start transfer from 1 to 0
end transfer from 1 to 0
start transfer from 1 to 0
end transfer from 1 to 0
start transfer from 1 to 0
end transfer from 1 to 0
start transfer from 1 to 0
end transfer from 0 to 1
end transfer from 1 to 0
start transfer from 1 to 0
end transfer from 1 to 0
start transfer from 1 to 0
end transfer from 1 to 0
start transfer from 0 to 1
start transfer from 1 to 0
end transfer from 1 to 0
start transfer from 1 to 0
end transfer from 1 to 0
start transfer from 1 to 0
end transfer from 1 to 0
start transfer from 1 to 0
end transfer from 0 to 1
end transfer from 1 to 0
start transfer from 1 to 0
start transfer from 0 to 1
end transfer from 1 to 0
end transfer from 0 to 1
start transfer from 1 to 0
start transfer from 0 to 1
end transfer from 0 to 1
end transfer from 1 to 0
start transfer from 0 to 1
start transfer from 1 to 0
end transfer from 0 to 1
end transfer from 1 to 0
start transfer from 1 to 0
start transfer from 0 to 1
end transfer from 1 to 0
end transfer from 0 to 1
start transfer from 1 to 0
end transfer from 1 to 0
start transfer from 0 to 1
start transfer from 1 to 0
end transfer from 0 to 1
end transfer from 1 to 0
start transfer from 0 to 1
start transfer from 1 to 0
end transfer from 0 to 1
end transfer from 1 to 0
start transfer from 1 to 0
start transfer from 0 to 1
end transfer from 1 to 0
end transfer from 0 to 1
start transfer from 1 to 0
start transfer from 0 to 1
end transfer from 1 to 0
start transfer from 1 to 0
end transfer from 0 to 1
end transfer from 1 to 0
start transfer from 0 to 1
start transfer from 1 to 0
end transfer from 0 to 1
end transfer from 1 to 0
start transfer from 0 to 1
start transfer from 1 to 0
end transfer from 0 to 1
end transfer from 1 to 0
start transfer from 1 to 0
start transfer from 0 to 1
end transfer from 1 to 0
end transfer from 0 to 1
start transfer from 1 to 0
start transfer from 0 to 1
end transfer from 1 to 0
start transfer from 1 to 0
end transfer from 0 to 1
end transfer from 1 to 0
start transfer from 0 to 1
start transfer from 1 to 0
end transfer from 0 to 1
end transfer from 1 to 0
start transfer from 0 to 1
start transfer from 1 to 0
end transfer from 1 to 0
end transfer from 0 to 1
start transfer from 1 to 0
start transfer from 0 to 1
end transfer from 1 to 0
end transfer from 0 to 1
start transfer from 1 to 0
start transfer from 0 to 1
end transfer from 1 to 0
end transfer from 0 to 1
start transfer from 0 to 1
end transfer from 0 to 1
start transfer from 0 to 1
end transfer from 0 to 1
start transfer from 0 to 1
end transfer from 0 to 1
start transfer from 0 to 1
end transfer from 0 to 1
start transfer from 0 to 1
end transfer from 0 to 1
start transfer from 0 to 1
end transfer from 0 to 1
start transfer from 0 to 1
end transfer from 0 to 1
start transfer from 0 to 1
end transfer from 0 to 1
start transfer from 0 to 1
end transfer from 0 to 1
start transfer from 0 to 1
end transfer from 0 to 1
start transfer from 0 to 1
end transfer from 0 to 1
start transfer from 1 to 0
start transfer from 0 to 1
end transfer from 1 to 0
end transfer from 0 to 1
start transfer from 1 to 0
start transfer from 0 to 1
end transfer from 1 to 0
end transfer from 0 to 1
start transfer from 1 to 0
start transfer from 0 to 1
end transfer from 1 to 0
end transfer from 0 to 1
start transfer from 1 to 0
start transfer from 0 to 1
end transfer from 1 to 0
end transfer from 0 to 1
start transfer from 0 to 1
start transfer from 1 to 0
end transfer from 0 to 1
end transfer from 1 to 0
start transfer from 0 to 1
start transfer from 1 to 0
end transfer from 1 to 0
end transfer from 0 to 1
start transfer from 1 to 0
end transfer from 1 to 0
start transfer from 0 to 1
start transfer from 1 to 0
end transfer from 1 to 0
start transfer from 1 to 0
end transfer from 0 to 1
end transfer from 1 to 0
start transfer from 1 to 0
start transfer from 0 to 1
end transfer from 1 to 0
start transfer from 1 to 0
end transfer from 1 to 0
end transfer from 0 to 1
start transfer from 1 to 0
end transfer from 1 to 0
start transfer from 1 to 0
start transfer from 0 to 1
end transfer from 1 to 0
start transfer from 1 to 0
end transfer from 1 to 0
end transfer from 0 to 1
start transfer from 1 to 0
end transfer from 1 to 0
start transfer from 1 to 0
start transfer from 0 to 1
end transfer from 1 to 0
start transfer from 1 to 0
end transfer from 1 to 0
end transfer from 0 to 1
start transfer from 1 to 0
end transfer from 1 to 0
start transfer from 0 to 1
start transfer from 1 to 0
end transfer from 1 to 0
start transfer from 1 to 0
end transfer from 0 to 1
end transfer from 1 to 0
start transfer from 1 to 0
start transfer from 0 to 1
end transfer from 1 to 0
start transfer from 1 to 0
end transfer from 1 to 0
end transfer from 0 to 1
start transfer from 1 to 0
end transfer from 1 to 0
start transfer from 1 to 0
start transfer from 0 to 1
end transfer from 1 to 0
start transfer from 1 to 0
end transfer from 0 to 1
end transfer from 1 to 0
start transfer from 1 to 0
end transfer from 1 to 0
start transfer from 0 to 1
start transfer from 1 to 0
end transfer from 1 to 0
end transfer from 0 to 1
start transfer from 1 to 0
end transfer from 1 to 0
start transfer from 0 to 1
end transfer from 0 to 1
start transfer from 0 to 1
end transfer from 0 to 1
start transfer from 0 to 1
end transfer from 0 to 1
start transfer from 0 to 1
end transfer from 0 to 1
start transfer from 0 to 1
end transfer from 0 to 1
start transfer from 0 to 1
end transfer from 0 to 1
start transfer from 0 to 1
end transfer from 0 to 1
start transfer from 0 to 1
end transfer from 0 to 1
start transfer from 0 to 1
end transfer from 0 to 1
start transfer from 0 to 1
end transfer from 0 to 1
start transfer from 0 to 1
end transfer from 0 to 1
start transfer from 0 to 1
end transfer from 0 to 1
start transfer from 0 to 1
end transfer from 0 to 1
start transfer from 0 to 1
end transfer from 0 to 1
start transfer from 0 to 1
end transfer from 0 to 1
start transfer from 0 to 1
end transfer from 0 to 1
start transfer from 0 to 1
end transfer from 0 to 1
start transfer from 0 to 1
end transfer from 0 to 1
start transfer from 0 to 1
end transfer from 0 to 1
start transfer from 0 to 1
end transfer from 0 to 1
start transfer from 0 to 1
end transfer from 0 to 1
start transfer from 0 to 1
end transfer from 0 to 1
start transfer from 0 to 1
end transfer from 0 to 1
start transfer from 1 to 0
start transfer from 0 to 1
end transfer from 0 to 1
start transfer from 0 to 1
end transfer from 0 to 1
start transfer from 0 to 1
end transfer from 0 to 1
start transfer from 0 to 1
end transfer from 0 to 1
start transfer from 0 to 1
end transfer from 0 to 1
start transfer from 0 to 1
end transfer from 0 to 1
start transfer from 0 to 1
end transfer from 0 to 1
start transfer from 0 to 1
end transfer from 1 to 0
end transfer from 0 to 1
start transfer from 1 to 0
start transfer from 0 to 1
end transfer from 1 to 0
end transfer from 0 to 1
start transfer from 0 to 1
start transfer from 1 to 0
end transfer from 0 to 1
end transfer from 1 to 0
start transfer from 0 to 1
start transfer from 1 to 0
end transfer from 0 to 1
end transfer from 1 to 0
start transfer from 0 to 1
start transfer from 1 to 0
end transfer from 0 to 1
end transfer from 1 to 0
start transfer from 0 to 1
end transfer from 0 to 1
start transfer from 1 to 0
start transfer from 0 to 1
end transfer from 1 to 0
end transfer from 0 to 1
start transfer from 1 to 0
start transfer from 0 to 1
end transfer from 1 to 0
end transfer from 0 to 1
start transfer from 1 to 0
start transfer from 0 to 1
end transfer from 0 to 1
end transfer from 1 to 0
start transfer from 0 to 1
start transfer from 1 to 0
end transfer from 0 to 1
start transfer from 0 to 1
end transfer from 0 to 1
end transfer from 1 to 0
start transfer from 0 to 1
start transfer from 1 to 0
end transfer from 0 to 1
end transfer from 1 to 0
start transfer from 0 to 1
end transfer from 0 to 1
start transfer from 1 to 0
start transfer from 0 to 1
end transfer from 1 to 0
end transfer from 0 to 1
start transfer from 1 to 0
start transfer from 0 to 1
end transfer from 1 to 0
end transfer from 0 to 1
start transfer from 1 to 0
end transfer from 1 to 0
start transfer from 1 to 0
end transfer from 1 to 0
start transfer from 0 to 1
start transfer from 1 to 0
end transfer from 0 to 1
end transfer from 1 to 0
start transfer from 0 to 1
start transfer from 1 to 0
end transfer from 0 to 1
end transfer from 1 to 0
start transfer from 0 to 1
end transfer from 0 to 1
start transfer from 1 to 0
start transfer from 0 to 1
end transfer from 1 to 0
end transfer from 0 to 1
start transfer from 1 to 0
start transfer from 0 to 1
end transfer from 1 to 0
start transfer from 1 to 0
end transfer from 1 to 0
start transfer from 1 to 0
end transfer from 1 to 0
start transfer from 1 to 0
end transfer from 1 to 0
start transfer from 1 to 0
end transfer from 1 to 0
start transfer from 1 to 0
end transfer from 1 to 0
end transfer from 0 to 1
start transfer from 1 to 0
start transfer from 0 to 1
end transfer from 0 to 1
start transfer from 0 to 1
end transfer from 0 to 1
start transfer from 0 to 1
end transfer from 0 to 1
start transfer from 0 to 1
end transfer from 0 to 1
end transfer from 1 to 0
start transfer from 0 to 1
start transfer from 1 to 0
end transfer from 1 to 0
end transfer from 0 to 1
start transfer from 1 to 0
start transfer from 0 to 1
end transfer from 0 to 1
end transfer from 1 to 0
start transfer from 0 to 1
end transfer from 0 to 1
start transfer from 0 to 1
start transfer from 1 to 0
end transfer from 0 to 1
end transfer from 1 to 0
start transfer from 0 to 1
start transfer from 1 to 0
end transfer from 0 to 1
end transfer from 1 to 0
start transfer from 0 to 1
start transfer from 1 to 0
end transfer from 0 to 1
end transfer from 1 to 0
start transfer from 0 to 1
start transfer from 1 to 0
end transfer from 0 to 1
end transfer from 1 to 0
start transfer from 0 to 1
start transfer from 1 to 0
end transfer from 0 to 1
end transfer from 1 to 0
start transfer from 0 to 1
start transfer from 1 to 0
end transfer from 1 to 0
end transfer from 0 to 1
start transfer from 1 to 0
start transfer from 0 to 1
end transfer from 1 to 0
end transfer from 0 to 1
start transfer from 1 to 0
start transfer from 0 to 1
end transfer from 1 to 0
end transfer from 0 to 1
start transfer from 1 to 0
start transfer from 0 to 1
end transfer from 1 to 0
start transfer from 1 to 0
end transfer from 1 to 0
end transfer from 0 to 1
start transfer from 1 to 0
end transfer from 1 to 0
start transfer from 1 to 0
start transfer from 0 to 1
end transfer from 1 to 0
start transfer from 1 to 0
end transfer from 1 to 0
end transfer from 0 to 1
start transfer from 1 to 0
end transfer from 1 to 0
start transfer from 0 to 1
start transfer from 1 to 0
end transfer from 1 to 0
start transfer from 1 to 0
end transfer from 0 to 1
end transfer from 1 to 0
start transfer from 0 to 1
start transfer from 1 to 0
end transfer from 1 to 0
start transfer from 1 to 0
end transfer from 1 to 0
start transfer from 1 to 0
end transfer from 0 to 1
end transfer from 1 to 0
start transfer from 1 to 0
end transfer from 1 to 0
start transfer from 1 to 0
end transfer from 1 to 0
start transfer from 1 to 0
end transfer from 1 to 0
start transfer from 0 to 1
start transfer from 1 to 0
end transfer from 1 to 0
start transfer from 1 to 0
end transfer from 0 to 1
end transfer from 1 to 0
start transfer from 0 to 1
start transfer from 1 to 0
end transfer from 0 to 1
end transfer from 1 to 0
start transfer from 0 to 1
start transfer from 1 to 0
end transfer from 0 to 1
start transfer from 0 to 1
end transfer from 1 to 0
end transfer from 0 to 1
start transfer from 1 to 0
end transfer from 1 to 0
start transfer from 0 to 1
end transfer from 0 to 1
start transfer from 1 to 0
start transfer from 0 to 1
end transfer from 1 to 0
start transfer from 1 to 0
end transfer from 0 to 1
end transfer from 1 to 0
start transfer from 0 to 1
start transfer from 1 to 0
end transfer from 0 to 1
start transfer from 0 to 1
end transfer from 1 to 0
start transfer from 1 to 0
end transfer from 0 to 1
end transfer from 1 to 0
start transfer from 0 to 1
start transfer from 1 to 0
end transfer from 0 to 1
end transfer from 1 to 0
start transfer from 0 to 1
start transfer from 1 to 0
end transfer from 0 to 1
end transfer from 1 to 0
start transfer from 1 to 0
start transfer from 0 to 1
end transfer from 1 to 0
end transfer from 0 to 1
start transfer from 1 to 0
start transfer from 0 to 1
end transfer from 0 to 1
end transfer from 1 to 0
start transfer from 1 to 0
start transfer from 0 to 1
end transfer from 1 to 0
end transfer from 0 to 1
start transfer from 0 to 1
start transfer from 1 to 0
end transfer from 1 to 0
end transfer from 0 to 1
start transfer from 0 to 1
start transfer from 1 to 0
end transfer from 1 to 0
end transfer from 0 to 1
start transfer from 0 to 1
start transfer from 1 to 0
end transfer from 1 to 0
end transfer from 0 to 1
start transfer from 1 to 0
end transfer from 1 to 0
start transfer from 0 to 1
start transfer from 1 to 0
end transfer from 0 to 1
end transfer from 1 to 0
start transfer from 0 to 1
end transfer from 0 to 1
start transfer from 0 to 1
start transfer from 1 to 0
end transfer from 0 to 1
end transfer from 1 to 0
start transfer from 0 to 1
start transfer from 1 to 0
end transfer from 0 to 1
end transfer from 1 to 0
start transfer from 0 to 1
start transfer from 1 to 0
end transfer from 0 to 1
end transfer from 1 to 0
start transfer from 0 to 1
start transfer from 1 to 0
end transfer from 0 to 1
end transfer from 1 to 0
start transfer from 1 to 0
end transfer from 1 to 0
start transfer from 0 to 1
start transfer from 1 to 0
end transfer from 0 to 1
end transfer from 1 to 0
start transfer from 1 to 0
start transfer from 0 to 1
end transfer from 1 to 0
start transfer from 1 to 0
end transfer from 0 to 1
end transfer from 1 to 0
start transfer from 0 to 1
start transfer from 1 to 0
end transfer from 0 to 1
end transfer from 1 to 0
start transfer from 0 to 1
start transfer from 1 to 0
end transfer from 0 to 1
end transfer from 1 to 0
start transfer from 0 to 1
start transfer from 1 to 0
end transfer from 1 to 0
end transfer from 0 to 1
start transfer from 1 to 0
start transfer from 0 to 1
end transfer from 1 to 0
end transfer from 0 to 1
start transfer from 1 to 0
start transfer from 0 to 1
end transfer from 1 to 0
end transfer from 0 to 1
start transfer from 1 to 0
start transfer from 0 to 1
end transfer from 1 to 0
end transfer from 0 to 1
start transfer from 1 to 0
start transfer from 0 to 1
end transfer from 1 to 0
end transfer from 0 to 1
start transfer from 1 to 0
start transfer from 0 to 1
end transfer from 1 to 0
end transfer from 0 to 1
start transfer from 1 to 0
start transfer from 0 to 1
end transfer from 1 to 0
end transfer from 0 to 1
start transfer from 1 to 0
start transfer from 0 to 1
end transfer from 1 to 0
end transfer from 0 to 1
start transfer from 1 to 0
start transfer from 0 to 1
end transfer from 0 to 1
end transfer from 1 to 0
start transfer from 0 to 1
start transfer from 1 to 0
end transfer from 0 to 1
end transfer from 1 to 0
start transfer from 0 to 1
start transfer from 1 to 0
end transfer from 0 to 1
end transfer from 1 to 0
start transfer from 0 to 1
start transfer from 1 to 0
end transfer from 1 to 0
start transfer from 1 to 0
end transfer from 0 to 1
end transfer from 1 to 0
start transfer from 1 to 0
start transfer from 0 to 1
end transfer from 0 to 1
end transfer from 1 to 0
start transfer from 0 to 1
end transfer from 0 to 1
start transfer from 1 to 0
end transfer from 1 to 0
start transfer from 0 to 1
end transfer from 0 to 1
start transfer from 0 to 1
start transfer from 1 to 0
end transfer from 0 to 1
start transfer from 0 to 1
end transfer from 1 to 0
end transfer from 0 to 1
start transfer from 1 to 0
start transfer from 0 to 1
end transfer from 0 to 1
end transfer from 1 to 0
start transfer from 0 to 1
start transfer from 1 to 0
end transfer from 0 to 1
end transfer from 1 to 0
start transfer from 0 to 1
end transfer from 0 to 1
start transfer from 0 to 1
start transfer from 1 to 0
end transfer from 0 to 1
start transfer from 0 to 1
end transfer from 1 to 0
end transfer from 0 to 1
start transfer from 1 to 0
start transfer from 0 to 1
end transfer from 0 to 1
end transfer from 1 to 0
start transfer from 0 to 1
end transfer from 0 to 1
start transfer from 1 to 0
start transfer from 0 to 1
end transfer from 1 to 0
start transfer from 1 to 0
end transfer from 0 to 1
end transfer from 1 to 0
start transfer from 0 to 1
start transfer from 1 to 0
end transfer from 0 to 1
end transfer from 1 to 0
start transfer from 0 to 1
start transfer from 1 to 0
end transfer from 0 to 1
end transfer from 1 to 0
start transfer from 0 to 1
start transfer from 1 to 0
end transfer from 1 to 0
start transfer from 1 to 0
end transfer from 0 to 1
end transfer from 1 to 0
start transfer from 1 to 0
end transfer from 1 to 0
start transfer from 0 to 1
start transfer from 1 to 0
end transfer from 0 to 1
end transfer from 1 to 0
start transfer from 1 to 0
start transfer from 0 to 1
end transfer from 1 to 0
end transfer from 0 to 1
start transfer from 1 to 0
end transfer from 1 to 0
start transfer from 0 to 1
start transfer from 1 to 0
end transfer from 1 to 0
end transfer from 0 to 1
start transfer from 1 to 0
start transfer from 0 to 1
end transfer from 1 to 0
end transfer from 0 to 1
start transfer from 1 to 0
end transfer from 1 to 0
start transfer from 0 to 1
start transfer from 1 to 0
end transfer from 0 to 1
end transfer from 1 to 0
start transfer from 0 to 1
start transfer from 1 to 0
end transfer from 0 to 1
end transfer from 1 to 0
start transfer from 0 to 1
start transfer from 1 to 0
end transfer from 1 to 0
end transfer from 0 to 1
start transfer from 1 to 0
start transfer from 0 to 1
end transfer from 1 to 0
start transfer from 1 to 0
end transfer from 0 to 1
end transfer from 1 to 0
start transfer from 1 to 0
start transfer from 0 to 1
end transfer from 0 to 1
end transfer from 1 to 0
start transfer from 1 to 0
end transfer from 1 to 0
start transfer from 0 to 1
start transfer from 1 to 0
end transfer from 1 to 0
end transfer from 0 to 1
start transfer from 1 to 0
end transfer from 1 to 0
start transfer from 0 to 1
start transfer from 1 to 0
end transfer from 0 to 1
end transfer from 1 to 0
start transfer from 0 to 1
start transfer from 1 to 0
end transfer from 0 to 1
end transfer from 1 to 0
start transfer from 0 to 1
start transfer from 1 to 0
end transfer from 1 to 0
end transfer from 0 to 1
start transfer from 1 to 0
start transfer from 0 to 1
end transfer from 1 to 0
end transfer from 0 to 1
start transfer from 1 to 0
start transfer from 0 to 1
end transfer from 1 to 0
end transfer from 0 to 1
start transfer from 1 to 0
start transfer from 0 to 1
end transfer from 1 to 0
end transfer from 0 to 1
start transfer from 0 to 1
start transfer from 1 to 0
end transfer from 0 to 1
end transfer from 1 to 0
start transfer from 0 to 1
start transfer from 1 to 0
end transfer from 0 to 1
start transfer from 0 to 1
end transfer from 1 to 0
end transfer from 0 to 1
start transfer from 0 to 1
start transfer from 1 to 0
end transfer from 0 to 1
end transfer from 1 to 0
start transfer from 0 to 1
end transfer from 0 to 1
start transfer from 0 to 1
start transfer from 1 to 0
end transfer from 0 to 1
end transfer from 1 to 0
start transfer from 0 to 1
end transfer from 0 to 1
start transfer from 1 to 0
start transfer from 0 to 1
end transfer from 1 to 0
end transfer from 0 to 1
start transfer from 0 to 1
start transfer from 1 to 0
end transfer from 0 to 1
start transfer from 0 to 1
end transfer from 1 to 0
end transfer from 0 to 1
start transfer from 0 to 1
start transfer from 1 to 0
end transfer from 0 to 1
end transfer from 1 to 0
start transfer from 0 to 1
start transfer from 1 to 0
end transfer from 0 to 1
start transfer from 0 to 1
end transfer from 1 to 0
end transfer from 0 to 1
start transfer from 0 to 1
start transfer from 1 to 0
end transfer from 0 to 1
end transfer from 1 to 0
start transfer from 0 to 1
start transfer from 1 to 0
end transfer from 0 to 1
start transfer from 0 to 1
end transfer from 1 to 0
end transfer from 0 to 1
start transfer from 1 to 0
start transfer from 0 to 1
end transfer from 0 to 1
end transfer from 1 to 0
start transfer from 0 to 1
end transfer from 0 to 1
start transfer from 1 to 0
start transfer from 0 to 1
end transfer from 1 to 0
end transfer from 0 to 1
start transfer from 0 to 1
start transfer from 1 to 0
end transfer from 0 to 1
start transfer from 0 to 1
end transfer from 1 to 0
end transfer from 0 to 1
start transfer from 1 to 0
start transfer from 0 to 1
end transfer from 0 to 1
end transfer from 1 to 0
start transfer from 0 to 1
end transfer from 0 to 1
start transfer from 1 to 0
start transfer from 0 to 1
end transfer from 1 to 0
end transfer from 0 to 1
start transfer from 0 to 1
start transfer from 1 to 0
end transfer from 0 to 1
start transfer from 0 to 1
end transfer from 1 to 0
end transfer from 0 to 1
start transfer from 0 to 1
start transfer from 1 to 0
end transfer from 0 to 1
end transfer from 1 to 0
start transfer from 0 to 1
end transfer from 0 to 1
start transfer from 1 to 0
start transfer from 0 to 1
end transfer from 1 to 0
end transfer from 0 to 1
start transfer from 0 to 1
start transfer from 1 to 0
end transfer from 0 to 1
end transfer from 1 to 0
start transfer from 0 to 1
end transfer from 0 to 1
start transfer from 1 to 0
start transfer from 0 to 1
end transfer from 1 to 0
end transfer from 0 to 1
start transfer from 1 to 0
start transfer from 0 to 1
end transfer from 1 to 0
end transfer from 0 to 1
start transfer from 0 to 1
start transfer from 1 to 0
end transfer from 0 to 1
start transfer from 0 to 1
end transfer from 1 to 0
end transfer from 0 to 1
start transfer from 1 to 0
start transfer from 0 to 1
end transfer from 1 to 0
end transfer from 0 to 1
start transfer from 1 to 0
start transfer from 0 to 1
end transfer from 1 to 0
end transfer from 0 to 1
start transfer from 1 to 0
start transfer from 0 to 1
end transfer from 1 to 0
end transfer from 0 to 1
start transfer from 1 to 0
end transfer from 1 to 0
start transfer from 0 to 1
end transfer from 0 to 1
start transfer from 1 to 0
start transfer from 0 to 1
end transfer from 0 to 1
end transfer from 1 to 0
start transfer from 0 to 1
start transfer from 1 to 0
end transfer from 0 to 1
end transfer from 1 to 0
start transfer from 0 to 1
start transfer from 1 to 0
end transfer from 1 to 0
end transfer from 0 to 1
start transfer from 0 to 1
start transfer from 1 to 0
end transfer from 0 to 1
end transfer from 1 to 0
start transfer from 1 to 0
start transfer from 0 to 1
end transfer from 1 to 0
start transfer from 1 to 0
end transfer from 0 to 1
end transfer from 1 to 0
start transfer from 1 to 0
start transfer from 0 to 1
end transfer from 1 to 0
end transfer from 0 to 1
start transfer from 1 to 0
end transfer from 1 to 0
start transfer from 0 to 1
start transfer from 1 to 0
end transfer from 0 to 1
end transfer from 1 to 0
start transfer from 0 to 1
start transfer from 1 to 0
end transfer from 0 to 1
end transfer from 1 to 0
start transfer from 0 to 1
start transfer from 1 to 0
end transfer from 0 to 1
end transfer from 1 to 0
start transfer from 0 to 1
start transfer from 1 to 0
end transfer from 1 to 0
end transfer from 0 to 1
start transfer from 1 to 0
start transfer from 0 to 1
end transfer from 1 to 0
start transfer from 1 to 0
end transfer from 0 to 1
end transfer from 1 to 0
start transfer from 0 to 1
start transfer from 1 to 0
end transfer from 0 to 1
end transfer from 1 to 0
start transfer from 0 to 1
start transfer from 1 to 0
end transfer from 0 to 1
end transfer from 1 to 0
start transfer from 1 to 0
start transfer from 0 to 1
end transfer from 0 to 1
end transfer from 1 to 0
start transfer from 1 to 0
start transfer from 0 to 1
end transfer from 1 to 0
start transfer from 1 to 0
end transfer from 0 to 1
start transfer from 0 to 1
end transfer from 1 to 0
start transfer from 1 to 0
end transfer from 0 to 1
start transfer from 0 to 1
end transfer from 1 to 0
end transfer from 0 to 1
start transfer from 1 to 0
start transfer from 0 to 1
end transfer from 1 to 0
end transfer from 0 to 1
start transfer from 1 to 0
start transfer from 0 to 1
end transfer from 1 to 0
start transfer from 1 to 0
end transfer from 0 to 1
end transfer from 1 to 0
start transfer from 1 to 0
start transfer from 0 to 1
end transfer from 1 to 0
end transfer from 0 to 1
start transfer from 1 to 0
start transfer from 0 to 1
end transfer from 1 to 0
end transfer from 0 to 1
start transfer from 1 to 0
start transfer from 0 to 1
end transfer from 1 to 0
end transfer from 0 to 1
start transfer from 1 to 0
start transfer from 0 to 1
end transfer from 1 to 0
end transfer from 0 to 1
start transfer from 1 to 0
start transfer from 0 to 1
end transfer from 1 to 0
end transfer from 0 to 1
start transfer from 0 to 1
start transfer from 1 to 0
end transfer from 0 to 1
end transfer from 1 to 0
start transfer from 0 to 1
start transfer from 1 to 0
end transfer from 0 to 1
end transfer from 1 to 0
start transfer from 0 to 1
start transfer from 1 to 0
end transfer from 1 to 0
end transfer from 0 to 1
start transfer from 1 to 0
start transfer from 0 to 1
end transfer from 1 to 0
start transfer from 1 to 0
end transfer from 0 to 1
end transfer from 1 to 0
start transfer from 0 to 1
start transfer from 1 to 0
end transfer from 0 to 1
end transfer from 1 to 0
start transfer from 1 to 0
start transfer from 0 to 1
end transfer from 1 to 0
end transfer from 0 to 1
start transfer from 1 to 0
start transfer from 0 to 1
end transfer from 1 to 0
end transfer from 0 to 1
start transfer from 1 to 0
start transfer from 0 to 1
end transfer from 1 to 0
end transfer from 0 to 1
start transfer from 0 to 1
start transfer from 1 to 0
end transfer from 0 to 1
end transfer from 1 to 0
start transfer from 1 to 0
start transfer from 0 to 1
end transfer from 1 to 0
end transfer from 0 to 1
start transfer from 1 to 0
start transfer from 0 to 1
end transfer from 1 to 0
end transfer from 0 to 1
start transfer from 1 to 0
start transfer from 0 to 1
end transfer from 0 to 1
end transfer from 1 to 0
start transfer from 1 to 0
start transfer from 0 to 1
end transfer from 1 to 0
end transfer from 0 to 1
start transfer from 1 to 0
start transfer from 0 to 1
end transfer from 1 to 0
end transfer from 0 to 1
start transfer from 0 to 1
start transfer from 1 to 0
end transfer from 0 to 1
start transfer from 0 to 1
end transfer from 1 to 0
end transfer from 0 to 1
start transfer from 1 to 0
start transfer from 0 to 1
end transfer from 1 to 0
end transfer from 0 to 1
start transfer from 1 to 0
start transfer from 0 to 1
end transfer from 1 to 0
end transfer from 0 to 1
start transfer from 1 to 0
start transfer from 0 to 1
end transfer from 1 to 0
end transfer from 0 to 1
start transfer from 1 to 0
start transfer from 0 to 1
end transfer from 0 to 1
end transfer from 1 to 0
start transfer from 0 to 1
start transfer from 1 to 0
end transfer from 0 to 1
end transfer from 1 to 0
start transfer from 0 to 1
start transfer from 1 to 0
end transfer from 1 to 0
end transfer from 0 to 1
start transfer from 0 to 1
start transfer from 1 to 0
end transfer from 0 to 1
end transfer from 1 to 0
start transfer from 0 to 1
end transfer from 0 to 1
start transfer from 1 to 0
start transfer from 0 to 1
end transfer from 1 to 0
start transfer from 1 to 0
end transfer from 0 to 1
end transfer from 1 to 0
start transfer from 1 to 0
start transfer from 0 to 1
end transfer from 1 to 0
start transfer from 1 to 0
end transfer from 0 to 1
end transfer from 1 to 0
start transfer from 0 to 1
start transfer from 1 to 0
end transfer from 1 to 0
end transfer from 0 to 1
start transfer from 0 to 1
start transfer from 1 to 0
end transfer from 0 to 1
end transfer from 1 to 0
start transfer from 0 to 1
start transfer from 1 to 0
end transfer from 0 to 1
end transfer from 1 to 0
start transfer from 0 to 1
start transfer from 1 to 0
end transfer from 0 to 1
end transfer from 1 to 0
start transfer from 1 to 0
start transfer from 0 to 1
end transfer from 1 to 0
end transfer from 0 to 1
start transfer from 1 to 0
start transfer from 0 to 1
end transfer from 1 to 0
end transfer from 0 to 1
start transfer from 1 to 0
start transfer from 0 to 1
end transfer from 1 to 0
start transfer from 1 to 0
end transfer from 0 to 1
end transfer from 1 to 0
start transfer from 0 to 1
start transfer from 1 to 0
end transfer from 0 to 1
end transfer from 1 to 0
start transfer from 0 to 1
start transfer from 1 to 0
end transfer from 0 to 1
end transfer from 1 to 0
start transfer from 0 to 1
start transfer from 1 to 0
end transfer from 0 to 1
end transfer from 1 to 0
start transfer from 0 to 1
start transfer from 1 to 0
end transfer from 0 to 1
end transfer from 1 to 0
start transfer from 0 to 1
start transfer from 1 to 0
end transfer from 0 to 1
end transfer from 1 to 0
start transfer from 1 to 0
start transfer from 0 to 1
end transfer from 1 to 0
end transfer from 0 to 1
start transfer from 1 to 0
start transfer from 0 to 1
end transfer from 1 to 0
end transfer from 0 to 1
start transfer from 1 to 0
end transfer from 1 to 0
start transfer from 0 to 1
start transfer from 1 to 0
end transfer from 0 to 1
start transfer from 0 to 1
end transfer from 1 to 0
end transfer from 0 to 1
start transfer from 1 to 0
start transfer from 0 to 1
end transfer from 1 to 0
start transfer from 1 to 0
end transfer from 0 to 1
end transfer from 1 to 0
start transfer from 0 to 1
start transfer from 1 to 0
end transfer from 0 to 1
end transfer from 1 to 0
start transfer from 1 to 0
start transfer from 0 to 1
end transfer from 1 to 0
end transfer from 0 to 1
start transfer from 1 to 0
end transfer from 1 to 0
start transfer from 0 to 1
start transfer from 1 to 0
end transfer from 0 to 1
end transfer from 1 to 0
start transfer from 0 to 1
start transfer from 1 to 0
end transfer from 0 to 1
end transfer from 1 to 0
start transfer from 1 to 0
start transfer from 0 to 1
end transfer from 1 to 0
end transfer from 0 to 1
start transfer from 1 to 0
start transfer from 0 to 1
end transfer from 1 to 0
end transfer from 0 to 1
start transfer from 1 to 0
start transfer from 0 to 1
end transfer from 1 to 0
start transfer from 1 to 0
end transfer from 0 to 1
end transfer from 1 to 0
start transfer from 0 to 1
start transfer from 1 to 0
end transfer from 0 to 1
end transfer from 1 to 0
start transfer from 0 to 1
start transfer from 1 to 0
end transfer from 0 to 1
end transfer from 1 to 0
start transfer from 0 to 1
start transfer from 1 to 0
end transfer from 0 to 1
end transfer from 1 to 0
start transfer from 0 to 1
start transfer from 1 to 0
end transfer from 0 to 1
end transfer from 1 to 0
start transfer from 0 to 1
start transfer from 1 to 0
end transfer from 0 to 1
end transfer from 1 to 0
start transfer from 0 to 1
end transfer from 0 to 1
start transfer from 1 to 0
start transfer from 0 to 1
end transfer from 1 to 0
end transfer from 0 to 1
start transfer from 1 to 0
start transfer from 0 to 1
end transfer from 1 to 0
end transfer from 0 to 1
start transfer from 1 to 0
start transfer from 0 to 1
end transfer from 1 to 0
end transfer from 0 to 1
start transfer from 1 to 0
end transfer from 1 to 0
start transfer from 0 to 1
end transfer from 0 to 1
start transfer from 1 to 0
start transfer from 0 to 1
end transfer from 0 to 1
end transfer from 1 to 0
start transfer from 0 to 1
start transfer from 1 to 0
end transfer from 0 to 1
end transfer from 1 to 0
start transfer from 0 to 1
start transfer from 1 to 0
end transfer from 0 to 1
end transfer from 1 to 0
start transfer from 0 to 1
start transfer from 1 to 0
end transfer from 0 to 1
end transfer from 1 to 0
start transfer from 0 to 1
start transfer from 1 to 0
end transfer from 0 to 1
end transfer from 1 to 0
start transfer from 0 to 1
start transfer from 1 to 0
end transfer from 0 to 1
end transfer from 1 to 0
start transfer from 0 to 1
start transfer from 1 to 0
end transfer from 0 to 1
end transfer from 1 to 0
start transfer from 0 to 1
start transfer from 1 to 0
end transfer from 0 to 1
end transfer from 1 to 0
start transfer from 0 to 1
start transfer from 1 to 0
end transfer from 0 to 1
end transfer from 1 to 0
start transfer from 0 to 1
start transfer from 1 to 0
end transfer from 0 to 1
end transfer from 1 to 0
start transfer from 0 to 1
start transfer from 1 to 0
end transfer from 0 to 1
end transfer from 1 to 0
start transfer from 0 to 1
start transfer from 1 to 0
end transfer from 0 to 1
end transfer from 1 to 0
start transfer from 0 to 1
start transfer from 1 to 0
end transfer from 0 to 1
end transfer from 1 to 0
start transfer from 0 to 1
start transfer from 1 to 0
end transfer from 0 to 1
end transfer from 1 to 0
start transfer from 0 to 1
start transfer from 1 to 0
end transfer from 0 to 1
end transfer from 1 to 0
start transfer from 0 to 1
start transfer from 1 to 0
end transfer from 0 to 1
end transfer from 1 to 0
start transfer from 0 to 1
start transfer from 1 to 0
end transfer from 0 to 1
end transfer from 1 to 0
start transfer from 1 to 0
start transfer from 0 to 1
end transfer from 1 to 0
end transfer from 0 to 1
start transfer from 1 to 0
start transfer from 0 to 1
end transfer from 1 to 0
end transfer from 0 to 1
start transfer from 1 to 0
start transfer from 0 to 1
end transfer from 1 to 0
end transfer from 0 to 1
start transfer from 1 to 0
end transfer from 1 to 0
start transfer from 0 to 1
start transfer from 1 to 0
end transfer from 0 to 1
end transfer from 1 to 0
start transfer from 0 to 1
start transfer from 1 to 0
end transfer from 0 to 1
end transfer from 1 to 0
start transfer from 0 to 1
start transfer from 1 to 0
end transfer from 0 to 1
end transfer from 1 to 0
start transfer from 0 to 1
start transfer from 1 to 0
end transfer from 0 to 1
end transfer from 1 to 0
start transfer from 0 to 1
start transfer from 1 to 0
end transfer from 1 to 0
start transfer from 1 to 0
end transfer from 0 to 1
start transfer from 0 to 1
end transfer from 0 to 1
start transfer from 0 to 1
end transfer from 1 to 0
end transfer from 0 to 1
start transfer from 0 to 1
start transfer from 1 to 0
end transfer from 0 to 1
start transfer from 0 to 1
end transfer from 1 to 0
start transfer from 1 to 0
end transfer from 1 to 0
end transfer from 0 to 1
start transfer from 1 to 0
start transfer from 0 to 1
end transfer from 1 to 0
end transfer from 0 to 1
start transfer from 1 to 0
start transfer from 0 to 1
end transfer from 1 to 0
end transfer from 0 to 1
start transfer from 0 to 1
start transfer from 1 to 0
end transfer from 1 to 0
end transfer from 0 to 1
start transfer from 1 to 0
end transfer from 1 to 0
start transfer from 0 to 1
start transfer from 1 to 0
end transfer from 0 to 1
end transfer from 1 to 0
start transfer from 0 to 1
start transfer from 1 to 0
end transfer from 0 to 1
end transfer from 1 to 0
start transfer from 0 to 1
start transfer from 1 to 0
end transfer from 0 to 1
end transfer from 1 to 0
start transfer from 1 to 0
start transfer from 0 to 1
end transfer from 1 to 0
end transfer from 0 to 1
start transfer from 1 to 0
start transfer from 0 to 1
end transfer from 0 to 1
end transfer from 1 to 0
start transfer from 0 to 1
end transfer from 0 to 1
start transfer from 1 to 0
end transfer from 1 to 0
start transfer from 0 to 1
start transfer from 1 to 0
end transfer from 0 to 1
end transfer from 1 to 0
start transfer from 1 to 0
start transfer from 0 to 1
end transfer from 1 to 0
end transfer from 0 to 1
start transfer from 1 to 0
start transfer from 0 to 1
end transfer from 1 to 0
start transfer from 1 to 0
end transfer from 0 to 1
end transfer from 1 to 0
start transfer from 0 to 1
start transfer from 1 to 0
end transfer from 0 to 1
end transfer from 1 to 0
start transfer from 0 to 1
start transfer from 1 to 0
end transfer from 0 to 1
end transfer from 1 to 0
start transfer from 0 to 1
start transfer from 1 to 0
end transfer from 0 to 1
end transfer from 1 to 0
start transfer from 0 to 1
end transfer from 0 to 1
start transfer from 1 to 0
start transfer from 0 to 1
end transfer from 1 to 0
end transfer from 0 to 1
start transfer from 1 to 0
start transfer from 0 to 1
end transfer from 0 to 1
end transfer from 1 to 0
start transfer from 0 to 1
start transfer from 1 to 0
end transfer from 0 to 1
end transfer from 1 to 0
start transfer from 0 to 1
start transfer from 1 to 0
end transfer from 1 to 0
end transfer from 0 to 1
start transfer from 1 to 0
start transfer from 0 to 1
end transfer from 1 to 0
end transfer from 0 to 1
start transfer from 1 to 0
start transfer from 0 to 1
end transfer from 1 to 0
end transfer from 0 to 1
start transfer from 1 to 0
start transfer from 0 to 1
end transfer from 0 to 1
end transfer from 1 to 0
start transfer from 0 to 1
start transfer from 1 to 0
end transfer from 0 to 1
start transfer from 0 to 1
end transfer from 1 to 0
start transfer from 1 to 0
end transfer from 0 to 1
end transfer from 1 to 0
start transfer from 1 to 0
start transfer from 0 to 1
end transfer from 1 to 0
start transfer from 1 to 0
end transfer from 0 to 1
end transfer from 1 to 0
start transfer from 1 to 0
start transfer from 0 to 1
end transfer from 1 to 0
end transfer from 0 to 1
start transfer from 1 to 0
end transfer from 1 to 0
start transfer from 0 to 1
start transfer from 1 to 0
end transfer from 0 to 1
end transfer from 1 to 0
start transfer from 0 to 1
start transfer from 1 to 0
end transfer from 1 to 0
end transfer from 0 to 1
start transfer from 1 to 0
end transfer from 1 to 0
start transfer from 1 to 0
end transfer from 1 to 0
start transfer from 0 to 1
start transfer from 1 to 0
end transfer from 1 to 0
end transfer from 0 to 1
start transfer from 1 to 0
start transfer from 0 to 1
end transfer from 1 to 0
start transfer from 1 to 0
end transfer from 1 to 0
end transfer from 0 to 1
start transfer from 1 to 0
start transfer from 0 to 1
end transfer from 1 to 0
end transfer from 0 to 1
start transfer from 1 to 0
end transfer from 1 to 0
start transfer from 0 to 1
start transfer from 1 to 0
end transfer from 1 to 0
end transfer from 0 to 1
start transfer from 1 to 0
start transfer from 0 to 1
end transfer from 1 to 0
start transfer from 1 to 0
end transfer from 1 to 0
start transfer from 1 to 0
end transfer from 1 to 0
start transfer from 1 to 0
end transfer from 1 to 0
start transfer from 1 to 0
end transfer from 1 to 0
start transfer from 1 to 0
end transfer from 1 to 0
start transfer from 1 to 0
end transfer from 1 to 0
start transfer from 1 to 0
end transfer from 1 to 0
start transfer from 1 to 0
end transfer from 1 to 0
start transfer from 1 to 0
end transfer from 1 to 0
end transfer from 0 to 1
start transfer from 1 to 0
end transfer from 1 to 0
start transfer from 1 to 0
end transfer from 1 to 0
start transfer from 0 to 1
start transfer from 1 to 0
end transfer from 0 to 1
start transfer from 0 to 1
end transfer from 1 to 0
end transfer from 0 to 1
start transfer from 1 to 0
start transfer from 0 to 1
end transfer from 1 to 0
end transfer from 0 to 1
start transfer from 1 to 0
start transfer from 0 to 1
end transfer from 1 to 0
end transfer from 0 to 1
start transfer from 1 to 0
start transfer from 0 to 1
end transfer from 1 to 0
end transfer from 0 to 1
start transfer from 1 to 0
start transfer from 0 to 1
end transfer from 0 to 1
end transfer from 1 to 0
start transfer from 0 to 1
start transfer from 1 to 0
end transfer from 0 to 1
end transfer from 1 to 0
start transfer from 0 to 1
start transfer from 1 to 0
end transfer from 1 to 0
end transfer from 0 to 1
start transfer from 1 to 0
start transfer from 0 to 1
end transfer from 1 to 0
end transfer from 0 to 1
start transfer from 1 to 0
start transfer from 0 to 1
end transfer from 1 to 0
start transfer from 1 to 0
end transfer from 0 to 1
end transfer from 1 to 0
start transfer from 0 to 1
start transfer from 1 to 0
end transfer from 0 to 1
end transfer from 1 to 0
start transfer from 0 to 1
start transfer from 1 to 0
end transfer from 1 to 0
end transfer from 0 to 1
start transfer from 1 to 0
end transfer from 1 to 0
start transfer from 0 to 1
start transfer from 1 to 0
end transfer from 0 to 1
end transfer from 1 to 0
start transfer from 0 to 1
start transfer from 1 to 0
end transfer from 0 to 1
end transfer from 1 to 0
start transfer from 0 to 1
start transfer from 1 to 0
end transfer from 1 to 0
end transfer from 0 to 1
start transfer from 1 to 0
start transfer from 0 to 1
end transfer from 1 to 0
end transfer from 0 to 1
start transfer from 0 to 1
start transfer from 1 to 0
end transfer from 0 to 1
end transfer from 1 to 0
start transfer from 0 to 1
start transfer from 1 to 0
end transfer from 0 to 1
end transfer from 1 to 0
start transfer from 0 to 1
end transfer from 0 to 1
start transfer from 1 to 0
start transfer from 0 to 1
end transfer from 1 to 0
end transfer from 0 to 1
start transfer from 1 to 0
start transfer from 0 to 1
end transfer from 1 to 0
end transfer from 0 to 1
start transfer from 1 to 0
start transfer from 0 to 1
end transfer from 1 to 0
end transfer from 0 to 1
start transfer from 0 to 1
start transfer from 1 to 0
end transfer from 0 to 1
end transfer from 1 to 0
start transfer from 0 to 1
start transfer from 1 to 0
end transfer from 0 to 1
end transfer from 1 to 0
start transfer from 0 to 1
start transfer from 1 to 0
end transfer from 1 to 0
end transfer from 0 to 1
start transfer from 1 to 0
start transfer from 0 to 1
end transfer from 1 to 0
start transfer from 1 to 0
end transfer from 0 to 1
end transfer from 1 to 0
start transfer from 0 to 1
start transfer from 1 to 0
end transfer from 0 to 1
end transfer from 1 to 0
start transfer from 1 to 0
start transfer from 0 to 1
end transfer from 1 to 0
end transfer from 0 to 1
start transfer from 1 to 0
start transfer from 0 to 1
end transfer from 1 to 0
end transfer from 0 to 1
start transfer from 1 to 0
end transfer from 1 to 0
start transfer from 0 to 1
start transfer from 1 to 0
end transfer from 0 to 1
end transfer from 1 to 0
start transfer from 1 to 0
start transfer from 0 to 1
end transfer from 1 to 0
end transfer from 0 to 1
start transfer from 1 to 0
start transfer from 0 to 1
end transfer from 1 to 0
start transfer from 1 to 0
end transfer from 0 to 1
end transfer from 1 to 0
start transfer from 1 to 0
start transfer from 0 to 1
end transfer from 1 to 0
end transfer from 0 to 1
start transfer from 1 to 0
end transfer from 1 to 0
start transfer from 0 to 1
start transfer from 1 to 0
end transfer from 0 to 1
end transfer from 1 to 0
start transfer from 0 to 1
start transfer from 1 to 0
end transfer from 0 to 1
start transfer from 0 to 1
end transfer from 1 to 0
end transfer from 0 to 1
start transfer from 1 to 0
start transfer from 0 to 1
end transfer from 1 to 0
start transfer from 1 to 0
end transfer from 0 to 1
end transfer from 1 to 0
start transfer from 1 to 0
start transfer from 0 to 1
end transfer from 1 to 0
start transfer from 1 to 0
end transfer from 0 to 1
end transfer from 1 to 0
start transfer from 1 to 0
start transfer from 0 to 1
end transfer from 1 to 0
end transfer from 0 to 1
start transfer from 1 to 0
start transfer from 0 to 1
end transfer from 1 to 0
end transfer from 0 to 1
start transfer from 1 to 0
start transfer from 0 to 1
end transfer from 1 to 0
end transfer from 0 to 1
start transfer from 0 to 1
start transfer from 1 to 0
end transfer from 0 to 1
end transfer from 1 to 0
start transfer from 0 to 1
start transfer from 1 to 0
end transfer from 0 to 1
end transfer from 1 to 0
start transfer from 0 to 1
start transfer from 1 to 0
end transfer from 0 to 1
start transfer from 0 to 1
end transfer from 1 to 0
end transfer from 0 to 1
start transfer from 1 to 0
start transfer from 0 to 1
end transfer from 1 to 0
end transfer from 0 to 1
start transfer from 0 to 1
start transfer from 1 to 0
end transfer from 0 to 1
end transfer from 1 to 0
start transfer from 0 to 1
start transfer from 1 to 0
end transfer from 0 to 1
end transfer from 1 to 0
start transfer from 0 to 1
end transfer from 0 to 1
start transfer from 0 to 1
start transfer from 1 to 0
end transfer from 0 to 1
start transfer from 0 to 1
end transfer from 1 to 0
end transfer from 0 to 1
start transfer from 1 to 0
start transfer from 0 to 1
end transfer from 1 to 0
end transfer from 0 to 1
start transfer from 1 to 0
start transfer from 0 to 1
end transfer from 1 to 0
end transfer from 0 to 1
start transfer from 1 to 0
end transfer from 1 to 0
start transfer from 0 to 1
start transfer from 1 to 0
end transfer from 1 to 0
start transfer from 1 to 0
end transfer from 0 to 1
end transfer from 1 to 0
start transfer from 0 to 1
start transfer from 1 to 0
end transfer from 1 to 0
end transfer from 0 to 1
start transfer from 1 to 0
start transfer from 0 to 1
end transfer from 1 to 0
end transfer from 0 to 1
start transfer from 1 to 0
start transfer from 0 to 1
end transfer from 1 to 0
end transfer from 0 to 1
start transfer from 1 to 0
start transfer from 0 to 1
end transfer from 1 to 0
end transfer from 0 to 1
start transfer from 1 to 0
start transfer from 0 to 1
end transfer from 1 to 0
end transfer from 0 to 1
start transfer from 1 to 0
start transfer from 0 to 1
end transfer from 1 to 0
end transfer from 0 to 1
start transfer from 1 to 0
start transfer from 0 to 1
end transfer from 1 to 0
end transfer from 0 to 1
start transfer from 1 to 0
start transfer from 0 to 1
end transfer from 0 to 1
end transfer from 1 to 0
start transfer from 0 to 1
start transfer from 1 to 0
end transfer from 0 to 1
end transfer from 1 to 0
start transfer from 0 to 1
start transfer from 1 to 0
end transfer from 0 to 1
end transfer from 1 to 0
start transfer from 0 to 1
end transfer from 0 to 1
start transfer from 0 to 1
end transfer from 0 to 1
start transfer from 1 to 0
start transfer from 0 to 1
end transfer from 1 to 0
end transfer from 0 to 1
start transfer from 0 to 1
start transfer from 1 to 0
end transfer from 0 to 1
end transfer from 1 to 0
start transfer from 0 to 1
start transfer from 1 to 0
end transfer from 0 to 1
end transfer from 1 to 0
start transfer from 1 to 0
start transfer from 0 to 1
end transfer from 1 to 0
start transfer from 1 to 0
end transfer from 0 to 1
end transfer from 1 to 0
start transfer from 0 to 1
start transfer from 1 to 0
end transfer from 0 to 1
end transfer from 1 to 0
start transfer from 0 to 1
start transfer from 1 to 0
end transfer from 0 to 1
end transfer from 1 to 0
start transfer from 0 to 1
start transfer from 1 to 0
end transfer from 0 to 1
start transfer from 0 to 1
end transfer from 0 to 1
end transfer from 1 to 0
start transfer from 0 to 1
start transfer from 1 to 0
end transfer from 0 to 1
start transfer from 0 to 1
end transfer from 1 to 0
start transfer from 1 to 0
end transfer from 0 to 1
end transfer from 1 to 0
start transfer from 0 to 1
start transfer from 1 to 0
end transfer from 0 to 1
end transfer from 1 to 0
start transfer from 0 to 1
start transfer from 1 to 0
end transfer from 0 to 1
end transfer from 1 to 0
start transfer from 0 to 1
start transfer from 1 to 0
end transfer from 0 to 1
end transfer from 1 to 0
start transfer from 0 to 1
start transfer from 1 to 0
end transfer from 0 to 1
end transfer from 1 to 0
start transfer from 0 to 1
start transfer from 1 to 0
end transfer from 0 to 1
end transfer from 1 to 0
start transfer from 0 to 1
start transfer from 1 to 0
end transfer from 0 to 1
end transfer from 1 to 0
start transfer from 0 to 1
start transfer from 1 to 0
end transfer from 0 to 1
end transfer from 1 to 0
start transfer from 0 to 1
end transfer from 0 to 1
start transfer from 0 to 1
end transfer from 0 to 1
start transfer from 0 to 1
start transfer from 1 to 0
end transfer from 0 to 1
start transfer from 0 to 1
end transfer from 1 to 0
end transfer from 0 to 1
start transfer from 1 to 0
start transfer from 0 to 1
end transfer from 1 to 0
end transfer from 0 to 1
start transfer from 0 to 1
start transfer from 1 to 0
end transfer from 0 to 1
end transfer from 1 to 0
start transfer from 0 to 1
start transfer from 1 to 0
end transfer from 0 to 1
start transfer from 0 to 1
end transfer from 0 to 1
start transfer from 0 to 1
end transfer from 0 to 1
end transfer from 1 to 0
start transfer from 0 to 1
end transfer from 0 to 1
start transfer from 0 to 1
start transfer from 1 to 0
end transfer from 0 to 1
start transfer from 0 to 1
end transfer from 0 to 1
start transfer from 0 to 1
end transfer from 0 to 1
end transfer from 1 to 0
start transfer from 0 to 1
end transfer from 0 to 1
start transfer from 1 to 0
end transfer from 1 to 0
start transfer from 0 to 1
start transfer from 1 to 0
end transfer from 1 to 0
start transfer from 1 to 0
end transfer from 0 to 1
end transfer from 1 to 0
start transfer from 1 to 0
end transfer from 1 to 0
start transfer from 0 to 1
start transfer from 1 to 0
end transfer from 1 to 0
end transfer from 0 to 1
start transfer from 1 to 0
end transfer from 1 to 0
start transfer from 1 to 0
start transfer from 0 to 1
end transfer from 1 to 0
start transfer from 1 to 0
end transfer from 0 to 1
end transfer from 1 to 0
start transfer from 1 to 0
end transfer from 1 to 0
start transfer from 0 to 1
start transfer from 1 to 0
end transfer from 1 to 0
end transfer from 0 to 1
start transfer from 1 to 0
end transfer from 1 to 0
start transfer from 1 to 0
start transfer from 0 to 1
end transfer from 1 to 0
start transfer from 1 to 0
end transfer from 1 to 0
end transfer from 0 to 1
start transfer from 1 to 0
end transfer from 1 to 0
start transfer from 0 to 1
start transfer from 1 to 0
end transfer from 1 to 0
start transfer from 1 to 0
end transfer from 0 to 1
end transfer from 1 to 0
start transfer from 0 to 1
start transfer from 1 to 0
end transfer from 1 to 0
end transfer from 0 to 1
start transfer from 1 to 0
end transfer from 1 to 0
start transfer from 0 to 1
start transfer from 1 to 0
end transfer from 1 to 0
start transfer from 1 to 0
end transfer from 0 to 1
end transfer from 1 to 0
start transfer from 1 to 0
start transfer from 0 to 1
end transfer from 1 to 0
start transfer from 1 to 0
end transfer from 1 to 0
end transfer from 0 to 1
start transfer from 1 to 0
end transfer from 1 to 0
start transfer from 1 to 0
start transfer from 0 to 1
end transfer from 1 to 0
start transfer from 1 to 0
end transfer from 1 to 0
end transfer from 0 to 1
start transfer from 1 to 0
end transfer from 1 to 0
start transfer from 1 to 0
end transfer from 1 to 0
start transfer from 0 to 1
start transfer from 1 to 0
end transfer from 1 to 0
end transfer from 0 to 1
start transfer from 1 to 0
end transfer from 1 to 0
start transfer from 0 to 1
start transfer from 1 to 0
end transfer from 0 to 1
start transfer from 0 to 1
end transfer from 1 to 0
end transfer from 0 to 1
start transfer from 0 to 1
end transfer from 0 to 1
start transfer from 1 to 0
start transfer from 0 to 1
end transfer from 1 to 0
end transfer from 0 to 1
start transfer from 1 to 0
start transfer from 0 to 1
end transfer from 1 to 0
end transfer from 0 to 1
start transfer from 1 to 0
start transfer from 0 to 1
end transfer from 0 to 1
end transfer from 1 to 0
start transfer from 0 to 1
start transfer from 1 to 0
end transfer from 0 to 1
end transfer from 1 to 0
start transfer from 0 to 1
start transfer from 1 to 0
end transfer from 0 to 1
end transfer from 1 to 0
start transfer from 1 to 0
start transfer from 0 to 1
end transfer from 1 to 0
start transfer from 1 to 0
end transfer from 0 to 1
end transfer from 1 to 0
start transfer from 0 to 1
start transfer from 1 to 0
end transfer from 0 to 1
end transfer from 1 to 0
start transfer from 1 to 0
start transfer from 0 to 1
end transfer from 1 to 0
end transfer from 0 to 1
start transfer from 1 to 0
end transfer from 1 to 0
start transfer from 0 to 1
start transfer from 1 to 0
end transfer from 1 to 0
end transfer from 0 to 1
start transfer from 1 to 0
start transfer from 0 to 1
end transfer from 0 to 1
end transfer from 1 to 0
start transfer from 0 to 1
start transfer from 1 to 0
end transfer from 0 to 1
end transfer from 1 to 0
start transfer from 1 to 0
start transfer from 0 to 1
end transfer from 1 to 0
end transfer from 0 to 1
start transfer from 0 to 1
start transfer from 1 to 0
end transfer from 0 to 1
end transfer from 1 to 0
start transfer from 0 to 1
start transfer from 1 to 0
end transfer from 0 to 1
end transfer from 1 to 0
start transfer from 0 to 1
start transfer from 1 to 0
end transfer from 0 to 1
end transfer from 1 to 0
start transfer from 0 to 1
start transfer from 1 to 0
end transfer from 0 to 1
end transfer from 1 to 0
start transfer from 1 to 0
start transfer from 0 to 1
end transfer from 1 to 0
end transfer from 0 to 1
start transfer from 1 to 0
start transfer from 0 to 1
end transfer from 1 to 0
end transfer from 0 to 1
start transfer from 1 to 0
end transfer from 1 to 0
start transfer from 0 to 1
end transfer from 0 to 1
start transfer from 1 to 0
start transfer from 0 to 1
end transfer from 1 to 0
end transfer from 0 to 1
start transfer from 0 to 1
end transfer from 0 to 1
start transfer from 1 to 0
start transfer from 0 to 1
end transfer from 0 to 1
end transfer from 1 to 0
start transfer from 0 to 1
start transfer from 1 to 0
end transfer from 0 to 1
end transfer from 1 to 0
start transfer from 1 to 0
end transfer from 1 to 0
start transfer from 1 to 0
start transfer from 0 to 1
end transfer from 1 to 0
start transfer from 1 to 0
end transfer from 1 to 0
start transfer from 1 to 0
end transfer from 0 to 1
end transfer from 1 to 0
start transfer from 0 to 1
start transfer from 1 to 0
end transfer from 1 to 0
end transfer from 0 to 1
start transfer from 1 to 0
end transfer from 1 to 0
start transfer from 1 to 0
end transfer from 1 to 0
start transfer from 1 to 0
end transfer from 1 to 0
start transfer from 1 to 0
end transfer from 1 to 0
start transfer from 1 to 0
end transfer from 1 to 0
start transfer from 0 to 1
start transfer from 1 to 0
end transfer from 1 to 0
end transfer from 0 to 1
start transfer from 1 to 0
end transfer from 1 to 0
start transfer from 0 to 1
start transfer from 1 to 0
end transfer from 0 to 1
end transfer from 1 to 0
start transfer from 0 to 1
start transfer from 1 to 0
end transfer from 0 to 1
end transfer from 1 to 0
start transfer from 1 to 0
end transfer from 1 to 0
start transfer from 1 to 0
end transfer from 1 to 0
start transfer from 1 to 0
end transfer from 1 to 0
start transfer from 1 to 0
start transfer from 0 to 1
end transfer from 1 to 0
end transfer from 0 to 1
start transfer from 1 to 0
start transfer from 0 to 1
end transfer from 1 to 0
end transfer from 0 to 1
start transfer from 1 to 0
start transfer from 0 to 1
end transfer from 1 to 0
end transfer from 0 to 1
start transfer from 1 to 0
start transfer from 0 to 1
end transfer from 1 to 0
end transfer from 0 to 1
start transfer from 1 to 0
start transfer from 0 to 1
end transfer from 1 to 0
end transfer from 0 to 1
start transfer from 1 to 0
start transfer from 0 to 1
end transfer from 1 to 0
end transfer from 0 to 1
start transfer from 1 to 0
end transfer from 1 to 0
start transfer from 0 to 1
start transfer from 1 to 0
end transfer from 1 to 0
start transfer from 1 to 0
end transfer from 1 to 0
end transfer from 0 to 1
start transfer from 1 to 0
start transfer from 0 to 1
end transfer from 1 to 0
end transfer from 0 to 1
start transfer from 0 to 1
start transfer from 1 to 0
end transfer from 0 to 1
end transfer from 1 to 0
start transfer from 0 to 1
start transfer from 1 to 0
end transfer from 0 to 1
start transfer from 0 to 1
end transfer from 1 to 0
start transfer from 1 to 0
end transfer from 0 to 1
start transfer from 0 to 1
end transfer from 1 to 0
start transfer from 1 to 0
end transfer from 0 to 1
end transfer from 1 to 0
start transfer from 0 to 1
start transfer from 1 to 0
end transfer from 0 to 1
end transfer from 1 to 0
start transfer from 0 to 1
end transfer from 0 to 1
start transfer from 1 to 0
end transfer from 1 to 0
start transfer from 0 to 1
start transfer from 1 to 0
end transfer from 0 to 1
start transfer from 0 to 1
end transfer from 1 to 0
start transfer from 1 to 0
end transfer from 0 to 1
start transfer from 0 to 1
end transfer from 1 to 0
start transfer from 1 to 0
end transfer from 0 to 1
end transfer from 1 to 0
start transfer from 0 to 1
start transfer from 1 to 0
end transfer from 0 to 1
start transfer from 0 to 1
end transfer from 1 to 0
start transfer from 1 to 0
end transfer from 0 to 1
start transfer from 0 to 1
end transfer from 1 to 0
start transfer from 1 to 0
end transfer from 0 to 1
start transfer from 0 to 1
end transfer from 1 to 0
start transfer from 1 to 0
end transfer from 0 to 1
end transfer from 1 to 0
start transfer from 0 to 1
start transfer from 1 to 0
end transfer from 0 to 1
start transfer from 0 to 1
end transfer from 1 to 0
end transfer from 0 to 1
start transfer from 0 to 1
start transfer from 1 to 0
end transfer from 0 to 1
end transfer from 1 to 0
start transfer from 0 to 1
start transfer from 1 to 0
end transfer from 1 to 0
end transfer from 0 to 1
start transfer from 1 to 0
start transfer from 0 to 1
end transfer from 0 to 1
end transfer from 1 to 0
start transfer from 0 to 1
start transfer from 1 to 0
end transfer from 1 to 0
start transfer from 1 to 0
end transfer from 0 to 1
end transfer from 1 to 0
start transfer from 1 to 0
start transfer from 0 to 1
end transfer from 0 to 1
end transfer from 1 to 0
start transfer from 0 to 1
start transfer from 1 to 0
end transfer from 1 to 0
end transfer from 0 to 1
start transfer from 0 to 1
start transfer from 1 to 0
end transfer from 1 to 0
end transfer from 0 to 1
start transfer from 0 to 1
start transfer from 1 to 0
end transfer from 1 to 0
end transfer from 0 to 1
start transfer from 1 to 0
start transfer from 0 to 1
end transfer from 1 to 0
end transfer from 0 to 1
start transfer from 0 to 1
start transfer from 1 to 0
end transfer from 1 to 0
end transfer from 0 to 1
start transfer from 1 to 0
end transfer from 1 to 0
start transfer from 0 to 1
start transfer from 1 to 0
end transfer from 0 to 1
end transfer from 1 to 0
start transfer from 0 to 1
end transfer from 0 to 1
start transfer from 1 to 0
end transfer from 1 to 0
start transfer from 0 to 1
end transfer from 0 to 1
start transfer from 1 to 0
start transfer from 0 to 1
end transfer from 1 to 0
end transfer from 0 to 1
start transfer from 0 to 1
start transfer from 1 to 0
end transfer from 0 to 1
end transfer from 1 to 0
start transfer from 1 to 0
end transfer from 1 to 0
start transfer from 0 to 1
start transfer from 1 to 0
end transfer from 1 to 0
end transfer from 0 to 1
start transfer from 1 to 0
start transfer from 0 to 1
end transfer from 1 to 0
end transfer from 0 to 1
start transfer from 1 to 0
start transfer from 0 to 1
end transfer from 1 to 0
end transfer from 0 to 1
start transfer from 1 to 0
start transfer from 0 to 1
end transfer from 0 to 1
start transfer from 0 to 1
end transfer from 0 to 1
end transfer from 1 to 0
start transfer from 0 to 1
start transfer from 1 to 0
end transfer from 0 to 1
end transfer from 1 to 0
start transfer from 0 to 1
start transfer from 1 to 0
end transfer from 0 to 1
start transfer from 0 to 1
end transfer from 1 to 0
end transfer from 0 to 1
start transfer from 1 to 0
start transfer from 0 to 1
end transfer from 1 to 0
end transfer from 0 to 1
start transfer from 1 to 0
start transfer from 0 to 1
end transfer from 0 to 1
start transfer from 0 to 1
end transfer from 1 to 0
end transfer from 0 to 1
start transfer from 0 to 1
start transfer from 1 to 0
end transfer from 0 to 1
end transfer from 1 to 0
start transfer from 0 to 1
start transfer from 1 to 0
end transfer from 0 to 1
end transfer from 1 to 0
start transfer from 0 to 1
start transfer from 1 to 0
end transfer from 0 to 1
end transfer from 1 to 0
start transfer from 0 to 1
start transfer from 1 to 0
end transfer from 0 to 1
end transfer from 1 to 0
start transfer from 0 to 1
start transfer from 1 to 0
end transfer from 0 to 1
end transfer from 1 to 0
start transfer from 0 to 1
start transfer from 1 to 0
end transfer from 0 to 1
end transfer from 1 to 0
start transfer from 1 to 0
start transfer from 0 to 1
end transfer from 1 to 0
end transfer from 0 to 1
start transfer from 1 to 0
start transfer from 0 to 1
end transfer from 1 to 0
end transfer from 0 to 1
start transfer from 1 to 0
start transfer from 0 to 1
end transfer from 1 to 0
end transfer from 0 to 1
start transfer from 1 to 0
start transfer from 0 to 1
end transfer from 1 to 0
end transfer from 0 to 1
start transfer from 0 to 1
start transfer from 1 to 0
end transfer from 0 to 1
end transfer from 1 to 0
start transfer from 0 to 1
start transfer from 1 to 0
end transfer from 0 to 1
end transfer from 1 to 0
start transfer from 0 to 1
end transfer from 0 to 1
start transfer from 0 to 1
start transfer from 1 to 0
end transfer from 0 to 1
start transfer from 0 to 1
end transfer from 1 to 0
end transfer from 0 to 1
start transfer from 1 to 0
start transfer from 0 to 1
end transfer from 1 to 0
end transfer from 0 to 1
start transfer from 1 to 0
start transfer from 0 to 1
end transfer from 1 to 0
end transfer from 0 to 1
start transfer from 1 to 0
start transfer from 0 to 1
end transfer from 1 to 0
end transfer from 0 to 1
start transfer from 0 to 1
start transfer from 1 to 0
end transfer from 0 to 1
end transfer from 1 to 0
start transfer from 0 to 1
start transfer from 1 to 0
end transfer from 1 to 0
end transfer from 0 to 1
start transfer from 0 to 1
start transfer from 1 to 0
end transfer from 0 to 1
start transfer from 0 to 1
end transfer from 1 to 0
end transfer from 0 to 1
start transfer from 1 to 0
start transfer from 0 to 1
end transfer from 1 to 0
end transfer from 0 to 1
start transfer from 1 to 0
start transfer from 0 to 1
end transfer from 0 to 1
end transfer from 1 to 0
start transfer from 0 to 1
start transfer from 1 to 0
end transfer from 0 to 1
end transfer from 1 to 0
start transfer from 0 to 1
start transfer from 1 to 0
end transfer from 0 to 1
end transfer from 1 to 0
start transfer from 0 to 1
start transfer from 1 to 0
end transfer from 0 to 1
start transfer from 0 to 1
end transfer from 1 to 0
start transfer from 1 to 0
end transfer from 0 to 1
end transfer from 1 to 0
start transfer from 0 to 1
start transfer from 1 to 0
end transfer from 0 to 1
end transfer from 1 to 0
start transfer from 0 to 1
start transfer from 1 to 0
end transfer from 0 to 1
end transfer from 1 to 0
start transfer from 0 to 1
start transfer from 1 to 0
end transfer from 0 to 1
end transfer from 1 to 0
start transfer from 0 to 1
end transfer from 0 to 1
start transfer from 1 to 0
start transfer from 0 to 1
end transfer from 1 to 0
start transfer from 1 to 0
end transfer from 1 to 0
end transfer from 0 to 1
start transfer from 1 to 0
start transfer from 0 to 1
end transfer from 1 to 0
start transfer from 1 to 0
end transfer from 0 to 1
start transfer from 0 to 1
end transfer from 0 to 1
start transfer from 0 to 1
end transfer from 1 to 0
end transfer from 0 to 1
start transfer from 0 to 1
start transfer from 1 to 0
end transfer from 0 to 1
start transfer from 0 to 1
end transfer from 1 to 0
end transfer from 0 to 1
start transfer from 1 to 0
start transfer from 0 to 1
end transfer from 0 to 1
end transfer from 1 to 0
start transfer from 0 to 1
end transfer from 0 to 1
start transfer from 1 to 0
start transfer from 0 to 1
end transfer from 0 to 1
end transfer from 1 to 0
start transfer from 0 to 1
end transfer from 0 to 1
start transfer from 1 to 0
start transfer from 0 to 1
end transfer from 0 to 1
start transfer from 0 to 1
end transfer from 1 to 0
end transfer from 0 to 1
start transfer from 0 to 1
start transfer from 1 to 0
end transfer from 0 to 1
start transfer from 0 to 1
end transfer from 0 to 1
end transfer from 1 to 0
start transfer from 0 to 1
end transfer from 0 to 1
start transfer from 0 to 1
start transfer from 1 to 0
end transfer from 0 to 1
start transfer from 0 to 1
end transfer from 1 to 0
end transfer from 0 to 1
start transfer from 0 to 1
start transfer from 1 to 0
end transfer from 0 to 1
start transfer from 0 to 1
end transfer from 0 to 1
end transfer from 1 to 0
start transfer from 0 to 1
end transfer from 0 to 1
start transfer from 1 to 0
start transfer from 0 to 1
end transfer from 0 to 1
start transfer from 0 to 1
end transfer from 1 to 0
end transfer from 0 to 1
start transfer from 1 to 0
start transfer from 0 to 1
end transfer from 0 to 1
end transfer from 1 to 0
start transfer from 0 to 1
start transfer from 1 to 0
end transfer from 0 to 1
start transfer from 0 to 1
end transfer from 0 to 1
end transfer from 1 to 0
start transfer from 0 to 1
end transfer from 0 to 1
start transfer from 1 to 0
start transfer from 0 to 1
end transfer from 0 to 1
end transfer from 1 to 0
start transfer from 0 to 1
end transfer from 0 to 1
start transfer from 1 to 0
start transfer from 0 to 1
end transfer from 0 to 1
end transfer from 1 to 0
start transfer from 0 to 1
end transfer from 0 to 1
start transfer from 0 to 1
start transfer from 1 to 0
end transfer from 0 to 1
start transfer from 0 to 1
end transfer from 0 to 1
end transfer from 1 to 0
start transfer from 0 to 1
end transfer from 0 to 1
start transfer from 0 to 1
start transfer from 1 to 0
end transfer from 0 to 1
start transfer from 0 to 1
end transfer from 0 to 1
end transfer from 1 to 0
start transfer from 0 to 1
end transfer from 0 to 1
start transfer from 0 to 1
start transfer from 1 to 0
end transfer from 0 to 1
start transfer from 0 to 1
end transfer from 1 to 0
end transfer from 0 to 1
start transfer from 0 to 1
end transfer from 0 to 1
start transfer from 1 to 0
start transfer from 0 to 1
end transfer from 0 to 1
start transfer from 0 to 1
end transfer from 1 to 0
end transfer from 0 to 1
start transfer from 0 to 1
end transfer from 0 to 1
start transfer from 1 to 0
start transfer from 0 to 1
end transfer from 1 to 0
end transfer from 0 to 1
start transfer from 1 to 0
start transfer from 0 to 1
end transfer from 0 to 1
end transfer from 1 to 0
start transfer from 0 to 1
end transfer from 0 to 1
start transfer from 1 to 0
start transfer from 0 to 1
end transfer from 1 to 0
end transfer from 0 to 1
start transfer from 1 to 0
start transfer from 0 to 1
end transfer from 0 to 1
end transfer from 1 to 0
start transfer from 0 to 1
start transfer from 1 to 0
end transfer from 0 to 1
end transfer from 1 to 0
start transfer from 0 to 1
start transfer from 1 to 0
end transfer from 1 to 0
end transfer from 0 to 1
start transfer from 1 to 0
start transfer from 0 to 1
end transfer from 1 to 0
start transfer from 1 to 0
end transfer from 0 to 1
start transfer from 0 to 1
end transfer from 1 to 0
end transfer from 0 to 1
start transfer from 1 to 0
end transfer from 1 to 0
start transfer from 0 to 1
start transfer from 1 to 0
end transfer from 1 to 0
end transfer from 0 to 1
start transfer from 1 to 0
start transfer from 0 to 1
end transfer from 0 to 1
end transfer from 1 to 0
start transfer from 0 to 1
start transfer from 1 to 0
end transfer from 0 to 1
start transfer from 0 to 1
end transfer from 1 to 0
end transfer from 0 to 1
start transfer from 0 to 1
start transfer from 1 to 0
end transfer from 0 to 1
end transfer from 1 to 0
start transfer from 0 to 1
start transfer from 1 to 0
end transfer from 0 to 1
end transfer from 1 to 0
start transfer from 0 to 1
start transfer from 1 to 0
end transfer from 0 to 1
end transfer from 1 to 0
start transfer from 0 to 1
start transfer from 1 to 0
end transfer from 1 to 0
start transfer from 1 to 0
end transfer from 0 to 1
end transfer from 1 to 0
start transfer from 0 to 1
start transfer from 1 to 0
end transfer from 1 to 0
start transfer from 1 to 0
end transfer from 0 to 1
end transfer from 1 to 0
start transfer from 0 to 1
start transfer from 1 to 0
end transfer from 0 to 1
end transfer from 1 to 0
start transfer from 1 to 0
end transfer from 1 to 0
start transfer from 1 to 0
start transfer from 0 to 1
end transfer from 1 to 0
end transfer from 0 to 1
start transfer from 0 to 1
start transfer from 1 to 0
end transfer from 0 to 1
start transfer from 0 to 1
end transfer from 1 to 0
end transfer from 0 to 1
start transfer from 1 to 0
start transfer from 0 to 1
end transfer from 1 to 0
end transfer from 0 to 1
start transfer from 1 to 0
start transfer from 0 to 1
end transfer from 0 to 1
end transfer from 1 to 0
start transfer from 0 to 1
start transfer from 1 to 0
end transfer from 0 to 1
end transfer from 1 to 0
start transfer from 1 to 0
start transfer from 0 to 1
end transfer from 0 to 1
end transfer from 1 to 0
start transfer from 0 to 1
start transfer from 1 to 0
end transfer from 1 to 0
end transfer from 0 to 1
start transfer from 0 to 1
end transfer from 0 to 1
start transfer from 0 to 1
end transfer from 0 to 1
start transfer from 0 to 1
end transfer from 0 to 1
start transfer from 0 to 1
end transfer from 0 to 1
start transfer from 0 to 1
start transfer from 1 to 0
end transfer from 1 to 0
end transfer from 0 to 1
start transfer from 0 to 1
start transfer from 1 to 0
end transfer from 0 to 1
start transfer from 0 to 1
end transfer from 1 to 0
end transfer from 0 to 1
start transfer from 1 to 0
start transfer from 0 to 1
end transfer from 1 to 0
end transfer from 0 to 1
start transfer from 1 to 0
start transfer from 0 to 1
end transfer from 1 to 0
end transfer from 0 to 1
start transfer from 1 to 0
start transfer from 0 to 1
end transfer from 0 to 1
end transfer from 1 to 0
start transfer from 0 to 1
start transfer from 1 to 0
end transfer from 0 to 1
end transfer from 1 to 0
start transfer from 0 to 1
start transfer from 1 to 0
end transfer from 0 to 1
end transfer from 1 to 0
start transfer from 0 to 1
end transfer from 0 to 1
start transfer from 1 to 0
start transfer from 0 to 1
end transfer from 1 to 0
end transfer from 0 to 1
start transfer from 1 to 0
start transfer from 0 to 1
end transfer from 0 to 1
end transfer from 1 to 0
start transfer from 0 to 1
start transfer from 1 to 0
end transfer from 0 to 1
start transfer from 0 to 1
end transfer from 1 to 0
end transfer from 0 to 1
start transfer from 1 to 0
start transfer from 0 to 1
end transfer from 1 to 0
end transfer from 0 to 1
start transfer from 1 to 0
end transfer from 1 to 0
start transfer from 0 to 1
start transfer from 1 to 0
end transfer from 1 to 0
end transfer from 0 to 1
start transfer from 1 to 0
end transfer from 1 to 0
start transfer from 0 to 1
start transfer from 1 to 0
end transfer from 0 to 1
end transfer from 1 to 0
start transfer from 0 to 1
start transfer from 1 to 0
end transfer from 0 to 1
end transfer from 1 to 0
start transfer from 0 to 1
start transfer from 1 to 0
end transfer from 0 to 1
start transfer from 0 to 1
end transfer from 1 to 0
end transfer from 0 to 1
start transfer from 1 to 0
start transfer from 0 to 1
end transfer from 1 to 0
end transfer from 0 to 1
start transfer from 1 to 0
start transfer from 0 to 1
end transfer from 1 to 0
end transfer from 0 to 1
start transfer from 1 to 0
start transfer from 0 to 1
end transfer from 1 to 0
end transfer from 0 to 1
start transfer from 1 to 0
start transfer from 0 to 1
end transfer from 1 to 0
end transfer from 0 to 1
start transfer from 0 to 1
start transfer from 1 to 0
end transfer from 0 to 1
end transfer from 1 to 0
start transfer from 0 to 1
start transfer from 1 to 0
end transfer from 0 to 1
start transfer from 0 to 1
end transfer from 0 to 1
end transfer from 1 to 0
start transfer from 0 to 1
end transfer from 0 to 1
start transfer from 0 to 1
start transfer from 1 to 0
end transfer from 0 to 1
start transfer from 0 to 1
end transfer from 1 to 0
end transfer from 0 to 1
start transfer from 0 to 1
start transfer from 1 to 0
end transfer from 1 to 0
start transfer from 1 to 0
end transfer from 0 to 1
end transfer from 1 to 0
start transfer from 1 to 0
start transfer from 0 to 1
end transfer from 1 to 0
end transfer from 0 to 1
start transfer from 1 to 0
start transfer from 0 to 1
end transfer from 1 to 0
end transfer from 0 to 1
start transfer from 1 to 0
start transfer from 0 to 1
end transfer from 1 to 0
end transfer from 0 to 1
start transfer from 0 to 1
start transfer from 1 to 0
end transfer from 0 to 1
end transfer from 1 to 0
start transfer from 0 to 1
start transfer from 1 to 0
end transfer from 0 to 1
end transfer from 1 to 0
start transfer from 0 to 1
start transfer from 1 to 0
end transfer from 0 to 1
end transfer from 1 to 0
start transfer from 0 to 1
start transfer from 1 to 0
end transfer from 0 to 1
end transfer from 1 to 0
start transfer from 0 to 1
start transfer from 1 to 0
end transfer from 0 to 1
end transfer from 1 to 0
start transfer from 0 to 1
start transfer from 1 to 0
end transfer from 0 to 1
end transfer from 1 to 0
start transfer from 0 to 1
end transfer from 0 to 1
start transfer from 1 to 0
start transfer from 0 to 1
end transfer from 1 to 0
end transfer from 0 to 1
start transfer from 1 to 0
start transfer from 0 to 1
end transfer from 1 to 0
end transfer from 0 to 1
start transfer from 0 to 1
start transfer from 1 to 0
end transfer from 0 to 1
end transfer from 1 to 0
start transfer from 0 to 1
start transfer from 1 to 0
end transfer from 0 to 1
end transfer from 1 to 0
start transfer from 0 to 1
start transfer from 1 to 0
end transfer from 0 to 1
start transfer from 0 to 1
end transfer from 1 to 0
end transfer from 0 to 1
start transfer from 1 to 0
start transfer from 0 to 1
end transfer from 1 to 0
end transfer from 0 to 1
start transfer from 1 to 0
start transfer from 0 to 1
end transfer from 1 to 0
end transfer from 0 to 1
start transfer from 1 to 0
start transfer from 0 to 1
end transfer from 1 to 0
end transfer from 0 to 1
start transfer from 0 to 1
start transfer from 1 to 0
end transfer from 0 to 1
end transfer from 1 to 0
start transfer from 0 to 1
start transfer from 1 to 0
end transfer from 0 to 1
end transfer from 1 to 0
start transfer from 0 to 1
start transfer from 1 to 0
end transfer from 0 to 1
start transfer from 0 to 1
end transfer from 1 to 0
end transfer from 0 to 1
start transfer from 1 to 0
start transfer from 0 to 1
end transfer from 1 to 0
start transfer from 1 to 0
end transfer from 0 to 1
end transfer from 1 to 0
start transfer from 1 to 0
start transfer from 0 to 1
end transfer from 1 to 0
end transfer from 0 to 1
start transfer from 1 to 0
end transfer from 1 to 0
start transfer from 0 to 1
start transfer from 1 to 0
end transfer from 0 to 1
end transfer from 1 to 0
start transfer from 1 to 0
start transfer from 0 to 1
end transfer from 1 to 0
start transfer from 1 to 0
end transfer from 1 to 0
start transfer from 1 to 0
end transfer from 1 to 0
start transfer from 1 to 0
end transfer from 1 to 0
start transfer from 1 to 0
end transfer from 0 to 1
end transfer from 1 to 0
start transfer from 0 to 1
start transfer from 1 to 0
end transfer from 0 to 1
end transfer from 1 to 0
start transfer from 0 to 1
start transfer from 1 to 0
end transfer from 0 to 1
end transfer from 1 to 0
start transfer from 0 to 1
start transfer from 1 to 0
end transfer from 0 to 1
end transfer from 1 to 0
start transfer from 0 to 1
start transfer from 1 to 0
end transfer from 0 to 1
end transfer from 1 to 0
start transfer from 0 to 1
start transfer from 1 to 0
end transfer from 0 to 1
end transfer from 1 to 0
start transfer from 0 to 1
start transfer from 1 to 0
end transfer from 0 to 1
start transfer from 0 to 1
end transfer from 0 to 1
end transfer from 1 to 0
start transfer from 0 to 1
end transfer from 0 to 1
start transfer from 1 to 0
start transfer from 0 to 1
end transfer from 1 to 0
end transfer from 0 to 1
start transfer from 1 to 0
start transfer from 0 to 1
end transfer from 1 to 0
end transfer from 0 to 1
start transfer from 1 to 0
start transfer from 0 to 1
end transfer from 1 to 0
end transfer from 0 to 1
start transfer from 1 to 0
start transfer from 0 to 1
end transfer from 1 to 0
end transfer from 0 to 1
start transfer from 1 to 0
start transfer from 0 to 1
end transfer from 1 to 0
end transfer from 0 to 1
start transfer from 1 to 0
start transfer from 0 to 1
end transfer from 1 to 0
end transfer from 0 to 1
start transfer from 1 to 0
start transfer from 0 to 1
end transfer from 0 to 1
end transfer from 1 to 0
start transfer from 0 to 1
start transfer from 1 to 0
end transfer from 0 to 1
end transfer from 1 to 0
start transfer from 0 to 1
start transfer from 1 to 0
end transfer from 0 to 1
end transfer from 1 to 0
start transfer from 0 to 1
start transfer from 1 to 0
end transfer from 0 to 1
end transfer from 1 to 0
start transfer from 0 to 1
start transfer from 1 to 0
end transfer from 0 to 1
end transfer from 1 to 0
start transfer from 0 to 1
end transfer from 0 to 1
start transfer from 1 to 0
start transfer from 0 to 1
end transfer from 0 to 1
end transfer from 1 to 0
start transfer from 0 to 1
end transfer from 0 to 1
start transfer from 1 to 0
end transfer from 1 to 0
start transfer from 1 to 0
start transfer from 0 to 1
end transfer from 1 to 0
end transfer from 0 to 1
start transfer from 1 to 0
start transfer from 0 to 1
end transfer from 1 to 0
end transfer from 0 to 1
start transfer from 0 to 1
start transfer from 1 to 0
end transfer from 1 to 0
end transfer from 0 to 1
start transfer from 1 to 0
end transfer from 1 to 0
start transfer from 1 to 0
end transfer from 1 to 0
start transfer from 0 to 1
start transfer from 1 to 0
end transfer from 1 to 0
start transfer from 1 to 0
end transfer from 1 to 0
start transfer from 1 to 0
end transfer from 0 to 1
end transfer from 1 to 0
start transfer from 0 to 1
start transfer from 1 to 0
end transfer from 1 to 0
start transfer from 1 to 0
end transfer from 0 to 1
end transfer from 1 to 0
start transfer from 1 to 0
start transfer from 0 to 1
end transfer from 1 to 0
start transfer from 1 to 0
end transfer from 0 to 1
end transfer from 1 to 0
start transfer from 1 to 0
end transfer from 1 to 0
start transfer from 1 to 0
end transfer from 1 to 0
start transfer from 1 to 0
start transfer from 0 to 1
end transfer from 1 to 0
start transfer from 1 to 0
end transfer from 1 to 0
start transfer from 1 to 0
end transfer from 1 to 0
start transfer from 1 to 0
end transfer from 1 to 0
start transfer from 1 to 0
end transfer from 1 to 0
start transfer from 1 to 0
end transfer from 1 to 0
start transfer from 1 to 0
end transfer from 1 to 0
start transfer from 1 to 0
end transfer from 0 to 1
end transfer from 1 to 0
start transfer from 1 to 0
end transfer from 1 to 0
start transfer from 1 to 0
end transfer from 1 to 0
start transfer from 1 to 0
end transfer from 1 to 0
start transfer from 0 to 1
start transfer from 1 to 0
end transfer from 1 to 0
start transfer from 1 to 0
end transfer from 1 to 0
start transfer from 1 to 0
end transfer from 1 to 0
start transfer from 1 to 0
end transfer from 1 to 0
start transfer from 1 to 0
end transfer from 1 to 0
start transfer from 1 to 0
end transfer from 1 to 0
start transfer from 1 to 0
end transfer from 0 to 1
end transfer from 1 to 0
start transfer from 1 to 0
end transfer from 1 to 0
start transfer from 1 to 0
end transfer from 1 to 0
start transfer from 1 to 0
end transfer from 1 to 0
start transfer from 1 to 0
end transfer from 1 to 0
start transfer from 1 to 0
start transfer from 0 to 1
end transfer from 1 to 0
start transfer from 1 to 0
end transfer from 1 to 0
start transfer from 1 to 0
end transfer from 1 to 0
start transfer from 1 to 0
end transfer from 1 to 0
start transfer from 1 to 0
end transfer from 1 to 0
start transfer from 1 to 0
end transfer from 1 to 0
start transfer from 1 to 0
end transfer from 1 to 0
start transfer from 1 to 0
end transfer from 1 to 0
start transfer from 1 to 0
end transfer from 1 to 0
end transfer from 0 to 1
start transfer from 1 to 0
end transfer from 1 to 0
start transfer from 1 to 0
end transfer from 1 to 0
start transfer from 1 to 0
end transfer from 1 to 0
start transfer from 1 to 0
end transfer from 1 to 0
start transfer from 1 to 0
end transfer from 1 to 0
start transfer from 1 to 0
end transfer from 1 to 0
start transfer from 1 to 0
start transfer from 0 to 1
end transfer from 1 to 0
start transfer from 1 to 0
end transfer from 1 to 0
start transfer from 1 to 0
end transfer from 0 to 1
end transfer from 1 to 0
start transfer from 0 to 1
start transfer from 1 to 0
end transfer from 0 to 1
start transfer from 0 to 1
end transfer from 1 to 0
start transfer from 1 to 0
end transfer from 1 to 0
end transfer from 0 to 1
start transfer from 1 to 0
start transfer from 0 to 1
end transfer from 1 to 0
start transfer from 1 to 0
end transfer from 1 to 0
start transfer from 1 to 0
end transfer from 1 to 0
start transfer from 1 to 0
end transfer from 0 to 1
end transfer from 1 to 0
start transfer from 1 to 0
end transfer from 1 to 0
start transfer from 1 to 0
start transfer from 0 to 1
end transfer from 1 to 0
start transfer from 1 to 0
end transfer from 1 to 0
start transfer from 1 to 0
end transfer from 1 to 0
start transfer from 1 to 0
end transfer from 0 to 1
end transfer from 1 to 0
start transfer from 1 to 0
end transfer from 1 to 0
start transfer from 1 to 0
end transfer from 1 to 0
start transfer from 0 to 1
start transfer from 1 to 0
end transfer from 1 to 0
start transfer from 1 to 0
end transfer from 1 to 0
start transfer from 1 to 0
end transfer from 0 to 1
end transfer from 1 to 0
start transfer from 1 to 0
end transfer from 1 to 0
start transfer from 0 to 1
start transfer from 1 to 0
end transfer from 1 to 0
start transfer from 1 to 0
end transfer from 1 to 0
start transfer from 1 to 0
end transfer from 1 to 0
end transfer from 0 to 1
start transfer from 1 to 0
start transfer from 0 to 1
end transfer from 0 to 1
end transfer from 1 to 0
start transfer from 0 to 1
start transfer from 1 to 0
end transfer from 0 to 1
end transfer from 1 to 0
start transfer from 0 to 1
start transfer from 1 to 0
end transfer from 0 to 1
end transfer from 1 to 0
start transfer from 0 to 1
start transfer from 1 to 0
end transfer from 0 to 1
end transfer from 1 to 0
start transfer from 0 to 1
start transfer from 1 to 0
end transfer from 0 to 1
end transfer from 1 to 0
start transfer from 0 to 1
start transfer from 1 to 0
end transfer from 0 to 1
end transfer from 1 to 0
start transfer from 0 to 1
start transfer from 1 to 0
end transfer from 0 to 1
end transfer from 1 to 0
start transfer from 0 to 1
start transfer from 1 to 0
end transfer from 0 to 1
end transfer from 1 to 0
start transfer from 0 to 1
start transfer from 1 to 0
end transfer from 1 to 0
start transfer from 1 to 0
end transfer from 1 to 0
end transfer from 0 to 1
start transfer from 1 to 0
end transfer from 1 to 0
start transfer from 1 to 0
end transfer from 1 to 0
start transfer from 1 to 0
end transfer from 1 to 0
start transfer from 1 to 0
end transfer from 1 to 0
start transfer from 1 to 0
end transfer from 1 to 0
start transfer from 1 to 0
end transfer from 1 to 0
start transfer from 1 to 0
end transfer from 1 to 0
start transfer from 0 to 1
start transfer from 1 to 0
end transfer from 1 to 0
end transfer from 0 to 1
start transfer from 1 to 0
start transfer from 0 to 1
end transfer from 1 to 0
end transfer from 0 to 1
start transfer from 1 to 0
end transfer from 1 to 0
start transfer from 1 to 0
end transfer from 1 to 0
start transfer from 0 to 1
end transfer from 0 to 1
start transfer from 1 to 0
start transfer from 0 to 1
end transfer from 1 to 0
end transfer from 0 to 1
start transfer from 1 to 0
start transfer from 0 to 1
end transfer from 1 to 0
end transfer from 0 to 1
start transfer from 1 to 0
start transfer from 0 to 1
end transfer from 1 to 0
end transfer from 0 to 1
start transfer from 1 to 0
start transfer from 0 to 1
end transfer from 1 to 0
end transfer from 0 to 1
start transfer from 1 to 0
start transfer from 0 to 1
end transfer from 1 to 0
end transfer from 0 to 1
start transfer from 0 to 1
start transfer from 1 to 0
end transfer from 0 to 1
end transfer from 1 to 0
start transfer from 0 to 1
start transfer from 1 to 0
end transfer from 0 to 1
end transfer from 1 to 0
start transfer from 0 to 1
end transfer from 0 to 1
start transfer from 1 to 0
start transfer from 0 to 1
end transfer from 1 to 0
end transfer from 0 to 1
start transfer from 1 to 0
start transfer from 0 to 1
end transfer from 1 to 0
end transfer from 0 to 1
start transfer from 1 to 0
start transfer from 0 to 1
end transfer from 1 to 0
end transfer from 0 to 1
start transfer from 0 to 1
start transfer from 1 to 0
end transfer from 0 to 1
end transfer from 1 to 0
start transfer from 0 to 1
start transfer from 1 to 0
end transfer from 0 to 1
start transfer from 0 to 1
end transfer from 1 to 0
end transfer from 0 to 1
start transfer from 1 to 0
start transfer from 0 to 1
end transfer from 1 to 0
end transfer from 0 to 1
start transfer from 1 to 0
start transfer from 0 to 1
end transfer from 1 to 0
end transfer from 0 to 1
start transfer from 0 to 1
start transfer from 1 to 0
end transfer from 0 to 1
end transfer from 1 to 0
start transfer from 0 to 1
end transfer from 0 to 1
start transfer from 1 to 0
start transfer from 0 to 1
end transfer from 1 to 0
end transfer from 0 to 1
start transfer from 1 to 0
start transfer from 0 to 1
end transfer from 0 to 1
end transfer from 1 to 0
start transfer from 1 to 0
start transfer from 0 to 1
end transfer from 1 to 0
end transfer from 0 to 1
start transfer from 1 to 0
start transfer from 0 to 1
end transfer from 1 to 0
end transfer from 0 to 1
start transfer from 1 to 0
start transfer from 0 to 1
end transfer from 1 to 0
end transfer from 0 to 1
start transfer from 1 to 0
start transfer from 0 to 1
end transfer from 1 to 0
end transfer from 0 to 1
start transfer from 1 to 0
start transfer from 0 to 1
end transfer from 1 to 0
end transfer from 0 to 1
start transfer from 1 to 0
start transfer from 0 to 1
end transfer from 1 to 0
end transfer from 0 to 1
start transfer from 0 to 1
start transfer from 1 to 0
end transfer from 0 to 1
end transfer from 1 to 0
start transfer from 0 to 1
start transfer from 1 to 0
end transfer from 0 to 1
end transfer from 1 to 0
start transfer from 0 to 1
end transfer from 0 to 1
start transfer from 1 to 0
start transfer from 0 to 1
end transfer from 1 to 0
end transfer from 0 to 1
start transfer from 1 to 0
start transfer from 0 to 1
end transfer from 0 to 1
end transfer from 1 to 0
start transfer from 0 to 1
start transfer from 1 to 0
end transfer from 0 to 1
end transfer from 1 to 0
start transfer from 0 to 1
start transfer from 1 to 0
end transfer from 0 to 1
end transfer from 1 to 0
start transfer from 0 to 1
start transfer from 1 to 0
end transfer from 0 to 1
end transfer from 1 to 0
start transfer from 0 to 1
start transfer from 1 to 0
end transfer from 0 to 1
start transfer from 0 to 1
end transfer from 1 to 0
end transfer from 0 to 1
start transfer from 1 to 0
start transfer from 0 to 1
end transfer from 0 to 1
end transfer from 1 to 0
start transfer from 0 to 1
start transfer from 1 to 0
end transfer from 0 to 1
end transfer from 1 to 0
start transfer from 0 to 1
start transfer from 1 to 0
end transfer from 0 to 1
end transfer from 1 to 0
start transfer from 0 to 1
start transfer from 1 to 0
end transfer from 0 to 1
start transfer from 0 to 1
end transfer from 1 to 0
end transfer from 0 to 1
start transfer from 1 to 0
start transfer from 0 to 1
end transfer from 0 to 1
end transfer from 1 to 0
start transfer from 0 to 1
end transfer from 0 to 1
start transfer from 1 to 0
start transfer from 0 to 1
end transfer from 1 to 0
end transfer from 0 to 1
start transfer from 1 to 0
start transfer from 0 to 1
end transfer from 0 to 1
end transfer from 1 to 0
start transfer from 0 to 1
end transfer from 0 to 1
start transfer from 1 to 0
start transfer from 0 to 1
end transfer from 1 to 0
end transfer from 0 to 1
start transfer from 1 to 0
start transfer from 0 to 1
end transfer from 1 to 0
end transfer from 0 to 1
start transfer from 1 to 0
start transfer from 0 to 1
end transfer from 0 to 1
end transfer from 1 to 0
start transfer from 0 to 1
start transfer from 1 to 0
end transfer from 0 to 1
end transfer from 1 to 0
start transfer from 0 to 1
start transfer from 1 to 0
end transfer from 0 to 1
end transfer from 1 to 0
start transfer from 0 to 1
start transfer from 1 to 0
end transfer from 1 to 0
end transfer from 0 to 1
start transfer from 1 to 0
start transfer from 0 to 1
end transfer from 1 to 0
end transfer from 0 to 1
start transfer from 1 to 0
start transfer from 0 to 1
end transfer from 1 to 0
end transfer from 0 to 1
start transfer from 1 to 0
start transfer from 0 to 1
end transfer from 1 to 0
end transfer from 0 to 1
start transfer from 1 to 0
start transfer from 0 to 1
end transfer from 1 to 0
end transfer from 0 to 1
start transfer from 1 to 0
start transfer from 0 to 1
end transfer from 0 to 1
end transfer from 1 to 0
start transfer from 1 to 0
end transfer from 1 to 0
start transfer from 0 to 1
start transfer from 1 to 0
end transfer from 0 to 1
end transfer from 1 to 0
start transfer from 0 to 1
start transfer from 1 to 0
end transfer from 0 to 1
end transfer from 1 to 0
start transfer from 0 to 1
end transfer from 0 to 1
start transfer from 1 to 0
start transfer from 0 to 1
end transfer from 1 to 0
end transfer from 0 to 1
start transfer from 1 to 0
start transfer from 0 to 1
end transfer from 1 to 0
end transfer from 0 to 1
start transfer from 1 to 0
start transfer from 0 to 1
end transfer from 0 to 1
start transfer from 0 to 1
end transfer from 0 to 1
end transfer from 1 to 0
start transfer from 0 to 1
end transfer from 0 to 1
start transfer from 1 to 0
start transfer from 0 to 1
end transfer from 1 to 0
end transfer from 0 to 1
start transfer from 1 to 0
start transfer from 0 to 1
end transfer from 1 to 0
end transfer from 0 to 1
start transfer from 1 to 0
start transfer from 0 to 1
end transfer from 1 to 0
end transfer from 0 to 1
start transfer from 1 to 0
start transfer from 0 to 1
end transfer from 0 to 1
end transfer from 1 to 0
start transfer from 0 to 1
start transfer from 1 to 0
end transfer from 0 to 1
end transfer from 1 to 0
start transfer from 0 to 1
start transfer from 1 to 0
end transfer from 0 to 1
end transfer from 1 to 0
start transfer from 0 to 1
end transfer from 0 to 1
start transfer from 1 to 0
start transfer from 0 to 1
end transfer from 1 to 0
end transfer from 0 to 1
start transfer from 1 to 0
start transfer from 0 to 1
end transfer from 1 to 0
end transfer from 0 to 1
start transfer from 1 to 0
start transfer from 0 to 1
end transfer from 1 to 0
end transfer from 0 to 1
start transfer from 1 to 0
start transfer from 0 to 1
end transfer from 1 to 0
start transfer from 1 to 0
end transfer from 0 to 1
end transfer from 1 to 0
start transfer from 0 to 1
start transfer from 1 to 0
end transfer from 1 to 0
end transfer from 0 to 1
start transfer from 0 to 1
start transfer from 1 to 0
end transfer from 0 to 1
end transfer from 1 to 0
start transfer from 0 to 1
start transfer from 1 to 0
end transfer from 0 to 1
end transfer from 1 to 0
start transfer from 0 to 1
end transfer from 0 to 1
start transfer from 1 to 0
start transfer from 0 to 1
end transfer from 1 to 0
end transfer from 0 to 1
start transfer from 1 to 0
start transfer from 0 to 1
end transfer from 1 to 0
end transfer from 0 to 1
start transfer from 1 to 0
start transfer from 0 to 1
end transfer from 1 to 0
start transfer from 1 to 0
end transfer from 0 to 1
end transfer from 1 to 0
start transfer from 0 to 1
start transfer from 1 to 0
end transfer from 0 to 1
end transfer from 1 to 0
start transfer from 0 to 1
start transfer from 1 to 0
end transfer from 0 to 1
end transfer from 1 to 0
start transfer from 0 to 1
end transfer from 0 to 1
start transfer from 1 to 0
start transfer from 0 to 1
end transfer from 1 to 0
end transfer from 0 to 1
start transfer from 1 to 0
start transfer from 0 to 1
end transfer from 0 to 1
end transfer from 1 to 0
start transfer from 0 to 1
end transfer from 0 to 1
start transfer from 1 to 0
start transfer from 0 to 1
end transfer from 0 to 1
end transfer from 1 to 0
start transfer from 0 to 1
start transfer from 1 to 0
end transfer from 0 to 1
start transfer from 0 to 1
end transfer from 0 to 1
end transfer from 1 to 0
start transfer from 0 to 1
start transfer from 1 to 0
end transfer from 0 to 1
start transfer from 0 to 1
end transfer from 1 to 0
end transfer from 0 to 1
start transfer from 0 to 1
start transfer from 1 to 0
end transfer from 0 to 1
start transfer from 0 to 1
end transfer from 0 to 1
start transfer from 0 to 1
end transfer from 1 to 0
end transfer from 0 to 1
start transfer from 1 to 0
start transfer from 0 to 1
end transfer from 0 to 1
end transfer from 1 to 0
start transfer from 0 to 1
end transfer from 0 to 1
start transfer from 0 to 1
end transfer from 0 to 1
start transfer from 0 to 1
start transfer from 1 to 0
end transfer from 0 to 1
start transfer from 0 to 1
end transfer from 0 to 1
end transfer from 1 to 0
start transfer from 0 to 1
start transfer from 1 to 0
end transfer from 0 to 1
end transfer from 1 to 0
start transfer from 0 to 1
end transfer from 0 to 1
start transfer from 1 to 0
start transfer from 0 to 1
end transfer from 1 to 0
end transfer from 0 to 1
start transfer from 0 to 1
start transfer from 1 to 0
end transfer from 0 to 1
start transfer from 0 to 1
end transfer from 0 to 1
end transfer from 1 to 0
start transfer from 0 to 1
end transfer from 0 to 1
start transfer from 0 to 1
start transfer from 1 to 0
end transfer from 0 to 1
start transfer from 0 to 1
end transfer from 1 to 0
end transfer from 0 to 1
start transfer from 0 to 1
end transfer from 0 to 1
start transfer from 1 to 0
start transfer from 0 to 1
end transfer from 0 to 1
start transfer from 0 to 1
end transfer from 1 to 0
end transfer from 0 to 1
start transfer from 0 to 1
end transfer from 0 to 1
start transfer from 1 to 0
start transfer from 0 to 1
end transfer from 1 to 0
end transfer from 0 to 1
start transfer from 0 to 1
start transfer from 1 to 0
end transfer from 0 to 1
start transfer from 0 to 1
end transfer from 1 to 0
end transfer from 0 to 1
start transfer from 0 to 1
start transfer from 1 to 0
end transfer from 0 to 1
start transfer from 0 to 1
end transfer from 0 to 1
end transfer from 1 to 0
start transfer from 0 to 1
end transfer from 0 to 1
start transfer from 1 to 0
start transfer from 0 to 1
end transfer from 0 to 1
start transfer from 0 to 1
end transfer from 0 to 1
end transfer from 1 to 0
start transfer from 0 to 1
start transfer from 1 to 0
end transfer from 0 to 1
start transfer from 0 to 1
end transfer from 1 to 0
start transfer from 1 to 0
end transfer from 0 to 1
start transfer from 0 to 1
end transfer from 1 to 0
end transfer from 0 to 1
start transfer from 0 to 1
start transfer from 1 to 0
end transfer from 0 to 1
start transfer from 0 to 1
end transfer from 1 to 0
end transfer from 0 to 1
start transfer from 1 to 0
start transfer from 0 to 1
end transfer from 0 to 1
end transfer from 1 to 0
start transfer from 0 to 1
start transfer from 1 to 0
end transfer from 0 to 1
start transfer from 0 to 1
end transfer from 1 to 0
end transfer from 0 to 1
start transfer from 1 to 0
start transfer from 0 to 1
end transfer from 1 to 0
end transfer from 0 to 1
start transfer from 0 to 1
start transfer from 1 to 0
end transfer from 0 to 1
start transfer from 0 to 1
end transfer from 1 to 0
end transfer from 0 to 1
start transfer from 0 to 1
start transfer from 1 to 0
end transfer from 0 to 1
start transfer from 0 to 1
end transfer from 1 to 0
end transfer from 0 to 1
start transfer from 1 to 0
start transfer from 0 to 1
end transfer from 0 to 1
end transfer from 1 to 0
start transfer from 0 to 1
start transfer from 1 to 0
end transfer from 0 to 1
end transfer from 1 to 0
start transfer from 0 to 1
start transfer from 1 to 0
end transfer from 0 to 1
end transfer from 1 to 0
start transfer from 1 to 0
start transfer from 0 to 1
end transfer from 1 to 0
end transfer from 0 to 1
start transfer from 1 to 0
start transfer from 0 to 1
end transfer from 1 to 0
end transfer from 0 to 1
start transfer from 1 to 0
end transfer from 1 to 0
start transfer from 0 to 1
end transfer from 0 to 1
start transfer from 1 to 0
start transfer from 0 to 1
end transfer from 1 to 0
end transfer from 0 to 1
start transfer from 1 to 0
start transfer from 0 to 1
end transfer from 0 to 1
end transfer from 1 to 0
start transfer from 1 to 0
start transfer from 0 to 1
end transfer from 1 to 0
end transfer from 0 to 1
start transfer from 1 to 0
start transfer from 0 to 1
end transfer from 0 to 1
end transfer from 1 to 0
start transfer from 0 to 1
start transfer from 1 to 0
end transfer from 0 to 1
end transfer from 1 to 0
start transfer from 0 to 1
start transfer from 1 to 0
end transfer from 1 to 0
end transfer from 0 to 1
start transfer from 0 to 1
start transfer from 1 to 0
end transfer from 1 to 0
end transfer from 0 to 1
start transfer from 0 to 1
start transfer from 1 to 0
end transfer from 0 to 1
end transfer from 1 to 0
start transfer from 0 to 1
start transfer from 1 to 0
end transfer from 1 to 0
end transfer from 0 to 1
start transfer from 1 to 0
start transfer from 0 to 1
end transfer from 1 to 0
end transfer from 0 to 1
start transfer from 1 to 0
start transfer from 0 to 1
end transfer from 0 to 1
end transfer from 1 to 0
start transfer from 0 to 1
start transfer from 1 to 0
end transfer from 0 to 1
end transfer from 1 to 0
start transfer from 0 to 1
start transfer from 1 to 0
end transfer from 0 to 1
end transfer from 1 to 0
start transfer from 0 to 1
start transfer from 1 to 0
end transfer from 1 to 0
end transfer from 0 to 1
start transfer from 0 to 1
start transfer from 1 to 0
end transfer from 0 to 1
end transfer from 1 to 0
start transfer from 0 to 1
start transfer from 1 to 0
end transfer from 0 to 1
end transfer from 1 to 0
start transfer from 0 to 1
start transfer from 1 to 0
end transfer from 0 to 1
end transfer from 1 to 0
start transfer from 0 to 1
start transfer from 1 to 0
end transfer from 1 to 0
end transfer from 0 to 1
start transfer from 1 to 0
start transfer from 0 to 1
end transfer from 0 to 1
end transfer from 1 to 0
start transfer from 0 to 1
start transfer from 1 to 0
end transfer from 0 to 1
end transfer from 1 to 0
start transfer from 0 to 1
start transfer from 1 to 0
end transfer from 1 to 0
end transfer from 0 to 1
start transfer from 0 to 1
start transfer from 1 to 0
end transfer from 1 to 0
end transfer from 0 to 1
start transfer from 0 to 1
end transfer from 0 to 1
start transfer from 0 to 1
start transfer from 1 to 0
end transfer from 0 to 1
end transfer from 1 to 0
start transfer from 0 to 1
start transfer from 1 to 0
end transfer from 1 to 0
start transfer from 1 to 0
end transfer from 0 to 1
end transfer from 1 to 0
start transfer from 0 to 1
start transfer from 1 to 0
end transfer from 0 to 1
end transfer from 1 to 0
start transfer from 0 to 1
start transfer from 1 to 0
end transfer from 0 to 1
end transfer from 1 to 0
start transfer from 0 to 1
start transfer from 1 to 0
end transfer from 1 to 0
end transfer from 0 to 1
start transfer from 1 to 0
start transfer from 0 to 1
end transfer from 1 to 0
start transfer from 1 to 0
end transfer from 0 to 1
end transfer from 1 to 0
start transfer from 0 to 1
start transfer from 1 to 0
end transfer from 0 to 1
end transfer from 1 to 0
start transfer from 0 to 1
start transfer from 1 to 0
end transfer from 0 to 1
end transfer from 1 to 0
start transfer from 0 to 1
start transfer from 1 to 0
end transfer from 1 to 0
end transfer from 0 to 1
start transfer from 1 to 0
start transfer from 0 to 1
end transfer from 1 to 0
end transfer from 0 to 1
start transfer from 1 to 0
start transfer from 0 to 1
end transfer from 1 to 0
end transfer from 0 to 1
start transfer from 1 to 0
start transfer from 0 to 1
end transfer from 1 to 0
start transfer from 1 to 0
end transfer from 0 to 1
end transfer from 1 to 0
start transfer from 0 to 1
start transfer from 1 to 0
end transfer from 0 to 1
start transfer from 0 to 1
end transfer from 0 to 1
end transfer from 1 to 0
start transfer from 0 to 1
start transfer from 1 to 0
end transfer from 1 to 0
start transfer from 1 to 0
end transfer from 1 to 0
end transfer from 0 to 1
start transfer from 1 to 0
end transfer from 1 to 0
start transfer from 1 to 0
end transfer from 1 to 0
start transfer from 1 to 0
start transfer from 0 to 1
end transfer from 1 to 0
end transfer from 0 to 1
start transfer from 0 to 1
start transfer from 1 to 0
end transfer from 0 to 1
end transfer from 1 to 0
start transfer from 0 to 1
end transfer from 0 to 1
start transfer from 1 to 0
start transfer from 0 to 1
end transfer from 1 to 0
end transfer from 0 to 1
start transfer from 0 to 1
start transfer from 1 to 0
end transfer from 0 to 1
end transfer from 1 to 0
start transfer from 1 to 0
start transfer from 0 to 1
end transfer from 0 to 1
end transfer from 1 to 0
start transfer from 0 to 1
end transfer from 0 to 1
start transfer from 1 to 0
start transfer from 0 to 1
end transfer from 0 to 1
end transfer from 1 to 0
start transfer from 0 to 1
start transfer from 1 to 0
end transfer from 0 to 1
end transfer from 1 to 0
start transfer from 1 to 0
start transfer from 0 to 1
end transfer from 1 to 0
end transfer from 0 to 1
start transfer from 0 to 1
start transfer from 1 to 0
end transfer from 0 to 1
end transfer from 1 to 0
start transfer from 0 to 1
start transfer from 1 to 0
end transfer from 0 to 1
end transfer from 1 to 0
start transfer from 0 to 1
end transfer from 0 to 1
start transfer from 1 to 0
start transfer from 0 to 1
end transfer from 1 to 0
end transfer from 0 to 1
start transfer from 0 to 1
end transfer from 0 to 1
start transfer from 0 to 1
end transfer from 0 to 1
start transfer from 0 to 1
end transfer from 0 to 1
start transfer from 0 to 1
end transfer from 0 to 1
start transfer from 0 to 1
end transfer from 0 to 1
start transfer from 0 to 1
end transfer from 0 to 1
start transfer from 0 to 1
end transfer from 0 to 1
start transfer from 0 to 1
end transfer from 0 to 1
start transfer from 0 to 1
end transfer from 0 to 1
start transfer from 0 to 1
end transfer from 0 to 1
start transfer from 0 to 1
end transfer from 0 to 1
start transfer from 0 to 1
end transfer from 0 to 1
start transfer from 0 to 1
end transfer from 0 to 1
start transfer from 0 to 1
end transfer from 0 to 1
start transfer from 0 to 1
end transfer from 0 to 1
start transfer from 0 to 1
end transfer from 0 to 1
start transfer from 0 to 1
end transfer from 0 to 1
start transfer from 0 to 1
end transfer from 0 to 1
start transfer from 0 to 1
end transfer from 0 to 1
start transfer from 0 to 1
end transfer from 0 to 1
start transfer from 0 to 1
end transfer from 0 to 1
start transfer from 0 to 1
end transfer from 0 to 1
start transfer from 0 to 1
end transfer from 0 to 1
start transfer from 0 to 1
end transfer from 0 to 1
start transfer from 0 to 1
end transfer from 0 to 1
start transfer from 0 to 1
end transfer from 0 to 1
start transfer from 1 to 0
start transfer from 0 to 1
end transfer from 0 to 1
end transfer from 1 to 0
start transfer from 0 to 1
start transfer from 1 to 0
end transfer from 0 to 1
start transfer from 0 to 1
end transfer from 0 to 1
end transfer from 1 to 0
start transfer from 0 to 1
end transfer from 0 to 1
start transfer from 0 to 1
end transfer from 0 to 1
start transfer from 0 to 1
end transfer from 0 to 1
start transfer from 0 to 1
start transfer from 1 to 0
end transfer from 1 to 0
end transfer from 0 to 1
start transfer from 1 to 0
start transfer from 0 to 1
end transfer from 0 to 1
start transfer from 0 to 1
end transfer from 1 to 0
end transfer from 0 to 1
start transfer from 0 to 1
end transfer from 0 to 1
start transfer from 0 to 1
end transfer from 0 to 1
start transfer from 0 to 1
start transfer from 1 to 0
end transfer from 0 to 1
end transfer from 1 to 0
start transfer from 0 to 1
end transfer from 0 to 1
start transfer from 1 to 0
start transfer from 0 to 1
end transfer from 1 to 0
end transfer from 0 to 1
start transfer from 1 to 0
start transfer from 0 to 1
end transfer from 1 to 0
end transfer from 0 to 1
start transfer from 1 to 0
start transfer from 0 to 1
end transfer from 1 to 0
end transfer from 0 to 1
start transfer from 1 to 0
start transfer from 0 to 1
end transfer from 1 to 0
end transfer from 0 to 1
start transfer from 1 to 0
start transfer from 0 to 1
end transfer from 1 to 0
end transfer from 0 to 1
start transfer from 1 to 0
start transfer from 0 to 1
end transfer from 1 to 0
end transfer from 0 to 1
start transfer from 1 to 0
start transfer from 0 to 1
end transfer from 1 to 0
end transfer from 0 to 1
start transfer from 0 to 1
start transfer from 1 to 0
end transfer from 0 to 1
end transfer from 1 to 0
start transfer from 0 to 1
start transfer from 1 to 0
end transfer from 0 to 1
end transfer from 1 to 0
start transfer from 0 to 1
end transfer from 0 to 1
start transfer from 1 to 0
start transfer from 0 to 1
end transfer from 0 to 1
end transfer from 1 to 0
start transfer from 0 to 1
start transfer from 1 to 0
end transfer from 0 to 1
end transfer from 1 to 0
start transfer from 0 to 1
start transfer from 1 to 0
end transfer from 1 to 0
end transfer from 0 to 1
start transfer from 1 to 0
start transfer from 0 to 1
end transfer from 1 to 0
end transfer from 0 to 1
start transfer from 1 to 0
start transfer from 0 to 1
end transfer from 0 to 1
end transfer from 1 to 0
start transfer from 1 to 0
start transfer from 0 to 1
end transfer from 1 to 0
end transfer from 0 to 1
start transfer from 0 to 1
start transfer from 1 to 0
end transfer from 0 to 1
end transfer from 1 to 0
start transfer from 0 to 1
start transfer from 1 to 0
end transfer from 0 to 1
end transfer from 1 to 0
start transfer from 0 to 1
start transfer from 1 to 0
end transfer from 0 to 1
end transfer from 1 to 0
start transfer from 0 to 1
start transfer from 1 to 0
end transfer from 0 to 1
end transfer from 1 to 0
start transfer from 0 to 1
start transfer from 1 to 0
end transfer from 0 to 1
end transfer from 1 to 0
start transfer from 0 to 1
start transfer from 1 to 0
end transfer from 0 to 1
end transfer from 1 to 0
start transfer from 0 to 1
start transfer from 1 to 0
end transfer from 0 to 1
end transfer from 1 to 0
start transfer from 0 to 1
end transfer from 0 to 1
start transfer from 0 to 1
start transfer from 1 to 0
end transfer from 0 to 1
end transfer from 1 to 0
start transfer from 0 to 1
start transfer from 1 to 0
end transfer from 0 to 1
end transfer from 1 to 0
start transfer from 0 to 1
start transfer from 1 to 0
end transfer from 0 to 1
end transfer from 1 to 0
start transfer from 1 to 0
start transfer from 0 to 1
end transfer from 0 to 1
end transfer from 1 to 0
start transfer from 0 to 1
start transfer from 1 to 0
end transfer from 0 to 1
end transfer from 1 to 0
start transfer from 0 to 1
start transfer from 1 to 0
end transfer from 0 to 1
end transfer from 1 to 0
start transfer from 0 to 1
start transfer from 1 to 0
end transfer from 0 to 1
end transfer from 1 to 0
start transfer from 0 to 1
start transfer from 1 to 0
end transfer from 0 to 1
end transfer from 1 to 0
start transfer from 0 to 1
start transfer from 1 to 0
end transfer from 0 to 1
end transfer from 1 to 0
start transfer from 0 to 1
end transfer from 0 to 1
start transfer from 1 to 0
start transfer from 0 to 1
end transfer from 0 to 1
end transfer from 1 to 0
start transfer from 0 to 1
end transfer from 0 to 1
start transfer from 1 to 0
start transfer from 0 to 1
end transfer from 1 to 0
end transfer from 0 to 1
start transfer from 1 to 0
start transfer from 0 to 1
end transfer from 1 to 0
end transfer from 0 to 1
start transfer from 1 to 0
end transfer from 1 to 0
start transfer from 0 to 1
start transfer from 1 to 0
end transfer from 1 to 0
start transfer from 1 to 0
end transfer from 0 to 1
end transfer from 1 to 0
start transfer from 1 to 0
end transfer from 1 to 0
start transfer from 0 to 1
start transfer from 1 to 0
end transfer from 1 to 0
end transfer from 0 to 1
start transfer from 1 to 0
end transfer from 1 to 0
start transfer from 0 to 1
start transfer from 1 to 0
end transfer from 1 to 0
start transfer from 1 to 0
end transfer from 0 to 1
end transfer from 1 to 0
start transfer from 0 to 1
start transfer from 1 to 0
end transfer from 1 to 0
end transfer from 0 to 1
start transfer from 1 to 0
end transfer from 1 to 0
start transfer from 1 to 0
start transfer from 0 to 1
end transfer from 1 to 0
start transfer from 1 to 0
end transfer from 0 to 1
end transfer from 1 to 0
start transfer from 1 to 0
start transfer from 0 to 1
end transfer from 1 to 0
start transfer from 1 to 0
end transfer from 0 to 1
end transfer from 1 to 0
start transfer from 1 to 0
end transfer from 1 to 0
start transfer from 0 to 1
start transfer from 1 to 0
end transfer from 1 to 0
end transfer from 0 to 1
start transfer from 1 to 0
end transfer from 1 to 0
start transfer from 0 to 1
start transfer from 1 to 0
end transfer from 1 to 0
end transfer from 0 to 1
start transfer from 1 to 0
end transfer from 1 to 0
start transfer from 1 to 0
start transfer from 0 to 1
end transfer from 1 to 0
start transfer from 1 to 0
end transfer from 0 to 1
end transfer from 1 to 0
start transfer from 1 to 0
start transfer from 0 to 1
end transfer from 1 to 0
end transfer from 0 to 1
start transfer from 1 to 0
end transfer from 1 to 0
start transfer from 0 to 1
start transfer from 1 to 0
end transfer from 1 to 0
end transfer from 0 to 1
start transfer from 1 to 0
end transfer from 1 to 0
start transfer from 0 to 1
start transfer from 1 to 0
end transfer from 1 to 0
end transfer from 0 to 1
start transfer from 1 to 0
end transfer from 1 to 0
start transfer from 0 to 1
start transfer from 1 to 0
end transfer from 1 to 0
start transfer from 1 to 0
end transfer from 0 to 1
end transfer from 1 to 0
start transfer from 1 to 0
start transfer from 0 to 1
end transfer from 1 to 0
start transfer from 1 to 0
end transfer from 1 to 0
end transfer from 0 to 1
start transfer from 1 to 0
end transfer from 1 to 0
start transfer from 1 to 0
start transfer from 0 to 1
end transfer from 1 to 0
start transfer from 1 to 0
end transfer from 0 to 1
end transfer from 1 to 0
start transfer from 1 to 0
end transfer from 1 to 0
start transfer from 1 to 0
start transfer from 0 to 1
end transfer from 1 to 0
start transfer from 1 to 0
end transfer from 0 to 1
start transfer from 0 to 1
end transfer from 1 to 0
end transfer from 0 to 1
start transfer from 1 to 0
start transfer from 0 to 1
end transfer from 1 to 0
start transfer from 1 to 0
end transfer from 0 to 1
end transfer from 1 to 0
start transfer from 1 to 0
start transfer from 0 to 1
end transfer from 1 to 0
start transfer from 1 to 0
end transfer from 0 to 1
start transfer from 0 to 1
end transfer from 1 to 0
end transfer from 0 to 1
start transfer from 0 to 1
start transfer from 1 to 0
end transfer from 0 to 1
end transfer from 1 to 0
start transfer from 0 to 1
start transfer from 1 to 0
end transfer from 0 to 1
end transfer from 1 to 0
start transfer from 0 to 1
end transfer from 0 to 1
start transfer from 1 to 0
start transfer from 0 to 1
end transfer from 1 to 0
end transfer from 0 to 1
start transfer from 1 to 0
end transfer from 1 to 0
start transfer from 1 to 0
start transfer from 0 to 1
end transfer from 1 to 0
end transfer from 0 to 1
start transfer from 1 to 0
start transfer from 0 to 1
end transfer from 0 to 1
end transfer from 1 to 0
start transfer from 0 to 1
start transfer from 1 to 0
end transfer from 0 to 1
end transfer from 1 to 0
start transfer from 0 to 1
start transfer from 1 to 0
end transfer from 0 to 1
end transfer from 1 to 0
start transfer from 0 to 1
end transfer from 0 to 1
start transfer from 1 to 0
start transfer from 0 to 1
end transfer from 1 to 0
end transfer from 0 to 1
start transfer from 0 to 1
start transfer from 1 to 0
end transfer from 0 to 1
start transfer from 0 to 1
end transfer from 1 to 0
end transfer from 0 to 1
start transfer from 0 to 1
start transfer from 1 to 0
end transfer from 0 to 1
end transfer from 1 to 0
start transfer from 0 to 1
start transfer from 1 to 0
end transfer from 1 to 0
end transfer from 0 to 1
start transfer from 1 to 0
start transfer from 0 to 1
end transfer from 1 to 0
end transfer from 0 to 1
start transfer from 1 to 0
start transfer from 0 to 1
end transfer from 0 to 1
end transfer from 1 to 0
start transfer from 0 to 1
start transfer from 1 to 0
end transfer from 0 to 1
end transfer from 1 to 0
start transfer from 0 to 1
start transfer from 1 to 0
end transfer from 1 to 0
end transfer from 0 to 1
start transfer from 1 to 0
start transfer from 0 to 1
end transfer from 0 to 1
start transfer from 0 to 1
end transfer from 1 to 0
end transfer from 0 to 1
start transfer from 1 to 0
start transfer from 0 to 1
end transfer from 1 to 0
start transfer from 1 to 0
end transfer from 0 to 1
end transfer from 1 to 0
start transfer from 0 to 1
start transfer from 1 to 0
end transfer from 0 to 1
end transfer from 1 to 0
start transfer from 1 to 0
start transfer from 0 to 1
end transfer from 1 to 0
start transfer from 1 to 0
end transfer from 0 to 1
end transfer from 1 to 0
start transfer from 0 to 1
start transfer from 1 to 0
end transfer from 1 to 0
start transfer from 1 to 0
end transfer from 1 to 0
end transfer from 0 to 1
start transfer from 1 to 0
start transfer from 0 to 1
end transfer from 1 to 0
end transfer from 0 to 1
start transfer from 1 to 0
start transfer from 0 to 1
end transfer from 1 to 0
end transfer from 0 to 1
start transfer from 1 to 0
start transfer from 0 to 1
end transfer from 1 to 0
end transfer from 0 to 1
start transfer from 1 to 0
start transfer from 0 to 1
end transfer from 1 to 0
start transfer from 1 to 0
end transfer from 0 to 1
end transfer from 1 to 0
start transfer from 0 to 1
start transfer from 1 to 0
end transfer from 1 to 0
end transfer from 0 to 1
start transfer from 1 to 0
start transfer from 0 to 1
end transfer from 1 to 0
start transfer from 1 to 0
end transfer from 0 to 1
end transfer from 1 to 0
start transfer from 1 to 0
start transfer from 0 to 1
end transfer from 1 to 0
end transfer from 0 to 1
start transfer from 1 to 0
start transfer from 0 to 1
end transfer from 1 to 0
end transfer from 0 to 1
start transfer from 1 to 0
start transfer from 0 to 1
end transfer from 1 to 0
end transfer from 0 to 1
start transfer from 1 to 0
end transfer from 1 to 0
start transfer from 0 to 1
start transfer from 1 to 0
end transfer from 1 to 0
end transfer from 0 to 1
start transfer from 1 to 0
end transfer from 1 to 0
start transfer from 0 to 1
start transfer from 1 to 0
end transfer from 1 to 0
end transfer from 0 to 1
start transfer from 1 to 0
end transfer from 1 to 0
start transfer from 1 to 0
start transfer from 0 to 1
end transfer from 1 to 0
start transfer from 1 to 0
end transfer from 1 to 0
start transfer from 1 to 0
end transfer from 1 to 0
start transfer from 1 to 0
end transfer from 1 to 0
start transfer from 1 to 0
end transfer from 1 to 0
start transfer from 1 to 0
end transfer from 1 to 0
start transfer from 1 to 0
end transfer from 1 to 0
start transfer from 1 to 0
end transfer from 1 to 0
start transfer from 1 to 0
end transfer from 1 to 0
start transfer from 1 to 0
end transfer from 0 to 1
end transfer from 1 to 0
start transfer from 0 to 1
start transfer from 1 to 0
end transfer from 0 to 1
end transfer from 1 to 0
start transfer from 0 to 1
start transfer from 1 to 0
end transfer from 1 to 0
end transfer from 0 to 1
start transfer from 1 to 0
end transfer from 1 to 0
start transfer from 0 to 1
start transfer from 1 to 0
end transfer from 0 to 1
end transfer from 1 to 0
start transfer from 0 to 1
start transfer from 1 to 0
end transfer from 0 to 1
end transfer from 1 to 0
start transfer from 0 to 1
start transfer from 1 to 0
end transfer from 0 to 1
end transfer from 1 to 0
start transfer from 1 to 0
start transfer from 0 to 1
end transfer from 1 to 0
end transfer from 0 to 1
start transfer from 1 to 0
start transfer from 0 to 1
end transfer from 1 to 0
start transfer from 1 to 0
end transfer from 0 to 1
end transfer from 1 to 0
start transfer from 0 to 1
start transfer from 1 to 0
end transfer from 0 to 1
end transfer from 1 to 0
start transfer from 0 to 1
start transfer from 1 to 0
end transfer from 0 to 1
end transfer from 1 to 0
start transfer from 0 to 1
start transfer from 1 to 0
end transfer from 0 to 1
end transfer from 1 to 0
start transfer from 0 to 1
end transfer from 0 to 1
start transfer from 1 to 0
start transfer from 0 to 1
end transfer from 1 to 0
start transfer from 1 to 0
end transfer from 0 to 1
end transfer from 1 to 0
start transfer from 1 to 0
start transfer from 0 to 1
end transfer from 1 to 0
end transfer from 0 to 1
start transfer from 1 to 0
start transfer from 0 to 1
end transfer from 1 to 0
end transfer from 0 to 1
start transfer from 1 to 0
end transfer from 1 to 0
start transfer from 0 to 1
start transfer from 1 to 0
end transfer from 0 to 1
end transfer from 1 to 0
start transfer from 0 to 1
start transfer from 1 to 0
end transfer from 1 to 0
end transfer from 0 to 1
start transfer from 1 to 0
start transfer from 0 to 1
end transfer from 1 to 0
end transfer from 0 to 1
start transfer from 1 to 0
start transfer from 0 to 1
end transfer from 1 to 0
end transfer from 0 to 1
start transfer from 1 to 0
end transfer from 1 to 0
start transfer from 0 to 1
start transfer from 1 to 0
end transfer from 1 to 0
start transfer from 1 to 0
end transfer from 0 to 1
end transfer from 1 to 0
start transfer from 0 to 1
end transfer from 0 to 1
start transfer from 1 to 0
start transfer from 0 to 1
end transfer from 1 to 0
end transfer from 0 to 1
start transfer from 1 to 0
start transfer from 0 to 1
end transfer from 1 to 0
end transfer from 0 to 1
start transfer from 1 to 0
start transfer from 0 to 1
end transfer from 1 to 0
start transfer from 1 to 0
end transfer from 0 to 1
end transfer from 1 to 0
start transfer from 0 to 1
start transfer from 1 to 0
end transfer from 0 to 1
end transfer from 1 to 0
start transfer from 0 to 1
start transfer from 1 to 0
end transfer from 0 to 1
end transfer from 1 to 0
start transfer from 0 to 1
start transfer from 1 to 0
end transfer from 0 to 1
end transfer from 1 to 0
start transfer from 0 to 1
start transfer from 1 to 0
end transfer from 0 to 1
end transfer from 1 to 0
start transfer from 0 to 1
start transfer from 1 to 0
end transfer from 1 to 0
start transfer from 1 to 0
end transfer from 0 to 1
end transfer from 1 to 0
start transfer from 1 to 0
start transfer from 0 to 1
end transfer from 1 to 0
start transfer from 1 to 0
end transfer from 0 to 1
end transfer from 1 to 0
start transfer from 1 to 0
start transfer from 0 to 1
end transfer from 1 to 0
end transfer from 0 to 1
start transfer from 1 to 0
end transfer from 1 to 0
start transfer from 0 to 1
start transfer from 1 to 0
end transfer from 0 to 1
end transfer from 1 to 0
start transfer from 0 to 1
end transfer from 0 to 1
start transfer from 1 to 0
end transfer from 1 to 0
start transfer from 1 to 0
end transfer from 1 to 0
start transfer from 1 to 0
end transfer from 1 to 0
start transfer from 1 to 0
end transfer from 1 to 0
start transfer from 0 to 1
start transfer from 1 to 0
end transfer from 1 to 0
end transfer from 0 to 1
start transfer from 1 to 0
start transfer from 0 to 1
end transfer from 1 to 0
start transfer from 1 to 0
end transfer from 0 to 1
end transfer from 1 to 0
start transfer from 1 to 0
end transfer from 1 to 0
start transfer from 1 to 0
end transfer from 1 to 0
start transfer from 0 to 1
start transfer from 1 to 0
end transfer from 0 to 1
end transfer from 1 to 0
start transfer from 0 to 1
start transfer from 1 to 0
end transfer from 1 to 0
start transfer from 1 to 0
end transfer from 1 to 0
start transfer from 1 to 0
end transfer from 1 to 0
start transfer from 1 to 0
end transfer from 0 to 1
end transfer from 1 to 0
start transfer from 0 to 1
end transfer from 0 to 1
start transfer from 0 to 1
start transfer from 1 to 0
end transfer from 0 to 1
start transfer from 0 to 1
end transfer from 0 to 1
start transfer from 0 to 1
end transfer from 0 to 1
end transfer from 1 to 0
start transfer from 0 to 1
end transfer from 0 to 1
start transfer from 0 to 1
end transfer from 0 to 1
start transfer from 0 to 1
end transfer from 0 to 1
start transfer from 0 to 1
end transfer from 0 to 1
start transfer from 0 to 1
end transfer from 0 to 1
start transfer from 0 to 1
end transfer from 0 to 1
start transfer from 1 to 0
start transfer from 0 to 1
end transfer from 1 to 0
end transfer from 0 to 1
start transfer from 1 to 0
end transfer from 1 to 0
start transfer from 1 to 0
start transfer from 0 to 1
end transfer from 1 to 0
start transfer from 1 to 0
end transfer from 1 to 0
end transfer from 0 to 1
start transfer from 1 to 0
start transfer from 0 to 1
end transfer from 1 to 0
end transfer from 0 to 1
start transfer from 1 to 0
start transfer from 0 to 1
end transfer from 1 to 0
start transfer from 1 to 0
end transfer from 0 to 1
end transfer from 1 to 0
start transfer from 1 to 0
start transfer from 0 to 1
end transfer from 1 to 0
start transfer from 1 to 0
end transfer from 0 to 1
end transfer from 1 to 0
start transfer from 0 to 1
start transfer from 1 to 0
end transfer from 0 to 1
end transfer from 1 to 0
start transfer from 0 to 1
start transfer from 1 to 0
end transfer from 1 to 0
end transfer from 0 to 1
start transfer from 1 to 0
start transfer from 0 to 1
end transfer from 1 to 0
end transfer from 0 to 1
start transfer from 1 to 0
start transfer from 0 to 1
end transfer from 1 to 0
end transfer from 0 to 1
start transfer from 1 to 0
end transfer from 1 to 0
start transfer from 1 to 0
start transfer from 0 to 1
end transfer from 1 to 0
end transfer from 0 to 1
start transfer from 1 to 0
start transfer from 0 to 1
end transfer from 1 to 0
start transfer from 1 to 0
end transfer from 1 to 0
end transfer from 0 to 1
start transfer from 1 to 0
end transfer from 1 to 0
start transfer from 0 to 1
start transfer from 1 to 0
end transfer from 1 to 0
start transfer from 1 to 0
end transfer from 0 to 1
end transfer from 1 to 0
start transfer from 1 to 0
end transfer from 1 to 0
start transfer from 0 to 1
start transfer from 1 to 0
end transfer from 1 to 0
start transfer from 1 to 0
end transfer from 0 to 1
end transfer from 1 to 0
start transfer from 1 to 0
start transfer from 0 to 1
end transfer from 1 to 0
start transfer from 1 to 0
end transfer from 1 to 0
end transfer from 0 to 1
start transfer from 1 to 0
end transfer from 1 to 0
start transfer from 0 to 1
start transfer from 1 to 0
end transfer from 0 to 1
end transfer from 1 to 0
start transfer from 1 to 0
start transfer from 0 to 1
end transfer from 1 to 0
start transfer from 1 to 0
end transfer from 0 to 1
end transfer from 1 to 0
start transfer from 1 to 0
end transfer from 1 to 0
start transfer from 0 to 1
start transfer from 1 to 0
end transfer from 1 to 0
start transfer from 1 to 0
end transfer from 0 to 1
end transfer from 1 to 0
start transfer from 1 to 0
start transfer from 0 to 1
end transfer from 1 to 0
start transfer from 1 to 0
end transfer from 1 to 0
start transfer from 1 to 0
end transfer from 0 to 1
end transfer from 1 to 0
start transfer from 1 to 0
start transfer from 0 to 1
end transfer from 1 to 0
start transfer from 1 to 0
end transfer from 1 to 0
end transfer from 0 to 1
start transfer from 1 to 0
end transfer from 1 to 0
start transfer from 0 to 1
start transfer from 1 to 0
end transfer from 1 to 0
start transfer from 1 to 0
end transfer from 0 to 1
start transfer from 0 to 1
end transfer from 1 to 0
end transfer from 0 to 1
start transfer from 0 to 1
start transfer from 1 to 0
end transfer from 0 to 1
start transfer from 0 to 1
end transfer from 1 to 0
end transfer from 0 to 1
start transfer from 0 to 1
end transfer from 0 to 1
start transfer from 1 to 0
start transfer from 0 to 1
end transfer from 0 to 1
start transfer from 0 to 1
end transfer from 1 to 0
end transfer from 0 to 1
start transfer from 0 to 1
start transfer from 1 to 0
end transfer from 0 to 1
start transfer from 0 to 1
end transfer from 0 to 1
start transfer from 0 to 1
end transfer from 1 to 0
end transfer from 0 to 1
start transfer from 1 to 0
start transfer from 0 to 1
end transfer from 0 to 1
start transfer from 0 to 1
end transfer from 1 to 0
end transfer from 0 to 1
start transfer from 1 to 0
start transfer from 0 to 1
end transfer from 0 to 1
end transfer from 1 to 0
start transfer from 0 to 1
start transfer from 1 to 0
end transfer from 0 to 1
end transfer from 1 to 0
start transfer from 0 to 1
start transfer from 1 to 0
end transfer from 1 to 0
end transfer from 0 to 1
start transfer from 0 to 1
start transfer from 1 to 0
end transfer from 0 to 1
start transfer from 0 to 1
end transfer from 1 to 0
end transfer from 0 to 1
start transfer from 0 to 1
start transfer from 1 to 0
end transfer from 0 to 1
end transfer from 1 to 0
start transfer from 0 to 1
start transfer from 1 to 0
end transfer from 0 to 1
end transfer from 1 to 0
start transfer from 0 to 1
start transfer from 1 to 0
end transfer from 0 to 1
end transfer from 1 to 0
start transfer from 0 to 1
start transfer from 1 to 0
end transfer from 0 to 1
start transfer from 0 to 1
end transfer from 1 to 0
end transfer from 0 to 1
start transfer from 1 to 0
start transfer from 0 to 1
end transfer from 0 to 1
end transfer from 1 to 0
start transfer from 0 to 1
start transfer from 1 to 0
end transfer from 0 to 1
end transfer from 1 to 0
start transfer from 0 to 1
end transfer from 0 to 1
start transfer from 1 to 0
start transfer from 0 to 1
end transfer from 1 to 0
end transfer from 0 to 1
start transfer from 1 to 0
start transfer from 0 to 1
end transfer from 0 to 1
end transfer from 1 to 0
start transfer from 1 to 0
start transfer from 0 to 1
end transfer from 1 to 0
end transfer from 0 to 1
start transfer from 1 to 0
end transfer from 1 to 0
start transfer from 0 to 1
start transfer from 1 to 0
end transfer from 0 to 1
end transfer from 1 to 0
start transfer from 0 to 1
start transfer from 1 to 0
end transfer from 0 to 1
end transfer from 1 to 0
start transfer from 0 to 1
start transfer from 1 to 0
end transfer from 0 to 1
end transfer from 1 to 0
start transfer from 0 to 1
start transfer from 1 to 0
end transfer from 1 to 0
end transfer from 0 to 1
start transfer from 1 to 0
start transfer from 0 to 1
end transfer from 1 to 0
end transfer from 0 to 1
start transfer from 1 to 0
end transfer from 1 to 0
start transfer from 0 to 1
start transfer from 1 to 0
end transfer from 0 to 1
end transfer from 1 to 0
start transfer from 0 to 1
start transfer from 1 to 0
end transfer from 0 to 1
end transfer from 1 to 0
start transfer from 0 to 1
start transfer from 1 to 0
end transfer from 0 to 1
end transfer from 1 to 0
start transfer from 0 to 1
start transfer from 1 to 0
end transfer from 0 to 1
end transfer from 1 to 0
start transfer from 0 to 1
start transfer from 1 to 0
end transfer from 1 to 0
end transfer from 0 to 1
start transfer from 1 to 0
start transfer from 0 to 1
end transfer from 1 to 0
end transfer from 0 to 1
start transfer from 1 to 0
start transfer from 0 to 1
end transfer from 1 to 0
start transfer from 1 to 0
end transfer from 0 to 1
end transfer from 1 to 0
start transfer from 0 to 1
start transfer from 1 to 0
end transfer from 0 to 1
end transfer from 1 to 0
start transfer from 0 to 1
start transfer from 1 to 0
end transfer from 0 to 1
end transfer from 1 to 0
start transfer from 0 to 1
end transfer from 0 to 1
start transfer from 1 to 0
start transfer from 0 to 1
end transfer from 0 to 1
end transfer from 1 to 0
start transfer from 1 to 0
start transfer from 0 to 1
end transfer from 1 to 0
start transfer from 1 to 0
end transfer from 0 to 1
end transfer from 1 to 0
start transfer from 0 to 1
start transfer from 1 to 0
end transfer from 0 to 1
end transfer from 1 to 0
start transfer from 0 to 1
start transfer from 1 to 0
end transfer from 0 to 1
end transfer from 1 to 0
start transfer from 0 to 1
end transfer from 0 to 1
start transfer from 1 to 0
start transfer from 0 to 1
end transfer from 1 to 0
end transfer from 0 to 1
start transfer from 1 to 0
end transfer from 1 to 0
start transfer from 1 to 0
start transfer from 0 to 1
end transfer from 1 to 0
end transfer from 0 to 1
start transfer from 1 to 0
start transfer from 0 to 1
end transfer from 1 to 0
end transfer from 0 to 1
start transfer from 0 to 1
start transfer from 1 to 0
end transfer from 0 to 1
end transfer from 1 to 0
start transfer from 0 to 1
start transfer from 1 to 0
end transfer from 0 to 1
start transfer from 0 to 1
end transfer from 1 to 0
start transfer from 1 to 0
end transfer from 0 to 1
end transfer from 1 to 0
start transfer from 1 to 0
start transfer from 0 to 1
end transfer from 1 to 0
start transfer from 1 to 0
end transfer from 0 to 1
start transfer from 0 to 1
end transfer from 1 to 0
start transfer from 1 to 0
end transfer from 0 to 1
end transfer from 1 to 0
start transfer from 0 to 1
start transfer from 1 to 0
end transfer from 0 to 1
end transfer from 1 to 0
start transfer from 0 to 1
start transfer from 1 to 0
end transfer from 0 to 1
end transfer from 1 to 0
start transfer from 0 to 1
start transfer from 1 to 0
end transfer from 0 to 1
end transfer from 1 to 0
start transfer from 0 to 1
start transfer from 1 to 0
end transfer from 0 to 1
end transfer from 1 to 0
start transfer from 1 to 0
start transfer from 0 to 1
end transfer from 1 to 0
end transfer from 0 to 1
start transfer from 1 to 0
start transfer from 0 to 1
end transfer from 1 to 0
end transfer from 0 to 1
start transfer from 0 to 1
start transfer from 1 to 0
end transfer from 0 to 1
end transfer from 1 to 0
start transfer from 0 to 1
start transfer from 1 to 0
end transfer from 0 to 1
start transfer from 0 to 1
end transfer from 1 to 0
end transfer from 0 to 1
start transfer from 1 to 0
start transfer from 0 to 1
end transfer from 1 to 0
end transfer from 0 to 1
start transfer from 1 to 0
start transfer from 0 to 1
end transfer from 0 to 1
start transfer from 0 to 1
end transfer from 0 to 1
end transfer from 1 to 0
start transfer from 0 to 1
start transfer from 1 to 0
end transfer from 1 to 0
end transfer from 0 to 1
start transfer from 1 to 0
start transfer from 0 to 1
end transfer from 1 to 0
end transfer from 0 to 1
start transfer from 1 to 0
start transfer from 0 to 1
end transfer from 1 to 0
end transfer from 0 to 1
start transfer from 1 to 0
start transfer from 0 to 1
end transfer from 0 to 1
end transfer from 1 to 0
start transfer from 1 to 0
start transfer from 0 to 1
end transfer from 1 to 0
end transfer from 0 to 1
start transfer from 1 to 0
start transfer from 0 to 1
end transfer from 1 to 0
end transfer from 0 to 1
start transfer from 1 to 0
start transfer from 0 to 1
end transfer from 1 to 0
end transfer from 0 to 1
start transfer from 1 to 0
start transfer from 0 to 1
end transfer from 1 to 0
end transfer from 0 to 1
start transfer from 0 to 1
start transfer from 1 to 0
end transfer from 0 to 1
end transfer from 1 to 0
start transfer from 0 to 1
start transfer from 1 to 0
end transfer from 0 to 1
start transfer from 0 to 1
end transfer from 1 to 0
end transfer from 0 to 1
start transfer from 1 to 0
start transfer from 0 to 1
end transfer from 0 to 1
end transfer from 1 to 0
start transfer from 0 to 1
start transfer from 1 to 0
end transfer from 0 to 1
end transfer from 1 to 0
start transfer from 1 to 0
start transfer from 0 to 1
end transfer from 1 to 0
end transfer from 0 to 1
start transfer from 1 to 0
start transfer from 0 to 1
end transfer from 1 to 0
start transfer from 1 to 0
end transfer from 0 to 1
end transfer from 1 to 0
start transfer from 0 to 1
start transfer from 1 to 0
end transfer from 0 to 1
end transfer from 1 to 0
start transfer from 1 to 0
start transfer from 0 to 1
end transfer from 1 to 0
start transfer from 1 to 0
end transfer from 1 to 0
end transfer from 0 to 1
start transfer from 1 to 0
end transfer from 1 to 0
start transfer from 0 to 1
start transfer from 1 to 0
end transfer from 1 to 0
end transfer from 0 to 1
start transfer from 1 to 0
end transfer from 1 to 0
start transfer from 1 to 0
start transfer from 0 to 1
end transfer from 0 to 1
end transfer from 1 to 0
start transfer from 0 to 1
start transfer from 1 to 0
end transfer from 1 to 0
end transfer from 0 to 1
start transfer from 1 to 0
start transfer from 0 to 1
end transfer from 1 to 0
end transfer from 0 to 1
start transfer from 1 to 0
start transfer from 0 to 1
end transfer from 1 to 0
end transfer from 0 to 1
start transfer from 0 to 1
start transfer from 1 to 0
end transfer from 1 to 0
end transfer from 0 to 1
start transfer from 0 to 1
start transfer from 1 to 0
end transfer from 1 to 0
end transfer from 0 to 1
start transfer from 1 to 0
start transfer from 0 to 1
end transfer from 0 to 1
start transfer from 0 to 1
end transfer from 0 to 1
start transfer from 0 to 1
end transfer from 0 to 1
start transfer from 0 to 1
end transfer from 0 to 1
start transfer from 0 to 1
end transfer from 0 to 1
start transfer from 0 to 1
end transfer from 1 to 0
end transfer from 0 to 1
start transfer from 1 to 0
start transfer from 0 to 1
end transfer from 0 to 1
end transfer from 1 to 0
start transfer from 0 to 1
start transfer from 1 to 0
end transfer from 0 to 1
end transfer from 1 to 0
start transfer from 0 to 1
start transfer from 1 to 0
end transfer from 0 to 1
end transfer from 1 to 0
start transfer from 0 to 1
end transfer from 0 to 1
start transfer from 1 to 0
start transfer from 0 to 1
end transfer from 1 to 0
end transfer from 0 to 1
start transfer from 1 to 0
start transfer from 0 to 1
end transfer from 1 to 0
end transfer from 0 to 1
start transfer from 0 to 1
start transfer from 1 to 0
end transfer from 0 to 1
end transfer from 1 to 0
start transfer from 0 to 1
start transfer from 1 to 0
end transfer from 0 to 1
start transfer from 0 to 1
end transfer from 1 to 0
end transfer from 0 to 1
start transfer from 0 to 1
start transfer from 1 to 0
end transfer from 0 to 1
end transfer from 1 to 0
start transfer from 0 to 1
end transfer from 0 to 1
start transfer from 1 to 0
start transfer from 0 to 1
end transfer from 1 to 0
end transfer from 0 to 1
start transfer from 1 to 0
end transfer from 1 to 0
start transfer from 0 to 1
start transfer from 1 to 0
end transfer from 0 to 1
end transfer from 1 to 0
start transfer from 0 to 1
start transfer from 1 to 0
end transfer from 0 to 1
end transfer from 1 to 0
start transfer from 0 to 1
start transfer from 1 to 0
end transfer from 1 to 0
end transfer from 0 to 1
start transfer from 0 to 1
start transfer from 1 to 0
end transfer from 0 to 1
end transfer from 1 to 0
start transfer from 0 to 1
start transfer from 1 to 0
end transfer from 0 to 1
start transfer from 0 to 1
end transfer from 1 to 0
end transfer from 0 to 1
start transfer from 1 to 0
start transfer from 0 to 1
end transfer from 1 to 0
end transfer from 0 to 1
start transfer from 1 to 0
start transfer from 0 to 1
end transfer from 1 to 0
end transfer from 0 to 1
start transfer from 0 to 1
start transfer from 1 to 0
end transfer from 0 to 1
end transfer from 1 to 0
start transfer from 0 to 1
start transfer from 1 to 0
end transfer from 0 to 1
start transfer from 0 to 1
end transfer from 1 to 0
end transfer from 0 to 1
start transfer from 1 to 0
start transfer from 0 to 1
end transfer from 0 to 1
end transfer from 1 to 0
start transfer from 0 to 1
start transfer from 1 to 0
end transfer from 0 to 1
end transfer from 1 to 0
start transfer from 0 to 1
start transfer from 1 to 0
end transfer from 0 to 1
start transfer from 0 to 1
end transfer from 1 to 0
end transfer from 0 to 1
start transfer from 1 to 0
start transfer from 0 to 1
end transfer from 1 to 0
end transfer from 0 to 1
start transfer from 0 to 1
start transfer from 1 to 0
end transfer from 0 to 1
end transfer from 1 to 0
start transfer from 0 to 1
start transfer from 1 to 0
end transfer from 0 to 1
end transfer from 1 to 0
start transfer from 0 to 1
start transfer from 1 to 0
end transfer from 0 to 1
start transfer from 0 to 1
end transfer from 0 to 1
start transfer from 0 to 1
end transfer from 0 to 1
start transfer from 0 to 1
end transfer from 0 to 1
start transfer from 0 to 1
end transfer from 1 to 0
end transfer from 0 to 1
start transfer from 0 to 1
end transfer from 0 to 1
start transfer from 0 to 1
end transfer from 0 to 1
start transfer from 0 to 1
start transfer from 1 to 0
end transfer from 0 to 1
start transfer from 0 to 1
end transfer from 0 to 1
start transfer from 0 to 1
end transfer from 0 to 1
end transfer from 1 to 0
start transfer from 0 to 1
start transfer from 1 to 0
end transfer from 0 to 1
end transfer from 1 to 0
start transfer from 0 to 1
start transfer from 1 to 0
end transfer from 0 to 1
end transfer from 1 to 0
start transfer from 0 to 1
start transfer from 1 to 0
end transfer from 0 to 1
end transfer from 1 to 0
start transfer from 0 to 1
end transfer from 0 to 1
start transfer from 0 to 1
end transfer from 0 to 1
start transfer from 1 to 0
start transfer from 0 to 1
end transfer from 1 to 0
end transfer from 0 to 1
start transfer from 0 to 1
start transfer from 1 to 0
end transfer from 0 to 1
end transfer from 1 to 0
start transfer from 1 to 0
start transfer from 0 to 1
end transfer from 1 to 0
start transfer from 1 to 0
end transfer from 1 to 0
end transfer from 0 to 1
start transfer from 1 to 0
start transfer from 0 to 1
end transfer from 1 to 0
start transfer from 1 to 0
end transfer from 1 to 0
start transfer from 1 to 0
end transfer from 0 to 1
end transfer from 1 to 0
start transfer from 0 to 1
start transfer from 1 to 0
end transfer from 1 to 0
start transfer from 1 to 0
end transfer from 1 to 0
end transfer from 0 to 1
start transfer from 1 to 0
start transfer from 0 to 1
end transfer from 1 to 0
start transfer from 1 to 0
end transfer from 1 to 0
start transfer from 1 to 0
end transfer from 0 to 1
end transfer from 1 to 0
start transfer from 1 to 0
start transfer from 0 to 1
end transfer from 1 to 0
start transfer from 1 to 0
end transfer from 1 to 0
end transfer from 0 to 1
start transfer from 1 to 0
end transfer from 1 to 0
start transfer from 0 to 1
start transfer from 1 to 0
end transfer from 1 to 0
start transfer from 1 to 0
end transfer from 0 to 1
end transfer from 1 to 0
start transfer from 1 to 0
start transfer from 0 to 1
end transfer from 1 to 0
start transfer from 1 to 0
end transfer from 0 to 1
end transfer from 1 to 0
start transfer from 1 to 0
end transfer from 1 to 0
start transfer from 0 to 1
start transfer from 1 to 0
end transfer from 1 to 0
end transfer from 0 to 1
start transfer from 1 to 0
end transfer from 1 to 0
start transfer from 1 to 0
start transfer from 0 to 1
end transfer from 1 to 0
start transfer from 1 to 0
end transfer from 0 to 1
end transfer from 1 to 0
start transfer from 1 to 0
end transfer from 1 to 0
start transfer from 0 to 1
start transfer from 1 to 0
end transfer from 1 to 0
start transfer from 1 to 0
end transfer from 1 to 0
end transfer from 0 to 1
start transfer from 1 to 0
end transfer from 1 to 0
start transfer from 0 to 1
start transfer from 1 to 0
end transfer from 0 to 1
end transfer from 1 to 0
start transfer from 1 to 0
end transfer from 1 to 0
start transfer from 0 to 1
start transfer from 1 to 0
end transfer from 1 to 0
start transfer from 1 to 0
end transfer from 0 to 1
end transfer from 1 to 0
start transfer from 0 to 1
start transfer from 1 to 0
end transfer from 0 to 1
start transfer from 0 to 1
end transfer from 0 to 1
end transfer from 1 to 0
start transfer from 0 to 1
end transfer from 0 to 1
start transfer from 1 to 0
start transfer from 0 to 1
end transfer from 1 to 0
end transfer from 0 to 1
start transfer from 0 to 1
start transfer from 1 to 0
end transfer from 0 to 1
end transfer from 1 to 0
start transfer from 0 to 1
end transfer from 0 to 1
start transfer from 1 to 0
start transfer from 0 to 1
end transfer from 1 to 0
end transfer from 0 to 1
start transfer from 0 to 1
end transfer from 0 to 1
start transfer from 1 to 0
start transfer from 0 to 1
end transfer from 1 to 0
end transfer from 0 to 1
start transfer from 0 to 1
start transfer from 1 to 0
end transfer from 0 to 1
end transfer from 1 to 0
start transfer from 0 to 1
start transfer from 1 to 0
end transfer from 0 to 1
start transfer from 0 to 1
end transfer from 1 to 0
end transfer from 0 to 1
start transfer from 1 to 0
start transfer from 0 to 1
end transfer from 0 to 1
end transfer from 1 to 0
start transfer from 0 to 1
start transfer from 1 to 0
end transfer from 0 to 1
start transfer from 0 to 1
end transfer from 1 to 0
end transfer from 0 to 1
start transfer from 0 to 1
start transfer from 1 to 0
end transfer from 0 to 1
end transfer from 1 to 0
start transfer from 0 to 1
end transfer from 0 to 1
start transfer from 1 to 0
start transfer from 0 to 1
end transfer from 1 to 0
end transfer from 0 to 1
start transfer from 0 to 1
start transfer from 1 to 0
end transfer from 0 to 1
start transfer from 0 to 1
end transfer from 1 to 0
end transfer from 0 to 1
start transfer from 1 to 0
start transfer from 0 to 1
end transfer from 0 to 1
end transfer from 1 to 0
start transfer from 0 to 1
start transfer from 1 to 0
end transfer from 0 to 1
start transfer from 0 to 1
end transfer from 1 to 0
end transfer from 0 to 1
start transfer from 1 to 0
start transfer from 0 to 1
end transfer from 0 to 1
end transfer from 1 to 0
start transfer from 0 to 1
end transfer from 0 to 1
start transfer from 1 to 0
start transfer from 0 to 1
end transfer from 1 to 0
end transfer from 0 to 1
start transfer from 0 to 1
start transfer from 1 to 0
end transfer from 0 to 1
start transfer from 0 to 1
end transfer from 1 to 0
end transfer from 0 to 1
start transfer from 0 to 1
start transfer from 1 to 0
end transfer from 0 to 1
end transfer from 1 to 0
start transfer from 0 to 1
start transfer from 1 to 0
end transfer from 0 to 1
end transfer from 1 to 0
start transfer from 0 to 1
end transfer from 0 to 1
start transfer from 0 to 1
end transfer from 0 to 1
start transfer from 1 to 0
start transfer from 0 to 1
end transfer from 0 to 1
end transfer from 1 to 0
start transfer from 0 to 1
start transfer from 1 to 0
end transfer from 1 to 0
end transfer from 0 to 1
start transfer from 1 to 0
end transfer from 1 to 0
start transfer from 0 to 1
start transfer from 1 to 0
end transfer from 0 to 1
end transfer from 1 to 0
start transfer from 0 to 1
start transfer from 1 to 0
end transfer from 0 to 1
start transfer from 0 to 1
end transfer from 1 to 0
end transfer from 0 to 1
start transfer from 1 to 0
start transfer from 0 to 1
end transfer from 1 to 0
end transfer from 0 to 1
start transfer from 0 to 1
start transfer from 1 to 0
end transfer from 0 to 1
end transfer from 1 to 0
start transfer from 0 to 1
start transfer from 1 to 0
end transfer from 0 to 1
end transfer from 1 to 0
start transfer from 0 to 1
start transfer from 1 to 0
end transfer from 0 to 1
end transfer from 1 to 0
start transfer from 0 to 1
start transfer from 1 to 0
end transfer from 0 to 1
end transfer from 1 to 0
start transfer from 0 to 1
start transfer from 1 to 0
end transfer from 1 to 0
end transfer from 0 to 1
start transfer from 1 to 0
end transfer from 1 to 0
start transfer from 0 to 1
start transfer from 1 to 0
end transfer from 0 to 1
end transfer from 1 to 0
start transfer from 0 to 1
start transfer from 1 to 0
end transfer from 0 to 1
end transfer from 1 to 0
start transfer from 1 to 0
end transfer from 1 to 0
start transfer from 0 to 1
start transfer from 1 to 0
end transfer from 0 to 1
end transfer from 1 to 0
start transfer from 0 to 1
start transfer from 1 to 0
end transfer from 1 to 0
end transfer from 0 to 1
start transfer from 1 to 0
end transfer from 1 to 0
start transfer from 0 to 1
start transfer from 1 to 0
end transfer from 1 to 0
end transfer from 0 to 1
start transfer from 1 to 0
start transfer from 0 to 1
end transfer from 1 to 0
start transfer from 1 to 0
end transfer from 1 to 0
end transfer from 0 to 1
start transfer from 1 to 0
start transfer from 0 to 1
end transfer from 1 to 0
end transfer from 0 to 1
start transfer from 0 to 1
start transfer from 1 to 0
end transfer from 1 to 0
start transfer from 1 to 0
end transfer from 1 to 0
start transfer from 1 to 0
end transfer from 1 to 0
start transfer from 1 to 0
end transfer from 1 to 0
start transfer from 1 to 0
end transfer from 1 to 0
start transfer from 1 to 0
end transfer from 1 to 0
end transfer from 0 to 1
start transfer from 1 to 0
end transfer from 1 to 0
start transfer from 1 to 0
end transfer from 1 to 0
start transfer from 1 to 0
end transfer from 1 to 0
start transfer from 1 to 0
end transfer from 1 to 0
start transfer from 1 to 0
end transfer from 1 to 0
start transfer from 1 to 0
end transfer from 1 to 0
start transfer from 1 to 0
end transfer from 1 to 0
start transfer from 0 to 1
start transfer from 1 to 0
end transfer from 1 to 0
start transfer from 1 to 0
end transfer from 1 to 0
start transfer from 1 to 0
end transfer from 1 to 0
start transfer from 1 to 0
end transfer from 1 to 0
start transfer from 1 to 0
end transfer from 1 to 0
start transfer from 1 to 0
end transfer from 1 to 0
start transfer from 1 to 0
end transfer from 1 to 0
start transfer from 1 to 0
end transfer from 1 to 0
start transfer from 1 to 0
end transfer from 1 to 0
start transfer from 1 to 0
end transfer from 0 to 1
end transfer from 1 to 0
start transfer from 1 to 0
end transfer from 1 to 0
start transfer from 1 to 0
end transfer from 1 to 0
start transfer from 1 to 0
end transfer from 1 to 0
start transfer from 1 to 0
end transfer from 1 to 0
start transfer from 1 to 0
end transfer from 1 to 0
start transfer from 0 to 1
start transfer from 1 to 0
end transfer from 1 to 0
start transfer from 1 to 0
end transfer from 1 to 0
start transfer from 1 to 0
end transfer from 1 to 0
start transfer from 1 to 0
end transfer from 1 to 0
start transfer from 1 to 0
end transfer from 1 to 0
start transfer from 1 to 0
end transfer from 1 to 0
start transfer from 1 to 0
end transfer from 0 to 1
end transfer from 1 to 0
start transfer from 1 to 0
end transfer from 1 to 0
start transfer from 1 to 0
start transfer from 0 to 1
end transfer from 1 to 0
end transfer from 0 to 1
start transfer from 1 to 0
end transfer from 1 to 0
start transfer from 1 to 0
start transfer from 0 to 1
end transfer from 1 to 0
end transfer from 0 to 1
start transfer from 1 to 0
start transfer from 0 to 1
end transfer from 1 to 0
start transfer from 1 to 0
end transfer from 0 to 1
end transfer from 1 to 0
start transfer from 0 to 1
start transfer from 1 to 0
end transfer from 1 to 0
start transfer from 1 to 0
end transfer from 1 to 0
end transfer from 0 to 1
start transfer from 1 to 0
start transfer from 0 to 1
end transfer from 1 to 0
end transfer from 0 to 1
start transfer from 1 to 0
start transfer from 0 to 1
end transfer from 1 to 0
end transfer from 0 to 1
start transfer from 1 to 0
start transfer from 0 to 1
end transfer from 1 to 0
end transfer from 0 to 1
start transfer from 1 to 0
end transfer from 1 to 0
start transfer from 0 to 1
start transfer from 1 to 0
end transfer from 0 to 1
end transfer from 1 to 0
start transfer from 1 to 0
start transfer from 0 to 1
end transfer from 1 to 0
start transfer from 1 to 0
end transfer from 0 to 1
end transfer from 1 to 0
start transfer from 1 to 0
end transfer from 1 to 0
start transfer from 0 to 1
start transfer from 1 to 0
end transfer from 0 to 1
end transfer from 1 to 0
start transfer from 0 to 1
start transfer from 1 to 0
end transfer from 0 to 1
end transfer from 1 to 0
start transfer from 1 to 0
end transfer from 1 to 0
start transfer from 0 to 1
start transfer from 1 to 0
end transfer from 1 to 0
start transfer from 1 to 0
end transfer from 1 to 0
start transfer from 1 to 0
end transfer from 1 to 0
start transfer from 1 to 0
end transfer from 1 to 0
end transfer from 0 to 1
start transfer from 1 to 0
end transfer from 1 to 0
start transfer from 0 to 1
start transfer from 1 to 0
end transfer from 1 to 0
end transfer from 0 to 1
start transfer from 1 to 0
start transfer from 0 to 1
end transfer from 1 to 0
start transfer from 1 to 0
end transfer from 0 to 1
end transfer from 1 to 0
start transfer from 1 to 0
start transfer from 0 to 1
end transfer from 1 to 0
start transfer from 1 to 0
end transfer from 0 to 1
end transfer from 1 to 0
start transfer from 1 to 0
start transfer from 0 to 1
end transfer from 1 to 0
end transfer from 0 to 1
start transfer from 1 to 0
end transfer from 1 to 0
start transfer from 0 to 1
start transfer from 1 to 0
end transfer from 1 to 0
end transfer from 0 to 1
start transfer from 1 to 0
end transfer from 1 to 0
start transfer from 0 to 1
start transfer from 1 to 0
end transfer from 1 to 0
end transfer from 0 to 1
start transfer from 1 to 0
start transfer from 0 to 1
end transfer from 1 to 0
start transfer from 1 to 0
end transfer from 1 to 0
end transfer from 0 to 1
start transfer from 1 to 0
end transfer from 1 to 0
start transfer from 0 to 1
start transfer from 1 to 0
end transfer from 1 to 0
end transfer from 0 to 1
start transfer from 1 to 0
end transfer from 1 to 0
start transfer from 0 to 1
start transfer from 1 to 0
end transfer from 1 to 0
start transfer from 1 to 0
end transfer from 0 to 1
end transfer from 1 to 0
start transfer from 1 to 0
start transfer from 0 to 1
end transfer from 1 to 0
start transfer from 1 to 0
end transfer from 0 to 1
end transfer from 1 to 0
start transfer from 1 to 0
end transfer from 1 to 0
start transfer from 0 to 1
start transfer from 1 to 0
end transfer from 1 to 0
end transfer from 0 to 1
start transfer from 1 to 0
end transfer from 1 to 0
start transfer from 0 to 1
start transfer from 1 to 0
end transfer from 1 to 0
start transfer from 1 to 0
end transfer from 1 to 0
start transfer from 1 to 0
end transfer from 1 to 0
start transfer from 1 to 0
end transfer from 0 to 1
end transfer from 1 to 0
start transfer from 1 to 0
end transfer from 1 to 0
start transfer from 1 to 0
end transfer from 1 to 0
start transfer from 1 to 0
end transfer from 1 to 0
start transfer from 0 to 1
start transfer from 1 to 0
end transfer from 1 to 0
start transfer from 1 to 0
end transfer from 1 to 0
start transfer from 1 to 0
end transfer from 1 to 0
start transfer from 1 to 0
end transfer from 0 to 1
end transfer from 1 to 0
start transfer from 1 to 0
end transfer from 1 to 0
start transfer from 0 to 1
start transfer from 1 to 0
end transfer from 0 to 1
end transfer from 1 to 0
start transfer from 0 to 1
start transfer from 1 to 0
end transfer from 0 to 1
end transfer from 1 to 0
start transfer from 0 to 1
start transfer from 1 to 0
end transfer from 1 to 0
end transfer from 0 to 1
start transfer from 1 to 0
start transfer from 0 to 1
end transfer from 0 to 1
end transfer from 1 to 0
start transfer from 0 to 1
start transfer from 1 to 0
end transfer from 0 to 1
end transfer from 1 to 0
start transfer from 0 to 1
start transfer from 1 to 0
end transfer from 0 to 1
end transfer from 1 to 0
start transfer from 0 to 1
start transfer from 1 to 0
end transfer from 1 to 0
end transfer from 0 to 1
start transfer from 1 to 0
start transfer from 0 to 1
end transfer from 1 to 0
end transfer from 0 to 1
start transfer from 1 to 0
start transfer from 0 to 1
end transfer from 1 to 0
end transfer from 0 to 1
start transfer from 1 to 0
end transfer from 1 to 0
start transfer from 1 to 0
end transfer from 1 to 0
start transfer from 1 to 0
end transfer from 1 to 0
start transfer from 1 to 0
end transfer from 1 to 0
start transfer from 1 to 0
start transfer from 0 to 1
end transfer from 1 to 0
end transfer from 0 to 1
start transfer from 0 to 1
end transfer from 0 to 1
start transfer from 0 to 1
start transfer from 1 to 0
end transfer from 0 to 1
start transfer from 0 to 1
end transfer from 0 to 1
start transfer from 0 to 1
end transfer from 1 to 0
end transfer from 0 to 1
start transfer from 0 to 1
end transfer from 0 to 1
start transfer from 1 to 0
start transfer from 0 to 1
end transfer from 0 to 1
start transfer from 0 to 1
end transfer from 1 to 0
end transfer from 0 to 1
start transfer from 0 to 1
end transfer from 0 to 1
start transfer from 1 to 0
start transfer from 0 to 1
end transfer from 0 to 1
end transfer from 1 to 0
start transfer from 0 to 1
end transfer from 0 to 1
start transfer from 0 to 1
start transfer from 1 to 0
end transfer from 0 to 1
start transfer from 0 to 1
end transfer from 1 to 0
end transfer from 0 to 1
start transfer from 0 to 1
start transfer from 1 to 0
end transfer from 0 to 1
end transfer from 1 to 0
start transfer from 0 to 1
start transfer from 1 to 0
end transfer from 0 to 1
start transfer from 0 to 1
end transfer from 1 to 0
end transfer from 0 to 1
start transfer from 0 to 1
start transfer from 1 to 0
end transfer from 0 to 1
start transfer from 0 to 1
end transfer from 1 to 0
end transfer from 0 to 1
start transfer from 0 to 1
start transfer from 1 to 0
end transfer from 0 to 1
start transfer from 0 to 1
end transfer from 1 to 0
end transfer from 0 to 1
start transfer from 0 to 1
start transfer from 1 to 0
end transfer from 1 to 0
end transfer from 0 to 1
start transfer from 1 to 0
start transfer from 0 to 1
end transfer from 1 to 0
end transfer from 0 to 1
start transfer from 1 to 0
start transfer from 0 to 1
end transfer from 1 to 0
end transfer from 0 to 1
start transfer from 1 to 0
start transfer from 0 to 1
end transfer from 1 to 0
end transfer from 0 to 1
start transfer from 0 to 1
start transfer from 1 to 0
end transfer from 0 to 1
end transfer from 1 to 0
start transfer from 0 to 1
start transfer from 1 to 0
end transfer from 0 to 1
end transfer from 1 to 0
start transfer from 1 to 0
start transfer from 0 to 1
end transfer from 0 to 1
end transfer from 1 to 0
start transfer from 0 to 1
start transfer from 1 to 0
end transfer from 0 to 1
end transfer from 1 to 0
start transfer from 1 to 0
start transfer from 0 to 1
end transfer from 1 to 0
end transfer from 0 to 1
start transfer from 0 to 1
start transfer from 1 to 0
end transfer from 1 to 0
end transfer from 0 to 1
start transfer from 0 to 1
start transfer from 1 to 0
end transfer from 0 to 1
end transfer from 1 to 0
start transfer from 0 to 1
start transfer from 1 to 0
end transfer from 0 to 1
end transfer from 1 to 0
start transfer from 1 to 0
start transfer from 0 to 1
end transfer from 1 to 0
end transfer from 0 to 1
start transfer from 1 to 0
start transfer from 0 to 1
end transfer from 1 to 0
end transfer from 0 to 1
start transfer from 1 to 0
start transfer from 0 to 1
end transfer from 0 to 1
end transfer from 1 to 0
start transfer from 1 to 0
start transfer from 0 to 1
end transfer from 1 to 0
end transfer from 0 to 1
start transfer from 0 to 1
start transfer from 1 to 0
end transfer from 0 to 1
end transfer from 1 to 0
start transfer from 0 to 1
start transfer from 1 to 0
end transfer from 1 to 0
end transfer from 0 to 1
start transfer from 0 to 1
start transfer from 1 to 0
end transfer from 1 to 0
end transfer from 0 to 1
start transfer from 1 to 0
start transfer from 0 to 1
end transfer from 1 to 0
end transfer from 0 to 1
start transfer from 1 to 0
start transfer from 0 to 1
end transfer from 0 to 1
end transfer from 1 to 0
start transfer from 1 to 0
start transfer from 0 to 1
end transfer from 0 to 1
end transfer from 1 to 0
start transfer from 1 to 0
start transfer from 0 to 1
end transfer from 0 to 1
end transfer from 1 to 0
start transfer from 1 to 0
start transfer from 0 to 1
end transfer from 1 to 0
end transfer from 0 to 1
start transfer from 0 to 1
start transfer from 1 to 0
end transfer from 1 to 0
end transfer from 0 to 1
start transfer from 1 to 0
start transfer from 0 to 1
end transfer from 1 to 0
end transfer from 0 to 1
start transfer from 0 to 1
start transfer from 1 to 0
end transfer from 1 to 0
end transfer from 0 to 1
start transfer from 1 to 0
start transfer from 0 to 1
end transfer from 0 to 1
end transfer from 1 to 0
start transfer from 0 to 1
start transfer from 1 to 0
end transfer from 1 to 0
end transfer from 0 to 1
start transfer from 1 to 0
start transfer from 0 to 1
end transfer from 1 to 0
end transfer from 0 to 1
start transfer from 1 to 0
start transfer from 0 to 1
end transfer from 1 to 0
start transfer from 1 to 0
end transfer from 0 to 1
start transfer from 0 to 1
end transfer from 1 to 0
end transfer from 0 to 1
start transfer from 1 to 0
start transfer from 0 to 1
end transfer from 1 to 0
end transfer from 0 to 1
start transfer from 1 to 0
start transfer from 0 to 1
end transfer from 0 to 1
end transfer from 1 to 0
start transfer from 0 to 1
start transfer from 1 to 0
end transfer from 0 to 1
end transfer from 1 to 0
start transfer from 0 to 1
start transfer from 1 to 0
end transfer from 1 to 0
end transfer from 0 to 1
start transfer from 1 to 0
end transfer from 1 to 0
start transfer from 0 to 1
start transfer from 1 to 0
end transfer from 1 to 0
end transfer from 0 to 1
start transfer from 1 to 0
end transfer from 1 to 0
start transfer from 0 to 1
start transfer from 1 to 0
end transfer from 1 to 0
end transfer from 0 to 1
start transfer from 1 to 0
start transfer from 0 to 1
end transfer from 1 to 0
start transfer from 1 to 0
end transfer from 0 to 1
end transfer from 1 to 0
start transfer from 1 to 0
start transfer from 0 to 1
end transfer from 1 to 0
start transfer from 1 to 0
end transfer from 0 to 1
end transfer from 1 to 0
start transfer from 0 to 1
start transfer from 1 to 0
end transfer from 1 to 0
end transfer from 0 to 1
start transfer from 1 to 0
end transfer from 1 to 0
start transfer from 0 to 1
start transfer from 1 to 0
end transfer from 1 to 0
end transfer from 0 to 1
start transfer from 1 to 0
start transfer from 0 to 1
end transfer from 1 to 0
start transfer from 1 to 0
end transfer from 0 to 1
end transfer from 1 to 0
start transfer from 1 to 0
start transfer from 0 to 1
end transfer from 1 to 0
end transfer from 0 to 1
start transfer from 1 to 0
end transfer from 1 to 0
start transfer from 0 to 1
start transfer from 1 to 0
end transfer from 0 to 1
end transfer from 1 to 0
start transfer from 0 to 1
start transfer from 1 to 0
end transfer from 0 to 1
end transfer from 1 to 0
start transfer from 0 to 1
start transfer from 1 to 0
end transfer from 1 to 0
end transfer from 0 to 1
start transfer from 1 to 0
end transfer from 1 to 0
start transfer from 0 to 1
start transfer from 1 to 0
end transfer from 1 to 0
end transfer from 0 to 1
start transfer from 1 to 0
end transfer from 1 to 0
start transfer from 0 to 1
start transfer from 1 to 0
end transfer from 0 to 1
end transfer from 1 to 0
start transfer from 0 to 1
end transfer from 0 to 1
start transfer from 0 to 1
start transfer from 1 to 0
end transfer from 0 to 1
end transfer from 1 to 0
start transfer from 0 to 1
start transfer from 1 to 0
end transfer from 0 to 1
end transfer from 1 to 0
start transfer from 0 to 1
start transfer from 1 to 0
end transfer from 0 to 1
end transfer from 1 to 0
start transfer from 1 to 0
start transfer from 0 to 1
end transfer from 1 to 0
end transfer from 0 to 1
start transfer from 1 to 0
end transfer from 1 to 0
start transfer from 0 to 1
start transfer from 1 to 0
end transfer from 0 to 1
end transfer from 1 to 0
start transfer from 0 to 1
start transfer from 1 to 0
end transfer from 1 to 0
start transfer from 1 to 0
end transfer from 0 to 1
end transfer from 1 to 0
start transfer from 0 to 1
start transfer from 1 to 0
end transfer from 0 to 1
end transfer from 1 to 0
start transfer from 0 to 1
start transfer from 1 to 0
end transfer from 0 to 1
end transfer from 1 to 0
start transfer from 0 to 1
end transfer from 0 to 1
start transfer from 0 to 1
end transfer from 0 to 1
start transfer from 0 to 1
end transfer from 0 to 1
start transfer from 0 to 1
start transfer from 1 to 0
end transfer from 0 to 1
end transfer from 1 to 0
start transfer from 0 to 1
start transfer from 1 to 0
end transfer from 0 to 1
end transfer from 1 to 0
start transfer from 0 to 1
end transfer from 0 to 1
start transfer from 1 to 0
end transfer from 1 to 0
start transfer from 0 to 1
start transfer from 1 to 0
end transfer from 1 to 0
end transfer from 0 to 1
start transfer from 1 to 0
start transfer from 0 to 1
end transfer from 1 to 0
end transfer from 0 to 1
start transfer from 0 to 1
end transfer from 0 to 1
start transfer from 0 to 1
start transfer from 1 to 0
end transfer from 0 to 1
start transfer from 0 to 1
end transfer from 1 to 0
end transfer from 0 to 1
start transfer from 1 to 0
start transfer from 0 to 1
end transfer from 1 to 0
end transfer from 0 to 1
start transfer from 1 to 0
start transfer from 0 to 1
end transfer from 1 to 0
end transfer from 0 to 1
start transfer from 1 to 0
start transfer from 0 to 1
end transfer from 1 to 0
end transfer from 0 to 1
start transfer from 1 to 0
start transfer from 0 to 1
end transfer from 1 to 0
end transfer from 0 to 1
start transfer from 0 to 1
end transfer from 0 to 1
start transfer from 0 to 1
end transfer from 0 to 1
start transfer from 0 to 1
end transfer from 0 to 1
start transfer from 1 to 0
start transfer from 0 to 1
end transfer from 0 to 1
end transfer from 1 to 0
start transfer from 0 to 1
start transfer from 1 to 0
end transfer from 0 to 1
end transfer from 1 to 0
start transfer from 0 to 1
start transfer from 1 to 0
end transfer from 0 to 1
start transfer from 0 to 1
end transfer from 0 to 1
end transfer from 1 to 0
start transfer from 0 to 1
start transfer from 1 to 0
end transfer from 0 to 1
start transfer from 0 to 1
end transfer from 1 to 0
end transfer from 0 to 1
start transfer from 1 to 0
start transfer from 0 to 1
end transfer from 1 to 0
end transfer from 0 to 1
start transfer from 1 to 0
start transfer from 0 to 1
end transfer from 1 to 0
end transfer from 0 to 1
start transfer from 1 to 0
start transfer from 0 to 1
end transfer from 1 to 0
end transfer from 0 to 1
start transfer from 1 to 0
start transfer from 0 to 1
end transfer from 1 to 0
end transfer from 0 to 1
start transfer from 0 to 1
start transfer from 1 to 0
end transfer from 0 to 1
end transfer from 1 to 0
start transfer from 0 to 1
start transfer from 1 to 0
end transfer from 0 to 1
start transfer from 0 to 1
end transfer from 1 to 0
end transfer from 0 to 1
start transfer from 1 to 0
start transfer from 0 to 1
end transfer from 1 to 0
end transfer from 0 to 1
start transfer from 0 to 1
start transfer from 1 to 0
end transfer from 0 to 1
end transfer from 1 to 0
start transfer from 0 to 1
start transfer from 1 to 0
end transfer from 0 to 1
end transfer from 1 to 0
start transfer from 0 to 1
start transfer from 1 to 0
end transfer from 1 to 0
end transfer from 0 to 1
start transfer from 1 to 0
start transfer from 0 to 1
end transfer from 1 to 0
end transfer from 0 to 1
start transfer from 1 to 0
start transfer from 0 to 1
end transfer from 1 to 0
end transfer from 0 to 1
start transfer from 1 to 0
start transfer from 0 to 1
end transfer from 1 to 0
end transfer from 0 to 1
start transfer from 0 to 1
start transfer from 1 to 0
end transfer from 0 to 1
end transfer from 1 to 0
start transfer from 0 to 1
start transfer from 1 to 0
end transfer from 0 to 1
end transfer from 1 to 0
start transfer from 0 to 1
start transfer from 1 to 0
end transfer from 0 to 1
end transfer from 1 to 0
start transfer from 1 to 0
start transfer from 0 to 1
end transfer from 1 to 0
end transfer from 0 to 1
start transfer from 1 to 0
start transfer from 0 to 1
end transfer from 1 to 0
start transfer from 1 to 0
end transfer from 1 to 0
start transfer from 1 to 0
end transfer from 0 to 1
end transfer from 1 to 0
start transfer from 0 to 1
start transfer from 1 to 0
end transfer from 0 to 1
end transfer from 1 to 0
start transfer from 0 to 1
start transfer from 1 to 0
end transfer from 0 to 1
end transfer from 1 to 0
start transfer from 0 to 1
start transfer from 1 to 0
end transfer from 0 to 1
end transfer from 1 to 0
start transfer from 0 to 1
end transfer from 0 to 1
start transfer from 0 to 1
start transfer from 1 to 0
end transfer from 0 to 1
end transfer from 1 to 0
start transfer from 0 to 1
start transfer from 1 to 0
end transfer from 0 to 1
start transfer from 0 to 1
end transfer from 1 to 0
end transfer from 0 to 1
start transfer from 0 to 1
end transfer from 0 to 1
start transfer from 1 to 0
start transfer from 0 to 1
end transfer from 0 to 1
end transfer from 1 to 0
start transfer from 0 to 1
start transfer from 1 to 0
end transfer from 0 to 1
end transfer from 1 to 0
start transfer from 0 to 1
start transfer from 1 to 0
end transfer from 0 to 1
end transfer from 1 to 0
start transfer from 0 to 1
start transfer from 1 to 0
end transfer from 0 to 1
start transfer from 0 to 1
end transfer from 1 to 0
start transfer from 1 to 0
end transfer from 1 to 0
start transfer from 1 to 0
end transfer from 0 to 1
end transfer from 1 to 0
start transfer from 1 to 0
end transfer from 1 to 0
start transfer from 0 to 1
start transfer from 1 to 0
end transfer from 0 to 1
end transfer from 1 to 0
start transfer from 0 to 1
start transfer from 1 to 0
end transfer from 1 to 0
end transfer from 0 to 1
start transfer from 1 to 0
end transfer from 1 to 0
start transfer from 1 to 0
end transfer from 1 to 0
start transfer from 0 to 1
start transfer from 1 to 0
end transfer from 1 to 0
end transfer from 0 to 1
start transfer from 1 to 0
start transfer from 0 to 1
end transfer from 1 to 0
end transfer from 0 to 1
start transfer from 1 to 0
start transfer from 0 to 1
end transfer from 1 to 0
start transfer from 1 to 0
end transfer from 0 to 1
end transfer from 1 to 0
start transfer from 1 to 0
start transfer from 0 to 1
end transfer from 1 to 0
end transfer from 0 to 1
start transfer from 1 to 0
start transfer from 0 to 1
end transfer from 1 to 0
start transfer from 1 to 0
end transfer from 0 to 1
end transfer from 1 to 0
start transfer from 0 to 1
start transfer from 1 to 0
end transfer from 0 to 1
end transfer from 1 to 0
start transfer from 0 to 1
start transfer from 1 to 0
end transfer from 0 to 1
end transfer from 1 to 0
start transfer from 0 to 1
start transfer from 1 to 0
end transfer from 1 to 0
end transfer from 0 to 1
start transfer from 1 to 0
start transfer from 0 to 1
end transfer from 1 to 0
start transfer from 1 to 0
end transfer from 0 to 1
end transfer from 1 to 0
start transfer from 0 to 1
start transfer from 1 to 0
end transfer from 1 to 0
end transfer from 0 to 1
start transfer from 1 to 0
end transfer from 1 to 0
start transfer from 1 to 0
start transfer from 0 to 1
end transfer from 1 to 0
start transfer from 1 to 0
end transfer from 0 to 1
end transfer from 1 to 0
start transfer from 0 to 1
start transfer from 1 to 0
end transfer from 0 to 1
end transfer from 1 to 0
start transfer from 1 to 0
start transfer from 0 to 1
end transfer from 1 to 0
end transfer from 0 to 1
start transfer from 1 to 0
start transfer from 0 to 1
end transfer from 1 to 0
start transfer from 1 to 0
end transfer from 0 to 1
end transfer from 1 to 0
start transfer from 0 to 1
start transfer from 1 to 0
end transfer from 0 to 1
end transfer from 1 to 0
start transfer from 1 to 0
start transfer from 0 to 1
end transfer from 1 to 0
end transfer from 0 to 1
start transfer from 1 to 0
start transfer from 0 to 1
end transfer from 1 to 0
end transfer from 0 to 1
start transfer from 1 to 0
start transfer from 0 to 1
end transfer from 1 to 0
start transfer from 1 to 0
end transfer from 0 to 1
end transfer from 1 to 0
start transfer from 0 to 1
start transfer from 1 to 0
end transfer from 0 to 1
end transfer from 1 to 0
start transfer from 0 to 1
start transfer from 1 to 0
end transfer from 0 to 1
end transfer from 1 to 0
start transfer from 1 to 0
start transfer from 0 to 1
end transfer from 1 to 0
end transfer from 0 to 1
start transfer from 1 to 0
start transfer from 0 to 1
end transfer from 1 to 0
start transfer from 1 to 0
end transfer from 0 to 1
end transfer from 1 to 0
start transfer from 0 to 1
end transfer from 0 to 1
start transfer from 0 to 1
start transfer from 1 to 0
end transfer from 0 to 1
end transfer from 1 to 0
start transfer from 0 to 1
start transfer from 1 to 0
end transfer from 1 to 0
end transfer from 0 to 1
start transfer from 1 to 0
start transfer from 0 to 1
end transfer from 1 to 0
start transfer from 1 to 0
end transfer from 0 to 1
end transfer from 1 to 0
start transfer from 0 to 1
start transfer from 1 to 0
end transfer from 1 to 0
end transfer from 0 to 1
start transfer from 1 to 0
start transfer from 0 to 1
end transfer from 1 to 0
end transfer from 0 to 1
start transfer from 1 to 0
end transfer from 1 to 0
start transfer from 0 to 1
start transfer from 1 to 0
end transfer from 0 to 1
end transfer from 1 to 0
start transfer from 0 to 1
end transfer from 0 to 1
start transfer from 0 to 1
end transfer from 0 to 1
start transfer from 0 to 1
end transfer from 0 to 1
start transfer from 1 to 0
start transfer from 0 to 1
end transfer from 0 to 1
end transfer from 1 to 0
start transfer from 0 to 1
end transfer from 0 to 1
start transfer from 1 to 0
start transfer from 0 to 1
end transfer from 1 to 0
start transfer from 1 to 0
end transfer from 0 to 1
end transfer from 1 to 0
start transfer from 0 to 1
start transfer from 1 to 0
end transfer from 0 to 1
start transfer from 0 to 1
end transfer from 0 to 1
end transfer from 1 to 0
start transfer from 0 to 1
end transfer from 0 to 1
start transfer from 1 to 0
start transfer from 0 to 1
end transfer from 0 to 1
end transfer from 1 to 0
start transfer from 0 to 1
start transfer from 1 to 0
end transfer from 0 to 1
end transfer from 1 to 0
start transfer from 0 to 1
start transfer from 1 to 0
end transfer from 0 to 1
end transfer from 1 to 0
start transfer from 0 to 1
start transfer from 1 to 0
end transfer from 0 to 1
end transfer from 1 to 0
start transfer from 0 to 1
start transfer from 1 to 0
end transfer from 0 to 1
end transfer from 1 to 0
start transfer from 0 to 1
end transfer from 0 to 1
start transfer from 1 to 0
start transfer from 0 to 1
end transfer from 1 to 0
end transfer from 0 to 1
start transfer from 1 to 0
start transfer from 0 to 1
end transfer from 0 to 1
start transfer from 0 to 1
end transfer from 0 to 1
end transfer from 1 to 0
start transfer from 0 to 1
end transfer from 0 to 1
start transfer from 0 to 1
start transfer from 1 to 0
end transfer from 0 to 1
end transfer from 1 to 0
start transfer from 1 to 0
end transfer from 1 to 0
start transfer from 1 to 0
end transfer from 1 to 0
start transfer from 1 to 0
end transfer from 1 to 0
start transfer from 0 to 1
start transfer from 1 to 0
end transfer from 0 to 1
end transfer from 1 to 0
start transfer from 0 to 1
end transfer from 0 to 1
start transfer from 0 to 1
end transfer from 0 to 1
start transfer from 1 to 0
start transfer from 0 to 1
end transfer from 1 to 0
end transfer from 0 to 1
start transfer from 1 to 0
start transfer from 0 to 1
end transfer from 1 to 0
start transfer from 1 to 0
end transfer from 0 to 1
end transfer from 1 to 0
start transfer from 0 to 1
start transfer from 1 to 0
end transfer from 0 to 1
end transfer from 1 to 0
start transfer from 1 to 0
start transfer from 0 to 1
end transfer from 1 to 0
end transfer from 0 to 1
start transfer from 1 to 0
start transfer from 0 to 1
end transfer from 1 to 0
end transfer from 0 to 1
start transfer from 1 to 0
start transfer from 0 to 1
end transfer from 1 to 0
end transfer from 0 to 1
start transfer from 1 to 0
start transfer from 0 to 1
end transfer from 1 to 0
end transfer from 0 to 1
start transfer from 1 to 0
start transfer from 0 to 1
end transfer from 1 to 0
end transfer from 0 to 1
start transfer from 1 to 0
start transfer from 0 to 1
end transfer from 0 to 1
end transfer from 1 to 0
start transfer from 0 to 1
start transfer from 1 to 0
end transfer from 0 to 1
start transfer from 0 to 1
end transfer from 0 to 1
start transfer from 0 to 1
end transfer from 1 to 0
end transfer from 0 to 1
start transfer from 1 to 0
start transfer from 0 to 1
end transfer from 1 to 0
end transfer from 0 to 1
start transfer from 1 to 0
start transfer from 0 to 1
end transfer from 1 to 0
end transfer from 0 to 1
start transfer from 1 to 0
start transfer from 0 to 1
end transfer from 0 to 1
end transfer from 1 to 0
start transfer from 0 to 1
start transfer from 1 to 0
end transfer from 0 to 1
end transfer from 1 to 0
start transfer from 0 to 1
start transfer from 1 to 0
end transfer from 0 to 1
end transfer from 1 to 0
start transfer from 0 to 1
start transfer from 1 to 0
end transfer from 0 to 1
end transfer from 1 to 0
start transfer from 0 to 1
start transfer from 1 to 0
end transfer from 0 to 1
end transfer from 1 to 0
start transfer from 0 to 1
start transfer from 1 to 0
end transfer from 0 to 1
start transfer from 0 to 1
end transfer from 1 to 0
end transfer from 0 to 1
start transfer from 1 to 0
start transfer from 0 to 1
end transfer from 1 to 0
end transfer from 0 to 1
start transfer from 0 to 1
start transfer from 1 to 0
end transfer from 0 to 1
end transfer from 1 to 0
start transfer from 0 to 1
start transfer from 1 to 0
end transfer from 0 to 1
start transfer from 0 to 1
end transfer from 1 to 0
end transfer from 0 to 1
start transfer from 1 to 0
start transfer from 0 to 1
end transfer from 1 to 0
end transfer from 0 to 1
start transfer from 1 to 0
start transfer from 0 to 1
end transfer from 1 to 0
end transfer from 0 to 1
start transfer from 1 to 0
start transfer from 0 to 1
end transfer from 0 to 1
end transfer from 1 to 0
start transfer from 0 to 1
start transfer from 1 to 0
end transfer from 1 to 0
start transfer from 1 to 0
end transfer from 0 to 1
end transfer from 1 to 0
start transfer from 0 to 1
start transfer from 1 to 0
end transfer from 0 to 1
end transfer from 1 to 0
start transfer from 0 to 1
start transfer from 1 to 0
end transfer from 0 to 1
end transfer from 1 to 0
start transfer from 0 to 1
start transfer from 1 to 0
end transfer from 0 to 1
end transfer from 1 to 0
start transfer from 0 to 1
start transfer from 1 to 0
end transfer from 0 to 1
start transfer from 0 to 1
end transfer from 1 to 0
end transfer from 0 to 1
start transfer from 1 to 0
start transfer from 0 to 1
end transfer from 1 to 0
end transfer from 0 to 1
start transfer from 1 to 0
end transfer from 1 to 0
start transfer from 0 to 1
start transfer from 1 to 0
end transfer from 0 to 1
end transfer from 1 to 0
start transfer from 0 to 1
start transfer from 1 to 0
end transfer from 0 to 1
end transfer from 1 to 0
start transfer from 0 to 1
start transfer from 1 to 0
end transfer from 0 to 1
end transfer from 1 to 0
start transfer from 0 to 1
start transfer from 1 to 0
end transfer from 0 to 1
end transfer from 1 to 0
start transfer from 0 to 1
start transfer from 1 to 0
end transfer from 0 to 1
end transfer from 1 to 0
start transfer from 0 to 1
start transfer from 1 to 0
end transfer from 0 to 1
end transfer from 1 to 0
start transfer from 0 to 1
start transfer from 1 to 0
end transfer from 1 to 0
end transfer from 0 to 1
start transfer from 1 to 0
end transfer from 1 to 0
start transfer from 0 to 1
start transfer from 1 to 0
end transfer from 0 to 1
end transfer from 1 to 0
start transfer from 0 to 1
end transfer from 0 to 1
start transfer from 1 to 0
start transfer from 0 to 1
end transfer from 1 to 0
end transfer from 0 to 1
start transfer from 1 to 0
start transfer from 0 to 1
end transfer from 1 to 0
end transfer from 0 to 1
start transfer from 0 to 1
start transfer from 1 to 0
end transfer from 0 to 1
end transfer from 1 to 0
start transfer from 1 to 0
start transfer from 0 to 1
end transfer from 1 to 0
end transfer from 0 to 1
start transfer from 1 to 0
end transfer from 1 to 0
start transfer from 1 to 0
start transfer from 0 to 1
end transfer from 1 to 0
end transfer from 0 to 1
start transfer from 1 to 0
end transfer from 1 to 0
start transfer from 0 to 1
start transfer from 1 to 0
end transfer from 0 to 1
end transfer from 1 to 0
start transfer from 1 to 0
end transfer from 1 to 0
start transfer from 0 to 1
start transfer from 1 to 0
end transfer from 1 to 0
end transfer from 0 to 1
start transfer from 1 to 0
start transfer from 0 to 1
end transfer from 1 to 0
start transfer from 1 to 0
end transfer from 0 to 1
end transfer from 1 to 0
start transfer from 0 to 1
start transfer from 1 to 0
end transfer from 1 to 0
start transfer from 1 to 0
end transfer from 0 to 1
end transfer from 1 to 0
start transfer from 0 to 1
start transfer from 1 to 0
end transfer from 0 to 1
end transfer from 1 to 0
start transfer from 0 to 1
start transfer from 1 to 0
end transfer from 1 to 0
start transfer from 1 to 0
end transfer from 0 to 1
start transfer from 0 to 1
end transfer from 0 to 1
end transfer from 1 to 0
start transfer from 1 to 0
start transfer from 0 to 1
end transfer from 1 to 0
end transfer from 0 to 1
start transfer from 1 to 0
start transfer from 0 to 1
end transfer from 1 to 0
end transfer from 0 to 1
start transfer from 1 to 0
start transfer from 0 to 1
end transfer from 0 to 1
end transfer from 1 to 0
start transfer from 0 to 1
end transfer from 0 to 1
start transfer from 1 to 0
start transfer from 0 to 1
end transfer from 1 to 0
end transfer from 0 to 1
start transfer from 1 to 0
start transfer from 0 to 1
end transfer from 0 to 1
end transfer from 1 to 0
start transfer from 0 to 1
start transfer from 1 to 0
end transfer from 0 to 1
end transfer from 1 to 0
start transfer from 0 to 1
end transfer from 0 to 1
start transfer from 1 to 0
start transfer from 0 to 1
end transfer from 1 to 0
end transfer from 0 to 1
start transfer from 1 to 0
start transfer from 0 to 1
end transfer from 1 to 0
end transfer from 0 to 1
start transfer from 1 to 0
start transfer from 0 to 1
end transfer from 0 to 1
end transfer from 1 to 0
start transfer from 0 to 1
start transfer from 1 to 0
end transfer from 0 to 1
end transfer from 1 to 0
start transfer from 0 to 1
start transfer from 1 to 0
end transfer from 0 to 1
start transfer from 0 to 1
end transfer from 1 to 0
end transfer from 0 to 1
start transfer from 1 to 0
start transfer from 0 to 1
end transfer from 1 to 0
end transfer from 0 to 1
start transfer from 1 to 0
start transfer from 0 to 1
end transfer from 1 to 0
end transfer from 0 to 1
start transfer from 1 to 0
start transfer from 0 to 1
end transfer from 1 to 0
end transfer from 0 to 1
start transfer from 0 to 1
start transfer from 1 to 0
end transfer from 0 to 1
end transfer from 1 to 0
start transfer from 0 to 1
start transfer from 1 to 0
end transfer from 0 to 1
end transfer from 1 to 0
start transfer from 0 to 1
start transfer from 1 to 0
end transfer from 0 to 1
start transfer from 0 to 1
end transfer from 1 to 0
end transfer from 0 to 1
start transfer from 1 to 0
start transfer from 0 to 1
end transfer from 1 to 0
end transfer from 0 to 1
start transfer from 1 to 0
start transfer from 0 to 1
end transfer from 0 to 1
end transfer from 1 to 0
start transfer from 0 to 1
start transfer from 1 to 0
end transfer from 0 to 1
end transfer from 1 to 0
start transfer from 0 to 1
start transfer from 1 to 0
end transfer from 0 to 1
end transfer from 1 to 0
start transfer from 0 to 1
start transfer from 1 to 0
end transfer from 0 to 1
end transfer from 1 to 0
start transfer from 0 to 1
start transfer from 1 to 0
end transfer from 0 to 1
end transfer from 1 to 0
start transfer from 0 to 1
start transfer from 1 to 0
end transfer from 0 to 1
end transfer from 1 to 0
start transfer from 0 to 1
end transfer from 0 to 1
start transfer from 1 to 0
start transfer from 0 to 1
end transfer from 1 to 0
end transfer from 0 to 1
start transfer from 1 to 0
start transfer from 0 to 1
end transfer from 1 to 0
end transfer from 0 to 1
start transfer from 1 to 0
start transfer from 0 to 1
end transfer from 1 to 0
end transfer from 0 to 1
start transfer from 1 to 0
start transfer from 0 to 1
end transfer from 1 to 0
end transfer from 0 to 1
start transfer from 1 to 0
start transfer from 0 to 1
end transfer from 1 to 0
end transfer from 0 to 1
start transfer from 0 to 1
start transfer from 1 to 0
end transfer from 0 to 1
end transfer from 1 to 0
start transfer from 0 to 1
start transfer from 1 to 0
end transfer from 0 to 1
end transfer from 1 to 0
start transfer from 0 to 1
start transfer from 1 to 0
end transfer from 0 to 1
end transfer from 1 to 0
start transfer from 0 to 1
end transfer from 0 to 1
start transfer from 1 to 0
end transfer from 1 to 0
start transfer from 0 to 1
start transfer from 1 to 0
end transfer from 0 to 1
start transfer from 0 to 1
end transfer from 1 to 0
end transfer from 0 to 1
start transfer from 1 to 0
start transfer from 0 to 1
end transfer from 1 to 0
end transfer from 0 to 1
start transfer from 1 to 0
end transfer from 1 to 0
start transfer from 0 to 1
start transfer from 1 to 0
end transfer from 0 to 1
end transfer from 1 to 0
start transfer from 0 to 1
end transfer from 0 to 1
start transfer from 0 to 1
start transfer from 1 to 0
end transfer from 0 to 1
start transfer from 0 to 1
end transfer from 1 to 0
end transfer from 0 to 1
start transfer from 1 to 0
start transfer from 0 to 1
end transfer from 1 to 0
end transfer from 0 to 1
start transfer from 1 to 0
start transfer from 0 to 1
end transfer from 1 to 0
end transfer from 0 to 1
start transfer from 1 to 0
start transfer from 0 to 1
end transfer from 1 to 0
start transfer from 1 to 0
end transfer from 0 to 1
start transfer from 0 to 1
end transfer from 1 to 0
start transfer from 1 to 0
end transfer from 0 to 1
end transfer from 1 to 0
start transfer from 0 to 1
start transfer from 1 to 0
end transfer from 1 to 0
end transfer from 0 to 1
start transfer from 1 to 0
start transfer from 0 to 1
end transfer from 1 to 0
end transfer from 0 to 1
start transfer from 1 to 0
start transfer from 0 to 1
end transfer from 1 to 0
end transfer from 0 to 1
start transfer from 1 to 0
end transfer from 1 to 0
start transfer from 0 to 1
start transfer from 1 to 0
end transfer from 0 to 1
end transfer from 1 to 0
start transfer from 0 to 1
start transfer from 1 to 0
end transfer from 0 to 1
end transfer from 1 to 0
start transfer from 0 to 1
start transfer from 1 to 0
end transfer from 0 to 1
start transfer from 0 to 1
end transfer from 1 to 0
end transfer from 0 to 1
start transfer from 1 to 0
start transfer from 0 to 1
end transfer from 1 to 0
start transfer from 1 to 0
end transfer from 0 to 1
end transfer from 1 to 0
start transfer from 0 to 1
start transfer from 1 to 0
end transfer from 0 to 1
end transfer from 1 to 0
start transfer from 0 to 1
end transfer from 0 to 1
start transfer from 1 to 0
end transfer from 1 to 0
start transfer from 0 to 1
start transfer from 1 to 0
end transfer from 0 to 1
end transfer from 1 to 0
start transfer from 0 to 1
start transfer from 1 to 0
end transfer from 0 to 1
end transfer from 1 to 0
start transfer from 0 to 1
start transfer from 1 to 0
end transfer from 0 to 1
end transfer from 1 to 0
start transfer from 0 to 1
end transfer from 0 to 1
start transfer from 1 to 0
start transfer from 0 to 1
end transfer from 0 to 1
start transfer from 0 to 1
end transfer from 1 to 0
end transfer from 0 to 1
start transfer from 0 to 1
start transfer from 1 to 0
end transfer from 0 to 1
end transfer from 1 to 0
start transfer from 0 to 1
start transfer from 1 to 0
end transfer from 0 to 1
end transfer from 1 to 0
start transfer from 0 to 1
end transfer from 0 to 1
start transfer from 1 to 0
start transfer from 0 to 1
end transfer from 1 to 0
end transfer from 0 to 1
start transfer from 1 to 0
start transfer from 0 to 1
end transfer from 1 to 0
end transfer from 0 to 1
start transfer from 1 to 0
start transfer from 0 to 1
end transfer from 0 to 1
end transfer from 1 to 0
start transfer from 0 to 1
start transfer from 1 to 0
end transfer from 0 to 1
end transfer from 1 to 0
start transfer from 0 to 1
start transfer from 1 to 0
end transfer from 0 to 1
end transfer from 1 to 0
start transfer from 0 to 1
start transfer from 1 to 0
end transfer from 0 to 1
end transfer from 1 to 0
start transfer from 0 to 1
start transfer from 1 to 0
end transfer from 0 to 1
end transfer from 1 to 0
start transfer from 0 to 1
end transfer from 0 to 1
start transfer from 1 to 0
start transfer from 0 to 1
end transfer from 1 to 0
end transfer from 0 to 1
start transfer from 1 to 0
start transfer from 0 to 1
end transfer from 1 to 0
end transfer from 0 to 1
start transfer from 0 to 1
start transfer from 1 to 0
end transfer from 0 to 1
end transfer from 1 to 0
start transfer from 0 to 1
end transfer from 0 to 1
start transfer from 1 to 0
start transfer from 0 to 1
end transfer from 1 to 0
start transfer from 1 to 0
end transfer from 0 to 1
end transfer from 1 to 0
start transfer from 0 to 1
start transfer from 1 to 0
end transfer from 0 to 1
end transfer from 1 to 0
start transfer from 0 to 1
start transfer from 1 to 0
end transfer from 0 to 1
end transfer from 1 to 0
start transfer from 0 to 1
end transfer from 0 to 1
start transfer from 1 to 0
start transfer from 0 to 1
end transfer from 1 to 0
end transfer from 0 to 1
start transfer from 1 to 0
start transfer from 0 to 1
end transfer from 1 to 0
end transfer from 0 to 1
start transfer from 0 to 1
start transfer from 1 to 0
end transfer from 0 to 1
end transfer from 1 to 0
start transfer from 0 to 1
start transfer from 1 to 0
end transfer from 0 to 1
end transfer from 1 to 0
start transfer from 0 to 1
start transfer from 1 to 0
end transfer from 0 to 1
end transfer from 1 to 0
start transfer from 0 to 1
end transfer from 0 to 1
start transfer from 1 to 0
start transfer from 0 to 1
end transfer from 1 to 0
end transfer from 0 to 1
start transfer from 1 to 0
start transfer from 0 to 1
end transfer from 1 to 0
end transfer from 0 to 1
start transfer from 1 to 0
start transfer from 0 to 1
end transfer from 1 to 0
end transfer from 0 to 1
start transfer from 1 to 0
start transfer from 0 to 1
end transfer from 1 to 0
end transfer from 0 to 1
start transfer from 0 to 1
start transfer from 1 to 0
end transfer from 0 to 1
end transfer from 1 to 0
start transfer from 1 to 0
start transfer from 0 to 1
end transfer from 1 to 0
start transfer from 1 to 0
end transfer from 0 to 1
end transfer from 1 to 0
start transfer from 0 to 1
start transfer from 1 to 0
end transfer from 0 to 1
end transfer from 1 to 0
start transfer from 0 to 1
start transfer from 1 to 0
end transfer from 0 to 1
end transfer from 1 to 0
start transfer from 0 to 1
start transfer from 1 to 0
end transfer from 0 to 1
end transfer from 1 to 0
start transfer from 1 to 0
end transfer from 1 to 0
start transfer from 0 to 1
start transfer from 1 to 0
end transfer from 0 to 1
end transfer from 1 to 0
start transfer from 0 to 1
start transfer from 1 to 0
end transfer from 0 to 1
end transfer from 1 to 0
start transfer from 0 to 1
start transfer from 1 to 0
end transfer from 0 to 1
end transfer from 1 to 0
start transfer from 0 to 1
start transfer from 1 to 0
end transfer from 0 to 1
end transfer from 1 to 0
start transfer from 0 to 1
start transfer from 1 to 0
end transfer from 0 to 1
end transfer from 1 to 0
start transfer from 0 to 1
end transfer from 0 to 1
start transfer from 1 to 0
end transfer from 1 to 0
start transfer from 0 to 1
end transfer from 0 to 1
start transfer from 1 to 0
start transfer from 0 to 1
end transfer from 1 to 0
end transfer from 0 to 1
start transfer from 1 to 0
start transfer from 0 to 1
end transfer from 1 to 0
end transfer from 0 to 1
start transfer from 1 to 0
start transfer from 0 to 1
end transfer from 1 to 0
end transfer from 0 to 1
start transfer from 1 to 0
end transfer from 1 to 0
start transfer from 1 to 0
start transfer from 0 to 1
end transfer from 1 to 0
start transfer from 1 to 0
end transfer from 0 to 1
start transfer from 0 to 1
end transfer from 1 to 0
end transfer from 0 to 1
start transfer from 1 to 0
start transfer from 0 to 1
end transfer from 0 to 1
end transfer from 1 to 0
start transfer from 1 to 0
start transfer from 0 to 1
end transfer from 0 to 1
end transfer from 1 to 0
start transfer from 0 to 1
start transfer from 1 to 0
end transfer from 0 to 1
start transfer from 0 to 1
end transfer from 1 to 0
end transfer from 0 to 1
start transfer from 0 to 1
end transfer from 0 to 1
start transfer from 0 to 1
end transfer from 0 to 1
start transfer from 0 to 1
start transfer from 1 to 0
end transfer from 0 to 1
end transfer from 1 to 0
start transfer from 1 to 0
start transfer from 0 to 1
end transfer from 1 to 0
start transfer from 1 to 0
end transfer from 0 to 1
end transfer from 1 to 0
start transfer from 0 to 1
start transfer from 1 to 0
end transfer from 0 to 1
end transfer from 1 to 0
start transfer from 0 to 1
start transfer from 1 to 0
end transfer from 0 to 1
end transfer from 1 to 0
start transfer from 0 to 1
start transfer from 1 to 0
end transfer from 0 to 1
end transfer from 1 to 0
start transfer from 0 to 1
start transfer from 1 to 0
end transfer from 0 to 1
end transfer from 1 to 0
start transfer from 0 to 1
start transfer from 1 to 0
end transfer from 0 to 1
end transfer from 1 to 0
start transfer from 0 to 1
start transfer from 1 to 0
end transfer from 0 to 1
end transfer from 1 to 0
start transfer from 0 to 1
start transfer from 1 to 0
end transfer from 0 to 1
end transfer from 1 to 0
start transfer from 0 to 1
start transfer from 1 to 0
end transfer from 0 to 1
end transfer from 1 to 0
start transfer from 0 to 1
end transfer from 0 to 1
start transfer from 1 to 0
start transfer from 0 to 1
end transfer from 1 to 0
end transfer from 0 to 1
start transfer from 1 to 0
start transfer from 0 to 1
end transfer from 1 to 0
end transfer from 0 to 1
start transfer from 1 to 0
start transfer from 0 to 1
end transfer from 1 to 0
end transfer from 0 to 1
start transfer from 0 to 1
end transfer from 0 to 1
start transfer from 0 to 1
end transfer from 0 to 1
start transfer from 0 to 1
end transfer from 0 to 1
start transfer from 0 to 1
end transfer from 0 to 1
start transfer from 0 to 1
end transfer from 0 to 1
start transfer from 0 to 1
end transfer from 0 to 1
start transfer from 0 to 1
end transfer from 0 to 1
start transfer from 1 to 0
end transfer from 1 to 0
start transfer from 1 to 0
end transfer from 1 to 0
start transfer from 1 to 0
start transfer from 0 to 1
end transfer from 1 to 0
start transfer from 1 to 0
end transfer from 0 to 1
start transfer from 0 to 1
end transfer from 1 to 0
start transfer from 1 to 0
end transfer from 0 to 1
end transfer from 1 to 0
start transfer from 0 to 1
start transfer from 1 to 0
end transfer from 0 to 1
start transfer from 0 to 1
end transfer from 0 to 1
start transfer from 0 to 1
end transfer from 0 to 1
end transfer from 1 to 0
start transfer from 0 to 1
end transfer from 0 to 1
start transfer from 0 to 1
start transfer from 1 to 0
end transfer from 0 to 1
start transfer from 0 to 1
end transfer from 0 to 1
end transfer from 1 to 0
start transfer from 0 to 1
end transfer from 0 to 1
start transfer from 0 to 1
end transfer from 0 to 1
start transfer from 1 to 0
start transfer from 0 to 1
end transfer from 1 to 0
end transfer from 0 to 1
start transfer from 1 to 0
start transfer from 0 to 1
end transfer from 1 to 0
end transfer from 0 to 1
start transfer from 0 to 1
end transfer from 0 to 1
start transfer from 0 to 1
end transfer from 0 to 1
start transfer from 0 to 1
start transfer from 1 to 0
end transfer from 0 to 1
start transfer from 0 to 1
end transfer from 0 to 1
start transfer from 0 to 1
end transfer from 1 to 0
end transfer from 0 to 1
start transfer from 1 to 0
start transfer from 0 to 1
end transfer from 0 to 1
end transfer from 1 to 0
start transfer from 0 to 1
end transfer from 0 to 1
start transfer from 0 to 1
start transfer from 1 to 0
end transfer from 0 to 1
start transfer from 0 to 1
end transfer from 1 to 0
end transfer from 0 to 1
start transfer from 0 to 1
end transfer from 0 to 1
start transfer from 0 to 1
end transfer from 0 to 1
start transfer from 0 to 1
start transfer from 1 to 0
end transfer from 0 to 1
end transfer from 1 to 0
start transfer from 0 to 1
end transfer from 0 to 1
start transfer from 1 to 0
start transfer from 0 to 1
end transfer from 1 to 0
end transfer from 0 to 1
start transfer from 1 to 0
start transfer from 0 to 1
end transfer from 1 to 0
end transfer from 0 to 1
start transfer from 1 to 0
start transfer from 0 to 1
end transfer from 0 to 1
end transfer from 1 to 0
start transfer from 0 to 1
start transfer from 1 to 0
end transfer from 0 to 1
end transfer from 1 to 0
start transfer from 0 to 1
start transfer from 1 to 0
end transfer from 0 to 1
end transfer from 1 to 0
start transfer from 0 to 1
start transfer from 1 to 0
end transfer from 0 to 1
start transfer from 0 to 1
end transfer from 1 to 0
start transfer from 1 to 0
end transfer from 0 to 1
end transfer from 1 to 0
start transfer from 1 to 0
start transfer from 0 to 1
end transfer from 1 to 0
end transfer from 0 to 1
start transfer from 1 to 0
end transfer from 1 to 0
start transfer from 0 to 1
start transfer from 1 to 0
end transfer from 0 to 1
end transfer from 1 to 0
start transfer from 0 to 1
end transfer from 0 to 1
start transfer from 1 to 0
start transfer from 0 to 1
end transfer from 1 to 0
end transfer from 0 to 1
start transfer from 1 to 0
start transfer from 0 to 1
end transfer from 1 to 0
end transfer from 0 to 1
start transfer from 1 to 0
start transfer from 0 to 1
end transfer from 1 to 0
end transfer from 0 to 1
start transfer from 0 to 1
start transfer from 1 to 0
end transfer from 0 to 1
end transfer from 1 to 0
start transfer from 0 to 1
start transfer from 1 to 0
end transfer from 0 to 1
end transfer from 1 to 0
start transfer from 0 to 1
end transfer from 0 to 1
start transfer from 1 to 0
start transfer from 0 to 1
end transfer from 1 to 0
end transfer from 0 to 1
start transfer from 1 to 0
start transfer from 0 to 1
end transfer from 1 to 0
end transfer from 0 to 1
start transfer from 1 to 0
start transfer from 0 to 1
end transfer from 1 to 0
end transfer from 0 to 1
start transfer from 1 to 0
start transfer from 0 to 1
end transfer from 1 to 0
end transfer from 0 to 1
start transfer from 1 to 0
start transfer from 0 to 1
end transfer from 1 to 0
end transfer from 0 to 1
start transfer from 1 to 0
start transfer from 0 to 1
end transfer from 1 to 0
end transfer from 0 to 1
start transfer from 1 to 0
end transfer from 1 to 0
start transfer from 0 to 1
start transfer from 1 to 0
end transfer from 0 to 1
end transfer from 1 to 0
start transfer from 0 to 1
start transfer from 1 to 0
end transfer from 0 to 1
end transfer from 1 to 0
start transfer from 0 to 1
start transfer from 1 to 0
end transfer from 0 to 1
end transfer from 1 to 0
start transfer from 0 to 1
start transfer from 1 to 0
end transfer from 0 to 1
end transfer from 1 to 0
start transfer from 0 to 1
start transfer from 1 to 0
end transfer from 1 to 0
end transfer from 0 to 1
start transfer from 1 to 0
start transfer from 0 to 1
end transfer from 1 to 0
end transfer from 0 to 1
start transfer from 1 to 0
end transfer from 1 to 0
start transfer from 0 to 1
start transfer from 1 to 0
end transfer from 0 to 1
end transfer from 1 to 0
start transfer from 0 to 1
start transfer from 1 to 0
end transfer from 0 to 1
end transfer from 1 to 0
start transfer from 0 to 1
end transfer from 0 to 1
start transfer from 1 to 0
start transfer from 0 to 1
end transfer from 1 to 0
start transfer from 1 to 0
end transfer from 0 to 1
end transfer from 1 to 0
start transfer from 1 to 0
end transfer from 1 to 0
start transfer from 0 to 1
start transfer from 1 to 0
end transfer from 0 to 1
start transfer from 0 to 1
end transfer from 1 to 0
end transfer from 0 to 1
start transfer from 1 to 0
start transfer from 0 to 1
end transfer from 0 to 1
end transfer from 1 to 0
start transfer from 1 to 0
end transfer from 1 to 0
start transfer from 1 to 0
end transfer from 1 to 0
start transfer from 1 to 0
end transfer from 1 to 0
start transfer from 1 to 0
start transfer from 0 to 1
end transfer from 1 to 0
start transfer from 1 to 0
end transfer from 0 to 1
end transfer from 1 to 0
start transfer from 0 to 1
start transfer from 1 to 0
end transfer from 0 to 1
start transfer from 0 to 1
end transfer from 1 to 0
end transfer from 0 to 1
start transfer from 1 to 0
start transfer from 0 to 1
end transfer from 1 to 0
end transfer from 0 to 1
start transfer from 1 to 0
end transfer from 1 to 0
start transfer from 0 to 1
end transfer from 0 to 1
start transfer from 1 to 0
end transfer from 1 to 0
start transfer from 0 to 1
start transfer from 1 to 0
end transfer from 0 to 1
start transfer from 0 to 1
end transfer from 1 to 0
start transfer from 1 to 0
end transfer from 0 to 1
end transfer from 1 to 0
start transfer from 0 to 1
start transfer from 1 to 0
end transfer from 1 to 0
end transfer from 0 to 1
start transfer from 0 to 1
start transfer from 1 to 0
end transfer from 1 to 0
end transfer from 0 to 1
start transfer from 0 to 1
start transfer from 1 to 0
end transfer from 0 to 1
start transfer from 0 to 1
end transfer from 0 to 1
start transfer from 0 to 1
end transfer from 0 to 1
start transfer from 0 to 1
end transfer from 1 to 0
start transfer from 1 to 0
end transfer from 1 to 0
start transfer from 1 to 0
end transfer from 1 to 0
start transfer from 1 to 0
end transfer from 1 to 0
end transfer from 0 to 1
start transfer from 0 to 1
start transfer from 1 to 0
end transfer from 1 to 0
start transfer from 1 to 0
end transfer from 1 to 0
start transfer from 1 to 0
end transfer from 1 to 0
start transfer from 1 to 0
end transfer from 1 to 0
start transfer from 1 to 0
end transfer from 1 to 0
start transfer from 1 to 0
end transfer from 1 to 0
start transfer from 1 to 0
end transfer from 1 to 0
start transfer from 1 to 0
end transfer from 0 to 1
start transfer from 0 to 1
end transfer from 1 to 0
start transfer from 1 to 0
end transfer from 1 to 0
end transfer from 0 to 1
start transfer from 1 to 0
end transfer from 1 to 0
start transfer from 1 to 0
end transfer from 1 to 0
start transfer from 1 to 0
end transfer from 1 to 0
start transfer from 1 to 0
start transfer from 0 to 1
end transfer from 1 to 0
start transfer from 1 to 0
end transfer from 1 to 0
start transfer from 1 to 0
end transfer from 1 to 0
start transfer from 1 to 0
end transfer from 0 to 1
end transfer from 1 to 0
start transfer from 0 to 1
end transfer from 0 to 1
start transfer from 1 to 0
start transfer from 0 to 1
end transfer from 1 to 0
start transfer from 1 to 0
end transfer from 1 to 0
end transfer from 0 to 1
start transfer from 0 to 1
end transfer from 0 to 1
start transfer from 0 to 1
end transfer from 0 to 1
start transfer from 0 to 1
end transfer from 0 to 1
start transfer from 0 to 1
end transfer from 0 to 1
start transfer from 0 to 1
end transfer from 0 to 1
start transfer from 0 to 1
end transfer from 0 to 1
start transfer from 0 to 1
end transfer from 0 to 1
start transfer from 0 to 1
end transfer from 0 to 1
start transfer from 0 to 1
end transfer from 0 to 1
start transfer from 0 to 1
end transfer from 0 to 1
start transfer from 0 to 1
end transfer from 0 to 1
start transfer from 0 to 1
start transfer from 1 to 0
end transfer from 0 to 1
start transfer from 0 to 1
end transfer from 0 to 1
end transfer from 1 to 0
start transfer from 0 to 1
end transfer from 0 to 1
start transfer from 0 to 1
start transfer from 1 to 0
end transfer from 0 to 1
start transfer from 0 to 1
end transfer from 1 to 0
end transfer from 0 to 1
start transfer from 0 to 1
end transfer from 0 to 1
start transfer from 0 to 1
start transfer from 1 to 0
end transfer from 0 to 1
end transfer from 1 to 0
start transfer from 0 to 1
start transfer from 1 to 0
end transfer from 1 to 0
end transfer from 0 to 1
start transfer from 1 to 0
start transfer from 0 to 1
end transfer from 1 to 0
end transfer from 0 to 1
start transfer from 1 to 0
start transfer from 0 to 1
end transfer from 1 to 0
end transfer from 0 to 1
start transfer from 1 to 0
start transfer from 0 to 1
end transfer from 1 to 0
end transfer from 0 to 1
start transfer from 1 to 0
start transfer from 0 to 1
end transfer from 1 to 0
end transfer from 0 to 1
start transfer from 1 to 0
start transfer from 0 to 1
end transfer from 1 to 0
end transfer from 0 to 1
start transfer from 1 to 0
end transfer from 1 to 0
start transfer from 1 to 0
end transfer from 1 to 0
start transfer from 1 to 0
start transfer from 0 to 1
end transfer from 1 to 0
start transfer from 1 to 0
end transfer from 1 to 0
start transfer from 1 to 0
end transfer from 1 to 0
start transfer from 1 to 0
end transfer from 1 to 0
end transfer from 0 to 1
start transfer from 1 to 0
start transfer from 0 to 1
end transfer from 1 to 0
end transfer from 0 to 1
start transfer from 1 to 0
start transfer from 0 to 1
end transfer from 0 to 1
start transfer from 0 to 1
end transfer from 0 to 1
start transfer from 0 to 1
end transfer from 1 to 0
end transfer from 0 to 1
start transfer from 1 to 0
start transfer from 0 to 1
end transfer from 1 to 0
end transfer from 0 to 1
start transfer from 1 to 0
start transfer from 0 to 1
end transfer from 0 to 1
end transfer from 1 to 0
start transfer from 0 to 1
start transfer from 1 to 0
end transfer from 1 to 0
end transfer from 0 to 1
start transfer from 1 to 0
end transfer from 1 to 0
start transfer from 0 to 1
start transfer from 1 to 0
end transfer from 0 to 1
end transfer from 1 to 0
start transfer from 0 to 1
start transfer from 1 to 0
end transfer from 0 to 1
end transfer from 1 to 0
start transfer from 0 to 1
start transfer from 1 to 0
end transfer from 0 to 1
end transfer from 1 to 0
start transfer from 1 to 0
start transfer from 0 to 1
end transfer from 1 to 0
end transfer from 0 to 1
start transfer from 0 to 1
start transfer from 1 to 0
end transfer from 0 to 1
end transfer from 1 to 0
start transfer from 0 to 1
start transfer from 1 to 0
end transfer from 0 to 1
end transfer from 1 to 0
start transfer from 0 to 1
start transfer from 1 to 0
end transfer from 0 to 1
end transfer from 1 to 0
start transfer from 0 to 1
start transfer from 1 to 0
end transfer from 0 to 1
end transfer from 1 to 0
start transfer from 0 to 1
start transfer from 1 to 0
end transfer from 0 to 1
end transfer from 1 to 0
start transfer from 0 to 1
start transfer from 1 to 0
end transfer from 0 to 1
end transfer from 1 to 0
start transfer from 0 to 1
start transfer from 1 to 0
end transfer from 0 to 1
end transfer from 1 to 0
start transfer from 0 to 1
start transfer from 1 to 0
end transfer from 0 to 1
end transfer from 1 to 0
start transfer from 0 to 1
start transfer from 1 to 0
end transfer from 0 to 1
end transfer from 1 to 0
start transfer from 0 to 1
start transfer from 1 to 0
end transfer from 0 to 1
start transfer from 0 to 1
end transfer from 1 to 0
end transfer from 0 to 1
start transfer from 1 to 0
start transfer from 0 to 1
end transfer from 1 to 0
end transfer from 0 to 1
start transfer from 1 to 0
start transfer from 0 to 1
end transfer from 1 to 0
end transfer from 0 to 1
start transfer from 1 to 0
start transfer from 0 to 1
end transfer from 1 to 0
end transfer from 0 to 1
start transfer from 1 to 0
start transfer from 0 to 1
end transfer from 1 to 0
end transfer from 0 to 1
start transfer from 1 to 0
start transfer from 0 to 1
end transfer from 1 to 0
end transfer from 0 to 1
start transfer from 1 to 0
end transfer from 1 to 0
start transfer from 0 to 1
start transfer from 1 to 0
end transfer from 0 to 1
end transfer from 1 to 0
start transfer from 0 to 1
start transfer from 1 to 0
end transfer from 0 to 1
end transfer from 1 to 0
start transfer from 0 to 1
start transfer from 1 to 0
end transfer from 0 to 1
end transfer from 1 to 0
start transfer from 1 to 0
start transfer from 0 to 1
end transfer from 1 to 0
end transfer from 0 to 1
start transfer from 1 to 0
start transfer from 0 to 1
end transfer from 1 to 0
start transfer from 1 to 0
end transfer from 0 to 1
end transfer from 1 to 0
start transfer from 0 to 1
end transfer from 0 to 1
start transfer from 1 to 0
start transfer from 0 to 1
end transfer from 0 to 1
end transfer from 1 to 0
start transfer from 1 to 0
start transfer from 0 to 1
end transfer from 1 to 0
end transfer from 0 to 1
start transfer from 0 to 1
start transfer from 1 to 0
end transfer from 0 to 1
end transfer from 1 to 0
start transfer from 1 to 0
start transfer from 0 to 1
end transfer from 1 to 0
end transfer from 0 to 1
start transfer from 1 to 0
end transfer from 1 to 0
start transfer from 0 to 1
start transfer from 1 to 0
end transfer from 1 to 0
start transfer from 1 to 0
end transfer from 0 to 1
end transfer from 1 to 0
start transfer from 0 to 1
start transfer from 1 to 0
end transfer from 0 to 1
end transfer from 1 to 0
start transfer from 0 to 1
start transfer from 1 to 0
end transfer from 0 to 1
end transfer from 1 to 0
start transfer from 0 to 1
start transfer from 1 to 0
end transfer from 0 to 1
end transfer from 1 to 0
start transfer from 0 to 1
start transfer from 1 to 0
end transfer from 1 to 0
end transfer from 0 to 1
start transfer from 1 to 0
end transfer from 1 to 0
start transfer from 0 to 1
start transfer from 1 to 0
end transfer from 0 to 1
end transfer from 1 to 0
start transfer from 0 to 1
start transfer from 1 to 0
end transfer from 1 to 0
end transfer from 0 to 1
start transfer from 0 to 1
end transfer from 0 to 1
start transfer from 0 to 1
end transfer from 0 to 1
start transfer from 0 to 1
start transfer from 1 to 0
end transfer from 0 to 1
end transfer from 1 to 0
start transfer from 1 to 0
start transfer from 0 to 1
end transfer from 1 to 0
end transfer from 0 to 1
start transfer from 1 to 0
start transfer from 0 to 1
end transfer from 0 to 1
end transfer from 1 to 0
start transfer from 0 to 1
start transfer from 1 to 0
end transfer from 0 to 1
start transfer from 0 to 1
end transfer from 1 to 0
end transfer from 0 to 1
start transfer from 1 to 0
start transfer from 0 to 1
end transfer from 1 to 0
end transfer from 0 to 1
start transfer from 1 to 0
start transfer from 0 to 1
end transfer from 1 to 0
end transfer from 0 to 1
start transfer from 1 to 0
start transfer from 0 to 1
end transfer from 1 to 0
end transfer from 0 to 1
start transfer from 1 to 0
start transfer from 0 to 1
end transfer from 1 to 0
end transfer from 0 to 1
start transfer from 1 to 0
start transfer from 0 to 1
end transfer from 1 to 0
end transfer from 0 to 1
start transfer from 1 to 0
start transfer from 0 to 1
end transfer from 1 to 0
start transfer from 1 to 0
end transfer from 0 to 1
end transfer from 1 to 0
start transfer from 1 to 0
start transfer from 0 to 1
end transfer from 0 to 1
start transfer from 0 to 1
end transfer from 0 to 1
start transfer from 0 to 1
end transfer from 0 to 1
start transfer from 0 to 1
end transfer from 1 to 0
end transfer from 0 to 1
start transfer from 1 to 0
start transfer from 0 to 1
end transfer from 0 to 1
end transfer from 1 to 0
start transfer from 0 to 1
start transfer from 1 to 0
end transfer from 0 to 1
end transfer from 1 to 0
start transfer from 0 to 1
start transfer from 1 to 0
end transfer from 0 to 1
end transfer from 1 to 0
start transfer from 0 to 1
start transfer from 1 to 0
end transfer from 0 to 1
end transfer from 1 to 0
start transfer from 0 to 1
start transfer from 1 to 0
end transfer from 0 to 1
end transfer from 1 to 0
start transfer from 0 to 1
start transfer from 1 to 0
end transfer from 0 to 1
end transfer from 1 to 0
start transfer from 1 to 0
start transfer from 0 to 1
end transfer from 1 to 0
end transfer from 0 to 1
start transfer from 1 to 0
start transfer from 0 to 1
end transfer from 1 to 0
end transfer from 0 to 1
start transfer from 1 to 0
start transfer from 0 to 1
end transfer from 1 to 0
end transfer from 0 to 1
start transfer from 1 to 0
start transfer from 0 to 1
end transfer from 1 to 0
end transfer from 0 to 1
start transfer from 1 to 0
start transfer from 0 to 1
end transfer from 1 to 0
end transfer from 0 to 1
start transfer from 1 to 0
start transfer from 0 to 1
end transfer from 1 to 0
end transfer from 0 to 1
start transfer from 1 to 0
start transfer from 0 to 1
end transfer from 1 to 0
end transfer from 0 to 1
start transfer from 0 to 1
start transfer from 1 to 0
end transfer from 0 to 1
end transfer from 1 to 0
start transfer from 0 to 1
start transfer from 1 to 0
end transfer from 0 to 1
end transfer from 1 to 0
start transfer from 0 to 1
start transfer from 1 to 0
end transfer from 0 to 1
end transfer from 1 to 0
start transfer from 1 to 0
start transfer from 0 to 1
end transfer from 1 to 0
start transfer from 1 to 0
end transfer from 1 to 0
end transfer from 0 to 1
start transfer from 1 to 0
end transfer from 1 to 0
start transfer from 1 to 0
start transfer from 0 to 1
end transfer from 1 to 0
start transfer from 1 to 0
end transfer from 0 to 1
end transfer from 1 to 0
start transfer from 1 to 0
start transfer from 0 to 1
end transfer from 1 to 0
start transfer from 1 to 0
end transfer from 0 to 1
start transfer from 0 to 1
end transfer from 1 to 0
start transfer from 1 to 0
end transfer from 0 to 1
end transfer from 1 to 0
start transfer from 1 to 0
start transfer from 0 to 1
end transfer from 1 to 0
start transfer from 1 to 0
end transfer from 1 to 0
end transfer from 0 to 1
start transfer from 1 to 0
end transfer from 1 to 0
start transfer from 1 to 0
start transfer from 0 to 1
end transfer from 1 to 0
start transfer from 1 to 0
end transfer from 1 to 0
end transfer from 0 to 1
start transfer from 1 to 0
start transfer from 0 to 1
end transfer from 0 to 1
end transfer from 1 to 0
start transfer from 1 to 0
end transfer from 1 to 0
start transfer from 0 to 1
start transfer from 1 to 0
end transfer from 1 to 0
end transfer from 0 to 1
start transfer from 1 to 0
start transfer from 0 to 1
end transfer from 1 to 0
end transfer from 0 to 1
start transfer from 1 to 0
end transfer from 1 to 0
start transfer from 1 to 0
start transfer from 0 to 1
end transfer from 1 to 0
start transfer from 1 to 0
end transfer from 0 to 1
end transfer from 1 to 0
start transfer from 1 to 0
start transfer from 0 to 1
end transfer from 1 to 0
start transfer from 1 to 0
end transfer from 0 to 1
end transfer from 1 to 0
start transfer from 0 to 1
start transfer from 1 to 0
end transfer from 0 to 1
end transfer from 1 to 0
start transfer from 0 to 1
start transfer from 1 to 0
end transfer from 0 to 1
end transfer from 1 to 0
start transfer from 0 to 1
start transfer from 1 to 0
end transfer from 0 to 1
end transfer from 1 to 0
start transfer from 0 to 1
end transfer from 0 to 1
start transfer from 1 to 0
start transfer from 0 to 1
end transfer from 0 to 1
end transfer from 1 to 0
start transfer from 0 to 1
start transfer from 1 to 0
end transfer from 0 to 1
start transfer from 0 to 1
end transfer from 1 to 0
start transfer from 1 to 0
end transfer from 0 to 1
end transfer from 1 to 0
start transfer from 0 to 1
start transfer from 1 to 0
end transfer from 0 to 1
end transfer from 1 to 0
start transfer from 0 to 1
end transfer from 0 to 1
start transfer from 1 to 0
start transfer from 0 to 1
end transfer from 1 to 0
end transfer from 0 to 1
start transfer from 1 to 0
start transfer from 0 to 1
end transfer from 1 to 0
end transfer from 0 to 1
start transfer from 1 to 0
start transfer from 0 to 1
end transfer from 0 to 1
end transfer from 1 to 0
start transfer from 0 to 1
start transfer from 1 to 0
end transfer from 1 to 0
end transfer from 0 to 1
start transfer from 1 to 0
start transfer from 0 to 1
end transfer from 1 to 0
end transfer from 0 to 1
start transfer from 1 to 0
start transfer from 0 to 1
end transfer from 1 to 0
end transfer from 0 to 1
start transfer from 0 to 1
start transfer from 1 to 0
end transfer from 0 to 1
end transfer from 1 to 0
start transfer from 0 to 1
start transfer from 1 to 0
end transfer from 0 to 1
end transfer from 1 to 0
start transfer from 0 to 1
start transfer from 1 to 0
end transfer from 0 to 1
end transfer from 1 to 0
start transfer from 0 to 1
start transfer from 1 to 0
end transfer from 0 to 1
end transfer from 1 to 0
start transfer from 0 to 1
start transfer from 1 to 0
end transfer from 0 to 1
end transfer from 1 to 0
start transfer from 0 to 1
start transfer from 1 to 0
end transfer from 0 to 1
end transfer from 1 to 0
start transfer from 0 to 1
start transfer from 1 to 0
end transfer from 1 to 0
end transfer from 0 to 1
start transfer from 1 to 0
start transfer from 0 to 1
end transfer from 1 to 0
end transfer from 0 to 1
start transfer from 0 to 1
start transfer from 1 to 0
end transfer from 0 to 1
end transfer from 1 to 0
start transfer from 0 to 1
start transfer from 1 to 0
end transfer from 0 to 1
end transfer from 1 to 0
start transfer from 0 to 1
start transfer from 1 to 0
end transfer from 0 to 1
end transfer from 1 to 0
start transfer from 0 to 1
start transfer from 1 to 0
end transfer from 0 to 1
end transfer from 1 to 0
start transfer from 0 to 1
start transfer from 1 to 0
end transfer from 0 to 1
end transfer from 1 to 0
start transfer from 0 to 1
start transfer from 1 to 0
end transfer from 0 to 1
end transfer from 1 to 0
start transfer from 0 to 1
start transfer from 1 to 0
end transfer from 0 to 1
end transfer from 1 to 0
start transfer from 0 to 1
start transfer from 1 to 0
end transfer from 1 to 0
end transfer from 0 to 1
start transfer from 1 to 0
start transfer from 0 to 1
end transfer from 1 to 0
end transfer from 0 to 1
start transfer from 1 to 0
start transfer from 0 to 1
end transfer from 1 to 0
end transfer from 0 to 1
start transfer from 1 to 0
start transfer from 0 to 1
end transfer from 1 to 0
end transfer from 0 to 1
start transfer from 1 to 0
start transfer from 0 to 1
end transfer from 1 to 0
end transfer from 0 to 1
start transfer from 1 to 0
start transfer from 0 to 1
end transfer from 1 to 0
end transfer from 0 to 1
start transfer from 1 to 0
start transfer from 0 to 1
end transfer from 1 to 0
start transfer from 1 to 0
end transfer from 0 to 1
end transfer from 1 to 0
start transfer from 0 to 1
start transfer from 1 to 0
end transfer from 0 to 1
end transfer from 1 to 0
start transfer from 0 to 1
start transfer from 1 to 0
end transfer from 0 to 1
end transfer from 1 to 0
start transfer from 0 to 1
start transfer from 1 to 0
end transfer from 0 to 1
end transfer from 1 to 0
start transfer from 1 to 0
start transfer from 0 to 1
end transfer from 1 to 0
end transfer from 0 to 1
start transfer from 1 to 0
start transfer from 0 to 1
end transfer from 1 to 0
end transfer from 0 to 1
start transfer from 1 to 0
start transfer from 0 to 1
end transfer from 1 to 0
end transfer from 0 to 1
start transfer from 1 to 0
start transfer from 0 to 1
end transfer from 1 to 0
start transfer from 1 to 0
end transfer from 0 to 1
end transfer from 1 to 0
start transfer from 0 to 1
start transfer from 1 to 0
end transfer from 0 to 1
end transfer from 1 to 0
start transfer from 0 to 1
end transfer from 0 to 1
start transfer from 1 to 0
start transfer from 0 to 1
end transfer from 1 to 0
end transfer from 0 to 1
start transfer from 1 to 0
start transfer from 0 to 1
end transfer from 1 to 0
start transfer from 1 to 0
end transfer from 0 to 1
end transfer from 1 to 0
start transfer from 0 to 1
start transfer from 1 to 0
end transfer from 0 to 1
end transfer from 1 to 0
start transfer from 0 to 1
start transfer from 1 to 0
end transfer from 0 to 1
end transfer from 1 to 0
start transfer from 0 to 1
start transfer from 1 to 0
end transfer from 0 to 1
end transfer from 1 to 0
start transfer from 0 to 1
end transfer from 0 to 1
start transfer from 1 to 0
start transfer from 0 to 1
end transfer from 1 to 0
end transfer from 0 to 1
start transfer from 0 to 1
start transfer from 1 to 0
end transfer from 0 to 1
end transfer from 1 to 0
start transfer from 0 to 1
end transfer from 0 to 1
start transfer from 1 to 0
start transfer from 0 to 1
end transfer from 1 to 0
end transfer from 0 to 1
start transfer from 1 to 0
start transfer from 0 to 1
end transfer from 0 to 1
end transfer from 1 to 0
start transfer from 1 to 0
start transfer from 0 to 1
end transfer from 0 to 1
end transfer from 1 to 0
start transfer from 0 to 1
start transfer from 1 to 0
end transfer from 0 to 1
end transfer from 1 to 0
start transfer from 0 to 1
start transfer from 1 to 0
end transfer from 0 to 1
end transfer from 1 to 0
start transfer from 0 to 1
start transfer from 1 to 0
end transfer from 0 to 1
end transfer from 1 to 0
start transfer from 0 to 1
start transfer from 1 to 0
end transfer from 0 to 1
end transfer from 1 to 0
start transfer from 0 to 1
start transfer from 1 to 0
end transfer from 0 to 1
end transfer from 1 to 0
start transfer from 0 to 1
start transfer from 1 to 0
end transfer from 0 to 1
end transfer from 1 to 0
start transfer from 0 to 1
start transfer from 1 to 0
end transfer from 0 to 1
end transfer from 1 to 0
start transfer from 0 to 1
start transfer from 1 to 0
end transfer from 0 to 1
end transfer from 1 to 0
start transfer from 0 to 1
start transfer from 1 to 0
end transfer from 0 to 1
end transfer from 1 to 0
start transfer from 1 to 0
start transfer from 0 to 1
end transfer from 1 to 0
end transfer from 0 to 1
start transfer from 1 to 0
start transfer from 0 to 1
end transfer from 1 to 0
end transfer from 0 to 1
start transfer from 1 to 0
end transfer from 1 to 0
start transfer from 0 to 1
start transfer from 1 to 0
end transfer from 0 to 1
end transfer from 1 to 0
start transfer from 0 to 1
start transfer from 1 to 0
end transfer from 0 to 1
end transfer from 1 to 0
start transfer from 0 to 1
start transfer from 1 to 0
end transfer from 0 to 1
end transfer from 1 to 0
start transfer from 0 to 1
start transfer from 1 to 0
end transfer from 1 to 0
end transfer from 0 to 1
start transfer from 1 to 0
end transfer from 1 to 0
start transfer from 0 to 1
start transfer from 1 to 0
end transfer from 0 to 1
start transfer from 0 to 1
end transfer from 0 to 1
start transfer from 0 to 1
end transfer from 0 to 1
end transfer from 1 to 0
start transfer from 0 to 1
start transfer from 1 to 0
end transfer from 0 to 1
end transfer from 1 to 0
start transfer from 1 to 0
start transfer from 0 to 1
end transfer from 1 to 0
end transfer from 0 to 1
start transfer from 1 to 0
start transfer from 0 to 1
end transfer from 1 to 0
start transfer from 1 to 0
end transfer from 0 to 1
end transfer from 1 to 0
start transfer from 0 to 1
start transfer from 1 to 0
end transfer from 0 to 1
end transfer from 1 to 0
start transfer from 0 to 1
start transfer from 1 to 0
end transfer from 0 to 1
end transfer from 1 to 0
start transfer from 0 to 1
start transfer from 1 to 0
end transfer from 0 to 1
end transfer from 1 to 0
start transfer from 0 to 1
start transfer from 1 to 0
end transfer from 0 to 1
end transfer from 1 to 0
start transfer from 0 to 1
start transfer from 1 to 0
end transfer from 0 to 1
end transfer from 1 to 0
start transfer from 0 to 1
start transfer from 1 to 0
end transfer from 0 to 1
end transfer from 1 to 0
start transfer from 0 to 1
start transfer from 1 to 0
end transfer from 1 to 0
end transfer from 0 to 1
start transfer from 1 to 0
start transfer from 0 to 1
end transfer from 1 to 0
end transfer from 0 to 1
start transfer from 1 to 0
start transfer from 0 to 1
end transfer from 1 to 0
end transfer from 0 to 1
start transfer from 1 to 0
start transfer from 0 to 1
end transfer from 1 to 0
start transfer from 1 to 0
end transfer from 0 to 1
end transfer from 1 to 0
start transfer from 0 to 1
end transfer from 0 to 1
start transfer from 0 to 1
end transfer from 0 to 1
start transfer from 0 to 1
end transfer from 0 to 1
start transfer from 1 to 0
start transfer from 0 to 1
end transfer from 0 to 1
end transfer from 1 to 0
start transfer from 0 to 1
start transfer from 1 to 0
end transfer from 0 to 1
end transfer from 1 to 0
start transfer from 0 to 1
end transfer from 0 to 1
start transfer from 0 to 1
start transfer from 1 to 0
end transfer from 1 to 0
start transfer from 1 to 0
end transfer from 1 to 0
start transfer from 1 to 0
end transfer from 1 to 0
start transfer from 1 to 0
end transfer from 1 to 0
start transfer from 1 to 0
end transfer from 1 to 0
start transfer from 1 to 0
end transfer from 1 to 0
start transfer from 1 to 0
end transfer from 1 to 0
start transfer from 1 to 0
end transfer from 1 to 0
start transfer from 1 to 0
end transfer from 0 to 1
end transfer from 1 to 0
start transfer from 0 to 1
start transfer from 1 to 0
end transfer from 0 to 1
end transfer from 1 to 0
start transfer from 0 to 1
start transfer from 1 to 0
end transfer from 0 to 1
end transfer from 1 to 0
start transfer from 0 to 1
start transfer from 1 to 0
end transfer from 0 to 1
end transfer from 1 to 0
start transfer from 0 to 1
start transfer from 1 to 0
end transfer from 1 to 0
end transfer from 0 to 1
start transfer from 1 to 0
start transfer from 0 to 1
end transfer from 1 to 0
end transfer from 0 to 1
start transfer from 1 to 0
start transfer from 0 to 1
end transfer from 1 to 0
end transfer from 0 to 1
start transfer from 1 to 0
start transfer from 0 to 1
end transfer from 1 to 0
start transfer from 1 to 0
end transfer from 0 to 1
end transfer from 1 to 0
start transfer from 1 to 0
start transfer from 0 to 1
end transfer from 1 to 0
end transfer from 0 to 1
start transfer from 1 to 0
start transfer from 0 to 1
end transfer from 1 to 0
end transfer from 0 to 1
start transfer from 1 to 0
start transfer from 0 to 1
end transfer from 1 to 0
start transfer from 1 to 0
end transfer from 0 to 1
end transfer from 1 to 0
start transfer from 0 to 1
start transfer from 1 to 0
end transfer from 0 to 1
end transfer from 1 to 0
start transfer from 1 to 0
start transfer from 0 to 1
end transfer from 1 to 0
start transfer from 1 to 0
end transfer from 0 to 1
start transfer from 0 to 1
end transfer from 1 to 0
end transfer from 0 to 1
start transfer from 1 to 0
start transfer from 0 to 1
end transfer from 1 to 0
end transfer from 0 to 1
start transfer from 1 to 0
start transfer from 0 to 1
end transfer from 1 to 0
end transfer from 0 to 1
start transfer from 0 to 1
start transfer from 1 to 0
end transfer from 1 to 0
end transfer from 0 to 1
start transfer from 0 to 1
end transfer from 0 to 1
start transfer from 0 to 1
end transfer from 0 to 1
start transfer from 0 to 1
end transfer from 0 to 1
start transfer from 0 to 1
end transfer from 0 to 1
start transfer from 0 to 1
end transfer from 0 to 1
start transfer from 0 to 1
end transfer from 0 to 1
start transfer from 0 to 1
end transfer from 0 to 1
start transfer from 0 to 1
end transfer from 0 to 1
start transfer from 0 to 1
end transfer from 0 to 1
start transfer from 0 to 1
end transfer from 0 to 1
start transfer from 0 to 1
end transfer from 0 to 1
start transfer from 0 to 1
end transfer from 0 to 1
start transfer from 1 to 0
start transfer from 0 to 1
end transfer from 0 to 1
start transfer from 0 to 1
end transfer from 0 to 1
start transfer from 0 to 1
end transfer from 0 to 1
start transfer from 0 to 1
end transfer from 0 to 1
start transfer from 0 to 1
end transfer from 0 to 1
start transfer from 0 to 1
end transfer from 0 to 1
start transfer from 0 to 1
end transfer from 1 to 0
end transfer from 0 to 1
start transfer from 1 to 0
start transfer from 0 to 1
end transfer from 0 to 1
start transfer from 0 to 1
end transfer from 0 to 1
end transfer from 1 to 0
start transfer from 0 to 1
end transfer from 0 to 1
start transfer from 0 to 1
end transfer from 0 to 1
start transfer from 0 to 1
end transfer from 0 to 1
start transfer from 1 to 0
start transfer from 0 to 1
end transfer from 0 to 1
end transfer from 1 to 0
start transfer from 0 to 1
end transfer from 0 to 1
start transfer from 0 to 1
start transfer from 1 to 0
end transfer from 0 to 1
start transfer from 0 to 1
end transfer from 1 to 0
end transfer from 0 to 1
start transfer from 1 to 0
start transfer from 0 to 1
end transfer from 1 to 0
end transfer from 0 to 1
start transfer from 1 to 0
start transfer from 0 to 1
end transfer from 1 to 0
end transfer from 0 to 1
start transfer from 0 to 1
end transfer from 0 to 1
start transfer from 0 to 1
end transfer from 0 to 1
start transfer from 1 to 0
start transfer from 0 to 1
end transfer from 1 to 0
end transfer from 0 to 1
start transfer from 1 to 0
end transfer from 1 to 0
start transfer from 0 to 1
start transfer from 1 to 0
end transfer from 1 to 0
end transfer from 0 to 1
start transfer from 1 to 0
start transfer from 0 to 1
end transfer from 1 to 0
end transfer from 0 to 1
start transfer from 0 to 1
start transfer from 1 to 0
end transfer from 0 to 1
start transfer from 0 to 1
end transfer from 1 to 0
end transfer from 0 to 1
start transfer from 1 to 0
start transfer from 0 to 1
end transfer from 0 to 1
end transfer from 1 to 0
start transfer from 0 to 1
start transfer from 1 to 0
end transfer from 0 to 1
end transfer from 1 to 0
start transfer from 0 to 1
start transfer from 1 to 0
end transfer from 1 to 0
end transfer from 0 to 1
start transfer from 1 to 0
end transfer from 1 to 0
start transfer from 0 to 1
start transfer from 1 to 0
end transfer from 0 to 1
start transfer from 0 to 1
end transfer from 1 to 0
end transfer from 0 to 1
start transfer from 1 to 0
start transfer from 0 to 1
end transfer from 1 to 0
start transfer from 1 to 0
end transfer from 0 to 1
end transfer from 1 to 0
start transfer from 0 to 1
start transfer from 1 to 0
end transfer from 0 to 1
start transfer from 0 to 1
end transfer from 1 to 0
start transfer from 1 to 0
end transfer from 0 to 1
start transfer from 0 to 1
end transfer from 1 to 0
end transfer from 0 to 1
start transfer from 1 to 0
start transfer from 0 to 1
end transfer from 1 to 0
end transfer from 0 to 1
start transfer from 1 to 0
end transfer from 1 to 0
start transfer from 0 to 1
end transfer from 0 to 1
start transfer from 1 to 0
end transfer from 1 to 0
start transfer from 0 to 1
start transfer from 1 to 0
end transfer from 0 to 1
start transfer from 0 to 1
end transfer from 1 to 0
start transfer from 1 to 0
end transfer from 0 to 1
start transfer from 0 to 1
end transfer from 1 to 0
start transfer from 1 to 0
end transfer from 0 to 1
start transfer from 0 to 1
end transfer from 1 to 0
start transfer from 1 to 0
end transfer from 0 to 1
start transfer from 0 to 1
end transfer from 1 to 0
end transfer from 0 to 1
start transfer from 1 to 0
end transfer from 1 to 0
start transfer from 0 to 1
end transfer from 0 to 1
start transfer from 1 to 0
end transfer from 1 to 0
start transfer from 0 to 1
end transfer from 0 to 1
start transfer from 1 to 0
end transfer from 1 to 0
start transfer from 0 to 1
end transfer from 0 to 1
start transfer from 1 to 0
start transfer from 0 to 1
end transfer from 1 to 0
start transfer from 1 to 0
end transfer from 1 to 0
end transfer from 0 to 1
start transfer from 1 to 0
end transfer from 1 to 0
start transfer from 0 to 1
start transfer from 1 to 0
end transfer from 0 to 1
end transfer from 1 to 0
start transfer from 0 to 1
start transfer from 1 to 0
end transfer from 1 to 0
start transfer from 1 to 0
end transfer from 0 to 1
start transfer from 0 to 1
end transfer from 1 to 0
end transfer from 0 to 1
start transfer from 1 to 0
start transfer from 0 to 1
end transfer from 1 to 0
start transfer from 1 to 0
end transfer from 0 to 1
end transfer from 1 to 0
start transfer from 1 to 0
start transfer from 0 to 1
end transfer from 1 to 0
end transfer from 0 to 1
start transfer from 1 to 0
end transfer from 1 to 0
start transfer from 0 to 1
start transfer from 1 to 0
end transfer from 1 to 0
end transfer from 0 to 1
start transfer from 0 to 1
start transfer from 1 to 0
end transfer from 1 to 0
start transfer from 1 to 0
end transfer from 0 to 1
end transfer from 1 to 0
start transfer from 0 to 1
start transfer from 1 to 0
end transfer from 1 to 0
end transfer from 0 to 1
start transfer from 1 to 0
start transfer from 0 to 1
end transfer from 1 to 0
start transfer from 1 to 0
end transfer from 0 to 1
end transfer from 1 to 0
start transfer from 1 to 0
start transfer from 0 to 1
end transfer from 1 to 0
end transfer from 0 to 1
start transfer from 1 to 0
end transfer from 1 to 0
start transfer from 0 to 1
start transfer from 1 to 0
end transfer from 1 to 0
end transfer from 0 to 1
start transfer from 1 to 0
end transfer from 1 to 0
start transfer from 0 to 1
start transfer from 1 to 0
end transfer from 0 to 1
end transfer from 1 to 0
start transfer from 1 to 0
start transfer from 0 to 1
end transfer from 1 to 0
start transfer from 1 to 0
end transfer from 0 to 1
end transfer from 1 to 0
start transfer from 0 to 1
start transfer from 1 to 0
end transfer from 1 to 0
end transfer from 0 to 1
start transfer from 1 to 0
start transfer from 0 to 1
end transfer from 1 to 0
start transfer from 1 to 0
end transfer from 0 to 1
end transfer from 1 to 0
start transfer from 0 to 1
start transfer from 1 to 0
end transfer from 0 to 1
end transfer from 1 to 0
start transfer from 1 to 0
start transfer from 0 to 1
end transfer from 1 to 0
start transfer from 1 to 0
end transfer from 0 to 1
end transfer from 1 to 0
start transfer from 1 to 0
start transfer from 0 to 1
end transfer from 1 to 0
start transfer from 1 to 0
end transfer from 0 to 1
end transfer from 1 to 0
start transfer from 1 to 0
start transfer from 0 to 1
end transfer from 1 to 0
start transfer from 1 to 0
end transfer from 0 to 1
end transfer from 1 to 0
start transfer from 0 to 1
start transfer from 1 to 0
end transfer from 1 to 0
end transfer from 0 to 1
start transfer from 1 to 0
end transfer from 1 to 0
start transfer from 0 to 1
start transfer from 1 to 0
end transfer from 0 to 1
end transfer from 1 to 0
start transfer from 1 to 0
start transfer from 0 to 1
end transfer from 1 to 0
start transfer from 1 to 0
end transfer from 0 to 1
end transfer from 1 to 0
start transfer from 1 to 0
start transfer from 0 to 1
end transfer from 1 to 0
start transfer from 1 to 0
end transfer from 0 to 1
end transfer from 1 to 0
start transfer from 0 to 1
start transfer from 1 to 0
end transfer from 1 to 0
end transfer from 0 to 1
start transfer from 1 to 0
end transfer from 1 to 0
start transfer from 0 to 1
start transfer from 1 to 0
end transfer from 0 to 1
end transfer from 1 to 0
start transfer from 0 to 1
end transfer from 0 to 1
start transfer from 1 to 0
start transfer from 0 to 1
end transfer from 1 to 0
end transfer from 0 to 1
start transfer from 1 to 0
start transfer from 0 to 1
end transfer from 1 to 0
start transfer from 1 to 0
end transfer from 0 to 1
end transfer from 1 to 0
start transfer from 1 to 0
start transfer from 0 to 1
end transfer from 1 to 0
end transfer from 0 to 1
start transfer from 1 to 0
start transfer from 0 to 1
end transfer from 1 to 0
end transfer from 0 to 1
start transfer from 1 to 0
start transfer from 0 to 1
end transfer from 1 to 0
end transfer from 0 to 1
start transfer from 0 to 1
start transfer from 1 to 0
end transfer from 1 to 0
end transfer from 0 to 1
start transfer from 0 to 1
start transfer from 1 to 0
end transfer from 0 to 1
end transfer from 1 to 0
start transfer from 1 to 0
start transfer from 0 to 1
end transfer from 0 to 1
end transfer from 1 to 0
start transfer from 1 to 0
start transfer from 0 to 1
end transfer from 0 to 1
end transfer from 1 to 0
start transfer from 0 to 1
end transfer from 0 to 1
start transfer from 1 to 0
start transfer from 0 to 1
end transfer from 1 to 0
start transfer from 1 to 0
end transfer from 0 to 1
start transfer from 0 to 1
end transfer from 1 to 0
start transfer from 1 to 0
end transfer from 0 to 1
start transfer from 0 to 1
end transfer from 1 to 0
start transfer from 1 to 0
end transfer from 0 to 1
end transfer from 1 to 0
start transfer from 0 to 1
end transfer from 0 to 1
start transfer from 1 to 0
start transfer from 0 to 1
end transfer from 1 to 0
start transfer from 1 to 0
end transfer from 0 to 1
start transfer from 0 to 1
end transfer from 1 to 0
end transfer from 0 to 1
start transfer from 1 to 0
end transfer from 1 to 0
start transfer from 0 to 1
end transfer from 0 to 1
start transfer from 1 to 0
start transfer from 0 to 1
end transfer from 1 to 0
start transfer from 1 to 0
end transfer from 0 to 1
end transfer from 1 to 0
start transfer from 0 to 1
start transfer from 1 to 0
end transfer from 1 to 0
end transfer from 0 to 1
start transfer from 0 to 1
start transfer from 1 to 0
end transfer from 0 to 1
end transfer from 1 to 0
start transfer from 0 to 1
end transfer from 0 to 1
start transfer from 1 to 0
start transfer from 0 to 1
end transfer from 1 to 0
end transfer from 0 to 1
start transfer from 1 to 0
start transfer from 0 to 1
end transfer from 1 to 0
end transfer from 0 to 1
start transfer from 1 to 0
start transfer from 0 to 1
end transfer from 0 to 1
end transfer from 1 to 0
start transfer from 0 to 1
start transfer from 1 to 0
end transfer from 0 to 1
end transfer from 1 to 0
start transfer from 0 to 1
start transfer from 1 to 0
end transfer from 1 to 0
end transfer from 0 to 1
start transfer from 1 to 0
start transfer from 0 to 1
end transfer from 0 to 1
end transfer from 1 to 0
start transfer from 0 to 1
end transfer from 0 to 1
start transfer from 1 to 0
start transfer from 0 to 1
end transfer from 1 to 0
end transfer from 0 to 1
start transfer from 0 to 1
start transfer from 1 to 0
end transfer from 0 to 1
end transfer from 1 to 0
start transfer from 0 to 1
start transfer from 1 to 0
end transfer from 0 to 1
start transfer from 0 to 1
end transfer from 1 to 0
end transfer from 0 to 1
start transfer from 1 to 0
start transfer from 0 to 1
end transfer from 1 to 0
start transfer from 1 to 0
end transfer from 0 to 1
end transfer from 1 to 0
start transfer from 0 to 1
start transfer from 1 to 0
end transfer from 0 to 1
end transfer from 1 to 0
start transfer from 0 to 1
start transfer from 1 to 0
end transfer from 0 to 1
end transfer from 1 to 0
start transfer from 0 to 1
start transfer from 1 to 0
end transfer from 0 to 1
end transfer from 1 to 0
start transfer from 0 to 1
start transfer from 1 to 0
end transfer from 0 to 1
end transfer from 1 to 0
start transfer from 0 to 1
end transfer from 0 to 1
start transfer from 1 to 0
start transfer from 0 to 1
end transfer from 1 to 0
end transfer from 0 to 1
start transfer from 1 to 0
start transfer from 0 to 1
end transfer from 1 to 0
end transfer from 0 to 1
start transfer from 1 to 0
start transfer from 0 to 1
end transfer from 1 to 0
end transfer from 0 to 1
start transfer from 1 to 0
start transfer from 0 to 1
end transfer from 1 to 0
end transfer from 0 to 1
start transfer from 1 to 0
end transfer from 1 to 0
start transfer from 0 to 1
start transfer from 1 to 0
end transfer from 0 to 1
start transfer from 0 to 1
end transfer from 1 to 0
end transfer from 0 to 1
start transfer from 1 to 0
start transfer from 0 to 1
end transfer from 1 to 0
end transfer from 0 to 1
start transfer from 0 to 1
start transfer from 1 to 0
end transfer from 0 to 1
end transfer from 1 to 0
start transfer from 0 to 1
start transfer from 1 to 0
end transfer from 0 to 1
end transfer from 1 to 0
start transfer from 0 to 1
start transfer from 1 to 0
end transfer from 0 to 1
end transfer from 1 to 0
start transfer from 0 to 1
start transfer from 1 to 0
end transfer from 0 to 1
end transfer from 1 to 0
start transfer from 1 to 0
start transfer from 0 to 1
end transfer from 1 to 0
start transfer from 1 to 0
end transfer from 0 to 1
end transfer from 1 to 0
start transfer from 1 to 0
start transfer from 0 to 1
end transfer from 1 to 0
end transfer from 0 to 1
start transfer from 1 to 0
start transfer from 0 to 1
end transfer from 1 to 0
end transfer from 0 to 1
start transfer from 0 to 1
start transfer from 1 to 0
end transfer from 1 to 0
end transfer from 0 to 1
start transfer from 0 to 1
start transfer from 1 to 0
end transfer from 0 to 1
end transfer from 1 to 0
start transfer from 0 to 1
start transfer from 1 to 0
end transfer from 0 to 1
end transfer from 1 to 0
start transfer from 0 to 1
start transfer from 1 to 0
end transfer from 0 to 1
end transfer from 1 to 0
start transfer from 0 to 1
start transfer from 1 to 0
end transfer from 0 to 1
end transfer from 1 to 0
start transfer from 0 to 1
start transfer from 1 to 0
end transfer from 0 to 1
end transfer from 1 to 0
start transfer from 0 to 1
start transfer from 1 to 0
end transfer from 0 to 1
end transfer from 1 to 0
start transfer from 0 to 1
start transfer from 1 to 0
end transfer from 0 to 1
end transfer from 1 to 0
start transfer from 0 to 1
start transfer from 1 to 0
end transfer from 0 to 1
start transfer from 0 to 1
end transfer from 1 to 0
start transfer from 1 to 0
end transfer from 0 to 1
start transfer from 0 to 1
end transfer from 1 to 0
end transfer from 0 to 1
start transfer from 1 to 0
start transfer from 0 to 1
end transfer from 1 to 0
end transfer from 0 to 1
start transfer from 1 to 0
end transfer from 1 to 0
start transfer from 0 to 1
start transfer from 1 to 0
end transfer from 0 to 1
end transfer from 1 to 0
start transfer from 0 to 1
start transfer from 1 to 0
end transfer from 0 to 1
end transfer from 1 to 0
start transfer from 0 to 1
start transfer from 1 to 0
end transfer from 0 to 1
end transfer from 1 to 0
start transfer from 0 to 1
start transfer from 1 to 0
end transfer from 0 to 1
end transfer from 1 to 0
start transfer from 0 to 1
start transfer from 1 to 0
end transfer from 0 to 1
end transfer from 1 to 0
start transfer from 0 to 1
start transfer from 1 to 0
end transfer from 0 to 1
end transfer from 1 to 0
start transfer from 0 to 1
start transfer from 1 to 0
end transfer from 0 to 1
end transfer from 1 to 0
start transfer from 1 to 0
end transfer from 1 to 0
start transfer from 0 to 1
start transfer from 1 to 0
end transfer from 0 to 1
end transfer from 1 to 0
start transfer from 0 to 1
start transfer from 1 to 0
end transfer from 0 to 1
end transfer from 1 to 0
start transfer from 1 to 0
end transfer from 1 to 0
start transfer from 0 to 1
start transfer from 1 to 0
end transfer from 1 to 0
end transfer from 0 to 1
start transfer from 1 to 0
start transfer from 0 to 1
end transfer from 1 to 0
end transfer from 0 to 1
start transfer from 0 to 1
start transfer from 1 to 0
end transfer from 0 to 1
end transfer from 1 to 0
start transfer from 1 to 0
start transfer from 0 to 1
end transfer from 1 to 0
end transfer from 0 to 1
start transfer from 1 to 0
start transfer from 0 to 1
end transfer from 1 to 0
end transfer from 0 to 1
start transfer from 0 to 1
start transfer from 1 to 0
end transfer from 1 to 0
end transfer from 0 to 1
start transfer from 0 to 1
start transfer from 1 to 0
end transfer from 0 to 1
end transfer from 1 to 0
start transfer from 0 to 1
start transfer from 1 to 0
end transfer from 0 to 1
end transfer from 1 to 0
start transfer from 0 to 1
start transfer from 1 to 0
end transfer from 0 to 1
start transfer from 0 to 1
end transfer from 1 to 0
end transfer from 0 to 1
start transfer from 1 to 0
end transfer from 1 to 0
start transfer from 0 to 1
start transfer from 1 to 0
end transfer from 0 to 1
start transfer from 0 to 1
end transfer from 1 to 0
end transfer from 0 to 1
start transfer from 1 to 0
start transfer from 0 to 1
end transfer from 1 to 0
start transfer from 1 to 0
end transfer from 0 to 1
end transfer from 1 to 0
start transfer from 0 to 1
start transfer from 1 to 0
end transfer from 0 to 1
end transfer from 1 to 0
start transfer from 0 to 1
end transfer from 0 to 1
start transfer from 1 to 0
end transfer from 1 to 0
start transfer from 0 to 1
start transfer from 1 to 0
end transfer from 0 to 1
end transfer from 1 to 0
start transfer from 0 to 1
start transfer from 1 to 0
end transfer from 0 to 1
start transfer from 0 to 1
end transfer from 1 to 0
start transfer from 1 to 0
end transfer from 0 to 1
end transfer from 1 to 0
start transfer from 0 to 1
end transfer from 0 to 1
start transfer from 0 to 1
start transfer from 1 to 0
end transfer from 0 to 1
start transfer from 0 to 1
end transfer from 1 to 0
end transfer from 0 to 1
start transfer from 0 to 1
start transfer from 1 to 0
end transfer from 0 to 1
end transfer from 1 to 0
start transfer from 0 to 1
end transfer from 0 to 1
start transfer from 0 to 1
end transfer from 0 to 1
start transfer from 0 to 1
start transfer from 1 to 0
end transfer from 0 to 1
end transfer from 1 to 0
start transfer from 0 to 1
start transfer from 1 to 0
end transfer from 0 to 1
end transfer from 1 to 0
start transfer from 0 to 1
start transfer from 1 to 0
end transfer from 0 to 1
end transfer from 1 to 0
start transfer from 0 to 1
start transfer from 1 to 0
end transfer from 0 to 1
start transfer from 0 to 1
end transfer from 1 to 0
end transfer from 0 to 1
start transfer from 1 to 0
start transfer from 0 to 1
end transfer from 1 to 0
end transfer from 0 to 1
start transfer from 1 to 0
start transfer from 0 to 1
end transfer from 1 to 0
end transfer from 0 to 1
start transfer from 1 to 0
start transfer from 0 to 1
end transfer from 1 to 0
end transfer from 0 to 1
start transfer from 1 to 0
start transfer from 0 to 1
end transfer from 1 to 0
start transfer from 1 to 0
end transfer from 0 to 1
end transfer from 1 to 0
start transfer from 0 to 1
start transfer from 1 to 0
end transfer from 0 to 1
end transfer from 1 to 0
start transfer from 0 to 1
start transfer from 1 to 0
end transfer from 0 to 1
end transfer from 1 to 0
start transfer from 1 to 0
start transfer from 0 to 1
end transfer from 1 to 0
end transfer from 0 to 1
start transfer from 1 to 0
start transfer from 0 to 1
end transfer from 1 to 0
end transfer from 0 to 1
start transfer from 1 to 0
end transfer from 1 to 0
start transfer from 0 to 1
start transfer from 1 to 0
end transfer from 0 to 1
end transfer from 1 to 0
start transfer from 1 to 0
start transfer from 0 to 1
end transfer from 0 to 1
end transfer from 1 to 0
start transfer from 0 to 1
start transfer from 1 to 0
end transfer from 0 to 1
start transfer from 0 to 1
end transfer from 1 to 0
start transfer from 1 to 0
end transfer from 0 to 1
start transfer from 0 to 1
end transfer from 1 to 0
start transfer from 1 to 0
end transfer from 0 to 1
start transfer from 0 to 1
end transfer from 1 to 0
start transfer from 1 to 0
end transfer from 0 to 1
start transfer from 0 to 1
end transfer from 1 to 0
end transfer from 0 to 1
start transfer from 1 to 0
start transfer from 0 to 1
end transfer from 1 to 0
end transfer from 0 to 1
start transfer from 1 to 0
start transfer from 0 to 1
end transfer from 1 to 0
end transfer from 0 to 1
start transfer from 1 to 0
start transfer from 0 to 1
end transfer from 1 to 0
end transfer from 0 to 1
start transfer from 1 to 0
start transfer from 0 to 1
end transfer from 1 to 0
end transfer from 0 to 1
start transfer from 1 to 0
start transfer from 0 to 1
end transfer from 0 to 1
end transfer from 1 to 0
start transfer from 1 to 0
start transfer from 0 to 1
end transfer from 0 to 1
end transfer from 1 to 0
start transfer from 0 to 1
start transfer from 1 to 0
end transfer from 1 to 0
end transfer from 0 to 1
start transfer from 1 to 0
start transfer from 0 to 1
end transfer from 1 to 0
end transfer from 0 to 1
start transfer from 1 to 0
start transfer from 0 to 1
end transfer from 1 to 0
end transfer from 0 to 1
start transfer from 1 to 0
start transfer from 0 to 1
end transfer from 1 to 0
end transfer from 0 to 1
start transfer from 1 to 0
start transfer from 0 to 1
end transfer from 1 to 0
start transfer from 1 to 0
end transfer from 0 to 1
end transfer from 1 to 0
start transfer from 0 to 1
start transfer from 1 to 0
end transfer from 0 to 1
start transfer from 0 to 1
end transfer from 1 to 0
start transfer from 1 to 0
end transfer from 0 to 1
start transfer from 0 to 1
end transfer from 1 to 0
start transfer from 1 to 0
end transfer from 0 to 1
end transfer from 1 to 0
start transfer from 0 to 1
end transfer from 0 to 1
start transfer from 1 to 0
start transfer from 0 to 1
end transfer from 1 to 0
end transfer from 0 to 1
start transfer from 1 to 0
start transfer from 0 to 1
end transfer from 1 to 0
end transfer from 0 to 1
start transfer from 1 to 0
start transfer from 0 to 1
end transfer from 1 to 0
end transfer from 0 to 1
start transfer from 1 to 0
start transfer from 0 to 1
end transfer from 1 to 0
end transfer from 0 to 1
start transfer from 1 to 0
start transfer from 0 to 1
end transfer from 1 to 0
end transfer from 0 to 1
start transfer from 1 to 0
start transfer from 0 to 1
end transfer from 0 to 1
start transfer from 0 to 1
end transfer from 1 to 0
end transfer from 0 to 1
start transfer from 1 to 0
start transfer from 0 to 1
end transfer from 1 to 0
end transfer from 0 to 1
start transfer from 1 to 0
start transfer from 0 to 1
end transfer from 1 to 0
end transfer from 0 to 1
start transfer from 0 to 1
start transfer from 1 to 0
end transfer from 0 to 1
end transfer from 1 to 0
start transfer from 0 to 1
start transfer from 1 to 0
end transfer from 1 to 0
end transfer from 0 to 1
start transfer from 1 to 0
start transfer from 0 to 1
end transfer from 0 to 1
end transfer from 1 to 0
start transfer from 0 to 1
start transfer from 1 to 0
end transfer from 0 to 1
start transfer from 0 to 1
end transfer from 1 to 0
end transfer from 0 to 1
start transfer from 1 to 0
end transfer from 1 to 0
start transfer from 0 to 1
start transfer from 1 to 0
end transfer from 0 to 1
end transfer from 1 to 0
start transfer from 0 to 1
end transfer from 0 to 1
start transfer from 1 to 0
end transfer from 1 to 0
start transfer from 0 to 1
start transfer from 1 to 0
end transfer from 0 to 1
end transfer from 1 to 0
start transfer from 0 to 1
start transfer from 1 to 0
end transfer from 0 to 1
end transfer from 1 to 0
start transfer from 1 to 0
start transfer from 0 to 1
end transfer from 1 to 0
start transfer from 1 to 0
end transfer from 0 to 1
end transfer from 1 to 0
start transfer from 0 to 1
start transfer from 1 to 0
end transfer from 0 to 1
end transfer from 1 to 0
start transfer from 0 to 1
start transfer from 1 to 0
end transfer from 0 to 1
start transfer from 0 to 1
end transfer from 1 to 0
end transfer from 0 to 1
start transfer from 1 to 0
end transfer from 1 to 0
start transfer from 0 to 1
end transfer from 0 to 1
start transfer from 1 to 0
end transfer from 1 to 0
start transfer from 0 to 1
end transfer from 0 to 1
start transfer from 1 to 0
end transfer from 1 to 0
start transfer from 0 to 1
end transfer from 0 to 1
start transfer from 1 to 0
start transfer from 0 to 1
end transfer from 1 to 0
end transfer from 0 to 1
start transfer from 1 to 0
start transfer from 0 to 1
end transfer from 1 to 0
start transfer from 1 to 0
end transfer from 0 to 1
start transfer from 0 to 1
end transfer from 1 to 0
end transfer from 0 to 1
start transfer from 1 to 0
start transfer from 0 to 1
end transfer from 1 to 0
start transfer from 1 to 0
end transfer from 0 to 1
end transfer from 1 to 0
start transfer from 0 to 1
start transfer from 1 to 0
end transfer from 0 to 1
end transfer from 1 to 0
start transfer from 0 to 1
end transfer from 0 to 1
start transfer from 1 to 0
start transfer from 0 to 1
end transfer from 1 to 0
end transfer from 0 to 1
start transfer from 1 to 0
start transfer from 0 to 1
end transfer from 1 to 0
end transfer from 0 to 1
start transfer from 1 to 0
start transfer from 0 to 1
end transfer from 1 to 0
end transfer from 0 to 1
start transfer from 1 to 0
start transfer from 0 to 1
end transfer from 1 to 0
end transfer from 0 to 1
start transfer from 1 to 0
start transfer from 0 to 1
end transfer from 0 to 1
end transfer from 1 to 0
start transfer from 1 to 0
start transfer from 0 to 1
end transfer from 1 to 0
end transfer from 0 to 1
start transfer from 1 to 0
start transfer from 0 to 1
end transfer from 0 to 1
end transfer from 1 to 0
start transfer from 0 to 1
end transfer from 0 to 1
start transfer from 0 to 1
start transfer from 1 to 0
end transfer from 0 to 1
end transfer from 1 to 0
start transfer from 0 to 1
start transfer from 1 to 0
end transfer from 0 to 1
end transfer from 1 to 0
start transfer from 0 to 1
start transfer from 1 to 0
end transfer from 0 to 1
end transfer from 1 to 0
start transfer from 0 to 1
start transfer from 1 to 0
end transfer from 0 to 1
end transfer from 1 to 0
start transfer from 0 to 1
start transfer from 1 to 0
end transfer from 0 to 1
end transfer from 1 to 0
start transfer from 1 to 0
start transfer from 0 to 1
end transfer from 1 to 0
end transfer from 0 to 1
start transfer from 1 to 0
start transfer from 0 to 1
end transfer from 1 to 0
end transfer from 0 to 1
start transfer from 1 to 0
start transfer from 0 to 1
end transfer from 1 to 0
end transfer from 0 to 1
start transfer from 1 to 0
start transfer from 0 to 1
end transfer from 1 to 0
end transfer from 0 to 1
start transfer from 0 to 1
start transfer from 1 to 0
end transfer from 1 to 0
end transfer from 0 to 1
start transfer from 1 to 0
start transfer from 0 to 1
end transfer from 0 to 1
end transfer from 1 to 0
start transfer from 1 to 0
start transfer from 0 to 1
end transfer from 0 to 1
end transfer from 1 to 0
start transfer from 1 to 0
start transfer from 0 to 1
end transfer from 0 to 1
end transfer from 1 to 0
start transfer from 1 to 0
start transfer from 0 to 1
end transfer from 0 to 1
end transfer from 1 to 0
start transfer from 0 to 1
start transfer from 1 to 0
end transfer from 0 to 1
end transfer from 1 to 0
start transfer from 0 to 1
start transfer from 1 to 0
end transfer from 1 to 0
end transfer from 0 to 1
start transfer from 0 to 1
start transfer from 1 to 0
end transfer from 1 to 0
end transfer from 0 to 1
start transfer from 0 to 1
start transfer from 1 to 0
end transfer from 0 to 1
end transfer from 1 to 0
start transfer from 0 to 1
start transfer from 1 to 0
end transfer from 0 to 1
end transfer from 1 to 0
start transfer from 0 to 1
start transfer from 1 to 0
end transfer from 0 to 1
end transfer from 1 to 0
start transfer from 0 to 1
start transfer from 1 to 0
end transfer from 0 to 1
start transfer from 0 to 1
end transfer from 1 to 0
start transfer from 1 to 0
end transfer from 0 to 1
end transfer from 1 to 0
start transfer from 0 to 1
end transfer from 0 to 1
start transfer from 1 to 0
start transfer from 0 to 1
end transfer from 1 to 0
end transfer from 0 to 1
start transfer from 1 to 0
end transfer from 1 to 0
start transfer from 0 to 1
end transfer from 0 to 1
start transfer from 1 to 0
end transfer from 1 to 0
start transfer from 0 to 1
start transfer from 1 to 0
end transfer from 0 to 1
start transfer from 0 to 1
end transfer from 1 to 0
end transfer from 0 to 1
start transfer from 1 to 0
start transfer from 0 to 1
end transfer from 1 to 0
end transfer from 0 to 1
start transfer from 1 to 0
end transfer from 1 to 0
start transfer from 0 to 1
start transfer from 1 to 0
end transfer from 0 to 1
start transfer from 0 to 1
end transfer from 1 to 0
start transfer from 1 to 0
end transfer from 0 to 1
start transfer from 0 to 1
end transfer from 1 to 0
start transfer from 1 to 0
end transfer from 0 to 1
end transfer from 1 to 0
start transfer from 0 to 1
end transfer from 0 to 1
start transfer from 1 to 0
end transfer from 1 to 0
start transfer from 0 to 1
start transfer from 1 to 0
end transfer from 0 to 1
start transfer from 0 to 1
end transfer from 1 to 0
start transfer from 1 to 0
end transfer from 0 to 1
end transfer from 1 to 0
start transfer from 0 to 1
end transfer from 0 to 1
start transfer from 1 to 0
start transfer from 0 to 1
end transfer from 1 to 0
start transfer from 1 to 0
end transfer from 0 to 1
end transfer from 1 to 0
start transfer from 0 to 1
start transfer from 1 to 0
end transfer from 0 to 1
end transfer from 1 to 0
start transfer from 0 to 1
start transfer from 1 to 0
end transfer from 0 to 1
start transfer from 0 to 1
end transfer from 1 to 0
end transfer from 0 to 1
start transfer from 1 to 0
end transfer from 1 to 0
start transfer from 0 to 1
start transfer from 1 to 0
end transfer from 0 to 1
end transfer from 1 to 0
start transfer from 0 to 1
end transfer from 0 to 1
start transfer from 1 to 0
end transfer from 1 to 0
start transfer from 0 to 1
start transfer from 1 to 0
end transfer from 0 to 1
end transfer from 1 to 0
start transfer from 0 to 1
start transfer from 1 to 0
end transfer from 0 to 1
end transfer from 1 to 0
start transfer from 0 to 1
start transfer from 1 to 0
end transfer from 0 to 1
end transfer from 1 to 0
start transfer from 1 to 0
start transfer from 0 to 1
end transfer from 1 to 0
end transfer from 0 to 1
start transfer from 1 to 0
start transfer from 0 to 1
end transfer from 1 to 0
end transfer from 0 to 1
start transfer from 1 to 0
start transfer from 0 to 1
end transfer from 1 to 0
end transfer from 0 to 1
start transfer from 1 to 0
start transfer from 0 to 1
end transfer from 1 to 0
start transfer from 1 to 0
end transfer from 0 to 1
end transfer from 1 to 0
start transfer from 0 to 1
start transfer from 1 to 0
end transfer from 0 to 1
start transfer from 0 to 1
end transfer from 1 to 0
start transfer from 1 to 0
end transfer from 0 to 1
start transfer from 0 to 1
end transfer from 1 to 0
end transfer from 0 to 1
start transfer from 1 to 0
end transfer from 1 to 0
start transfer from 0 to 1
start transfer from 1 to 0
end transfer from 0 to 1
start transfer from 0 to 1
end transfer from 1 to 0
end transfer from 0 to 1
start transfer from 1 to 0
start transfer from 0 to 1
end transfer from 1 to 0
start transfer from 1 to 0
end transfer from 0 to 1
end transfer from 1 to 0
start transfer from 0 to 1
start transfer from 1 to 0
end transfer from 0 to 1
end transfer from 1 to 0
start transfer from 0 to 1
start transfer from 1 to 0
end transfer from 0 to 1
start transfer from 0 to 1
end transfer from 0 to 1
start transfer from 0 to 1
end transfer from 1 to 0
end transfer from 0 to 1
start transfer from 0 to 1
start transfer from 1 to 0
end transfer from 0 to 1
end transfer from 1 to 0
start transfer from 0 to 1
start transfer from 1 to 0
end transfer from 0 to 1
end transfer from 1 to 0
start transfer from 0 to 1
start transfer from 1 to 0
end transfer from 0 to 1
end transfer from 1 to 0
start transfer from 0 to 1
start transfer from 1 to 0
end transfer from 0 to 1
end transfer from 1 to 0
start transfer from 0 to 1
start transfer from 1 to 0
end transfer from 0 to 1
end transfer from 1 to 0
start transfer from 1 to 0
start transfer from 0 to 1
end transfer from 1 to 0
start transfer from 1 to 0
end transfer from 0 to 1
end transfer from 1 to 0
start transfer from 0 to 1
start transfer from 1 to 0
end transfer from 0 to 1
end transfer from 1 to 0
start transfer from 0 to 1
start transfer from 1 to 0
end transfer from 0 to 1
end transfer from 1 to 0
start transfer from 0 to 1
start transfer from 1 to 0
end transfer from 0 to 1
start transfer from 0 to 1
end transfer from 0 to 1
end transfer from 1 to 0
start transfer from 0 to 1
start transfer from 1 to 0
end transfer from 1 to 0
start transfer from 1 to 0
end transfer from 0 to 1
end transfer from 1 to 0
start transfer from 0 to 1
start transfer from 1 to 0
end transfer from 1 to 0
end transfer from 0 to 1
start transfer from 1 to 0
start transfer from 0 to 1
end transfer from 0 to 1
end transfer from 1 to 0
start transfer from 0 to 1
start transfer from 1 to 0
end transfer from 0 to 1
end transfer from 1 to 0
start transfer from 0 to 1
start transfer from 1 to 0
end transfer from 0 to 1
end transfer from 1 to 0
start transfer from 0 to 1
start transfer from 1 to 0
end transfer from 0 to 1
end transfer from 1 to 0
start transfer from 0 to 1
start transfer from 1 to 0
end transfer from 0 to 1
end transfer from 1 to 0
start transfer from 0 to 1
start transfer from 1 to 0
end transfer from 0 to 1
end transfer from 1 to 0
start transfer from 0 to 1
end transfer from 0 to 1
start transfer from 1 to 0
start transfer from 0 to 1
end transfer from 1 to 0
end transfer from 0 to 1
start transfer from 0 to 1
start transfer from 1 to 0
end transfer from 0 to 1
end transfer from 1 to 0
start transfer from 1 to 0
start transfer from 0 to 1
end transfer from 1 to 0
end transfer from 0 to 1
start transfer from 1 to 0
start transfer from 0 to 1
end transfer from 1 to 0
end transfer from 0 to 1
start transfer from 1 to 0
start transfer from 0 to 1
end transfer from 1 to 0
end transfer from 0 to 1
start transfer from 1 to 0
start transfer from 0 to 1
end transfer from 1 to 0
end transfer from 0 to 1
start transfer from 0 to 1
start transfer from 1 to 0
end transfer from 0 to 1
end transfer from 1 to 0
start transfer from 0 to 1
start transfer from 1 to 0
end transfer from 0 to 1
end transfer from 1 to 0
start transfer from 0 to 1
start transfer from 1 to 0
end transfer from 0 to 1
end transfer from 1 to 0
start transfer from 0 to 1
start transfer from 1 to 0
end transfer from 0 to 1
end transfer from 1 to 0
start transfer from 0 to 1
start transfer from 1 to 0
end transfer from 0 to 1
end transfer from 1 to 0
start transfer from 0 to 1
start transfer from 1 to 0
end transfer from 0 to 1
start transfer from 0 to 1
end transfer from 1 to 0
start transfer from 1 to 0
end transfer from 0 to 1
start transfer from 0 to 1
end transfer from 1 to 0
end transfer from 0 to 1
start transfer from 1 to 0
start transfer from 0 to 1
end transfer from 1 to 0
end transfer from 0 to 1
start transfer from 1 to 0
start transfer from 0 to 1
end transfer from 1 to 0
end transfer from 0 to 1
start transfer from 1 to 0
start transfer from 0 to 1
end transfer from 0 to 1
end transfer from 1 to 0
start transfer from 0 to 1
end transfer from 0 to 1
start transfer from 1 to 0
start transfer from 0 to 1
end transfer from 1 to 0
end transfer from 0 to 1
start transfer from 1 to 0
start transfer from 0 to 1
end transfer from 1 to 0
end transfer from 0 to 1
start transfer from 1 to 0
start transfer from 0 to 1
end transfer from 1 to 0
start transfer from 1 to 0
end transfer from 1 to 0
start transfer from 1 to 0
end transfer from 1 to 0
start transfer from 1 to 0
end transfer from 1 to 0
start transfer from 1 to 0
end transfer from 1 to 0
start transfer from 1 to 0
end transfer from 1 to 0
start transfer from 1 to 0
end transfer from 1 to 0
start transfer from 1 to 0
end transfer from 1 to 0
start transfer from 1 to 0
end transfer from 1 to 0
start transfer from 1 to 0
end transfer from 1 to 0
start transfer from 1 to 0
end transfer from 1 to 0
start transfer from 1 to 0
end transfer from 1 to 0
end transfer from 0 to 1
start transfer from 0 to 1
end transfer from 0 to 1
start transfer from 0 to 1
start transfer from 1 to 0
end transfer from 0 to 1
start transfer from 0 to 1
end transfer from 1 to 0
end transfer from 0 to 1
start transfer from 1 to 0
start transfer from 0 to 1
end transfer from 0 to 1
end transfer from 1 to 0
start transfer from 0 to 1
start transfer from 1 to 0
end transfer from 0 to 1
end transfer from 1 to 0
start transfer from 0 to 1
start transfer from 1 to 0
end transfer from 0 to 1
end transfer from 1 to 0
start transfer from 0 to 1
start transfer from 1 to 0
end transfer from 0 to 1
end transfer from 1 to 0
start transfer from 0 to 1
start transfer from 1 to 0
end transfer from 0 to 1
end transfer from 1 to 0
start transfer from 0 to 1
start transfer from 1 to 0
end transfer from 0 to 1
end transfer from 1 to 0
start transfer from 0 to 1
start transfer from 1 to 0
end transfer from 0 to 1
end transfer from 1 to 0
start transfer from 0 to 1
start transfer from 1 to 0
end transfer from 0 to 1
start transfer from 0 to 1
end transfer from 1 to 0
end transfer from 0 to 1
start transfer from 1 to 0
start transfer from 0 to 1
end transfer from 1 to 0
end transfer from 0 to 1
start transfer from 1 to 0
start transfer from 0 to 1
end transfer from 1 to 0
end transfer from 0 to 1
start transfer from 1 to 0
start transfer from 0 to 1
end transfer from 1 to 0
end transfer from 0 to 1
start transfer from 1 to 0
start transfer from 0 to 1
end transfer from 1 to 0
end transfer from 0 to 1
start transfer from 1 to 0
start transfer from 0 to 1
end transfer from 1 to 0
end transfer from 0 to 1
start transfer from 1 to 0
start transfer from 0 to 1
end transfer from 1 to 0
end transfer from 0 to 1
start transfer from 1 to 0
end transfer from 1 to 0
start transfer from 0 to 1
end transfer from 0 to 1
start transfer from 1 to 0
start transfer from 0 to 1
end transfer from 1 to 0
end transfer from 0 to 1
start transfer from 1 to 0
start transfer from 0 to 1
end transfer from 1 to 0
end transfer from 0 to 1
start transfer from 1 to 0
start transfer from 0 to 1
end transfer from 1 to 0
end transfer from 0 to 1
start transfer from 1 to 0
end transfer from 1 to 0
start transfer from 0 to 1
start transfer from 1 to 0
end transfer from 0 to 1
end transfer from 1 to 0
start transfer from 0 to 1
start transfer from 1 to 0
end transfer from 0 to 1
end transfer from 1 to 0
start transfer from 0 to 1
start transfer from 1 to 0
end transfer from 0 to 1
end transfer from 1 to 0
start transfer from 0 to 1
start transfer from 1 to 0
end transfer from 0 to 1
end transfer from 1 to 0
start transfer from 0 to 1
start transfer from 1 to 0
end transfer from 0 to 1
end transfer from 1 to 0
start transfer from 0 to 1
start transfer from 1 to 0
end transfer from 0 to 1
end transfer from 1 to 0
start transfer from 0 to 1
start transfer from 1 to 0
end transfer from 1 to 0
end transfer from 0 to 1
start transfer from 0 to 1
start transfer from 1 to 0
end transfer from 0 to 1
end transfer from 1 to 0
start transfer from 1 to 0
start transfer from 0 to 1
end transfer from 1 to 0
end transfer from 0 to 1
start transfer from 1 to 0
start transfer from 0 to 1
end transfer from 1 to 0
end transfer from 0 to 1
start transfer from 1 to 0
start transfer from 0 to 1
end transfer from 0 to 1
end transfer from 1 to 0
start transfer from 1 to 0
start transfer from 0 to 1
end transfer from 1 to 0
end transfer from 0 to 1
start transfer from 1 to 0
start transfer from 0 to 1
end transfer from 1 to 0
end transfer from 0 to 1
start transfer from 1 to 0
start transfer from 0 to 1
end transfer from 1 to 0
end transfer from 0 to 1
start transfer from 0 to 1
start transfer from 1 to 0
end transfer from 0 to 1
end transfer from 1 to 0
start transfer from 0 to 1
end transfer from 0 to 1
start transfer from 0 to 1
end transfer from 0 to 1
start transfer from 0 to 1
end transfer from 0 to 1
start transfer from 0 to 1
end transfer from 0 to 1
start transfer from 0 to 1
end transfer from 0 to 1
start transfer from 0 to 1
end transfer from 0 to 1
start transfer from 0 to 1
start transfer from 1 to 0
end transfer from 1 to 0
end transfer from 0 to 1
start transfer from 1 to 0
start transfer from 0 to 1
end transfer from 1 to 0
start transfer from 1 to 0
end transfer from 0 to 1
end transfer from 1 to 0
start transfer from 0 to 1
start transfer from 1 to 0
end transfer from 0 to 1
end transfer from 1 to 0
start transfer from 0 to 1
start transfer from 1 to 0
end transfer from 0 to 1
end transfer from 1 to 0
start transfer from 1 to 0
start transfer from 0 to 1
end transfer from 1 to 0
end transfer from 0 to 1
start transfer from 1 to 0
start transfer from 0 to 1
end transfer from 1 to 0
end transfer from 0 to 1
start transfer from 1 to 0
start transfer from 0 to 1
end transfer from 1 to 0
end transfer from 0 to 1
start transfer from 0 to 1
start transfer from 1 to 0
end transfer from 0 to 1
end transfer from 1 to 0
start transfer from 0 to 1
start transfer from 1 to 0
end transfer from 0 to 1
end transfer from 1 to 0
start transfer from 0 to 1
start transfer from 1 to 0
end transfer from 0 to 1
end transfer from 1 to 0
start transfer from 0 to 1
start transfer from 1 to 0
end transfer from 0 to 1
end transfer from 1 to 0
start transfer from 0 to 1
start transfer from 1 to 0
end transfer from 0 to 1
end transfer from 1 to 0
start transfer from 1 to 0
start transfer from 0 to 1
end transfer from 1 to 0
end transfer from 0 to 1
start transfer from 1 to 0
start transfer from 0 to 1
end transfer from 1 to 0
end transfer from 0 to 1
start transfer from 1 to 0
start transfer from 0 to 1
end transfer from 1 to 0
end transfer from 0 to 1
start transfer from 1 to 0
start transfer from 0 to 1
end transfer from 1 to 0
end transfer from 0 to 1
start transfer from 1 to 0
start transfer from 0 to 1
end transfer from 1 to 0
end transfer from 0 to 1
start transfer from 1 to 0
start transfer from 0 to 1
end transfer from 1 to 0
end transfer from 0 to 1
start transfer from 1 to 0
start transfer from 0 to 1
end transfer from 1 to 0
end transfer from 0 to 1
start transfer from 1 to 0
start transfer from 0 to 1
end transfer from 1 to 0
end transfer from 0 to 1
start transfer from 1 to 0
end transfer from 1 to 0
start transfer from 0 to 1
start transfer from 1 to 0
end transfer from 0 to 1
end transfer from 1 to 0
start transfer from 0 to 1
start transfer from 1 to 0
end transfer from 0 to 1
end transfer from 1 to 0
start transfer from 0 to 1
start transfer from 1 to 0
end transfer from 0 to 1
start transfer from 0 to 1
end transfer from 1 to 0
end transfer from 0 to 1
start transfer from 1 to 0
start transfer from 0 to 1
end transfer from 1 to 0
end transfer from 0 to 1
start transfer from 0 to 1
end transfer from 0 to 1
start transfer from 1 to 0
start transfer from 0 to 1
end transfer from 1 to 0
end transfer from 0 to 1
start transfer from 1 to 0
start transfer from 0 to 1
end transfer from 1 to 0
end transfer from 0 to 1
start transfer from 1 to 0
start transfer from 0 to 1
end transfer from 1 to 0
end transfer from 0 to 1
start transfer from 1 to 0
start transfer from 0 to 1
end transfer from 1 to 0
start transfer from 1 to 0
end transfer from 0 to 1
end transfer from 1 to 0
start transfer from 0 to 1
end transfer from 0 to 1
start transfer from 1 to 0
end transfer from 1 to 0
start transfer from 0 to 1
end transfer from 0 to 1
start transfer from 1 to 0
start transfer from 0 to 1
end transfer from 1 to 0
start transfer from 1 to 0
end transfer from 0 to 1
start transfer from 0 to 1
end transfer from 1 to 0
end transfer from 0 to 1
start transfer from 1 to 0
end transfer from 1 to 0
start transfer from 0 to 1
start transfer from 1 to 0
end transfer from 0 to 1
end transfer from 1 to 0
start transfer from 0 to 1
start transfer from 1 to 0
end transfer from 0 to 1
start transfer from 0 to 1
end transfer from 1 to 0
start transfer from 1 to 0
end transfer from 0 to 1
end transfer from 1 to 0
start transfer from 0 to 1
start transfer from 1 to 0
end transfer from 0 to 1
start transfer from 0 to 1
end transfer from 1 to 0
start transfer from 1 to 0
end transfer from 0 to 1
start transfer from 0 to 1
end transfer from 1 to 0
start transfer from 1 to 0
end transfer from 0 to 1
start transfer from 0 to 1
end transfer from 1 to 0
start transfer from 1 to 0
end transfer from 0 to 1
end transfer from 1 to 0
start transfer from 0 to 1
start transfer from 1 to 0
end transfer from 0 to 1
end transfer from 1 to 0
start transfer from 0 to 1
start transfer from 1 to 0
end transfer from 0 to 1
end transfer from 1 to 0
start transfer from 0 to 1
end transfer from 0 to 1
start transfer from 0 to 1
start transfer from 1 to 0
end transfer from 0 to 1
end transfer from 1 to 0
start transfer from 0 to 1
start transfer from 1 to 0
end transfer from 0 to 1
end transfer from 1 to 0
start transfer from 1 to 0
start transfer from 0 to 1
end transfer from 1 to 0
end transfer from 0 to 1
start transfer from 1 to 0
start transfer from 0 to 1
end transfer from 0 to 1
end transfer from 1 to 0
start transfer from 0 to 1
start transfer from 1 to 0
end transfer from 0 to 1
end transfer from 1 to 0
start transfer from 0 to 1
end transfer from 0 to 1
start transfer from 0 to 1
end transfer from 0 to 1
start transfer from 0 to 1
start transfer from 1 to 0
end transfer from 0 to 1
end transfer from 1 to 0
start transfer from 0 to 1
start transfer from 1 to 0
end transfer from 1 to 0
end transfer from 0 to 1
start transfer from 1 to 0
start transfer from 0 to 1
end transfer from 0 to 1
end transfer from 1 to 0
start transfer from 0 to 1
start transfer from 1 to 0
end transfer from 1 to 0
end transfer from 0 to 1
start transfer from 0 to 1
end transfer from 0 to 1
start transfer from 0 to 1
end transfer from 0 to 1
start transfer from 0 to 1
end transfer from 0 to 1
start transfer from 0 to 1
end transfer from 0 to 1
start transfer from 0 to 1
end transfer from 0 to 1
start transfer from 0 to 1
end transfer from 0 to 1
start transfer from 0 to 1
end transfer from 0 to 1
start transfer from 1 to 0
start transfer from 0 to 1
end transfer from 0 to 1
start transfer from 0 to 1
end transfer from 0 to 1
start transfer from 0 to 1
end transfer from 0 to 1
start transfer from 0 to 1
end transfer from 0 to 1
start transfer from 0 to 1
end transfer from 1 to 0
end transfer from 0 to 1
start transfer from 0 to 1
start transfer from 1 to 0
end transfer from 0 to 1
end transfer from 1 to 0
start transfer from 0 to 1
end transfer from 0 to 1
start transfer from 0 to 1
start transfer from 1 to 0
end transfer from 0 to 1
end transfer from 1 to 0
start transfer from 0 to 1
end transfer from 0 to 1
start transfer from 1 to 0
start transfer from 0 to 1
end transfer from 1 to 0
end transfer from 0 to 1
start transfer from 1 to 0
start transfer from 0 to 1
end transfer from 0 to 1
end transfer from 1 to 0
start transfer from 0 to 1
end transfer from 0 to 1
start transfer from 0 to 1
start transfer from 1 to 0
end transfer from 0 to 1
end transfer from 1 to 0
start transfer from 0 to 1
end transfer from 0 to 1
start transfer from 1 to 0
start transfer from 0 to 1
end transfer from 0 to 1
end transfer from 1 to 0
start transfer from 0 to 1
end transfer from 0 to 1
start transfer from 1 to 0
start transfer from 0 to 1
end transfer from 1 to 0
end transfer from 0 to 1
start transfer from 1 to 0
start transfer from 0 to 1
end transfer from 0 to 1
end transfer from 1 to 0
start transfer from 0 to 1
start transfer from 1 to 0
end transfer from 0 to 1
start transfer from 0 to 1
end transfer from 1 to 0
end transfer from 0 to 1
start transfer from 1 to 0
start transfer from 0 to 1
end transfer from 1 to 0
end transfer from 0 to 1
start transfer from 1 to 0
start transfer from 0 to 1
end transfer from 1 to 0
end transfer from 0 to 1
start transfer from 0 to 1
start transfer from 1 to 0
end transfer from 0 to 1
end transfer from 1 to 0
start transfer from 0 to 1
end transfer from 0 to 1
start transfer from 1 to 0
start transfer from 0 to 1
end transfer from 0 to 1
end transfer from 1 to 0
start transfer from 0 to 1
start transfer from 1 to 0
end transfer from 0 to 1
start transfer from 0 to 1
end transfer from 1 to 0
end transfer from 0 to 1
start transfer from 1 to 0
start transfer from 0 to 1
end transfer from 1 to 0
end transfer from 0 to 1
start transfer from 1 to 0
start transfer from 0 to 1
end transfer from 0 to 1
start transfer from 0 to 1
end transfer from 0 to 1
start transfer from 0 to 1
end transfer from 0 to 1
start transfer from 0 to 1
end transfer from 0 to 1
end transfer from 1 to 0
start transfer from 0 to 1
start transfer from 1 to 0
end transfer from 0 to 1
start transfer from 0 to 1
end transfer from 1 to 0
end transfer from 0 to 1
start transfer from 0 to 1
start transfer from 1 to 0
end transfer from 0 to 1
end transfer from 1 to 0
start transfer from 0 to 1
start transfer from 1 to 0
end transfer from 0 to 1
end transfer from 1 to 0
start transfer from 0 to 1
end transfer from 0 to 1
start transfer from 1 to 0
start transfer from 0 to 1
end transfer from 1 to 0
start transfer from 1 to 0
end transfer from 1 to 0
start transfer from 1 to 0
end transfer from 1 to 0
start transfer from 1 to 0
end transfer from 1 to 0
end transfer from 0 to 1
start transfer from 1 to 0
end transfer from 1 to 0
start transfer from 0 to 1
end transfer from 0 to 1
start transfer from 1 to 0
end transfer from 1 to 0
start transfer from 0 to 1
start transfer from 1 to 0
end transfer from 0 to 1
start transfer from 0 to 1
end transfer from 1 to 0
start transfer from 1 to 0
end transfer from 0 to 1
end transfer from 1 to 0
start transfer from 0 to 1
start transfer from 1 to 0
end transfer from 0 to 1
start transfer from 0 to 1
end transfer from 1 to 0
start transfer from 1 to 0
end transfer from 0 to 1
end transfer from 1 to 0
start transfer from 0 to 1
start transfer from 1 to 0
end transfer from 0 to 1
end transfer from 1 to 0
start transfer from 0 to 1
end transfer from 0 to 1
start transfer from 1 to 0
end transfer from 1 to 0
start transfer from 0 to 1
start transfer from 1 to 0
end transfer from 0 to 1
end transfer from 1 to 0
start transfer from 0 to 1
start transfer from 1 to 0
end transfer from 0 to 1
end transfer from 1 to 0
start transfer from 0 to 1
start transfer from 1 to 0
end transfer from 0 to 1
start transfer from 0 to 1
end transfer from 1 to 0
start transfer from 1 to 0
end transfer from 0 to 1
start transfer from 0 to 1
end transfer from 1 to 0
end transfer from 0 to 1
start transfer from 1 to 0
start transfer from 0 to 1
end transfer from 1 to 0
start transfer from 1 to 0
end transfer from 1 to 0
end transfer from 0 to 1
start transfer from 1 to 0
end transfer from 1 to 0
start transfer from 1 to 0
end transfer from 1 to 0
start transfer from 1 to 0
start transfer from 0 to 1
end transfer from 1 to 0
end transfer from 0 to 1
start transfer from 1 to 0
end transfer from 1 to 0
start transfer from 0 to 1
start transfer from 1 to 0
end transfer from 0 to 1
end transfer from 1 to 0
start transfer from 0 to 1
start transfer from 1 to 0
end transfer from 0 to 1
end transfer from 1 to 0
start transfer from 0 to 1
start transfer from 1 to 0
end transfer from 0 to 1
end transfer from 1 to 0
start transfer from 0 to 1
start transfer from 1 to 0
end transfer from 0 to 1
end transfer from 1 to 0
start transfer from 0 to 1
start transfer from 1 to 0
end transfer from 0 to 1
end transfer from 1 to 0
start transfer from 0 to 1
start transfer from 1 to 0
end transfer from 0 to 1
end transfer from 1 to 0
start transfer from 0 to 1
start transfer from 1 to 0
end transfer from 0 to 1
end transfer from 1 to 0
start transfer from 1 to 0
start transfer from 0 to 1
end transfer from 0 to 1
end transfer from 1 to 0
start transfer from 0 to 1
start transfer from 1 to 0
end transfer from 0 to 1
end transfer from 1 to 0
start transfer from 0 to 1
start transfer from 1 to 0
end transfer from 1 to 0
end transfer from 0 to 1
start transfer from 1 to 0
start transfer from 0 to 1
end transfer from 1 to 0
start transfer from 1 to 0
end transfer from 0 to 1
end transfer from 1 to 0
start transfer from 1 to 0
start transfer from 0 to 1
end transfer from 1 to 0
start transfer from 1 to 0
end transfer from 1 to 0
start transfer from 1 to 0
end transfer from 1 to 0
start transfer from 1 to 0
end transfer from 1 to 0
start transfer from 1 to 0
end transfer from 1 to 0
start transfer from 1 to 0
end transfer from 1 to 0
start transfer from 1 to 0
end transfer from 1 to 0
start transfer from 1 to 0
end transfer from 0 to 1
start transfer from 0 to 1
end transfer from 0 to 1
end transfer from 1 to 0
start transfer from 0 to 1
end transfer from 0 to 1
start transfer from 0 to 1
end transfer from 0 to 1
start transfer from 1 to 0
start transfer from 0 to 1
end transfer from 1 to 0
end transfer from 0 to 1
start transfer from 1 to 0
start transfer from 0 to 1
end transfer from 0 to 1
start transfer from 0 to 1
end transfer from 1 to 0
end transfer from 0 to 1
start transfer from 1 to 0
start transfer from 0 to 1
end transfer from 0 to 1
end transfer from 1 to 0
start transfer from 0 to 1
start transfer from 1 to 0
end transfer from 0 to 1
start transfer from 0 to 1
end transfer from 1 to 0
end transfer from 0 to 1
start transfer from 1 to 0
start transfer from 0 to 1
end transfer from 1 to 0
end transfer from 0 to 1
start transfer from 1 to 0
start transfer from 0 to 1
end transfer from 0 to 1
start transfer from 0 to 1
end transfer from 1 to 0
end transfer from 0 to 1
start transfer from 0 to 1
start transfer from 1 to 0
end transfer from 0 to 1
end transfer from 1 to 0
start transfer from 0 to 1
start transfer from 1 to 0
end transfer from 0 to 1
end transfer from 1 to 0
start transfer from 0 to 1
start transfer from 1 to 0
end transfer from 0 to 1
end transfer from 1 to 0
start transfer from 0 to 1
end transfer from 0 to 1
start transfer from 1 to 0
start transfer from 0 to 1
end transfer from 1 to 0
end transfer from 0 to 1
start transfer from 1 to 0
end transfer from 1 to 0
start transfer from 1 to 0
end transfer from 1 to 0
start transfer from 1 to 0
end transfer from 1 to 0
start transfer from 1 to 0
end transfer from 1 to 0
start transfer from 1 to 0
end transfer from 1 to 0
start transfer from 1 to 0
end transfer from 1 to 0
start transfer from 1 to 0
end transfer from 1 to 0
start transfer from 1 to 0
end transfer from 1 to 0
start transfer from 1 to 0
end transfer from 1 to 0
start transfer from 1 to 0
end transfer from 1 to 0
start transfer from 1 to 0
end transfer from 1 to 0
start transfer from 1 to 0
end transfer from 1 to 0
start transfer from 0 to 1
start transfer from 1 to 0
end transfer from 1 to 0
end transfer from 0 to 1
start transfer from 1 to 0
end transfer from 1 to 0
start transfer from 1 to 0
start transfer from 0 to 1
end transfer from 1 to 0
start transfer from 1 to 0
end transfer from 0 to 1
end transfer from 1 to 0
start transfer from 1 to 0
start transfer from 0 to 1
end transfer from 1 to 0
end transfer from 0 to 1
start transfer from 1 to 0
end transfer from 1 to 0
start transfer from 1 to 0
start transfer from 0 to 1
end transfer from 1 to 0
start transfer from 1 to 0
end transfer from 1 to 0
end transfer from 0 to 1
start transfer from 1 to 0
end transfer from 1 to 0
start transfer from 0 to 1
start transfer from 1 to 0
end transfer from 1 to 0
start transfer from 1 to 0
end transfer from 1 to 0
start transfer from 1 to 0
end transfer from 1 to 0
start transfer from 1 to 0
end transfer from 1 to 0
start transfer from 1 to 0
end transfer from 1 to 0
start transfer from 1 to 0
end transfer from 1 to 0
start transfer from 1 to 0
end transfer from 1 to 0
start transfer from 1 to 0
end transfer from 1 to 0
start transfer from 1 to 0
end transfer from 1 to 0
start transfer from 1 to 0
end transfer from 1 to 0
end transfer from 0 to 1
start transfer from 1 to 0
end transfer from 1 to 0
start transfer from 1 to 0
start transfer from 0 to 1
end transfer from 1 to 0
start transfer from 1 to 0
end transfer from 1 to 0
start transfer from 1 to 0
end transfer from 1 to 0
start transfer from 1 to 0
end transfer from 1 to 0
start transfer from 1 to 0
end transfer from 1 to 0
start transfer from 1 to 0
end transfer from 1 to 0
end transfer from 0 to 1
start transfer from 0 to 1
start transfer from 1 to 0
end transfer from 0 to 1
end transfer from 1 to 0
start transfer from 1 to 0
start transfer from 0 to 1
end transfer from 1 to 0
start transfer from 1 to 0
end transfer from 0 to 1
start transfer from 0 to 1
end transfer from 1 to 0
end transfer from 0 to 1
start transfer from 1 to 0
start transfer from 0 to 1
end transfer from 1 to 0
start transfer from 1 to 0
end transfer from 0 to 1
end transfer from 1 to 0
start transfer from 0 to 1
start transfer from 1 to 0
end transfer from 0 to 1
end transfer from 1 to 0
start transfer from 1 to 0
start transfer from 0 to 1
end transfer from 1 to 0
end transfer from 0 to 1
start transfer from 0 to 1
start transfer from 1 to 0
end transfer from 0 to 1
end transfer from 1 to 0
start transfer from 1 to 0
start transfer from 0 to 1
end transfer from 0 to 1
start transfer from 0 to 1
end transfer from 1 to 0
end transfer from 0 to 1
start transfer from 0 to 1
start transfer from 1 to 0
end transfer from 0 to 1
end transfer from 1 to 0
start transfer from 0 to 1
end transfer from 0 to 1
start transfer from 0 to 1
end transfer from 0 to 1
start transfer from 1 to 0
start transfer from 0 to 1
end transfer from 0 to 1
end transfer from 1 to 0
start transfer from 0 to 1
start transfer from 1 to 0
end transfer from 0 to 1
end transfer from 1 to 0
start transfer from 0 to 1
start transfer from 1 to 0
end transfer from 0 to 1
end transfer from 1 to 0
start transfer from 0 to 1
start transfer from 1 to 0
end transfer from 0 to 1
end transfer from 1 to 0
start transfer from 0 to 1
start transfer from 1 to 0
end transfer from 0 to 1
start transfer from 0 to 1
end transfer from 1 to 0
end transfer from 0 to 1
start transfer from 0 to 1
start transfer from 1 to 0
end transfer from 0 to 1
end transfer from 1 to 0
start transfer from 0 to 1
start transfer from 1 to 0
end transfer from 1 to 0
end transfer from 0 to 1
start transfer from 1 to 0
start transfer from 0 to 1
end transfer from 1 to 0
end transfer from 0 to 1
start transfer from 1 to 0
start transfer from 0 to 1
end transfer from 1 to 0
end transfer from 0 to 1
start transfer from 0 to 1
start transfer from 1 to 0
end transfer from 0 to 1
end transfer from 1 to 0
start transfer from 0 to 1
end transfer from 0 to 1
start transfer from 0 to 1
end transfer from 0 to 1
start transfer from 0 to 1
end transfer from 0 to 1
start transfer from 1 to 0
start transfer from 0 to 1
end transfer from 1 to 0
end transfer from 0 to 1
start transfer from 1 to 0
start transfer from 0 to 1
end transfer from 0 to 1
end transfer from 1 to 0
start transfer from 0 to 1
start transfer from 1 to 0
end transfer from 0 to 1
end transfer from 1 to 0
start transfer from 0 to 1
start transfer from 1 to 0
end transfer from 0 to 1
end transfer from 1 to 0
start transfer from 0 to 1
start transfer from 1 to 0
end transfer from 0 to 1
end transfer from 1 to 0
start transfer from 0 to 1
start transfer from 1 to 0
end transfer from 0 to 1
end transfer from 1 to 0
start transfer from 0 to 1
start transfer from 1 to 0
end transfer from 0 to 1
end transfer from 1 to 0
start transfer from 0 to 1
start transfer from 1 to 0
end transfer from 0 to 1
end transfer from 1 to 0
start transfer from 0 to 1
start transfer from 1 to 0
end transfer from 0 to 1
end transfer from 1 to 0
start transfer from 0 to 1
start transfer from 1 to 0
end transfer from 0 to 1
end transfer from 1 to 0
start transfer from 0 to 1
start transfer from 1 to 0
end transfer from 0 to 1
end transfer from 1 to 0
start transfer from 0 to 1
start transfer from 1 to 0
end transfer from 0 to 1
end transfer from 1 to 0
start transfer from 0 to 1
start transfer from 1 to 0
end transfer from 0 to 1
end transfer from 1 to 0
start transfer from 0 to 1
start transfer from 1 to 0
end transfer from 0 to 1
end transfer from 1 to 0
start transfer from 0 to 1
start transfer from 1 to 0
end transfer from 0 to 1
end transfer from 1 to 0
start transfer from 0 to 1
start transfer from 1 to 0
end transfer from 0 to 1
end transfer from 1 to 0
start transfer from 0 to 1
start transfer from 1 to 0
end transfer from 0 to 1
end transfer from 1 to 0
start transfer from 0 to 1
start transfer from 1 to 0
end transfer from 0 to 1
end transfer from 1 to 0
start transfer from 0 to 1
start transfer from 1 to 0
end transfer from 0 to 1
end transfer from 1 to 0
start transfer from 0 to 1
start transfer from 1 to 0
end transfer from 0 to 1
end transfer from 1 to 0
start transfer from 0 to 1
start transfer from 1 to 0
end transfer from 0 to 1
end transfer from 1 to 0
start transfer from 0 to 1
start transfer from 1 to 0
end transfer from 0 to 1
end transfer from 1 to 0
start transfer from 0 to 1
start transfer from 1 to 0
end transfer from 0 to 1
end transfer from 1 to 0
start transfer from 0 to 1
start transfer from 1 to 0
end transfer from 0 to 1
end transfer from 1 to 0
start transfer from 0 to 1
start transfer from 1 to 0
end transfer from 0 to 1
end transfer from 1 to 0
start transfer from 0 to 1
start transfer from 1 to 0
end transfer from 0 to 1
end transfer from 1 to 0
start transfer from 0 to 1
start transfer from 1 to 0
end transfer from 0 to 1
end transfer from 1 to 0
start transfer from 0 to 1
start transfer from 1 to 0
end transfer from 0 to 1
end transfer from 1 to 0
start transfer from 0 to 1
start transfer from 1 to 0
end transfer from 1 to 0
start transfer from 1 to 0
end transfer from 1 to 0
start transfer from 1 to 0
end transfer from 1 to 0
end transfer from 0 to 1
start transfer from 1 to 0
start transfer from 0 to 1
end transfer from 1 to 0
end transfer from 0 to 1
start transfer from 1 to 0
start transfer from 0 to 1
end transfer from 1 to 0
end transfer from 0 to 1
start transfer from 1 to 0
start transfer from 0 to 1
end transfer from 1 to 0
end transfer from 0 to 1
start transfer from 1 to 0
start transfer from 0 to 1
end transfer from 1 to 0
end transfer from 0 to 1
start transfer from 1 to 0
start transfer from 0 to 1
end transfer from 1 to 0
end transfer from 0 to 1
start transfer from 1 to 0
start transfer from 0 to 1
end transfer from 1 to 0
end transfer from 0 to 1
start transfer from 1 to 0
start transfer from 0 to 1
end transfer from 1 to 0
end transfer from 0 to 1
start transfer from 1 to 0
start transfer from 0 to 1
end transfer from 1 to 0
end transfer from 0 to 1
start transfer from 1 to 0
start transfer from 0 to 1
end transfer from 1 to 0
end transfer from 0 to 1
start transfer from 1 to 0
start transfer from 0 to 1
end transfer from 1 to 0
end transfer from 0 to 1
start transfer from 1 to 0
start transfer from 0 to 1
end transfer from 1 to 0
start transfer from 1 to 0
end transfer from 1 to 0
start transfer from 1 to 0
end transfer from 1 to 0
start transfer from 1 to 0
end transfer from 1 to 0
start transfer from 1 to 0
end transfer from 1 to 0
start transfer from 1 to 0
end transfer from 1 to 0
start transfer from 1 to 0
end transfer from 1 to 0
start transfer from 1 to 0
end transfer from 1 to 0
start transfer from 1 to 0
end transfer from 1 to 0
start transfer from 1 to 0
end transfer from 1 to 0
start transfer from 1 to 0
end transfer from 1 to 0
start transfer from 1 to 0
end transfer from 1 to 0
start transfer from 1 to 0
end transfer from 0 to 1
end transfer from 1 to 0
start transfer from 1 to 0
start transfer from 0 to 1
end transfer from 1 to 0
end transfer from 0 to 1
start transfer from 1 to 0
start transfer from 0 to 1
end transfer from 1 to 0
end transfer from 0 to 1
start transfer from 1 to 0
end transfer from 1 to 0
start transfer from 0 to 1
end transfer from 0 to 1
start transfer from 1 to 0
end transfer from 1 to 0
start transfer from 0 to 1
start transfer from 1 to 0
end transfer from 0 to 1
end transfer from 1 to 0
start transfer from 0 to 1
end transfer from 0 to 1
start transfer from 1 to 0
start transfer from 0 to 1
end transfer from 1 to 0
end transfer from 0 to 1
start transfer from 1 to 0
start transfer from 0 to 1
end transfer from 1 to 0
end transfer from 0 to 1
start transfer from 1 to 0
start transfer from 0 to 1
end transfer from 1 to 0
end transfer from 0 to 1
start transfer from 1 to 0
start transfer from 0 to 1
end transfer from 1 to 0
end transfer from 0 to 1
start transfer from 1 to 0
end transfer from 1 to 0
start transfer from 0 to 1
end transfer from 0 to 1
start transfer from 1 to 0
start transfer from 0 to 1
end transfer from 1 to 0
start transfer from 1 to 0
end transfer from 0 to 1
start transfer from 0 to 1
end transfer from 1 to 0
end transfer from 0 to 1
start transfer from 1 to 0
start transfer from 0 to 1
end transfer from 1 to 0
end transfer from 0 to 1
start transfer from 1 to 0
end transfer from 1 to 0
start transfer from 0 to 1
start transfer from 1 to 0
end transfer from 0 to 1
end transfer from 1 to 0
start transfer from 0 to 1
start transfer from 1 to 0
end transfer from 0 to 1
end transfer from 1 to 0
start transfer from 0 to 1
end transfer from 0 to 1
start transfer from 1 to 0
end transfer from 1 to 0
start transfer from 0 to 1
start transfer from 1 to 0
end transfer from 0 to 1
start transfer from 0 to 1
end transfer from 1 to 0
start transfer from 1 to 0
end transfer from 0 to 1
start transfer from 0 to 1
end transfer from 1 to 0
end transfer from 0 to 1
start transfer from 1 to 0
start transfer from 0 to 1
end transfer from 1 to 0
start transfer from 1 to 0
end transfer from 0 to 1
start transfer from 0 to 1
end transfer from 1 to 0
start transfer from 1 to 0
end transfer from 0 to 1
end transfer from 1 to 0
start transfer from 0 to 1
start transfer from 1 to 0
end transfer from 0 to 1
end transfer from 1 to 0
start transfer from 0 to 1
end transfer from 0 to 1
start transfer from 1 to 0
end transfer from 1 to 0
start transfer from 0 to 1
end transfer from 0 to 1
start transfer from 1 to 0
end transfer from 1 to 0
start transfer from 0 to 1
start transfer from 1 to 0
end transfer from 0 to 1
end transfer from 1 to 0
start transfer from 0 to 1
end transfer from 0 to 1
start transfer from 1 to 0
start transfer from 0 to 1
end transfer from 1 to 0
start transfer from 1 to 0
end transfer from 0 to 1
start transfer from 0 to 1
end transfer from 1 to 0
start transfer from 1 to 0
end transfer from 0 to 1
start transfer from 0 to 1
end transfer from 1 to 0
end transfer from 0 to 1
start transfer from 1 to 0
start transfer from 0 to 1
end transfer from 1 to 0
end transfer from 0 to 1
start transfer from 1 to 0
start transfer from 0 to 1
end transfer from 1 to 0
end transfer from 0 to 1
start transfer from 1 to 0
start transfer from 0 to 1
end transfer from 1 to 0
start transfer from 1 to 0
end transfer from 0 to 1
end transfer from 1 to 0
start transfer from 0 to 1
start transfer from 1 to 0
end transfer from 0 to 1
end transfer from 1 to 0
start transfer from 1 to 0
start transfer from 0 to 1
end transfer from 1 to 0
end transfer from 0 to 1
start transfer from 1 to 0
start transfer from 0 to 1
end transfer from 1 to 0
end transfer from 0 to 1
start transfer from 1 to 0
start transfer from 0 to 1
end transfer from 1 to 0
end transfer from 0 to 1
start transfer from 0 to 1
start transfer from 1 to 0
end transfer from 0 to 1
start transfer from 0 to 1
end transfer from 1 to 0
end transfer from 0 to 1
start transfer from 1 to 0
start transfer from 0 to 1
end transfer from 1 to 0
end transfer from 0 to 1
start transfer from 1 to 0
start transfer from 0 to 1
end transfer from 1 to 0
start transfer from 1 to 0
end transfer from 0 to 1
end transfer from 1 to 0
start transfer from 0 to 1
start transfer from 1 to 0
end transfer from 1 to 0
end transfer from 0 to 1
start transfer from 1 to 0
start transfer from 0 to 1
end transfer from 1 to 0
end transfer from 0 to 1
start transfer from 1 to 0
end transfer from 1 to 0
start transfer from 0 to 1
end transfer from 0 to 1
start transfer from 1 to 0
start transfer from 0 to 1
end transfer from 1 to 0
end transfer from 0 to 1
start transfer from 0 to 1
end transfer from 0 to 1
start transfer from 1 to 0
start transfer from 0 to 1
end transfer from 1 to 0
end transfer from 0 to 1
start transfer from 1 to 0
start transfer from 0 to 1
end transfer from 1 to 0
end transfer from 0 to 1
start transfer from 1 to 0
start transfer from 0 to 1
end transfer from 0 to 1
start transfer from 0 to 1
end transfer from 1 to 0
end transfer from 0 to 1
start transfer from 1 to 0
start transfer from 0 to 1
end transfer from 1 to 0
end transfer from 0 to 1
start transfer from 1 to 0
start transfer from 0 to 1
end transfer from 1 to 0
end transfer from 0 to 1
start transfer from 1 to 0
start transfer from 0 to 1
end transfer from 1 to 0
start transfer from 1 to 0
end transfer from 0 to 1
end transfer from 1 to 0
start transfer from 0 to 1
end transfer from 0 to 1
start transfer from 1 to 0
end transfer from 1 to 0
start transfer from 0 to 1
end transfer from 0 to 1
start transfer from 1 to 0
end transfer from 1 to 0
start transfer from 0 to 1
start transfer from 1 to 0
end transfer from 0 to 1
end transfer from 1 to 0
start transfer from 0 to 1
end transfer from 0 to 1
start transfer from 1 to 0
start transfer from 0 to 1
end transfer from 1 to 0
start transfer from 1 to 0
end transfer from 0 to 1
start transfer from 0 to 1
end transfer from 1 to 0
start transfer from 1 to 0
end transfer from 1 to 0
start transfer from 1 to 0
end transfer from 0 to 1
end transfer from 1 to 0
start transfer from 0 to 1
start transfer from 1 to 0
end transfer from 1 to 0
end transfer from 0 to 1
start transfer from 0 to 1
start transfer from 1 to 0
end transfer from 0 to 1
end transfer from 1 to 0
start transfer from 0 to 1
start transfer from 1 to 0
end transfer from 0 to 1
end transfer from 1 to 0
start transfer from 0 to 1
start transfer from 1 to 0
end transfer from 0 to 1
end transfer from 1 to 0
start transfer from 0 to 1
start transfer from 1 to 0
end transfer from 0 to 1
end transfer from 1 to 0
start transfer from 0 to 1
start transfer from 1 to 0
end transfer from 0 to 1
end transfer from 1 to 0
start transfer from 0 to 1
start transfer from 1 to 0
end transfer from 0 to 1
end transfer from 1 to 0
start transfer from 0 to 1
start transfer from 1 to 0
end transfer from 1 to 0
start transfer from 1 to 0
end transfer from 0 to 1
end transfer from 1 to 0
start transfer from 1 to 0
start transfer from 0 to 1
end transfer from 0 to 1
end transfer from 1 to 0
start transfer from 0 to 1
start transfer from 1 to 0
end transfer from 0 to 1
end transfer from 1 to 0
start transfer from 0 to 1
start transfer from 1 to 0
end transfer from 0 to 1
end transfer from 1 to 0
start transfer from 1 to 0
start transfer from 0 to 1
end transfer from 1 to 0
end transfer from 0 to 1
start transfer from 1 to 0
end transfer from 1 to 0
start transfer from 0 to 1
start transfer from 1 to 0
end transfer from 1 to 0
end transfer from 0 to 1
start transfer from 1 to 0
end transfer from 1 to 0
start transfer from 1 to 0
start transfer from 0 to 1
end transfer from 1 to 0
start transfer from 1 to 0
end transfer from 0 to 1
end transfer from 1 to 0
start transfer from 1 to 0
start transfer from 0 to 1
end transfer from 1 to 0
start transfer from 1 to 0
end transfer from 0 to 1
end transfer from 1 to 0
start transfer from 0 to 1
start transfer from 1 to 0
end transfer from 0 to 1
end transfer from 1 to 0
start transfer from 1 to 0
start transfer from 0 to 1
end transfer from 1 to 0
end transfer from 0 to 1
start transfer from 1 to 0
end transfer from 1 to 0
start transfer from 0 to 1
start transfer from 1 to 0
end transfer from 1 to 0
end transfer from 0 to 1
start transfer from 1 to 0
start transfer from 0 to 1
end transfer from 1 to 0
start transfer from 1 to 0
end transfer from 0 to 1
end transfer from 1 to 0
start transfer from 1 to 0
end transfer from 1 to 0
start transfer from 0 to 1
start transfer from 1 to 0
end transfer from 0 to 1
end transfer from 1 to 0
start transfer from 1 to 0
end transfer from 1 to 0
start transfer from 0 to 1
start transfer from 1 to 0
end transfer from 0 to 1
end transfer from 1 to 0
start transfer from 0 to 1
end transfer from 0 to 1
start transfer from 0 to 1
start transfer from 1 to 0
end transfer from 0 to 1
end transfer from 1 to 0
start transfer from 0 to 1
end transfer from 0 to 1
start transfer from 0 to 1
start transfer from 1 to 0
end transfer from 0 to 1
start transfer from 0 to 1
end transfer from 1 to 0
end transfer from 0 to 1
start transfer from 1 to 0
start transfer from 0 to 1
end transfer from 0 to 1
start transfer from 0 to 1
end transfer from 1 to 0
end transfer from 0 to 1
start transfer from 1 to 0
start transfer from 0 to 1
end transfer from 0 to 1
start transfer from 0 to 1
end transfer from 1 to 0
end transfer from 0 to 1
start transfer from 0 to 1
start transfer from 1 to 0
end transfer from 0 to 1
start transfer from 0 to 1
end transfer from 1 to 0
end transfer from 0 to 1
start transfer from 0 to 1
start transfer from 1 to 0
end transfer from 0 to 1
end transfer from 1 to 0
start transfer from 0 to 1
end transfer from 0 to 1
start transfer from 1 to 0
start transfer from 0 to 1
end transfer from 1 to 0
end transfer from 0 to 1
start transfer from 0 to 1
start transfer from 1 to 0
end transfer from 0 to 1
start transfer from 0 to 1
end transfer from 0 to 1
end transfer from 1 to 0
start transfer from 0 to 1
end transfer from 0 to 1
start transfer from 1 to 0
start transfer from 0 to 1
end transfer from 1 to 0
end transfer from 0 to 1
start transfer from 1 to 0
end transfer from 1 to 0
start transfer from 0 to 1
start transfer from 1 to 0
end transfer from 0 to 1
end transfer from 1 to 0
start transfer from 0 to 1
start transfer from 1 to 0
end transfer from 0 to 1
start transfer from 0 to 1
end transfer from 1 to 0
start transfer from 1 to 0
end transfer from 0 to 1
start transfer from 0 to 1
end transfer from 1 to 0
start transfer from 1 to 0
end transfer from 0 to 1
start transfer from 0 to 1
end transfer from 0 to 1
start transfer from 0 to 1
end transfer from 0 to 1
end transfer from 1 to 0
start transfer from 0 to 1
end transfer from 0 to 1
start transfer from 0 to 1
end transfer from 0 to 1
start transfer from 0 to 1
start transfer from 1 to 0
end transfer from 0 to 1
end transfer from 1 to 0
start transfer from 0 to 1
start transfer from 1 to 0
end transfer from 0 to 1
end transfer from 1 to 0
start transfer from 0 to 1
start transfer from 1 to 0
end transfer from 0 to 1
end transfer from 1 to 0
start transfer from 0 to 1
start transfer from 1 to 0
end transfer from 0 to 1
end transfer from 1 to 0
start transfer from 0 to 1
start transfer from 1 to 0
end transfer from 0 to 1
end transfer from 1 to 0
start transfer from 0 to 1
start transfer from 1 to 0
end transfer from 0 to 1
end transfer from 1 to 0
start transfer from 0 to 1
start transfer from 1 to 0
end transfer from 0 to 1
start transfer from 0 to 1
end transfer from 1 to 0
end transfer from 0 to 1
start transfer from 0 to 1
end transfer from 0 to 1
start transfer from 0 to 1
start transfer from 1 to 0
end transfer from 0 to 1
start transfer from 0 to 1
end transfer from 1 to 0
end transfer from 0 to 1
start transfer from 1 to 0
start transfer from 0 to 1
end transfer from 1 to 0
end transfer from 0 to 1
start transfer from 1 to 0
start transfer from 0 to 1
end transfer from 1 to 0
end transfer from 0 to 1
start transfer from 1 to 0
start transfer from 0 to 1
end transfer from 0 to 1
end transfer from 1 to 0
start transfer from 0 to 1
start transfer from 1 to 0
end transfer from 0 to 1
end transfer from 1 to 0
start transfer from 0 to 1
start transfer from 1 to 0
end transfer from 0 to 1
end transfer from 1 to 0
start transfer from 0 to 1
start transfer from 1 to 0
end transfer from 0 to 1
end transfer from 1 to 0
start transfer from 0 to 1
start transfer from 1 to 0
end transfer from 0 to 1
end transfer from 1 to 0
start transfer from 0 to 1
start transfer from 1 to 0
end transfer from 0 to 1
start transfer from 0 to 1
end transfer from 0 to 1
start transfer from 0 to 1
end transfer from 0 to 1
end transfer from 1 to 0
start transfer from 0 to 1
start transfer from 1 to 0
end transfer from 0 to 1
end transfer from 1 to 0
start transfer from 0 to 1
start transfer from 1 to 0
end transfer from 0 to 1
start transfer from 0 to 1
end transfer from 0 to 1
end transfer from 1 to 0
start transfer from 0 to 1
start transfer from 1 to 0
end transfer from 0 to 1
end transfer from 1 to 0
start transfer from 0 to 1
start transfer from 1 to 0
end transfer from 0 to 1
start transfer from 0 to 1
end transfer from 1 to 0
end transfer from 0 to 1
start transfer from 0 to 1
start transfer from 1 to 0
end transfer from 0 to 1
end transfer from 1 to 0
start transfer from 0 to 1
start transfer from 1 to 0
end transfer from 0 to 1
end transfer from 1 to 0
start transfer from 0 to 1
start transfer from 1 to 0
end transfer from 0 to 1
end transfer from 1 to 0
start transfer from 0 to 1
end transfer from 0 to 1
start transfer from 0 to 1
start transfer from 1 to 0
end transfer from 0 to 1
start transfer from 0 to 1
end transfer from 1 to 0
end transfer from 0 to 1
start transfer from 1 to 0
start transfer from 0 to 1
end transfer from 1 to 0
end transfer from 0 to 1
start transfer from 1 to 0
start transfer from 0 to 1
end transfer from 1 to 0
end transfer from 0 to 1
start transfer from 1 to 0
start transfer from 0 to 1
end transfer from 1 to 0
end transfer from 0 to 1
start transfer from 1 to 0
start transfer from 0 to 1
end transfer from 1 to 0
end transfer from 0 to 1
start transfer from 1 to 0
end transfer from 1 to 0
start transfer from 0 to 1
end transfer from 0 to 1
start transfer from 1 to 0
start transfer from 0 to 1
end transfer from 1 to 0
end transfer from 0 to 1
start transfer from 1 to 0
end transfer from 1 to 0
start transfer from 0 to 1
start transfer from 1 to 0
end transfer from 0 to 1
end transfer from 1 to 0
start transfer from 0 to 1
start transfer from 1 to 0
end transfer from 0 to 1
end transfer from 1 to 0
start transfer from 0 to 1
start transfer from 1 to 0
end transfer from 0 to 1
end transfer from 1 to 0
start transfer from 1 to 0
start transfer from 0 to 1
end transfer from 1 to 0
end transfer from 0 to 1
start transfer from 1 to 0
start transfer from 0 to 1
end transfer from 1 to 0
end transfer from 0 to 1
start transfer from 1 to 0
start transfer from 0 to 1
end transfer from 1 to 0
end transfer from 0 to 1
start transfer from 1 to 0
start transfer from 0 to 1
end transfer from 0 to 1
start transfer from 0 to 1
end transfer from 1 to 0
end transfer from 0 to 1
start transfer from 1 to 0
start transfer from 0 to 1
end transfer from 1 to 0
end transfer from 0 to 1
start transfer from 1 to 0
start transfer from 0 to 1
end transfer from 1 to 0
end transfer from 0 to 1
start transfer from 1 to 0
start transfer from 0 to 1
end transfer from 0 to 1
end transfer from 1 to 0
start transfer from 0 to 1
start transfer from 1 to 0
end transfer from 0 to 1
end transfer from 1 to 0
start transfer from 0 to 1
start transfer from 1 to 0
end transfer from 0 to 1
end transfer from 1 to 0
start transfer from 0 to 1
start transfer from 1 to 0
end transfer from 0 to 1
end transfer from 1 to 0
start transfer from 1 to 0
start transfer from 0 to 1
end transfer from 1 to 0
start transfer from 1 to 0
end transfer from 0 to 1
end transfer from 1 to 0
start transfer from 0 to 1
start transfer from 1 to 0
end transfer from 0 to 1
end transfer from 1 to 0
start transfer from 0 to 1
start transfer from 1 to 0
end transfer from 0 to 1
start transfer from 0 to 1
end transfer from 1 to 0
end transfer from 0 to 1
start transfer from 1 to 0
end transfer from 1 to 0
start transfer from 0 to 1
start transfer from 1 to 0
end transfer from 0 to 1
start transfer from 0 to 1
end transfer from 1 to 0
end transfer from 0 to 1
start transfer from 1 to 0
start transfer from 0 to 1
end transfer from 1 to 0
end transfer from 0 to 1
start transfer from 1 to 0
start transfer from 0 to 1
end transfer from 0 to 1
start transfer from 0 to 1
end transfer from 1 to 0
end transfer from 0 to 1
start transfer from 1 to 0
start transfer from 0 to 1
end transfer from 1 to 0
end transfer from 0 to 1
start transfer from 1 to 0
start transfer from 0 to 1
end transfer from 1 to 0
end transfer from 0 to 1
start transfer from 1 to 0
start transfer from 0 to 1
end transfer from 1 to 0
end transfer from 0 to 1
start transfer from 1 to 0
end transfer from 1 to 0
start transfer from 0 to 1
start transfer from 1 to 0
end transfer from 0 to 1
end transfer from 1 to 0
start transfer from 0 to 1
end transfer from 0 to 1
start transfer from 1 to 0
end transfer from 1 to 0
start transfer from 0 to 1
start transfer from 1 to 0
end transfer from 0 to 1
end transfer from 1 to 0
start transfer from 0 to 1
start transfer from 1 to 0
end transfer from 0 to 1
end transfer from 1 to 0
start transfer from 0 to 1
start transfer from 1 to 0
end transfer from 0 to 1
start transfer from 0 to 1
end transfer from 1 to 0
start transfer from 1 to 0
end transfer from 0 to 1
start transfer from 0 to 1
end transfer from 1 to 0
start transfer from 1 to 0
end transfer from 0 to 1
start transfer from 0 to 1
end transfer from 1 to 0
end transfer from 0 to 1
start transfer from 1 to 0
end transfer from 1 to 0
start transfer from 0 to 1
start transfer from 1 to 0
end transfer from 0 to 1
end transfer from 1 to 0
start transfer from 0 to 1
end transfer from 0 to 1
start transfer from 1 to 0
end transfer from 1 to 0
start transfer from 0 to 1
start transfer from 1 to 0
end transfer from 1 to 0
end transfer from 0 to 1
start transfer from 0 to 1
start transfer from 1 to 0
end transfer from 0 to 1
end transfer from 1 to 0
start transfer from 0 to 1
end transfer from 0 to 1
start transfer from 1 to 0
start transfer from 0 to 1
end transfer from 1 to 0
end transfer from 0 to 1
start transfer from 1 to 0
end transfer from 1 to 0
start transfer from 0 to 1
start transfer from 1 to 0
end transfer from 1 to 0
end transfer from 0 to 1
start transfer from 1 to 0
start transfer from 0 to 1
end transfer from 1 to 0
start transfer from 1 to 0
end transfer from 0 to 1
end transfer from 1 to 0
start transfer from 0 to 1
start transfer from 1 to 0
end transfer from 0 to 1
end transfer from 1 to 0
start transfer from 0 to 1
start transfer from 1 to 0
end transfer from 0 to 1
end transfer from 1 to 0
start transfer from 0 to 1
start transfer from 1 to 0
end transfer from 0 to 1
start transfer from 0 to 1
end transfer from 1 to 0
start transfer from 1 to 0
end transfer from 0 to 1
start transfer from 0 to 1
end transfer from 1 to 0
start transfer from 1 to 0
end transfer from 0 to 1
end transfer from 1 to 0
start transfer from 0 to 1
end transfer from 0 to 1
start transfer from 1 to 0
start transfer from 0 to 1
end transfer from 1 to 0
start transfer from 1 to 0
end transfer from 0 to 1
start transfer from 0 to 1
end transfer from 1 to 0
end transfer from 0 to 1
start transfer from 1 to 0
start transfer from 0 to 1
end transfer from 1 to 0
end transfer from 0 to 1
start transfer from 1 to 0
start transfer from 0 to 1
end transfer from 0 to 1
end transfer from 1 to 0
start transfer from 0 to 1
end transfer from 0 to 1
start transfer from 1 to 0
start transfer from 0 to 1
end transfer from 0 to 1
start transfer from 0 to 1
end transfer from 1 to 0
end transfer from 0 to 1
start transfer from 0 to 1
start transfer from 1 to 0
end transfer from 0 to 1
start transfer from 0 to 1
end transfer from 0 to 1
start transfer from 0 to 1
end transfer from 0 to 1
end transfer from 1 to 0
start transfer from 0 to 1
start transfer from 1 to 0
end transfer from 0 to 1
end transfer from 1 to 0
start transfer from 0 to 1
start transfer from 1 to 0
end transfer from 1 to 0
end transfer from 0 to 1
start transfer from 1 to 0
start transfer from 0 to 1
end transfer from 1 to 0
end transfer from 0 to 1
start transfer from 0 to 1
start transfer from 1 to 0
end transfer from 0 to 1
start transfer from 0 to 1
end transfer from 1 to 0
end transfer from 0 to 1
start transfer from 1 to 0
start transfer from 0 to 1
end transfer from 1 to 0
end transfer from 0 to 1
start transfer from 1 to 0
start transfer from 0 to 1
end transfer from 0 to 1
end transfer from 1 to 0
start transfer from 0 to 1
start transfer from 1 to 0
end transfer from 0 to 1
start transfer from 0 to 1
end transfer from 1 to 0
end transfer from 0 to 1
start transfer from 1 to 0
start transfer from 0 to 1
end transfer from 0 to 1
end transfer from 1 to 0
start transfer from 0 to 1
end transfer from 0 to 1
start transfer from 1 to 0
start transfer from 0 to 1
end transfer from 1 to 0
end transfer from 0 to 1
start transfer from 1 to 0
end transfer from 1 to 0
start transfer from 0 to 1
end transfer from 0 to 1
start transfer from 1 to 0
end transfer from 1 to 0
start transfer from 0 to 1
end transfer from 0 to 1
start transfer from 0 to 1
start transfer from 1 to 0
end transfer from 0 to 1
end transfer from 1 to 0
start transfer from 0 to 1
end transfer from 0 to 1
start transfer from 0 to 1
start transfer from 1 to 0
end transfer from 0 to 1
end transfer from 1 to 0
start transfer from 0 to 1
end transfer from 0 to 1
start transfer from 1 to 0
start transfer from 0 to 1
end transfer from 0 to 1
end transfer from 1 to 0
start transfer from 1 to 0
start transfer from 0 to 1
end transfer from 0 to 1
end transfer from 1 to 0
start transfer from 0 to 1
end transfer from 0 to 1
start transfer from 1 to 0
start transfer from 0 to 1
end transfer from 1 to 0
end transfer from 0 to 1
start transfer from 1 to 0
start transfer from 0 to 1
end transfer from 0 to 1
start transfer from 0 to 1
end transfer from 0 to 1
start transfer from 0 to 1
end transfer from 0 to 1
start transfer from 0 to 1
end transfer from 0 to 1
start transfer from 0 to 1
end transfer from 0 to 1
start transfer from 0 to 1
end transfer from 0 to 1
start transfer from 0 to 1
end transfer from 0 to 1
start transfer from 0 to 1
end transfer from 0 to 1
start transfer from 0 to 1
end transfer from 0 to 1
start transfer from 0 to 1
end transfer from 0 to 1
start transfer from 0 to 1
end transfer from 0 to 1
start transfer from 0 to 1
end transfer from 0 to 1
start transfer from 0 to 1
end transfer from 0 to 1
start transfer from 0 to 1
end transfer from 1 to 0
start transfer from 1 to 0
end transfer from 0 to 1
end transfer from 1 to 0
start transfer from 0 to 1
end transfer from 0 to 1
start transfer from 1 to 0
end transfer from 1 to 0
start transfer from 0 to 1
start transfer from 1 to 0
end transfer from 0 to 1
end transfer from 1 to 0
start transfer from 1 to 0
start transfer from 0 to 1
end transfer from 1 to 0
start transfer from 1 to 0
end transfer from 0 to 1
end transfer from 1 to 0
start transfer from 0 to 1
start transfer from 1 to 0
end transfer from 0 to 1
end transfer from 1 to 0
start transfer from 0 to 1
start transfer from 1 to 0
end transfer from 0 to 1
end transfer from 1 to 0
start transfer from 0 to 1
start transfer from 1 to 0
end transfer from 0 to 1
end transfer from 1 to 0
start transfer from 0 to 1
end transfer from 0 to 1
start transfer from 1 to 0
start transfer from 0 to 1
end transfer from 1 to 0
end transfer from 0 to 1
start transfer from 1 to 0
start transfer from 0 to 1
end transfer from 1 to 0
start transfer from 1 to 0
end transfer from 0 to 1
start transfer from 0 to 1
end transfer from 1 to 0
start transfer from 1 to 0
end transfer from 0 to 1
start transfer from 0 to 1
end transfer from 1 to 0
start transfer from 1 to 0
end transfer from 0 to 1
end transfer from 1 to 0
start transfer from 0 to 1
start transfer from 1 to 0
end transfer from 1 to 0
end transfer from 0 to 1
start transfer from 0 to 1
start transfer from 1 to 0
end transfer from 0 to 1
end transfer from 1 to 0
start transfer from 0 to 1
start transfer from 1 to 0
end transfer from 0 to 1
end transfer from 1 to 0
start transfer from 0 to 1
end transfer from 0 to 1
start transfer from 1 to 0
start transfer from 0 to 1
end transfer from 1 to 0
end transfer from 0 to 1
start transfer from 0 to 1
start transfer from 1 to 0
end transfer from 0 to 1
end transfer from 1 to 0
start transfer from 0 to 1
end transfer from 0 to 1
start transfer from 1 to 0
start transfer from 0 to 1
end transfer from 0 to 1
end transfer from 1 to 0
start transfer from 0 to 1
start transfer from 1 to 0
end transfer from 0 to 1
start transfer from 0 to 1
end transfer from 1 to 0
end transfer from 0 to 1
start transfer from 0 to 1
start transfer from 1 to 0
end transfer from 0 to 1
start transfer from 0 to 1
end transfer from 1 to 0
end transfer from 0 to 1
start transfer from 0 to 1
end transfer from 0 to 1
start transfer from 1 to 0
start transfer from 0 to 1
end transfer from 1 to 0
end transfer from 0 to 1
start transfer from 0 to 1
end transfer from 0 to 1
start transfer from 1 to 0
start transfer from 0 to 1
end transfer from 1 to 0
end transfer from 0 to 1
start transfer from 1 to 0
start transfer from 0 to 1
end transfer from 1 to 0
end transfer from 0 to 1
start transfer from 1 to 0
start transfer from 0 to 1
end transfer from 1 to 0
end transfer from 0 to 1
start transfer from 1 to 0
start transfer from 0 to 1
end transfer from 1 to 0
end transfer from 0 to 1
start transfer from 1 to 0
start transfer from 0 to 1
end transfer from 1 to 0
end transfer from 0 to 1
start transfer from 1 to 0
end transfer from 1 to 0
start transfer from 0 to 1
start transfer from 1 to 0
end transfer from 0 to 1
end transfer from 1 to 0
start transfer from 1 to 0
start transfer from 0 to 1
end transfer from 1 to 0
start transfer from 1 to 0
end transfer from 0 to 1
end transfer from 1 to 0
start transfer from 0 to 1
start transfer from 1 to 0
end transfer from 0 to 1
end transfer from 1 to 0
start transfer from 0 to 1
start transfer from 1 to 0
end transfer from 0 to 1
start transfer from 0 to 1
end transfer from 1 to 0
end transfer from 0 to 1
start transfer from 1 to 0
start transfer from 0 to 1
end transfer from 1 to 0
end transfer from 0 to 1
start transfer from 1 to 0
start transfer from 0 to 1
end transfer from 1 to 0
end transfer from 0 to 1
start transfer from 1 to 0
start transfer from 0 to 1
end transfer from 1 to 0
end transfer from 0 to 1
start transfer from 1 to 0
start transfer from 0 to 1
end transfer from 1 to 0
end transfer from 0 to 1
start transfer from 1 to 0
start transfer from 0 to 1
end transfer from 1 to 0
end transfer from 0 to 1
start transfer from 1 to 0
start transfer from 0 to 1
end transfer from 1 to 0
end transfer from 0 to 1
start transfer from 1 to 0
start transfer from 0 to 1
end transfer from 1 to 0
start transfer from 1 to 0
end transfer from 0 to 1
start transfer from 0 to 1
end transfer from 1 to 0
start transfer from 1 to 0
end transfer from 0 to 1
end transfer from 1 to 0
start transfer from 0 to 1
start transfer from 1 to 0
end transfer from 0 to 1
end transfer from 1 to 0
start transfer from 0 to 1
start transfer from 1 to 0
end transfer from 1 to 0
end transfer from 0 to 1
start transfer from 1 to 0
start transfer from 0 to 1
end transfer from 1 to 0
end transfer from 0 to 1
start transfer from 1 to 0
start transfer from 0 to 1
end transfer from 1 to 0
end transfer from 0 to 1
start transfer from 1 to 0
start transfer from 0 to 1
end transfer from 1 to 0
end transfer from 0 to 1
start transfer from 1 to 0
start transfer from 0 to 1
end transfer from 1 to 0
end transfer from 0 to 1
start transfer from 1 to 0
start transfer from 0 to 1
end transfer from 1 to 0
end transfer from 0 to 1
start transfer from 1 to 0
start transfer from 0 to 1
end transfer from 1 to 0
end transfer from 0 to 1
start transfer from 1 to 0
start transfer from 0 to 1
end transfer from 1 to 0
end transfer from 0 to 1
start transfer from 0 to 1
start transfer from 1 to 0
end transfer from 1 to 0
end transfer from 0 to 1
start transfer from 1 to 0
start transfer from 0 to 1
end transfer from 1 to 0
end transfer from 0 to 1
start transfer from 1 to 0
start transfer from 0 to 1
end transfer from 1 to 0
end transfer from 0 to 1
start transfer from 1 to 0
start transfer from 0 to 1
end transfer from 1 to 0
end transfer from 0 to 1
start transfer from 1 to 0
start transfer from 0 to 1
end transfer from 1 to 0
end transfer from 0 to 1
start transfer from 1 to 0
start transfer from 0 to 1
end transfer from 1 to 0
end transfer from 0 to 1
start transfer from 1 to 0
start transfer from 0 to 1
end transfer from 1 to 0
end transfer from 0 to 1
start transfer from 1 to 0
start transfer from 0 to 1
end transfer from 1 to 0
end transfer from 0 to 1
start transfer from 1 to 0
start transfer from 0 to 1
end transfer from 0 to 1
end transfer from 1 to 0
start transfer from 0 to 1
end transfer from 0 to 1
start transfer from 1 to 0
start transfer from 0 to 1
end transfer from 1 to 0
end transfer from 0 to 1
start transfer from 1 to 0
start transfer from 0 to 1
end transfer from 1 to 0
end transfer from 0 to 1
start transfer from 1 to 0
start transfer from 0 to 1
end transfer from 1 to 0
end transfer from 0 to 1
start transfer from 1 to 0
start transfer from 0 to 1
end transfer from 1 to 0
end transfer from 0 to 1
start transfer from 1 to 0
start transfer from 0 to 1
end transfer from 1 to 0
end transfer from 0 to 1
start transfer from 1 to 0
start transfer from 0 to 1
end transfer from 1 to 0
end transfer from 0 to 1
start transfer from 1 to 0
start transfer from 0 to 1
end transfer from 1 to 0
end transfer from 0 to 1
start transfer from 1 to 0
start transfer from 0 to 1
end transfer from 1 to 0
end transfer from 0 to 1
start transfer from 1 to 0
start transfer from 0 to 1
end transfer from 1 to 0
start transfer from 1 to 0
end transfer from 0 to 1
end transfer from 1 to 0
start transfer from 0 to 1
start transfer from 1 to 0
end transfer from 0 to 1
end transfer from 1 to 0
start transfer from 0 to 1
start transfer from 1 to 0
end transfer from 0 to 1
end transfer from 1 to 0
start transfer from 0 to 1
start transfer from 1 to 0
end transfer from 0 to 1
end transfer from 1 to 0
start transfer from 0 to 1
start transfer from 1 to 0
end transfer from 0 to 1
end transfer from 1 to 0
start transfer from 0 to 1
start transfer from 1 to 0
end transfer from 0 to 1
end transfer from 1 to 0
start transfer from 0 to 1
start transfer from 1 to 0
end transfer from 0 to 1
end transfer from 1 to 0
start transfer from 0 to 1
start transfer from 1 to 0
end transfer from 0 to 1
end transfer from 1 to 0
start transfer from 0 to 1
start transfer from 1 to 0
end transfer from 0 to 1
start transfer from 0 to 1
end transfer from 1 to 0
end transfer from 0 to 1
start transfer from 1 to 0
start transfer from 0 to 1
end transfer from 1 to 0
end transfer from 0 to 1
start transfer from 1 to 0
start transfer from 0 to 1
end transfer from 0 to 1
end transfer from 1 to 0
start transfer from 0 to 1
start transfer from 1 to 0
end transfer from 0 to 1
end transfer from 1 to 0
start transfer from 0 to 1
start transfer from 1 to 0
end transfer from 0 to 1
end transfer from 1 to 0
start transfer from 0 to 1
start transfer from 1 to 0
end transfer from 0 to 1
end transfer from 1 to 0
start transfer from 0 to 1
start transfer from 1 to 0
end transfer from 0 to 1
end transfer from 1 to 0
start transfer from 0 to 1
start transfer from 1 to 0
end transfer from 0 to 1
start transfer from 0 to 1
end transfer from 1 to 0
end transfer from 0 to 1
start transfer from 1 to 0
start transfer from 0 to 1
end transfer from 1 to 0
end transfer from 0 to 1
start transfer from 1 to 0
start transfer from 0 to 1
end transfer from 1 to 0
end transfer from 0 to 1
start transfer from 1 to 0
start transfer from 0 to 1
end transfer from 1 to 0
end transfer from 0 to 1
start transfer from 1 to 0
start transfer from 0 to 1
end transfer from 1 to 0
end transfer from 0 to 1
start transfer from 1 to 0
start transfer from 0 to 1
end transfer from 1 to 0
end transfer from 0 to 1
start transfer from 1 to 0
start transfer from 0 to 1
end transfer from 1 to 0
end transfer from 0 to 1
start transfer from 1 to 0
start transfer from 0 to 1
end transfer from 1 to 0
end transfer from 0 to 1
start transfer from 0 to 1
end transfer from 0 to 1
start transfer from 0 to 1
end transfer from 0 to 1
start transfer from 0 to 1
end transfer from 0 to 1
start transfer from 0 to 1
end transfer from 0 to 1
start transfer from 0 to 1
end transfer from 0 to 1
start transfer from 0 to 1
end transfer from 0 to 1
start transfer from 0 to 1
end transfer from 0 to 1
start transfer from 0 to 1
end transfer from 0 to 1
start transfer from 0 to 1
end transfer from 0 to 1
start transfer from 0 to 1
end transfer from 0 to 1
start transfer from 0 to 1
end transfer from 0 to 1
start transfer from 0 to 1
end transfer from 0 to 1
start transfer from 0 to 1
end transfer from 0 to 1
start transfer from 0 to 1
end transfer from 0 to 1
start transfer from 0 to 1
end transfer from 0 to 1
start transfer from 0 to 1
end transfer from 0 to 1
start transfer from 0 to 1
end transfer from 0 to 1
start transfer from 0 to 1
end transfer from 0 to 1
start transfer from 0 to 1
end transfer from 0 to 1
start transfer from 0 to 1
end transfer from 0 to 1
start transfer from 0 to 1
end transfer from 0 to 1
start transfer from 0 to 1
end transfer from 0 to 1
start transfer from 0 to 1
end transfer from 0 to 1
start transfer from 0 to 1
end transfer from 0 to 1
start transfer from 0 to 1
end transfer from 0 to 1
start transfer from 1 to 0
start transfer from 0 to 1
end transfer from 1 to 0
end transfer from 0 to 1
start transfer from 1 to 0
end transfer from 1 to 0
start transfer from 0 to 1
start transfer from 1 to 0
end transfer from 0 to 1
end transfer from 1 to 0
start transfer from 0 to 1
start transfer from 1 to 0
end transfer from 0 to 1
end transfer from 1 to 0
start transfer from 0 to 1
end transfer from 0 to 1
start transfer from 1 to 0
start transfer from 0 to 1
end transfer from 1 to 0
start transfer from 1 to 0
end transfer from 0 to 1
end transfer from 1 to 0
start transfer from 0 to 1
start transfer from 1 to 0
end transfer from 0 to 1
end transfer from 1 to 0
start transfer from 0 to 1
start transfer from 1 to 0
end transfer from 0 to 1
end transfer from 1 to 0
start transfer from 0 to 1
start transfer from 1 to 0
end transfer from 0 to 1
end transfer from 1 to 0
start transfer from 0 to 1
end transfer from 0 to 1
start transfer from 1 to 0
end transfer from 1 to 0
start transfer from 0 to 1
end transfer from 0 to 1
start transfer from 1 to 0
start transfer from 0 to 1
end transfer from 1 to 0
end transfer from 0 to 1
start transfer from 1 to 0
start transfer from 0 to 1
end transfer from 1 to 0
end transfer from 0 to 1
start transfer from 1 to 0
start transfer from 0 to 1
end transfer from 1 to 0
end transfer from 0 to 1
start transfer from 1 to 0
start transfer from 0 to 1
end transfer from 0 to 1
end transfer from 1 to 0
start transfer from 0 to 1
start transfer from 1 to 0
end transfer from 0 to 1
end transfer from 1 to 0
start transfer from 0 to 1
end transfer from 0 to 1
start transfer from 1 to 0
start transfer from 0 to 1
end transfer from 1 to 0
end transfer from 0 to 1
start transfer from 1 to 0
start transfer from 0 to 1
end transfer from 0 to 1
start transfer from 0 to 1
end transfer from 0 to 1
start transfer from 0 to 1
end transfer from 0 to 1
end transfer from 1 to 0
start transfer from 0 to 1
start transfer from 1 to 0
end transfer from 0 to 1
start transfer from 0 to 1
end transfer from 1 to 0
end transfer from 0 to 1
start transfer from 1 to 0
start transfer from 0 to 1
end transfer from 1 to 0
end transfer from 0 to 1
start transfer from 1 to 0
start transfer from 0 to 1
end transfer from 1 to 0
start transfer from 1 to 0
end transfer from 0 to 1
end transfer from 1 to 0
start transfer from 0 to 1
start transfer from 1 to 0
end transfer from 0 to 1
end transfer from 1 to 0
start transfer from 0 to 1
start transfer from 1 to 0
end transfer from 0 to 1
end transfer from 1 to 0
start transfer from 0 to 1
start transfer from 1 to 0
end transfer from 0 to 1
end transfer from 1 to 0
start transfer from 0 to 1
start transfer from 1 to 0
end transfer from 0 to 1
end transfer from 1 to 0
start transfer from 0 to 1
end transfer from 0 to 1
start transfer from 1 to 0
start transfer from 0 to 1
end transfer from 1 to 0
end transfer from 0 to 1
start transfer from 1 to 0
start transfer from 0 to 1
end transfer from 1 to 0
end transfer from 0 to 1
start transfer from 1 to 0
start transfer from 0 to 1
end transfer from 1 to 0
end transfer from 0 to 1
start transfer from 1 to 0
start transfer from 0 to 1
end transfer from 1 to 0
end transfer from 0 to 1
start transfer from 0 to 1
end transfer from 0 to 1
start transfer from 0 to 1
end transfer from 0 to 1
start transfer from 1 to 0
start transfer from 0 to 1
end transfer from 1 to 0
end transfer from 0 to 1
start transfer from 1 to 0
end transfer from 1 to 0
start transfer from 0 to 1
start transfer from 1 to 0
end transfer from 1 to 0
end transfer from 0 to 1
start transfer from 1 to 0
end transfer from 1 to 0
start transfer from 0 to 1
start transfer from 1 to 0
end transfer from 0 to 1
end transfer from 1 to 0
start transfer from 0 to 1
start transfer from 1 to 0
end transfer from 0 to 1
end transfer from 1 to 0
start transfer from 0 to 1
start transfer from 1 to 0
end transfer from 1 to 0
end transfer from 0 to 1
start transfer from 1 to 0
start transfer from 0 to 1
end transfer from 1 to 0
end transfer from 0 to 1
start transfer from 1 to 0
start transfer from 0 to 1
end transfer from 1 to 0
end transfer from 0 to 1
start transfer from 1 to 0
start transfer from 0 to 1
end transfer from 1 to 0
end transfer from 0 to 1
start transfer from 0 to 1
start transfer from 1 to 0
end transfer from 0 to 1
end transfer from 1 to 0
start transfer from 0 to 1
start transfer from 1 to 0
end transfer from 0 to 1
end transfer from 1 to 0
start transfer from 0 to 1
start transfer from 1 to 0
end transfer from 0 to 1
end transfer from 1 to 0
start transfer from 1 to 0
end transfer from 1 to 0
start transfer from 1 to 0
end transfer from 1 to 0
start transfer from 1 to 0
end transfer from 1 to 0
start transfer from 1 to 0
end transfer from 1 to 0
start transfer from 1 to 0
end transfer from 1 to 0
start transfer from 1 to 0
end transfer from 1 to 0
start transfer from 1 to 0
end transfer from 1 to 0
start transfer from 1 to 0
end transfer from 1 to 0
start transfer from 0 to 1
start transfer from 1 to 0
end transfer from 1 to 0
start transfer from 1 to 0
end transfer from 1 to 0
start transfer from 1 to 0
end transfer from 1 to 0
start transfer from 1 to 0
end transfer from 1 to 0
start transfer from 1 to 0
end transfer from 1 to 0
end transfer from 0 to 1
start transfer from 1 to 0
end transfer from 1 to 0
start transfer from 1 to 0
end transfer from 1 to 0
start transfer from 1 to 0
end transfer from 1 to 0
start transfer from 1 to 0
end transfer from 1 to 0
start transfer from 1 to 0
end transfer from 1 to 0
start transfer from 0 to 1
start transfer from 1 to 0
end transfer from 1 to 0
start transfer from 1 to 0
end transfer from 1 to 0
start transfer from 1 to 0
end transfer from 1 to 0
start transfer from 1 to 0
end transfer from 1 to 0
end transfer from 0 to 1
start transfer from 1 to 0
start transfer from 0 to 1
end transfer from 1 to 0
end transfer from 0 to 1
start transfer from 1 to 0
start transfer from 0 to 1
end transfer from 1 to 0
end transfer from 0 to 1
start transfer from 1 to 0
end transfer from 1 to 0
start transfer from 0 to 1
start transfer from 1 to 0
end transfer from 1 to 0
start transfer from 1 to 0
end transfer from 1 to 0
end transfer from 0 to 1
start transfer from 1 to 0
end transfer from 1 to 0
start transfer from 1 to 0
end transfer from 1 to 0
start transfer from 0 to 1
start transfer from 1 to 0
end transfer from 0 to 1
start transfer from 0 to 1
end transfer from 0 to 1
end transfer from 1 to 0
start transfer from 0 to 1
start transfer from 1 to 0
end transfer from 0 to 1
end transfer from 1 to 0
start transfer from 0 to 1
end transfer from 0 to 1
start transfer from 1 to 0
start transfer from 0 to 1
end transfer from 0 to 1
end transfer from 1 to 0
start transfer from 0 to 1
end transfer from 0 to 1
start transfer from 0 to 1
start transfer from 1 to 0
end transfer from 0 to 1
start transfer from 0 to 1
end transfer from 0 to 1
end transfer from 1 to 0
start transfer from 0 to 1
end transfer from 0 to 1
start transfer from 0 to 1
end transfer from 0 to 1
start transfer from 0 to 1
end transfer from 0 to 1
start transfer from 1 to 0
start transfer from 0 to 1
end transfer from 1 to 0
end transfer from 0 to 1
start transfer from 0 to 1
end transfer from 0 to 1
start transfer from 0 to 1
end transfer from 0 to 1
start transfer from 1 to 0
start transfer from 0 to 1
end transfer from 0 to 1
start transfer from 0 to 1
end transfer from 1 to 0
end transfer from 0 to 1
start transfer from 0 to 1
end transfer from 0 to 1
start transfer from 0 to 1
end transfer from 0 to 1
start transfer from 1 to 0
start transfer from 0 to 1
end transfer from 0 to 1
start transfer from 0 to 1
end transfer from 0 to 1
start transfer from 0 to 1
end transfer from 1 to 0
end transfer from 0 to 1
start transfer from 0 to 1
end transfer from 0 to 1
start transfer from 0 to 1
end transfer from 0 to 1
start transfer from 1 to 0
start transfer from 0 to 1
end transfer from 0 to 1
start transfer from 0 to 1
end transfer from 1 to 0
end transfer from 0 to 1
start transfer from 1 to 0
start transfer from 0 to 1
end transfer from 0 to 1
end transfer from 1 to 0
start transfer from 0 to 1
start transfer from 1 to 0
end transfer from 0 to 1
end transfer from 1 to 0
start transfer from 0 to 1
start transfer from 1 to 0
end transfer from 0 to 1
end transfer from 1 to 0
start transfer from 0 to 1
end transfer from 0 to 1
start transfer from 1 to 0
start transfer from 0 to 1
end transfer from 1 to 0
end transfer from 0 to 1
start transfer from 1 to 0
start transfer from 0 to 1
end transfer from 1 to 0
end transfer from 0 to 1
start transfer from 1 to 0
start transfer from 0 to 1
end transfer from 0 to 1
end transfer from 1 to 0
start transfer from 0 to 1
start transfer from 1 to 0
end transfer from 0 to 1
start transfer from 0 to 1
end transfer from 1 to 0
end transfer from 0 to 1
start transfer from 1 to 0
start transfer from 0 to 1
end transfer from 1 to 0
end transfer from 0 to 1
start transfer from 0 to 1
start transfer from 1 to 0
end transfer from 0 to 1
start transfer from 0 to 1
end transfer from 1 to 0
end transfer from 0 to 1
start transfer from 1 to 0
start transfer from 0 to 1
end transfer from 1 to 0
end transfer from 0 to 1
start transfer from 0 to 1
start transfer from 1 to 0
end transfer from 0 to 1
end transfer from 1 to 0
start transfer from 0 to 1
end transfer from 0 to 1
start transfer from 1 to 0
start transfer from 0 to 1
end transfer from 1 to 0
end transfer from 0 to 1
start transfer from 1 to 0
start transfer from 0 to 1
end transfer from 1 to 0
end transfer from 0 to 1
start transfer from 1 to 0
start transfer from 0 to 1
end transfer from 1 to 0
end transfer from 0 to 1
start transfer from 1 to 0
start transfer from 0 to 1
end transfer from 1 to 0
start transfer from 1 to 0
end transfer from 0 to 1
end transfer from 1 to 0
start transfer from 0 to 1
start transfer from 1 to 0
end transfer from 0 to 1
end transfer from 1 to 0
start transfer from 1 to 0
start transfer from 0 to 1
end transfer from 1 to 0
end transfer from 0 to 1
start transfer from 1 to 0
start transfer from 0 to 1
end transfer from 1 to 0
end transfer from 0 to 1
start transfer from 1 to 0
start transfer from 0 to 1
end transfer from 1 to 0
end transfer from 0 to 1
start transfer from 1 to 0
start transfer from 0 to 1
end transfer from 1 to 0
end transfer from 0 to 1
start transfer from 0 to 1
start transfer from 1 to 0
end transfer from 0 to 1
end transfer from 1 to 0
start transfer from 0 to 1
start transfer from 1 to 0
end transfer from 1 to 0
end transfer from 0 to 1
start transfer from 1 to 0
start transfer from 0 to 1
end transfer from 0 to 1
end transfer from 1 to 0
start transfer from 0 to 1
start transfer from 1 to 0
end transfer from 0 to 1
end transfer from 1 to 0
start transfer from 0 to 1
start transfer from 1 to 0
end transfer from 0 to 1
start transfer from 0 to 1
end transfer from 1 to 0
end transfer from 0 to 1
start transfer from 1 to 0
start transfer from 0 to 1
end transfer from 1 to 0
start transfer from 1 to 0
end transfer from 0 to 1
end transfer from 1 to 0
start transfer from 0 to 1
start transfer from 1 to 0
end transfer from 0 to 1
end transfer from 1 to 0
start transfer from 1 to 0
start transfer from 0 to 1
end transfer from 1 to 0
end transfer from 0 to 1
start transfer from 0 to 1
start transfer from 1 to 0
end transfer from 0 to 1
end transfer from 1 to 0
start transfer from 0 to 1
start transfer from 1 to 0
end transfer from 0 to 1
end transfer from 1 to 0
start transfer from 0 to 1
start transfer from 1 to 0
end transfer from 0 to 1
end transfer from 1 to 0
start transfer from 0 to 1
end transfer from 0 to 1
start transfer from 1 to 0
end transfer from 1 to 0
start transfer from 0 to 1
start transfer from 1 to 0
end transfer from 0 to 1
end transfer from 1 to 0
start transfer from 0 to 1
start transfer from 1 to 0
end transfer from 1 to 0
end transfer from 0 to 1
start transfer from 1 to 0
start transfer from 0 to 1
end transfer from 0 to 1
end transfer from 1 to 0
start transfer from 0 to 1
start transfer from 1 to 0
end transfer from 0 to 1
end transfer from 1 to 0
start transfer from 1 to 0
end transfer from 1 to 0
start transfer from 0 to 1
start transfer from 1 to 0
end transfer from 1 to 0
end transfer from 0 to 1
start transfer from 1 to 0
start transfer from 0 to 1
end transfer from 1 to 0
end transfer from 0 to 1
start transfer from 1 to 0
start transfer from 0 to 1
end transfer from 1 to 0
end transfer from 0 to 1
start transfer from 1 to 0
start transfer from 0 to 1
end transfer from 1 to 0
end transfer from 0 to 1
start transfer from 1 to 0
start transfer from 0 to 1
end transfer from 1 to 0
end transfer from 0 to 1
start transfer from 1 to 0
start transfer from 0 to 1
end transfer from 1 to 0
start transfer from 1 to 0
end transfer from 0 to 1
end transfer from 1 to 0
start transfer from 0 to 1
start transfer from 1 to 0
end transfer from 1 to 0
end transfer from 0 to 1
start transfer from 1 to 0
start transfer from 0 to 1
end transfer from 1 to 0
end transfer from 0 to 1
start transfer from 1 to 0
end transfer from 1 to 0
start transfer from 0 to 1
start transfer from 1 to 0
end transfer from 0 to 1
end transfer from 1 to 0
start transfer from 0 to 1
start transfer from 1 to 0
end transfer from 1 to 0
end transfer from 0 to 1
start transfer from 1 to 0
start transfer from 0 to 1
end transfer from 1 to 0
start transfer from 1 to 0
end transfer from 0 to 1
end transfer from 1 to 0
start transfer from 0 to 1
start transfer from 1 to 0
end transfer from 1 to 0
end transfer from 0 to 1
start transfer from 1 to 0
end transfer from 1 to 0
start transfer from 0 to 1
start transfer from 1 to 0
end transfer from 0 to 1
end transfer from 1 to 0
start transfer from 0 to 1
start transfer from 1 to 0
end transfer from 1 to 0
end transfer from 0 to 1
start transfer from 1 to 0
start transfer from 0 to 1
end transfer from 1 to 0
start transfer from 1 to 0
end transfer from 0 to 1
end transfer from 1 to 0
start transfer from 0 to 1
start transfer from 1 to 0
end transfer from 1 to 0
end transfer from 0 to 1
start transfer from 1 to 0
end transfer from 1 to 0
start transfer from 0 to 1
end transfer from 0 to 1
start transfer from 1 to 0
start transfer from 0 to 1
end transfer from 1 to 0
end transfer from 0 to 1
start transfer from 0 to 1
start transfer from 1 to 0
end transfer from 1 to 0
end transfer from 0 to 1
start transfer from 1 to 0
start transfer from 0 to 1
end transfer from 1 to 0
end transfer from 0 to 1
start transfer from 1 to 0
end transfer from 1 to 0
start transfer from 0 to 1
start transfer from 1 to 0
end transfer from 0 to 1
end transfer from 1 to 0
start transfer from 1 to 0
start transfer from 0 to 1
end transfer from 1 to 0
end transfer from 0 to 1
start transfer from 1 to 0
end transfer from 1 to 0
start transfer from 0 to 1
start transfer from 1 to 0
end transfer from 0 to 1
end transfer from 1 to 0
start transfer from 1 to 0
start transfer from 0 to 1
end transfer from 1 to 0
end transfer from 0 to 1
start transfer from 1 to 0
end transfer from 1 to 0
start transfer from 0 to 1
start transfer from 1 to 0
end transfer from 0 to 1
end transfer from 1 to 0
start transfer from 0 to 1
start transfer from 1 to 0
end transfer from 0 to 1
end transfer from 1 to 0
start transfer from 1 to 0
start transfer from 0 to 1
end transfer from 1 to 0
end transfer from 0 to 1
start transfer from 1 to 0
start transfer from 0 to 1
end transfer from 1 to 0
end transfer from 0 to 1
start transfer from 1 to 0
start transfer from 0 to 1
end transfer from 0 to 1
start transfer from 0 to 1
end transfer from 1 to 0
end transfer from 0 to 1
start transfer from 0 to 1
end transfer from 0 to 1
start transfer from 0 to 1
end transfer from 0 to 1
start transfer from 0 to 1
end transfer from 0 to 1
start transfer from 1 to 0
start transfer from 0 to 1
end transfer from 0 to 1
start transfer from 0 to 1
end transfer from 0 to 1
end transfer from 1 to 0
start transfer from 0 to 1
end transfer from 0 to 1
start transfer from 1 to 0
start transfer from 0 to 1
end transfer from 0 to 1
start transfer from 0 to 1
end transfer from 1 to 0
end transfer from 0 to 1
start transfer from 0 to 1
start transfer from 1 to 0
end transfer from 0 to 1
start transfer from 0 to 1
end transfer from 0 to 1
start transfer from 0 to 1
end transfer from 1 to 0
end transfer from 0 to 1
start transfer from 0 to 1
start transfer from 1 to 0
end transfer from 0 to 1
start transfer from 0 to 1
end transfer from 0 to 1
start transfer from 0 to 1
end transfer from 0 to 1
end transfer from 1 to 0
start transfer from 0 to 1
end transfer from 0 to 1
start transfer from 1 to 0
start transfer from 0 to 1
end transfer from 1 to 0
end transfer from 0 to 1
start transfer from 1 to 0
start transfer from 0 to 1
end transfer from 1 to 0
end transfer from 0 to 1
start transfer from 1 to 0
end transfer from 1 to 0
start transfer from 0 to 1
start transfer from 1 to 0
end transfer from 0 to 1
end transfer from 1 to 0
start transfer from 0 to 1
start transfer from 1 to 0
end transfer from 0 to 1
end transfer from 1 to 0
start transfer from 0 to 1
start transfer from 1 to 0
end transfer from 0 to 1
end transfer from 1 to 0
start transfer from 0 to 1
start transfer from 1 to 0
end transfer from 0 to 1
end transfer from 1 to 0
start transfer from 0 to 1
start transfer from 1 to 0
end transfer from 0 to 1
end transfer from 1 to 0
start transfer from 0 to 1
start transfer from 1 to 0
end transfer from 0 to 1
end transfer from 1 to 0
start transfer from 0 to 1
start transfer from 1 to 0
end transfer from 0 to 1
start transfer from 0 to 1
end transfer from 1 to 0
start transfer from 1 to 0
end transfer from 0 to 1
end transfer from 1 to 0
start transfer from 0 to 1
start transfer from 1 to 0
end transfer from 1 to 0
end transfer from 0 to 1
start transfer from 0 to 1
start transfer from 1 to 0
end transfer from 1 to 0
end transfer from 0 to 1
start transfer from 1 to 0
start transfer from 0 to 1
end transfer from 0 to 1
end transfer from 1 to 0
start transfer from 0 to 1
start transfer from 1 to 0
end transfer from 0 to 1
end transfer from 1 to 0
start transfer from 1 to 0
start transfer from 0 to 1
end transfer from 1 to 0
end transfer from 0 to 1
start transfer from 1 to 0
start transfer from 0 to 1
end transfer from 0 to 1
end transfer from 1 to 0
start transfer from 0 to 1
start transfer from 1 to 0
end transfer from 0 to 1
end transfer from 1 to 0
start transfer from 0 to 1
start transfer from 1 to 0
end transfer from 0 to 1
end transfer from 1 to 0
start transfer from 1 to 0
start transfer from 0 to 1
end transfer from 1 to 0
end transfer from 0 to 1
start transfer from 1 to 0
start transfer from 0 to 1
end transfer from 1 to 0
end transfer from 0 to 1
start transfer from 1 to 0
start transfer from 0 to 1
end transfer from 1 to 0
end transfer from 0 to 1
start transfer from 1 to 0
start transfer from 0 to 1
end transfer from 1 to 0
end transfer from 0 to 1
start transfer from 1 to 0
end transfer from 1 to 0
start transfer from 0 to 1
end transfer from 0 to 1
start transfer from 1 to 0
end transfer from 1 to 0
start transfer from 0 to 1
start transfer from 1 to 0
end transfer from 0 to 1
start transfer from 0 to 1
end transfer from 1 to 0
end transfer from 0 to 1
start transfer from 1 to 0
start transfer from 0 to 1
end transfer from 1 to 0
start transfer from 1 to 0
end transfer from 0 to 1
start transfer from 0 to 1
end transfer from 1 to 0
end transfer from 0 to 1
start transfer from 1 to 0
start transfer from 0 to 1
end transfer from 1 to 0
end transfer from 0 to 1
start transfer from 1 to 0
end transfer from 1 to 0
start transfer from 0 to 1
end transfer from 0 to 1
start transfer from 1 to 0
end transfer from 1 to 0
start transfer from 0 to 1
start transfer from 1 to 0
end transfer from 0 to 1
end transfer from 1 to 0
start transfer from 0 to 1
start transfer from 1 to 0
end transfer from 0 to 1
end transfer from 1 to 0
start transfer from 0 to 1
start transfer from 1 to 0
end transfer from 0 to 1
end transfer from 1 to 0
start transfer from 0 to 1
start transfer from 1 to 0
end transfer from 0 to 1
end transfer from 1 to 0
start transfer from 0 to 1
start transfer from 1 to 0
end transfer from 0 to 1
end transfer from 1 to 0
start transfer from 0 to 1
start transfer from 1 to 0
end transfer from 0 to 1
end transfer from 1 to 0
start transfer from 0 to 1
start transfer from 1 to 0
end transfer from 0 to 1
end transfer from 1 to 0
start transfer from 1 to 0
start transfer from 0 to 1
end transfer from 1 to 0
end transfer from 0 to 1
start transfer from 1 to 0
start transfer from 0 to 1
end transfer from 0 to 1
end transfer from 1 to 0
start transfer from 0 to 1
start transfer from 1 to 0
end transfer from 0 to 1
end transfer from 1 to 0
start transfer from 0 to 1
start transfer from 1 to 0
end transfer from 1 to 0
end transfer from 0 to 1
start transfer from 1 to 0
start transfer from 0 to 1
end transfer from 1 to 0
end transfer from 0 to 1
start transfer from 1 to 0
start transfer from 0 to 1
end transfer from 1 to 0
end transfer from 0 to 1
start transfer from 1 to 0
start transfer from 0 to 1
end transfer from 1 to 0
end transfer from 0 to 1
start transfer from 1 to 0
start transfer from 0 to 1
end transfer from 1 to 0
end transfer from 0 to 1
start transfer from 1 to 0
end transfer from 1 to 0
start transfer from 0 to 1
end transfer from 0 to 1
start transfer from 1 to 0
end transfer from 1 to 0
start transfer from 0 to 1
end transfer from 0 to 1
start transfer from 1 to 0
start transfer from 0 to 1
end transfer from 1 to 0
start transfer from 1 to 0
end transfer from 0 to 1
start transfer from 0 to 1
end transfer from 1 to 0
end transfer from 0 to 1
start transfer from 1 to 0
start transfer from 0 to 1
end transfer from 1 to 0
start transfer from 1 to 0
end transfer from 0 to 1
start transfer from 0 to 1
end transfer from 1 to 0
start transfer from 1 to 0
end transfer from 0 to 1
start transfer from 0 to 1
end transfer from 1 to 0
start transfer from 1 to 0
end transfer from 0 to 1
end transfer from 1 to 0
start transfer from 0 to 1
end transfer from 0 to 1
start transfer from 1 to 0
end transfer from 1 to 0
start transfer from 0 to 1
end transfer from 0 to 1
start transfer from 1 to 0
start transfer from 0 to 1
end transfer from 1 to 0
end transfer from 0 to 1
start transfer from 1 to 0
start transfer from 0 to 1
end transfer from 1 to 0
start transfer from 1 to 0
end transfer from 0 to 1
start transfer from 0 to 1
end transfer from 1 to 0
start transfer from 1 to 0
end transfer from 0 to 1
start transfer from 0 to 1
end transfer from 1 to 0
end transfer from 0 to 1
start transfer from 1 to 0
start transfer from 0 to 1
end transfer from 1 to 0
start transfer from 1 to 0
end transfer from 0 to 1
end transfer from 1 to 0
start transfer from 0 to 1
start transfer from 1 to 0
end transfer from 0 to 1
end transfer from 1 to 0
start transfer from 0 to 1
start transfer from 1 to 0
end transfer from 0 to 1
end transfer from 1 to 0
start transfer from 0 to 1
start transfer from 1 to 0
end transfer from 0 to 1
end transfer from 1 to 0
start transfer from 0 to 1
start transfer from 1 to 0
end transfer from 0 to 1
end transfer from 1 to 0
start transfer from 0 to 1
start transfer from 1 to 0
end transfer from 0 to 1
end transfer from 1 to 0
start transfer from 0 to 1
start transfer from 1 to 0
end transfer from 1 to 0
start transfer from 1 to 0
end transfer from 0 to 1
end transfer from 1 to 0
start transfer from 0 to 1
start transfer from 1 to 0
end transfer from 0 to 1
end transfer from 1 to 0
start transfer from 1 to 0
start transfer from 0 to 1
end transfer from 1 to 0
start transfer from 1 to 0
end transfer from 0 to 1
end transfer from 1 to 0
start transfer from 1 to 0
end transfer from 1 to 0
start transfer from 1 to 0
end transfer from 1 to 0
start transfer from 1 to 0
start transfer from 0 to 1
end transfer from 1 to 0
start transfer from 1 to 0
end transfer from 1 to 0
start transfer from 1 to 0
end transfer from 1 to 0
end transfer from 0 to 1
start transfer from 1 to 0
end transfer from 1 to 0
start transfer from 1 to 0
end transfer from 1 to 0
start transfer from 1 to 0
end transfer from 1 to 0
start transfer from 1 to 0
end transfer from 1 to 0
start transfer from 1 to 0
end transfer from 1 to 0
start transfer from 1 to 0
end transfer from 1 to 0
start transfer from 1 to 0
end transfer from 1 to 0
start transfer from 1 to 0
end transfer from 1 to 0
start transfer from 1 to 0
end transfer from 1 to 0
start transfer from 1 to 0
start transfer from 0 to 1
end transfer from 1 to 0
end transfer from 0 to 1
start transfer from 1 to 0
start transfer from 0 to 1
end transfer from 1 to 0
start transfer from 1 to 0
end transfer from 0 to 1
start transfer from 0 to 1
end transfer from 1 to 0
start transfer from 1 to 0
end transfer from 0 to 1
end transfer from 1 to 0
start transfer from 0 to 1
start transfer from 1 to 0
end transfer from 0 to 1
end transfer from 1 to 0
start transfer from 0 to 1
start transfer from 1 to 0
end transfer from 0 to 1
start transfer from 0 to 1
end transfer from 1 to 0
end transfer from 0 to 1
start transfer from 1 to 0
end transfer from 1 to 0
start transfer from 0 to 1
end transfer from 0 to 1
start transfer from 1 to 0
end transfer from 1 to 0
start transfer from 0 to 1
end transfer from 0 to 1
start transfer from 1 to 0
end transfer from 1 to 0
start transfer from 0 to 1
start transfer from 1 to 0
end transfer from 0 to 1
start transfer from 0 to 1
end transfer from 1 to 0
start transfer from 1 to 0
end transfer from 0 to 1
start transfer from 0 to 1
end transfer from 1 to 0
start transfer from 1 to 0
end transfer from 0 to 1
end transfer from 1 to 0
start transfer from 0 to 1
start transfer from 1 to 0
end transfer from 0 to 1
end transfer from 1 to 0
start transfer from 0 to 1
start transfer from 1 to 0
end transfer from 0 to 1
end transfer from 1 to 0
start transfer from 0 to 1
end transfer from 0 to 1
start transfer from 1 to 0
start transfer from 0 to 1
end transfer from 0 to 1
end transfer from 1 to 0
start transfer from 0 to 1
start transfer from 1 to 0
end transfer from 0 to 1
end transfer from 1 to 0
start transfer from 0 to 1
start transfer from 1 to 0
end transfer from 0 to 1
end transfer from 1 to 0
start transfer from 0 to 1
start transfer from 1 to 0
end transfer from 1 to 0
end transfer from 0 to 1
start transfer from 1 to 0
start transfer from 0 to 1
end transfer from 1 to 0
start transfer from 1 to 0
end transfer from 0 to 1
end transfer from 1 to 0
start transfer from 0 to 1
start transfer from 1 to 0
end transfer from 0 to 1
end transfer from 1 to 0
start transfer from 0 to 1
start transfer from 1 to 0
end transfer from 0 to 1
end transfer from 1 to 0
start transfer from 0 to 1
end transfer from 0 to 1
start transfer from 1 to 0
start transfer from 0 to 1
end transfer from 1 to 0
end transfer from 0 to 1
start transfer from 1 to 0
end transfer from 1 to 0
start transfer from 0 to 1
start transfer from 1 to 0
end transfer from 0 to 1
end transfer from 1 to 0
start transfer from 0 to 1
start transfer from 1 to 0
end transfer from 1 to 0
end transfer from 0 to 1
start transfer from 1 to 0
start transfer from 0 to 1
end transfer from 1 to 0
start transfer from 1 to 0
end transfer from 0 to 1
end transfer from 1 to 0
start transfer from 1 to 0
start transfer from 0 to 1
end transfer from 1 to 0
start transfer from 1 to 0
end transfer from 0 to 1
end transfer from 1 to 0
start transfer from 1 to 0
start transfer from 0 to 1
end transfer from 1 to 0
end transfer from 0 to 1
start transfer from 1 to 0
start transfer from 0 to 1
end transfer from 0 to 1
end transfer from 1 to 0
start transfer from 0 to 1
end transfer from 0 to 1
start transfer from 1 to 0
end transfer from 1 to 0
start transfer from 0 to 1
end transfer from 0 to 1
start transfer from 1 to 0
start transfer from 0 to 1
end transfer from 1 to 0
start transfer from 1 to 0
end transfer from 0 to 1
end transfer from 1 to 0
start transfer from 0 to 1
start transfer from 1 to 0
end transfer from 0 to 1
end transfer from 1 to 0
start transfer from 0 to 1
start transfer from 1 to 0
end transfer from 0 to 1
end transfer from 1 to 0
start transfer from 0 to 1
end transfer from 0 to 1
start transfer from 1 to 0
start transfer from 0 to 1
end transfer from 1 to 0
end transfer from 0 to 1
start transfer from 1 to 0
start transfer from 0 to 1
end transfer from 1 to 0
start transfer from 1 to 0
end transfer from 0 to 1
start transfer from 0 to 1
end transfer from 1 to 0
start transfer from 1 to 0
end transfer from 0 to 1
end transfer from 1 to 0
start transfer from 0 to 1
end transfer from 0 to 1
start transfer from 1 to 0
start transfer from 0 to 1
end transfer from 1 to 0
end transfer from 0 to 1
start transfer from 1 to 0
start transfer from 0 to 1
end transfer from 1 to 0
start transfer from 1 to 0
end transfer from 0 to 1
start transfer from 0 to 1
end transfer from 1 to 0
start transfer from 1 to 0
end transfer from 0 to 1
end transfer from 1 to 0
start transfer from 0 to 1
end transfer from 0 to 1
start transfer from 1 to 0
start transfer from 0 to 1
end transfer from 1 to 0
end transfer from 0 to 1
start transfer from 1 to 0
start transfer from 0 to 1
end transfer from 1 to 0
end transfer from 0 to 1
start transfer from 1 to 0
end transfer from 1 to 0
start transfer from 0 to 1
start transfer from 1 to 0
end transfer from 0 to 1
start transfer from 0 to 1
end transfer from 1 to 0
end transfer from 0 to 1
start transfer from 1 to 0
start transfer from 0 to 1
end transfer from 1 to 0
end transfer from 0 to 1
start transfer from 1 to 0
start transfer from 0 to 1
end transfer from 1 to 0
end transfer from 0 to 1
start transfer from 1 to 0
start transfer from 0 to 1
end transfer from 1 to 0
end transfer from 0 to 1
start transfer from 1 to 0
start transfer from 0 to 1
end transfer from 1 to 0
end transfer from 0 to 1
start transfer from 1 to 0
start transfer from 0 to 1
end transfer from 1 to 0
end transfer from 0 to 1
start transfer from 1 to 0
start transfer from 0 to 1
end transfer from 1 to 0
end transfer from 0 to 1
start transfer from 1 to 0
start transfer from 0 to 1
end transfer from 0 to 1
end transfer from 1 to 0
start transfer from 0 to 1
start transfer from 1 to 0
end transfer from 0 to 1
end transfer from 1 to 0
start transfer from 1 to 0
start transfer from 0 to 1
end transfer from 1 to 0
end transfer from 0 to 1
start transfer from 0 to 1
start transfer from 1 to 0
end transfer from 0 to 1
end transfer from 1 to 0
start transfer from 0 to 1
start transfer from 1 to 0
end transfer from 0 to 1
end transfer from 1 to 0
start transfer from 0 to 1
start transfer from 1 to 0
end transfer from 0 to 1
end transfer from 1 to 0
start transfer from 0 to 1
start transfer from 1 to 0
end transfer from 0 to 1
end transfer from 1 to 0
start transfer from 0 to 1
start transfer from 1 to 0
end transfer from 0 to 1
end transfer from 1 to 0
start transfer from 0 to 1
start transfer from 1 to 0
end transfer from 0 to 1
end transfer from 1 to 0
start transfer from 0 to 1
start transfer from 1 to 0
end transfer from 0 to 1
end transfer from 1 to 0
start transfer from 0 to 1
start transfer from 1 to 0
end transfer from 0 to 1
end transfer from 1 to 0
start transfer from 0 to 1
start transfer from 1 to 0
end transfer from 0 to 1
end transfer from 1 to 0
start transfer from 0 to 1
start transfer from 1 to 0
end transfer from 0 to 1
end transfer from 1 to 0
start transfer from 0 to 1
start transfer from 1 to 0
end transfer from 0 to 1
end transfer from 1 to 0
start transfer from 0 to 1
start transfer from 1 to 0
end transfer from 0 to 1
end transfer from 1 to 0
start transfer from 0 to 1
start transfer from 1 to 0
end transfer from 0 to 1
end transfer from 1 to 0
start transfer from 0 to 1
start transfer from 1 to 0
end transfer from 0 to 1
end transfer from 1 to 0
start transfer from 0 to 1
start transfer from 1 to 0
end transfer from 0 to 1
end transfer from 1 to 0
start transfer from 0 to 1
start transfer from 1 to 0
end transfer from 0 to 1
end transfer from 1 to 0
start transfer from 1 to 0
start transfer from 0 to 1
end transfer from 1 to 0
end transfer from 0 to 1
start transfer from 1 to 0
start transfer from 0 to 1
end transfer from 1 to 0
end transfer from 0 to 1
start transfer from 1 to 0
start transfer from 0 to 1
end transfer from 1 to 0
end transfer from 0 to 1
start transfer from 1 to 0
start transfer from 0 to 1
end transfer from 1 to 0
end transfer from 0 to 1
start transfer from 1 to 0
start transfer from 0 to 1
end transfer from 1 to 0
end transfer from 0 to 1
start transfer from 1 to 0
start transfer from 0 to 1
end transfer from 0 to 1
end transfer from 1 to 0
start transfer from 0 to 1
start transfer from 1 to 0
end transfer from 1 to 0
end transfer from 0 to 1
start transfer from 1 to 0
start transfer from 0 to 1
end transfer from 1 to 0
end transfer from 0 to 1
start transfer from 1 to 0
start transfer from 0 to 1
end transfer from 1 to 0
end transfer from 0 to 1
start transfer from 1 to 0
start transfer from 0 to 1
end transfer from 0 to 1
end transfer from 1 to 0
start transfer from 0 to 1
start transfer from 1 to 0
end transfer from 0 to 1
end transfer from 1 to 0
start transfer from 0 to 1
start transfer from 1 to 0
end transfer from 0 to 1
end transfer from 1 to 0
start transfer from 0 to 1
start transfer from 1 to 0
end transfer from 0 to 1
end transfer from 1 to 0
start transfer from 0 to 1
end transfer from 0 to 1
start transfer from 1 to 0
start transfer from 0 to 1
end transfer from 1 to 0
end transfer from 0 to 1
start transfer from 1 to 0
start transfer from 0 to 1
end transfer from 0 to 1
end transfer from 1 to 0
start transfer from 0 to 1
start transfer from 1 to 0
end transfer from 0 to 1
end transfer from 1 to 0
start transfer from 0 to 1
end transfer from 0 to 1
start transfer from 1 to 0
start transfer from 0 to 1
end transfer from 1 to 0
end transfer from 0 to 1
start transfer from 1 to 0
start transfer from 0 to 1
end transfer from 1 to 0
end transfer from 0 to 1
start transfer from 1 to 0
start transfer from 0 to 1
end transfer from 1 to 0
end transfer from 0 to 1
start transfer from 1 to 0
start transfer from 0 to 1
end transfer from 1 to 0
end transfer from 0 to 1
start transfer from 1 to 0
start transfer from 0 to 1
end transfer from 1 to 0
end transfer from 0 to 1
start transfer from 1 to 0
start transfer from 0 to 1
end transfer from 1 to 0
end transfer from 0 to 1
start transfer from 1 to 0
start transfer from 0 to 1
end transfer from 1 to 0
end transfer from 0 to 1
start transfer from 1 to 0
start transfer from 0 to 1
end transfer from 1 to 0
end transfer from 0 to 1
start transfer from 1 to 0
start transfer from 0 to 1
end transfer from 1 to 0
end transfer from 0 to 1
start transfer from 1 to 0
start transfer from 0 to 1
end transfer from 1 to 0
end transfer from 0 to 1
start transfer from 1 to 0
start transfer from 0 to 1
end transfer from 1 to 0
end transfer from 0 to 1
start transfer from 1 to 0
start transfer from 0 to 1
end transfer from 0 to 1
end transfer from 1 to 0
start transfer from 0 to 1
start transfer from 1 to 0
end transfer from 0 to 1
end transfer from 1 to 0
start transfer from 0 to 1
start transfer from 1 to 0
end transfer from 0 to 1
end transfer from 1 to 0
start transfer from 0 to 1
start transfer from 1 to 0
end transfer from 0 to 1
end transfer from 1 to 0
start transfer from 0 to 1
start transfer from 1 to 0
end transfer from 0 to 1
end transfer from 1 to 0
start transfer from 0 to 1
start transfer from 1 to 0
end transfer from 0 to 1
end transfer from 1 to 0
start transfer from 0 to 1
start transfer from 1 to 0
end transfer from 0 to 1
end transfer from 1 to 0
start transfer from 1 to 0
start transfer from 0 to 1
end transfer from 1 to 0
end transfer from 0 to 1
start transfer from 1 to 0
start transfer from 0 to 1
end transfer from 1 to 0
end transfer from 0 to 1
start transfer from 1 to 0
start transfer from 0 to 1
end transfer from 1 to 0
end transfer from 0 to 1
start transfer from 1 to 0
start transfer from 0 to 1
end transfer from 1 to 0
end transfer from 0 to 1
start transfer from 1 to 0
start transfer from 0 to 1
end transfer from 1 to 0
end transfer from 0 to 1
start transfer from 1 to 0
start transfer from 0 to 1
end transfer from 1 to 0
end transfer from 0 to 1
start transfer from 1 to 0
start transfer from 0 to 1
end transfer from 0 to 1
end transfer from 1 to 0
start transfer from 0 to 1
start transfer from 1 to 0
end transfer from 0 to 1
end transfer from 1 to 0
start transfer from 0 to 1
start transfer from 1 to 0
end transfer from 0 to 1
end transfer from 1 to 0
start transfer from 0 to 1
start transfer from 1 to 0
end transfer from 0 to 1
end transfer from 1 to 0
start transfer from 0 to 1
start transfer from 1 to 0
end transfer from 0 to 1
end transfer from 1 to 0
start transfer from 0 to 1
start transfer from 1 to 0
end transfer from 0 to 1
end transfer from 1 to 0
start transfer from 0 to 1
start transfer from 1 to 0
end transfer from 0 to 1
end transfer from 1 to 0
start transfer from 0 to 1
start transfer from 1 to 0
end transfer from 0 to 1
end transfer from 1 to 0
start transfer from 0 to 1
end transfer from 0 to 1
start transfer from 1 to 0
start transfer from 0 to 1
end transfer from 1 to 0
end transfer from 0 to 1
start transfer from 1 to 0
start transfer from 0 to 1
end transfer from 1 to 0
end transfer from 0 to 1
start transfer from 1 to 0
start transfer from 0 to 1
end transfer from 1 to 0
end transfer from 0 to 1
start transfer from 1 to 0
start transfer from 0 to 1
end transfer from 1 to 0
end transfer from 0 to 1
start transfer from 1 to 0
start transfer from 0 to 1
end transfer from 1 to 0
end transfer from 0 to 1
start transfer from 1 to 0
start transfer from 0 to 1
end transfer from 1 to 0
end transfer from 0 to 1
start transfer from 1 to 0
start transfer from 0 to 1
end transfer from 0 to 1
end transfer from 1 to 0
start transfer from 1 to 0
start transfer from 0 to 1
end transfer from 1 to 0
end transfer from 0 to 1
start transfer from 1 to 0
start transfer from 0 to 1
end transfer from 1 to 0
end transfer from 0 to 1
start transfer from 1 to 0
start transfer from 0 to 1
end transfer from 1 to 0
end transfer from 0 to 1
start transfer from 1 to 0
start transfer from 0 to 1
end transfer from 1 to 0
start transfer from 1 to 0
end transfer from 0 to 1
end transfer from 1 to 0
start transfer from 0 to 1
start transfer from 1 to 0
end transfer from 0 to 1
end transfer from 1 to 0
start transfer from 0 to 1
end transfer from 0 to 1
start transfer from 1 to 0
start transfer from 0 to 1
end transfer from 0 to 1
end transfer from 1 to 0
start transfer from 0 to 1
start transfer from 1 to 0
end transfer from 0 to 1
end transfer from 1 to 0
start transfer from 0 to 1
start transfer from 1 to 0
end transfer from 1 to 0
start transfer from 1 to 0
end transfer from 1 to 0
start transfer from 1 to 0
end transfer from 0 to 1
end transfer from 1 to 0
start transfer from 1 to 0
end transfer from 1 to 0
start transfer from 1 to 0
end transfer from 1 to 0
start transfer from 1 to 0
end transfer from 1 to 0
start transfer from 1 to 0
end transfer from 1 to 0
start transfer from 1 to 0
end transfer from 1 to 0
start transfer from 1 to 0
end transfer from 1 to 0
start transfer from 1 to 0
start transfer from 0 to 1
end transfer from 1 to 0
start transfer from 1 to 0
end transfer from 1 to 0
start transfer from 1 to 0
end transfer from 1 to 0
start transfer from 1 to 0
end transfer from 1 to 0
start transfer from 1 to 0
end transfer from 1 to 0
start transfer from 1 to 0
end transfer from 1 to 0
start transfer from 1 to 0
end transfer from 1 to 0
start transfer from 1 to 0
end transfer from 1 to 0
start transfer from 1 to 0
end transfer from 1 to 0
start transfer from 1 to 0
end transfer from 1 to 0
end transfer from 0 to 1
start transfer from 1 to 0
end transfer from 1 to 0
start transfer from 0 to 1
start transfer from 1 to 0
end transfer from 1 to 0
end transfer from 0 to 1
start transfer from 1 to 0
start transfer from 0 to 1
end transfer from 1 to 0
end transfer from 0 to 1
start transfer from 1 to 0
start transfer from 0 to 1
end transfer from 1 to 0
start transfer from 1 to 0
end transfer from 0 to 1
end transfer from 1 to 0
start transfer from 0 to 1
start transfer from 1 to 0
end transfer from 1 to 0
end transfer from 0 to 1
start transfer from 1 to 0
start transfer from 0 to 1
end transfer from 0 to 1
end transfer from 1 to 0
start transfer from 0 to 1
end transfer from 0 to 1
start transfer from 1 to 0
start transfer from 0 to 1
end transfer from 0 to 1
end transfer from 1 to 0
start transfer from 0 to 1
start transfer from 1 to 0
end transfer from 0 to 1
end transfer from 1 to 0
start transfer from 0 to 1
start transfer from 1 to 0
end transfer from 0 to 1
end transfer from 1 to 0
start transfer from 0 to 1
start transfer from 1 to 0
end transfer from 0 to 1
end transfer from 1 to 0
start transfer from 0 to 1
start transfer from 1 to 0
end transfer from 0 to 1
end transfer from 1 to 0
start transfer from 0 to 1
start transfer from 1 to 0
end transfer from 0 to 1
end transfer from 1 to 0
start transfer from 0 to 1
start transfer from 1 to 0
end transfer from 0 to 1
end transfer from 1 to 0
start transfer from 0 to 1
start transfer from 1 to 0
end transfer from 0 to 1
end transfer from 1 to 0
start transfer from 0 to 1
start transfer from 1 to 0
end transfer from 0 to 1
start transfer from 0 to 1
end transfer from 1 to 0
end transfer from 0 to 1
start transfer from 1 to 0
start transfer from 0 to 1
end transfer from 1 to 0
end transfer from 0 to 1
start transfer from 1 to 0
start transfer from 0 to 1
end transfer from 1 to 0
end transfer from 0 to 1
start transfer from 1 to 0
start transfer from 0 to 1
end transfer from 1 to 0
end transfer from 0 to 1
start transfer from 1 to 0
start transfer from 0 to 1
end transfer from 1 to 0
end transfer from 0 to 1
start transfer from 1 to 0
start transfer from 0 to 1
end transfer from 1 to 0
end transfer from 0 to 1
start transfer from 1 to 0
start transfer from 0 to 1
end transfer from 1 to 0
end transfer from 0 to 1
start transfer from 1 to 0
start transfer from 0 to 1
end transfer from 1 to 0
end transfer from 0 to 1
start transfer from 0 to 1
start transfer from 1 to 0
end transfer from 0 to 1
end transfer from 1 to 0
start transfer from 0 to 1
start transfer from 1 to 0
end transfer from 1 to 0
end transfer from 0 to 1
start transfer from 0 to 1
start transfer from 1 to 0
end transfer from 1 to 0
end transfer from 0 to 1
start transfer from 0 to 1
start transfer from 1 to 0
end transfer from 0 to 1
end transfer from 1 to 0
start transfer from 0 to 1
start transfer from 1 to 0
end transfer from 0 to 1
end transfer from 1 to 0
start transfer from 0 to 1
start transfer from 1 to 0
end transfer from 0 to 1
end transfer from 1 to 0
start transfer from 0 to 1
start transfer from 1 to 0
end transfer from 0 to 1
end transfer from 1 to 0
start transfer from 0 to 1
start transfer from 1 to 0
end transfer from 0 to 1
end transfer from 1 to 0
start transfer from 0 to 1
start transfer from 1 to 0
end transfer from 0 to 1
end transfer from 1 to 0
start transfer from 0 to 1
start transfer from 1 to 0
end transfer from 1 to 0
start transfer from 1 to 0
end transfer from 0 to 1
end transfer from 1 to 0
start transfer from 0 to 1
start transfer from 1 to 0
end transfer from 0 to 1
end transfer from 1 to 0
start transfer from 0 to 1
start transfer from 1 to 0
end transfer from 1 to 0
end transfer from 0 to 1
start transfer from 1 to 0
start transfer from 0 to 1
end transfer from 1 to 0
start transfer from 1 to 0
end transfer from 1 to 0
end transfer from 0 to 1
start transfer from 1 to 0
start transfer from 0 to 1
end transfer from 1 to 0
end transfer from 0 to 1
start transfer from 1 to 0
start transfer from 0 to 1
end transfer from 1 to 0
end transfer from 0 to 1
start transfer from 1 to 0
start transfer from 0 to 1
end transfer from 1 to 0
end transfer from 0 to 1
start transfer from 1 to 0
end transfer from 1 to 0
start transfer from 0 to 1
start transfer from 1 to 0
end transfer from 1 to 0
end transfer from 0 to 1
start transfer from 1 to 0
start transfer from 0 to 1
end transfer from 1 to 0
end transfer from 0 to 1
start transfer from 1 to 0
start transfer from 0 to 1
end transfer from 1 to 0
end transfer from 0 to 1
start transfer from 1 to 0
start transfer from 0 to 1
end transfer from 0 to 1
end transfer from 1 to 0
start transfer from 1 to 0
start transfer from 0 to 1
end transfer from 1 to 0
end transfer from 0 to 1
start transfer from 1 to 0
start transfer from 0 to 1
end transfer from 1 to 0
end transfer from 0 to 1
start transfer from 1 to 0
start transfer from 0 to 1
end transfer from 1 to 0
end transfer from 0 to 1
start transfer from 1 to 0
start transfer from 0 to 1
end transfer from 1 to 0
end transfer from 0 to 1
start transfer from 1 to 0
start transfer from 0 to 1
end transfer from 0 to 1
start transfer from 0 to 1
end transfer from 1 to 0
end transfer from 0 to 1
start transfer from 1 to 0
start transfer from 0 to 1
end transfer from 1 to 0
end transfer from 0 to 1
start transfer from 1 to 0
start transfer from 0 to 1
end transfer from 0 to 1
end transfer from 1 to 0
start transfer from 0 to 1
start transfer from 1 to 0
end transfer from 0 to 1
end transfer from 1 to 0
start transfer from 0 to 1
start transfer from 1 to 0
end transfer from 0 to 1
end transfer from 1 to 0
start transfer from 0 to 1
start transfer from 1 to 0
end transfer from 0 to 1
end transfer from 1 to 0
start transfer from 0 to 1
start transfer from 1 to 0
end transfer from 0 to 1
end transfer from 1 to 0
start transfer from 0 to 1
start transfer from 1 to 0
end transfer from 0 to 1
end transfer from 1 to 0
start transfer from 1 to 0
start transfer from 0 to 1
end transfer from 1 to 0
end transfer from 0 to 1
start transfer from 1 to 0
start transfer from 0 to 1
end transfer from 1 to 0
end transfer from 0 to 1
start transfer from 1 to 0
start transfer from 0 to 1
end transfer from 1 to 0
end transfer from 0 to 1
start transfer from 1 to 0
start transfer from 0 to 1
end transfer from 1 to 0
end transfer from 0 to 1
start transfer from 1 to 0
start transfer from 0 to 1
end transfer from 1 to 0
end transfer from 0 to 1
start transfer from 1 to 0
start transfer from 0 to 1
end transfer from 1 to 0
end transfer from 0 to 1
start transfer from 1 to 0
start transfer from 0 to 1
end transfer from 1 to 0
start transfer from 1 to 0
end transfer from 0 to 1
end transfer from 1 to 0
start transfer from 0 to 1
start transfer from 1 to 0
end transfer from 0 to 1
end transfer from 1 to 0
start transfer from 0 to 1
start transfer from 1 to 0
end transfer from 0 to 1
end transfer from 1 to 0
start transfer from 0 to 1
start transfer from 1 to 0
end transfer from 0 to 1
end transfer from 1 to 0
start transfer from 0 to 1
start transfer from 1 to 0
end transfer from 0 to 1
end transfer from 1 to 0
start transfer from 0 to 1
start transfer from 1 to 0
end transfer from 0 to 1
end transfer from 1 to 0
start transfer from 0 to 1
start transfer from 1 to 0
end transfer from 0 to 1
end transfer from 1 to 0
start transfer from 0 to 1
start transfer from 1 to 0
end transfer from 1 to 0
end transfer from 0 to 1
start transfer from 1 to 0
start transfer from 0 to 1
end transfer from 1 to 0
end transfer from 0 to 1
start transfer from 1 to 0
start transfer from 0 to 1
end transfer from 1 to 0
end transfer from 0 to 1
start transfer from 0 to 1
start transfer from 1 to 0
end transfer from 0 to 1
end transfer from 1 to 0
start transfer from 1 to 0
start transfer from 0 to 1
end transfer from 1 to 0
end transfer from 0 to 1
start transfer from 1 to 0
end transfer from 1 to 0
start transfer from 1 to 0
start transfer from 0 to 1
end transfer from 1 to 0
start transfer from 1 to 0
end transfer from 1 to 0
start transfer from 1 to 0
end transfer from 0 to 1
end transfer from 1 to 0
start transfer from 1 to 0
end transfer from 1 to 0
start transfer from 1 to 0
end transfer from 1 to 0
start transfer from 1 to 0
end transfer from 1 to 0
start transfer from 1 to 0
end transfer from 1 to 0
start transfer from 1 to 0
start transfer from 0 to 1
end transfer from 1 to 0
start transfer from 1 to 0
end transfer from 1 to 0
start transfer from 1 to 0
end transfer from 1 to 0
start transfer from 1 to 0
end transfer from 1 to 0
start transfer from 1 to 0
end transfer from 1 to 0
start transfer from 1 to 0
end transfer from 1 to 0
start transfer from 1 to 0
end transfer from 1 to 0
end transfer from 0 to 1
start transfer from 1 to 0
end transfer from 1 to 0
start transfer from 1 to 0
end transfer from 1 to 0
start transfer from 1 to 0
end transfer from 1 to 0
start transfer from 1 to 0
end transfer from 1 to 0
start transfer from 1 to 0
end transfer from 1 to 0
start transfer from 1 to 0
start transfer from 0 to 1
end transfer from 1 to 0
end transfer from 0 to 1
start transfer from 1 to 0
start transfer from 0 to 1
end transfer from 0 to 1
end transfer from 1 to 0
start transfer from 0 to 1
end transfer from 0 to 1
start transfer from 1 to 0
start transfer from 0 to 1
end transfer from 1 to 0
end transfer from 0 to 1
start transfer from 0 to 1
start transfer from 1 to 0
end transfer from 0 to 1
end transfer from 1 to 0
start transfer from 0 to 1
start transfer from 1 to 0
end transfer from 0 to 1
start transfer from 0 to 1
end transfer from 1 to 0
end transfer from 0 to 1
start transfer from 1 to 0
start transfer from 0 to 1
end transfer from 1 to 0
end transfer from 0 to 1
start transfer from 0 to 1
start transfer from 1 to 0
end transfer from 0 to 1
start transfer from 0 to 1
end transfer from 1 to 0
end transfer from 0 to 1
start transfer from 0 to 1
start transfer from 1 to 0
end transfer from 0 to 1
end transfer from 1 to 0
start transfer from 0 to 1
end transfer from 0 to 1
start transfer from 1 to 0
end transfer from 1 to 0
start transfer from 0 to 1
end transfer from 0 to 1
start transfer from 1 to 0
end transfer from 1 to 0
start transfer from 0 to 1
start transfer from 1 to 0
end transfer from 1 to 0
end transfer from 0 to 1
start transfer from 0 to 1
start transfer from 1 to 0
end transfer from 1 to 0
end transfer from 0 to 1
start transfer from 1 to 0
start transfer from 0 to 1
end transfer from 1 to 0
end transfer from 0 to 1
start transfer from 1 to 0
start transfer from 0 to 1
end transfer from 1 to 0
end transfer from 0 to 1
start transfer from 1 to 0
end transfer from 1 to 0
start transfer from 0 to 1
start transfer from 1 to 0
end transfer from 0 to 1
end transfer from 1 to 0
start transfer from 0 to 1
end transfer from 0 to 1
start transfer from 1 to 0
start transfer from 0 to 1
end transfer from 1 to 0
end transfer from 0 to 1
start transfer from 1 to 0
end transfer from 1 to 0
start transfer from 0 to 1
start transfer from 1 to 0
end transfer from 0 to 1
end transfer from 1 to 0
start transfer from 1 to 0
start transfer from 0 to 1
end transfer from 1 to 0
end transfer from 0 to 1
start transfer from 1 to 0
start transfer from 0 to 1
end transfer from 0 to 1
end transfer from 1 to 0
start transfer from 1 to 0
end transfer from 1 to 0
start transfer from 0 to 1
end transfer from 0 to 1
start transfer from 1 to 0
end transfer from 1 to 0
start transfer from 0 to 1
start transfer from 1 to 0
end transfer from 0 to 1
end transfer from 1 to 0
start transfer from 0 to 1
start transfer from 1 to 0
end transfer from 0 to 1
end transfer from 1 to 0
start transfer from 0 to 1
start transfer from 1 to 0
end transfer from 0 to 1
end transfer from 1 to 0
start transfer from 0 to 1
start transfer from 1 to 0
end transfer from 0 to 1
start transfer from 0 to 1
end transfer from 1 to 0
end transfer from 0 to 1
start transfer from 1 to 0
start transfer from 0 to 1
end transfer from 0 to 1
end transfer from 1 to 0
start transfer from 0 to 1
start transfer from 1 to 0
end transfer from 0 to 1
end transfer from 1 to 0
start transfer from 0 to 1
end transfer from 0 to 1
start transfer from 1 to 0
start transfer from 0 to 1
end transfer from 1 to 0
end transfer from 0 to 1
start transfer from 1 to 0
start transfer from 0 to 1
end transfer from 0 to 1
end transfer from 1 to 0
start transfer from 0 to 1
start transfer from 1 to 0
end transfer from 0 to 1
end transfer from 1 to 0
start transfer from 0 to 1
end transfer from 0 to 1
start transfer from 1 to 0
start transfer from 0 to 1
end transfer from 1 to 0
end transfer from 0 to 1
start transfer from 1 to 0
start transfer from 0 to 1
end transfer from 0 to 1
end transfer from 1 to 0
start transfer from 0 to 1
start transfer from 1 to 0
end transfer from 0 to 1
start transfer from 0 to 1
end transfer from 1 to 0
end transfer from 0 to 1
start transfer from 1 to 0
start transfer from 0 to 1
end transfer from 1 to 0
end transfer from 0 to 1
start transfer from 0 to 1
start transfer from 1 to 0
end transfer from 0 to 1
end transfer from 1 to 0
start transfer from 0 to 1
start transfer from 1 to 0
end transfer from 0 to 1
start transfer from 0 to 1
end transfer from 1 to 0
end transfer from 0 to 1
start transfer from 0 to 1
start transfer from 1 to 0
end transfer from 0 to 1
end transfer from 1 to 0
start transfer from 0 to 1
start transfer from 1 to 0
end transfer from 0 to 1
end transfer from 1 to 0
start transfer from 0 to 1
start transfer from 1 to 0
end transfer from 0 to 1
start transfer from 0 to 1
end transfer from 1 to 0
end transfer from 0 to 1
start transfer from 1 to 0
start transfer from 0 to 1
end transfer from 0 to 1
end transfer from 1 to 0
start transfer from 0 to 1
start transfer from 1 to 0
end transfer from 0 to 1
start transfer from 0 to 1
end transfer from 1 to 0
end transfer from 0 to 1
start transfer from 1 to 0
start transfer from 0 to 1
end transfer from 1 to 0
end transfer from 0 to 1
start transfer from 0 to 1
start transfer from 1 to 0
end transfer from 0 to 1
end transfer from 1 to 0
start transfer from 0 to 1
end transfer from 0 to 1
start transfer from 1 to 0
start transfer from 0 to 1
end transfer from 1 to 0
end transfer from 0 to 1
start transfer from 1 to 0
start transfer from 0 to 1
end transfer from 1 to 0
end transfer from 0 to 1
start transfer from 1 to 0
start transfer from 0 to 1
end transfer from 1 to 0
end transfer from 0 to 1
start transfer from 0 to 1
start transfer from 1 to 0
end transfer from 0 to 1
end transfer from 1 to 0
start transfer from 0 to 1
start transfer from 1 to 0
end transfer from 0 to 1
start transfer from 0 to 1
end transfer from 1 to 0
start transfer from 1 to 0
end transfer from 0 to 1
end transfer from 1 to 0
start transfer from 1 to 0
end transfer from 1 to 0
start transfer from 1 to 0
start transfer from 0 to 1
end transfer from 1 to 0
end transfer from 0 to 1
start transfer from 1 to 0
end transfer from 1 to 0
start transfer from 1 to 0
end transfer from 1 to 0
start transfer from 1 to 0
start transfer from 0 to 1
end transfer from 1 to 0
end transfer from 0 to 1
start transfer from 1 to 0
end transfer from 1 to 0
start transfer from 0 to 1
start transfer from 1 to 0
end transfer from 0 to 1
end transfer from 1 to 0
start transfer from 0 to 1
start transfer from 1 to 0
end transfer from 0 to 1
end transfer from 1 to 0
start transfer from 0 to 1
start transfer from 1 to 0
end transfer from 1 to 0
start transfer from 1 to 0
end transfer from 1 to 0
start transfer from 1 to 0
end transfer from 0 to 1
end transfer from 1 to 0
start transfer from 0 to 1
start transfer from 1 to 0
end transfer from 0 to 1
end transfer from 1 to 0
start transfer from 0 to 1
start transfer from 1 to 0
end transfer from 0 to 1
end transfer from 1 to 0
start transfer from 0 to 1
start transfer from 1 to 0
end transfer from 1 to 0
end transfer from 0 to 1
start transfer from 1 to 0
end transfer from 1 to 0
start transfer from 0 to 1
end transfer from 0 to 1
start transfer from 1 to 0
start transfer from 0 to 1
end transfer from 1 to 0
end transfer from 0 to 1
start transfer from 1 to 0
end transfer from 1 to 0
start transfer from 0 to 1
start transfer from 1 to 0
end transfer from 0 to 1
end transfer from 1 to 0
start transfer from 0 to 1
start transfer from 1 to 0
end transfer from 0 to 1
end transfer from 1 to 0
start transfer from 0 to 1
start transfer from 1 to 0
end transfer from 0 to 1
start transfer from 0 to 1
end transfer from 1 to 0
end transfer from 0 to 1
start transfer from 1 to 0
start transfer from 0 to 1
end transfer from 1 to 0
end transfer from 0 to 1
start transfer from 1 to 0
start transfer from 0 to 1
end transfer from 1 to 0
end transfer from 0 to 1
start transfer from 1 to 0
start transfer from 0 to 1
end transfer from 1 to 0
end transfer from 0 to 1
start transfer from 1 to 0
start transfer from 0 to 1
end transfer from 1 to 0
end transfer from 0 to 1
start transfer from 1 to 0
start transfer from 0 to 1
end transfer from 1 to 0
end transfer from 0 to 1
start transfer from 1 to 0
start transfer from 0 to 1
end transfer from 1 to 0
end transfer from 0 to 1
start transfer from 1 to 0
start transfer from 0 to 1
end transfer from 1 to 0
end transfer from 0 to 1
start transfer from 1 to 0
start transfer from 0 to 1
end transfer from 1 to 0
end transfer from 0 to 1
start transfer from 1 to 0
start transfer from 0 to 1
end transfer from 0 to 1
end transfer from 1 to 0
start transfer from 0 to 1
start transfer from 1 to 0
end transfer from 0 to 1
end transfer from 1 to 0
start transfer from 0 to 1
start transfer from 1 to 0
end transfer from 0 to 1
end transfer from 1 to 0
start transfer from 0 to 1
start transfer from 1 to 0
end transfer from 0 to 1
end transfer from 1 to 0
start transfer from 0 to 1
start transfer from 1 to 0
end transfer from 0 to 1
end transfer from 1 to 0
start transfer from 0 to 1
start transfer from 1 to 0
end transfer from 0 to 1
end transfer from 1 to 0
start transfer from 0 to 1
end transfer from 0 to 1
start transfer from 1 to 0
start transfer from 0 to 1
end transfer from 1 to 0
end transfer from 0 to 1
start transfer from 1 to 0
start transfer from 0 to 1
end transfer from 0 to 1
end transfer from 1 to 0
start transfer from 1 to 0
start transfer from 0 to 1
end transfer from 1 to 0
end transfer from 0 to 1
start transfer from 1 to 0
start transfer from 0 to 1
end transfer from 1 to 0
end transfer from 0 to 1
start transfer from 1 to 0
start transfer from 0 to 1
end transfer from 1 to 0
end transfer from 0 to 1
start transfer from 1 to 0
start transfer from 0 to 1
end transfer from 0 to 1
end transfer from 1 to 0
start transfer from 0 to 1
end transfer from 0 to 1
start transfer from 1 to 0
start transfer from 0 to 1
end transfer from 1 to 0
start transfer from 1 to 0
end transfer from 0 to 1
start transfer from 0 to 1
end transfer from 1 to 0
end transfer from 0 to 1
start transfer from 1 to 0
start transfer from 0 to 1
end transfer from 1 to 0
end transfer from 0 to 1
start transfer from 1 to 0
start transfer from 0 to 1
end transfer from 1 to 0
end transfer from 0 to 1
start transfer from 1 to 0
start transfer from 0 to 1
end transfer from 0 to 1
end transfer from 1 to 0
start transfer from 0 to 1
start transfer from 1 to 0
end transfer from 0 to 1
end transfer from 1 to 0
start transfer from 0 to 1
start transfer from 1 to 0
end transfer from 0 to 1
end transfer from 1 to 0
start transfer from 0 to 1
start transfer from 1 to 0
end transfer from 0 to 1
end transfer from 1 to 0
start transfer from 0 to 1
start transfer from 1 to 0
end transfer from 0 to 1
end transfer from 1 to 0
start transfer from 0 to 1
start transfer from 1 to 0
end transfer from 0 to 1
end transfer from 1 to 0
start transfer from 0 to 1
start transfer from 1 to 0
end transfer from 1 to 0
end transfer from 0 to 1
start transfer from 1 to 0
start transfer from 0 to 1
end transfer from 1 to 0
end transfer from 0 to 1
start transfer from 1 to 0
start transfer from 0 to 1
end transfer from 0 to 1
start transfer from 0 to 1
end transfer from 1 to 0
end transfer from 0 to 1
start transfer from 1 to 0
start transfer from 0 to 1
end transfer from 1 to 0
start transfer from 1 to 0
end transfer from 0 to 1
end transfer from 1 to 0
start transfer from 1 to 0
start transfer from 0 to 1
end transfer from 0 to 1
end transfer from 1 to 0
start transfer from 0 to 1
start transfer from 1 to 0
end transfer from 1 to 0
end transfer from 0 to 1
start transfer from 1 to 0
start transfer from 0 to 1
end transfer from 1 to 0
start transfer from 1 to 0
end transfer from 0 to 1
end transfer from 1 to 0
start transfer from 0 to 1
start transfer from 1 to 0
end transfer from 1 to 0
end transfer from 0 to 1
start transfer from 1 to 0
start transfer from 0 to 1
end transfer from 1 to 0
end transfer from 0 to 1
start transfer from 1 to 0
start transfer from 0 to 1
end transfer from 1 to 0
start transfer from 1 to 0
end transfer from 0 to 1
end transfer from 1 to 0
start transfer from 0 to 1
start transfer from 1 to 0
end transfer from 1 to 0
end transfer from 0 to 1
start transfer from 1 to 0
start transfer from 0 to 1
end transfer from 1 to 0
start transfer from 1 to 0
end transfer from 0 to 1
end transfer from 1 to 0
start transfer from 0 to 1
start transfer from 1 to 0
end transfer from 0 to 1
end transfer from 1 to 0
start transfer from 0 to 1
start transfer from 1 to 0
end transfer from 0 to 1
end transfer from 1 to 0
start transfer from 1 to 0
start transfer from 0 to 1
end transfer from 1 to 0
start transfer from 1 to 0
end transfer from 0 to 1
end transfer from 1 to 0
start transfer from 0 to 1
start transfer from 1 to 0
end transfer from 1 to 0
end transfer from 0 to 1
start transfer from 1 to 0
end transfer from 1 to 0
start transfer from 0 to 1
start transfer from 1 to 0
end transfer from 1 to 0
end transfer from 0 to 1
start transfer from 1 to 0
start transfer from 0 to 1
end transfer from 1 to 0
end transfer from 0 to 1
start transfer from 1 to 0
start transfer from 0 to 1
end transfer from 1 to 0
end transfer from 0 to 1
start transfer from 1 to 0
start transfer from 0 to 1
end transfer from 1 to 0
start transfer from 1 to 0
end transfer from 0 to 1
end transfer from 1 to 0
start transfer from 0 to 1
start transfer from 1 to 0
end transfer from 0 to 1
end transfer from 1 to 0
start transfer from 0 to 1
end transfer from 0 to 1
start transfer from 0 to 1
start transfer from 1 to 0
end transfer from 0 to 1
end transfer from 1 to 0
start transfer from 0 to 1
start transfer from 1 to 0
end transfer from 0 to 1
end transfer from 1 to 0
start transfer from 0 to 1
start transfer from 1 to 0
end transfer from 0 to 1
end transfer from 1 to 0
start transfer from 0 to 1
start transfer from 1 to 0
end transfer from 0 to 1
end transfer from 1 to 0
start transfer from 0 to 1
start transfer from 1 to 0
end transfer from 0 to 1
end transfer from 1 to 0
start transfer from 0 to 1
start transfer from 1 to 0
end transfer from 1 to 0
end transfer from 0 to 1
start transfer from 1 to 0
end transfer from 1 to 0
start transfer from 0 to 1
start transfer from 1 to 0
end transfer from 1 to 0
end transfer from 0 to 1
start transfer from 1 to 0
end transfer from 1 to 0
start transfer from 0 to 1
start transfer from 1 to 0
end transfer from 0 to 1
end transfer from 1 to 0
start transfer from 1 to 0
start transfer from 0 to 1
end transfer from 1 to 0
end transfer from 0 to 1
start transfer from 1 to 0
start transfer from 0 to 1
end transfer from 1 to 0
start transfer from 1 to 0
end transfer from 0 to 1
end transfer from 1 to 0
start transfer from 1 to 0
start transfer from 0 to 1
end transfer from 1 to 0
end transfer from 0 to 1
start transfer from 1 to 0
end transfer from 1 to 0
start transfer from 0 to 1
start transfer from 1 to 0
end transfer from 0 to 1
end transfer from 1 to 0
start transfer from 1 to 0
start transfer from 0 to 1
end transfer from 1 to 0
start transfer from 1 to 0
end transfer from 0 to 1
end transfer from 1 to 0
start transfer from 0 to 1
start transfer from 1 to 0
end transfer from 0 to 1
end transfer from 1 to 0
start transfer from 1 to 0
start transfer from 0 to 1
end transfer from 1 to 0
start transfer from 1 to 0
end transfer from 0 to 1
end transfer from 1 to 0
start transfer from 0 to 1
start transfer from 1 to 0
end transfer from 0 to 1
end transfer from 1 to 0
start transfer from 1 to 0
start transfer from 0 to 1
end transfer from 1 to 0
end transfer from 0 to 1
start transfer from 1 to 0
start transfer from 0 to 1
end transfer from 1 to 0
end transfer from 0 to 1
start transfer from 0 to 1
start transfer from 1 to 0
end transfer from 0 to 1
end transfer from 1 to 0
start transfer from 0 to 1
start transfer from 1 to 0
end transfer from 0 to 1
end transfer from 1 to 0
start transfer from 0 to 1
start transfer from 1 to 0
end transfer from 0 to 1
end transfer from 1 to 0
start transfer from 0 to 1
start transfer from 1 to 0
end transfer from 0 to 1
end transfer from 1 to 0
start transfer from 0 to 1
end transfer from 0 to 1
start transfer from 1 to 0
start transfer from 0 to 1
end transfer from 1 to 0
end transfer from 0 to 1
start transfer from 1 to 0
start transfer from 0 to 1
end transfer from 1 to 0
end transfer from 0 to 1
start transfer from 0 to 1
start transfer from 1 to 0
end transfer from 0 to 1
end transfer from 1 to 0
start transfer from 1 to 0
start transfer from 0 to 1
end transfer from 1 to 0
end transfer from 0 to 1
start transfer from 1 to 0
start transfer from 0 to 1
end transfer from 1 to 0
end transfer from 0 to 1
start transfer from 1 to 0
start transfer from 0 to 1
end transfer from 1 to 0
end transfer from 0 to 1
start transfer from 1 to 0
start transfer from 0 to 1
end transfer from 1 to 0
end transfer from 0 to 1
start transfer from 1 to 0
start transfer from 0 to 1
end transfer from 0 to 1
end transfer from 1 to 0
start transfer from 0 to 1
start transfer from 1 to 0
end transfer from 0 to 1
end transfer from 1 to 0
start transfer from 0 to 1
start transfer from 1 to 0
end transfer from 0 to 1
end transfer from 1 to 0
start transfer from 0 to 1
start transfer from 1 to 0
end transfer from 0 to 1
end transfer from 1 to 0
start transfer from 0 to 1
start transfer from 1 to 0
end transfer from 0 to 1
end transfer from 1 to 0
start transfer from 1 to 0
start transfer from 0 to 1
end transfer from 1 to 0
end transfer from 0 to 1
start transfer from 1 to 0
start transfer from 0 to 1
end transfer from 1 to 0
end transfer from 0 to 1
start transfer from 1 to 0
start transfer from 0 to 1
end transfer from 1 to 0
end transfer from 0 to 1
start transfer from 1 to 0
start transfer from 0 to 1
end transfer from 1 to 0
end transfer from 0 to 1
start transfer from 1 to 0
start transfer from 0 to 1
end transfer from 1 to 0
start transfer from 1 to 0
end transfer from 0 to 1
end transfer from 1 to 0
start transfer from 0 to 1
start transfer from 1 to 0
end transfer from 0 to 1
end transfer from 1 to 0
start transfer from 0 to 1
start transfer from 1 to 0
end transfer from 0 to 1
end transfer from 1 to 0
start transfer from 1 to 0
start transfer from 0 to 1
end transfer from 1 to 0
end transfer from 0 to 1
start transfer from 1 to 0
start transfer from 0 to 1
end transfer from 1 to 0
end transfer from 0 to 1
start transfer from 1 to 0
start transfer from 0 to 1
end transfer from 1 to 0
start transfer from 1 to 0
end transfer from 0 to 1
end transfer from 1 to 0
start transfer from 0 to 1
start transfer from 1 to 0
end transfer from 0 to 1
end transfer from 1 to 0
start transfer from 0 to 1
start transfer from 1 to 0
end transfer from 0 to 1
end transfer from 1 to 0
start transfer from 0 to 1
start transfer from 1 to 0
end transfer from 0 to 1
end transfer from 1 to 0
start transfer from 0 to 1
start transfer from 1 to 0
end transfer from 0 to 1
end transfer from 1 to 0
start transfer from 1 to 0
start transfer from 0 to 1
end transfer from 0 to 1
end transfer from 1 to 0
start transfer from 0 to 1
start transfer from 1 to 0
end transfer from 0 to 1
end transfer from 1 to 0
start transfer from 0 to 1
start transfer from 1 to 0
end transfer from 0 to 1
end transfer from 1 to 0
start transfer from 0 to 1
start transfer from 1 to 0
end transfer from 0 to 1
end transfer from 1 to 0
start transfer from 0 to 1
start transfer from 1 to 0
end transfer from 1 to 0
end transfer from 0 to 1
start transfer from 1 to 0
start transfer from 0 to 1
end transfer from 1 to 0
end transfer from 0 to 1
start transfer from 1 to 0
start transfer from 0 to 1
end transfer from 1 to 0
end transfer from 0 to 1
start transfer from 1 to 0
start transfer from 0 to 1
end transfer from 1 to 0
end transfer from 0 to 1
start transfer from 1 to 0
start transfer from 0 to 1
end transfer from 1 to 0
start transfer from 1 to 0
end transfer from 0 to 1
end transfer from 1 to 0
start transfer from 0 to 1
start transfer from 1 to 0
end transfer from 0 to 1
start transfer from 0 to 1
end transfer from 1 to 0
end transfer from 0 to 1
start transfer from 1 to 0
start transfer from 0 to 1
end transfer from 0 to 1
start transfer from 0 to 1
end transfer from 0 to 1
start transfer from 0 to 1
end transfer from 1 to 0
end transfer from 0 to 1
start transfer from 0 to 1
end transfer from 0 to 1
start transfer from 0 to 1
end transfer from 0 to 1
start transfer from 0 to 1
end transfer from 0 to 1
start transfer from 0 to 1
end transfer from 0 to 1
start transfer from 0 to 1
end transfer from 0 to 1
start transfer from 0 to 1
start transfer from 1 to 0
end transfer from 0 to 1
start transfer from 0 to 1
end transfer from 0 to 1
start transfer from 0 to 1
end transfer from 0 to 1
start transfer from 0 to 1
end transfer from 0 to 1
start transfer from 0 to 1
end transfer from 0 to 1
start transfer from 0 to 1
end transfer from 1 to 0
end transfer from 0 to 1
start transfer from 0 to 1
end transfer from 0 to 1
start transfer from 0 to 1
end transfer from 0 to 1
start transfer from 0 to 1
end transfer from 0 to 1
start transfer from 0 to 1
start transfer from 1 to 0
end transfer from 0 to 1
start transfer from 0 to 1
end transfer from 0 to 1
start transfer from 0 to 1
end transfer from 1 to 0
end transfer from 0 to 1
start transfer from 1 to 0
start transfer from 0 to 1
end transfer from 1 to 0
end transfer from 0 to 1
start transfer from 1 to 0
start transfer from 0 to 1
end transfer from 1 to 0
end transfer from 0 to 1
start transfer from 1 to 0
start transfer from 0 to 1
end transfer from 0 to 1
start transfer from 0 to 1
end transfer from 0 to 1
end transfer from 1 to 0
start transfer from 0 to 1
start transfer from 1 to 0
end transfer from 1 to 0
end transfer from 0 to 1
start transfer from 1 to 0
start transfer from 0 to 1
end transfer from 1 to 0
end transfer from 0 to 1
start transfer from 1 to 0
start transfer from 0 to 1
end transfer from 1 to 0
end transfer from 0 to 1
start transfer from 1 to 0
end transfer from 1 to 0
start transfer from 0 to 1
end transfer from 0 to 1
start transfer from 1 to 0
start transfer from 0 to 1
end transfer from 1 to 0
end transfer from 0 to 1
start transfer from 1 to 0
start transfer from 0 to 1
end transfer from 1 to 0
end transfer from 0 to 1
start transfer from 1 to 0
start transfer from 0 to 1
end transfer from 1 to 0
start transfer from 1 to 0
end transfer from 0 to 1
start transfer from 0 to 1
end transfer from 1 to 0
start transfer from 1 to 0
end transfer from 0 to 1
start transfer from 0 to 1
end transfer from 1 to 0
start transfer from 1 to 0
end transfer from 0 to 1
end transfer from 1 to 0
start transfer from 0 to 1
start transfer from 1 to 0
end transfer from 0 to 1
end transfer from 1 to 0
start transfer from 0 to 1
start transfer from 1 to 0
end transfer from 0 to 1
end transfer from 1 to 0
start transfer from 0 to 1
start transfer from 1 to 0
end transfer from 0 to 1
end transfer from 1 to 0
start transfer from 0 to 1
start transfer from 1 to 0
end transfer from 0 to 1
start transfer from 0 to 1
end transfer from 1 to 0
end transfer from 0 to 1
start transfer from 1 to 0
start transfer from 0 to 1
end transfer from 1 to 0
start transfer from 1 to 0
end transfer from 0 to 1
start transfer from 0 to 1
end transfer from 1 to 0
start transfer from 1 to 0
end transfer from 0 to 1
end transfer from 1 to 0
start transfer from 0 to 1
start transfer from 1 to 0
end transfer from 0 to 1
end transfer from 1 to 0
start transfer from 0 to 1
end transfer from 0 to 1
start transfer from 1 to 0
start transfer from 0 to 1
end transfer from 1 to 0
end transfer from 0 to 1
start transfer from 1 to 0
end transfer from 1 to 0
start transfer from 0 to 1
start transfer from 1 to 0
end transfer from 0 to 1
end transfer from 1 to 0
start transfer from 0 to 1
start transfer from 1 to 0
end transfer from 0 to 1
end transfer from 1 to 0
start transfer from 0 to 1
start transfer from 1 to 0
end transfer from 0 to 1
start transfer from 0 to 1
end transfer from 1 to 0
start transfer from 1 to 0
end transfer from 0 to 1
start transfer from 0 to 1
end transfer from 1 to 0
end transfer from 0 to 1
start transfer from 1 to 0
end transfer from 1 to 0
start transfer from 0 to 1
end transfer from 0 to 1
start transfer from 1 to 0
end transfer from 1 to 0
start transfer from 0 to 1
end transfer from 0 to 1
start transfer from 1 to 0
start transfer from 0 to 1
end transfer from 1 to 0
end transfer from 0 to 1
start transfer from 1 to 0
start transfer from 0 to 1
end transfer from 1 to 0
end transfer from 0 to 1
start transfer from 1 to 0
start transfer from 0 to 1
end transfer from 1 to 0
start transfer from 1 to 0
end transfer from 0 to 1
end transfer from 1 to 0
start transfer from 0 to 1
start transfer from 1 to 0
end transfer from 0 to 1
start transfer from 0 to 1
end transfer from 1 to 0
end transfer from 0 to 1
start transfer from 1 to 0
start transfer from 0 to 1
end transfer from 1 to 0
end transfer from 0 to 1
start transfer from 1 to 0
end transfer from 1 to 0
start transfer from 0 to 1
end transfer from 0 to 1
start transfer from 1 to 0
end transfer from 1 to 0
start transfer from 0 to 1
end transfer from 0 to 1
start transfer from 1 to 0
end transfer from 1 to 0
start transfer from 0 to 1
end transfer from 0 to 1
start transfer from 1 to 0
start transfer from 0 to 1
end transfer from 1 to 0
end transfer from 0 to 1
start transfer from 0 to 1
end transfer from 0 to 1
start transfer from 1 to 0
start transfer from 0 to 1
end transfer from 1 to 0
end transfer from 0 to 1
start transfer from 1 to 0
start transfer from 0 to 1
end transfer from 0 to 1
end transfer from 1 to 0
start transfer from 0 to 1
start transfer from 1 to 0
end transfer from 0 to 1
end transfer from 1 to 0
start transfer from 0 to 1
start transfer from 1 to 0
end transfer from 0 to 1
end transfer from 1 to 0
start transfer from 0 to 1
start transfer from 1 to 0
end transfer from 0 to 1
end transfer from 1 to 0
start transfer from 0 to 1
start transfer from 1 to 0
end transfer from 0 to 1
end transfer from 1 to 0
start transfer from 0 to 1
start transfer from 1 to 0
end transfer from 0 to 1
end transfer from 1 to 0
start transfer from 0 to 1
start transfer from 1 to 0
end transfer from 0 to 1
end transfer from 1 to 0
start transfer from 0 to 1
start transfer from 1 to 0
end transfer from 0 to 1
end transfer from 1 to 0
start transfer from 1 to 0
start transfer from 0 to 1
end transfer from 1 to 0
start transfer from 1 to 0
end transfer from 0 to 1
end transfer from 1 to 0
start transfer from 0 to 1
start transfer from 1 to 0
end transfer from 0 to 1
end transfer from 1 to 0
start transfer from 0 to 1
start transfer from 1 to 0
end transfer from 0 to 1
end transfer from 1 to 0
start transfer from 0 to 1
start transfer from 1 to 0
end transfer from 0 to 1
end transfer from 1 to 0
start transfer from 0 to 1
start transfer from 1 to 0
end transfer from 0 to 1
start transfer from 0 to 1
end transfer from 1 to 0
end transfer from 0 to 1
start transfer from 1 to 0
start transfer from 0 to 1
end transfer from 1 to 0
end transfer from 0 to 1
start transfer from 1 to 0
start transfer from 0 to 1
end transfer from 1 to 0
end transfer from 0 to 1
start transfer from 1 to 0
start transfer from 0 to 1
end transfer from 1 to 0
end transfer from 0 to 1
start transfer from 1 to 0
start transfer from 0 to 1
end transfer from 1 to 0
end transfer from 0 to 1
start transfer from 1 to 0
start transfer from 0 to 1
end transfer from 1 to 0
end transfer from 0 to 1
start transfer from 0 to 1
start transfer from 1 to 0
end transfer from 0 to 1
end transfer from 1 to 0
start transfer from 0 to 1
start transfer from 1 to 0
end transfer from 0 to 1
end transfer from 1 to 0
start transfer from 0 to 1
start transfer from 1 to 0
end transfer from 0 to 1
end transfer from 1 to 0
start transfer from 0 to 1
start transfer from 1 to 0
end transfer from 0 to 1
end transfer from 1 to 0
start transfer from 0 to 1
start transfer from 1 to 0
end transfer from 0 to 1
start transfer from 0 to 1
end transfer from 1 to 0
end transfer from 0 to 1
start transfer from 1 to 0
start transfer from 0 to 1
end transfer from 1 to 0
end transfer from 0 to 1
start transfer from 0 to 1
start transfer from 1 to 0
end transfer from 1 to 0
end transfer from 0 to 1
start transfer from 1 to 0
start transfer from 0 to 1
end transfer from 1 to 0
end transfer from 0 to 1
start transfer from 0 to 1
start transfer from 1 to 0
end transfer from 0 to 1
end transfer from 1 to 0
start transfer from 0 to 1
start transfer from 1 to 0
end transfer from 0 to 1
end transfer from 1 to 0
start transfer from 0 to 1
start transfer from 1 to 0
end transfer from 0 to 1
end transfer from 1 to 0
start transfer from 0 to 1
start transfer from 1 to 0
end transfer from 0 to 1
end transfer from 1 to 0
start transfer from 0 to 1
start transfer from 1 to 0
end transfer from 0 to 1
end transfer from 1 to 0
start transfer from 0 to 1
start transfer from 1 to 0
end transfer from 0 to 1
end transfer from 1 to 0
start transfer from 0 to 1
start transfer from 1 to 0
end transfer from 0 to 1
start transfer from 0 to 1
end transfer from 1 to 0
end transfer from 0 to 1
start transfer from 1 to 0
start transfer from 0 to 1
end transfer from 0 to 1
end transfer from 1 to 0
start transfer from 0 to 1
start transfer from 1 to 0
end transfer from 0 to 1
end transfer from 1 to 0
start transfer from 0 to 1
start transfer from 1 to 0
end transfer from 0 to 1
end transfer from 1 to 0
start transfer from 0 to 1
start transfer from 1 to 0
end transfer from 0 to 1
end transfer from 1 to 0
start transfer from 0 to 1
start transfer from 1 to 0
end transfer from 0 to 1
start transfer from 0 to 1
end transfer from 1 to 0
end transfer from 0 to 1
start transfer from 1 to 0
start transfer from 0 to 1
end transfer from 1 to 0
end transfer from 0 to 1
start transfer from 1 to 0
end transfer from 1 to 0
start transfer from 0 to 1
start transfer from 1 to 0
end transfer from 1 to 0
end transfer from 0 to 1
start transfer from 1 to 0
start transfer from 0 to 1
end transfer from 1 to 0
end transfer from 0 to 1
start transfer from 1 to 0
start transfer from 0 to 1
end transfer from 1 to 0
end transfer from 0 to 1
start transfer from 1 to 0
start transfer from 0 to 1
end transfer from 1 to 0
end transfer from 0 to 1
start transfer from 1 to 0
start transfer from 0 to 1
end transfer from 1 to 0
end transfer from 0 to 1
start transfer from 1 to 0
start transfer from 0 to 1
end transfer from 1 to 0
end transfer from 0 to 1
start transfer from 1 to 0
start transfer from 0 to 1
end transfer from 1 to 0
end transfer from 0 to 1
start transfer from 1 to 0
start transfer from 0 to 1
end transfer from 1 to 0
end transfer from 0 to 1
start transfer from 1 to 0
start transfer from 0 to 1
end transfer from 1 to 0
end transfer from 0 to 1
start transfer from 1 to 0
start transfer from 0 to 1
end transfer from 1 to 0
end transfer from 0 to 1
start transfer from 1 to 0
start transfer from 0 to 1
end transfer from 1 to 0
start transfer from 1 to 0
end transfer from 0 to 1
end transfer from 1 to 0
start transfer from 1 to 0
start transfer from 0 to 1
end transfer from 1 to 0
start transfer from 1 to 0
end transfer from 0 to 1
end transfer from 1 to 0
start transfer from 0 to 1
start transfer from 1 to 0
end transfer from 0 to 1
end transfer from 1 to 0
start transfer from 0 to 1
start transfer from 1 to 0
end transfer from 0 to 1
end transfer from 1 to 0
start transfer from 0 to 1
start transfer from 1 to 0
end transfer from 0 to 1
end transfer from 1 to 0
start transfer from 0 to 1
start transfer from 1 to 0
end transfer from 0 to 1
end transfer from 1 to 0
start transfer from 0 to 1
start transfer from 1 to 0
end transfer from 0 to 1
end transfer from 1 to 0
start transfer from 0 to 1
start transfer from 1 to 0
end transfer from 0 to 1
end transfer from 1 to 0
start transfer from 0 to 1
start transfer from 1 to 0
end transfer from 0 to 1
end transfer from 1 to 0
start transfer from 0 to 1
start transfer from 1 to 0
end transfer from 0 to 1
end transfer from 1 to 0
start transfer from 0 to 1
start transfer from 1 to 0
end transfer from 0 to 1
end transfer from 1 to 0
start transfer from 0 to 1
start transfer from 1 to 0
end transfer from 0 to 1
end transfer from 1 to 0
start transfer from 0 to 1
start transfer from 1 to 0
end transfer from 0 to 1
end transfer from 1 to 0
start transfer from 0 to 1
start transfer from 1 to 0
end transfer from 0 to 1
end transfer from 1 to 0
start transfer from 0 to 1
start transfer from 1 to 0
end transfer from 0 to 1
end transfer from 1 to 0
start transfer from 0 to 1
start transfer from 1 to 0
end transfer from 1 to 0
end transfer from 0 to 1
start transfer from 0 to 1
start transfer from 1 to 0
end transfer from 0 to 1
end transfer from 1 to 0
start transfer from 1 to 0
start transfer from 0 to 1
end transfer from 0 to 1
end transfer from 1 to 0
start transfer from 0 to 1
start transfer from 1 to 0
end transfer from 1 to 0
end transfer from 0 to 1
start transfer from 0 to 1
start transfer from 1 to 0
end transfer from 0 to 1
end transfer from 1 to 0
start transfer from 0 to 1
start transfer from 1 to 0
end transfer from 0 to 1
end transfer from 1 to 0
start transfer from 0 to 1
start transfer from 1 to 0
end transfer from 0 to 1
end transfer from 1 to 0
start transfer from 1 to 0
start transfer from 0 to 1
end transfer from 1 to 0
end transfer from 0 to 1
start transfer from 1 to 0
start transfer from 0 to 1
end transfer from 1 to 0
end transfer from 0 to 1
start transfer from 1 to 0
start transfer from 0 to 1
end transfer from 1 to 0
end transfer from 0 to 1
start transfer from 0 to 1
start transfer from 1 to 0
end transfer from 0 to 1
end transfer from 1 to 0
start transfer from 0 to 1
start transfer from 1 to 0
end transfer from 0 to 1
start transfer from 0 to 1
end transfer from 1 to 0
end transfer from 0 to 1
start transfer from 1 to 0
start transfer from 0 to 1
end transfer from 1 to 0
end transfer from 0 to 1
start transfer from 0 to 1
start transfer from 1 to 0
end transfer from 0 to 1
end transfer from 1 to 0
start transfer from 0 to 1
start transfer from 1 to 0
end transfer from 0 to 1
end transfer from 1 to 0
start transfer from 0 to 1
end transfer from 0 to 1
start transfer from 1 to 0
start transfer from 0 to 1
end transfer from 1 to 0
end transfer from 0 to 1
start transfer from 1 to 0
start transfer from 0 to 1
end transfer from 1 to 0
end transfer from 0 to 1
start transfer from 1 to 0
start transfer from 0 to 1
end transfer from 1 to 0
end transfer from 0 to 1
start transfer from 1 to 0
start transfer from 0 to 1
end transfer from 1 to 0
end transfer from 0 to 1
start transfer from 1 to 0
start transfer from 0 to 1
end transfer from 1 to 0
end transfer from 0 to 1
start transfer from 1 to 0
start transfer from 0 to 1
end transfer from 1 to 0
end transfer from 0 to 1
start transfer from 1 to 0
start transfer from 0 to 1
end transfer from 1 to 0
end transfer from 0 to 1
start transfer from 1 to 0
start transfer from 0 to 1
end transfer from 1 to 0
end transfer from 0 to 1
start transfer from 0 to 1
start transfer from 1 to 0
end transfer from 0 to 1
end transfer from 1 to 0
start transfer from 0 to 1
start transfer from 1 to 0
end transfer from 0 to 1
end transfer from 1 to 0
start transfer from 0 to 1
start transfer from 1 to 0
end transfer from 1 to 0
end transfer from 0 to 1
start transfer from 1 to 0
end transfer from 1 to 0
start transfer from 0 to 1
start transfer from 1 to 0
end transfer from 0 to 1
end transfer from 1 to 0
start transfer from 0 to 1
start transfer from 1 to 0
end transfer from 0 to 1
start transfer from 0 to 1
end transfer from 1 to 0
end transfer from 0 to 1
start transfer from 0 to 1
start transfer from 1 to 0
end transfer from 0 to 1
end transfer from 1 to 0
start transfer from 0 to 1
start transfer from 1 to 0
end transfer from 1 to 0
end transfer from 0 to 1
start transfer from 1 to 0
start transfer from 0 to 1
end transfer from 1 to 0
start transfer from 1 to 0
end transfer from 0 to 1
end transfer from 1 to 0
start transfer from 1 to 0
start transfer from 0 to 1
end transfer from 0 to 1
end transfer from 1 to 0
start transfer from 0 to 1
start transfer from 1 to 0
end transfer from 0 to 1
end transfer from 1 to 0
start transfer from 1 to 0
start transfer from 0 to 1
end transfer from 1 to 0
end transfer from 0 to 1
start transfer from 1 to 0
start transfer from 0 to 1
end transfer from 1 to 0
end transfer from 0 to 1
start transfer from 0 to 1
start transfer from 1 to 0
end transfer from 0 to 1
end transfer from 1 to 0
start transfer from 0 to 1
start transfer from 1 to 0
end transfer from 1 to 0
end transfer from 0 to 1
start transfer from 1 to 0
start transfer from 0 to 1
end transfer from 1 to 0
start transfer from 1 to 0
end transfer from 0 to 1
end transfer from 1 to 0
start transfer from 0 to 1
start transfer from 1 to 0
end transfer from 0 to 1
end transfer from 1 to 0
start transfer from 0 to 1
start transfer from 1 to 0
end transfer from 0 to 1
end transfer from 1 to 0
start transfer from 0 to 1
start transfer from 1 to 0
end transfer from 0 to 1
end transfer from 1 to 0
start transfer from 0 to 1
start transfer from 1 to 0
end transfer from 0 to 1
end transfer from 1 to 0
start transfer from 0 to 1
start transfer from 1 to 0
end transfer from 0 to 1
start transfer from 0 to 1
end transfer from 1 to 0
end transfer from 0 to 1
start transfer from 0 to 1
start transfer from 1 to 0
end transfer from 1 to 0
start transfer from 1 to 0
end transfer from 0 to 1
end transfer from 1 to 0
start transfer from 0 to 1
start transfer from 1 to 0
end transfer from 0 to 1
end transfer from 1 to 0
start transfer from 0 to 1
start transfer from 1 to 0
end transfer from 0 to 1
end transfer from 1 to 0
start transfer from 0 to 1
end transfer from 0 to 1
start transfer from 0 to 1
start transfer from 1 to 0
end transfer from 0 to 1
end transfer from 1 to 0
start transfer from 0 to 1
start transfer from 1 to 0
end transfer from 0 to 1
end transfer from 1 to 0
start transfer from 0 to 1
start transfer from 1 to 0
end transfer from 0 to 1
start transfer from 0 to 1
end transfer from 1 to 0
start transfer from 1 to 0
end transfer from 0 to 1
start transfer from 0 to 1
end transfer from 1 to 0
start transfer from 1 to 0
end transfer from 1 to 0
start transfer from 1 to 0
end transfer from 1 to 0
start transfer from 1 to 0
end transfer from 1 to 0
start transfer from 1 to 0
end transfer from 1 to 0
start transfer from 1 to 0
end transfer from 1 to 0
start transfer from 1 to 0
end transfer from 1 to 0
start transfer from 1 to 0
end transfer from 1 to 0
start transfer from 1 to 0
end transfer from 1 to 0
start transfer from 1 to 0
end transfer from 1 to 0
start transfer from 1 to 0
end transfer from 1 to 0
start transfer from 1 to 0
end transfer from 1 to 0
start transfer from 1 to 0
end transfer from 1 to 0
start transfer from 1 to 0
end transfer from 1 to 0
start transfer from 1 to 0
end transfer from 1 to 0
start transfer from 1 to 0
end transfer from 1 to 0
start transfer from 1 to 0
end transfer from 1 to 0
start transfer from 1 to 0
end transfer from 1 to 0
start transfer from 1 to 0
end transfer from 1 to 0
start transfer from 1 to 0
end transfer from 1 to 0
start transfer from 1 to 0
end transfer from 1 to 0
start transfer from 1 to 0
end transfer from 1 to 0
start transfer from 1 to 0
end transfer from 1 to 0
start transfer from 1 to 0
end transfer from 1 to 0
start transfer from 1 to 0
end transfer from 1 to 0
start transfer from 1 to 0
end transfer from 1 to 0
start transfer from 1 to 0
end transfer from 1 to 0
start transfer from 1 to 0
end transfer from 1 to 0
start transfer from 1 to 0
end transfer from 1 to 0
start transfer from 1 to 0
end transfer from 1 to 0
start transfer from 1 to 0
end transfer from 0 to 1
end transfer from 1 to 0
start transfer from 1 to 0
start transfer from 0 to 1
end transfer from 0 to 1
end transfer from 1 to 0
start transfer from 1 to 0
start transfer from 0 to 1
end transfer from 1 to 0
end transfer from 0 to 1
start transfer from 1 to 0
start transfer from 0 to 1
end transfer from 1 to 0
end transfer from 0 to 1
start transfer from 1 to 0
start transfer from 0 to 1
end transfer from 1 to 0
end transfer from 0 to 1
start transfer from 0 to 1
start transfer from 1 to 0
end transfer from 0 to 1
start transfer from 0 to 1
end transfer from 0 to 1
end transfer from 1 to 0
start transfer from 0 to 1
start transfer from 1 to 0
end transfer from 0 to 1
end transfer from 1 to 0
start transfer from 0 to 1
start transfer from 1 to 0
end transfer from 0 to 1
end transfer from 1 to 0
start transfer from 0 to 1
start transfer from 1 to 0
end transfer from 0 to 1
end transfer from 1 to 0
start transfer from 0 to 1
start transfer from 1 to 0
end transfer from 0 to 1
end transfer from 1 to 0
start transfer from 0 to 1
start transfer from 1 to 0
end transfer from 0 to 1
end transfer from 1 to 0
start transfer from 0 to 1
start transfer from 1 to 0
end transfer from 0 to 1
end transfer from 1 to 0
start transfer from 0 to 1
start transfer from 1 to 0
end transfer from 0 to 1
end transfer from 1 to 0
start transfer from 0 to 1
start transfer from 1 to 0
end transfer from 0 to 1
end transfer from 1 to 0
start transfer from 0 to 1
start transfer from 1 to 0
end transfer from 0 to 1
start transfer from 0 to 1
end transfer from 0 to 1
end transfer from 1 to 0
start transfer from 0 to 1
start transfer from 1 to 0
end transfer from 0 to 1
end transfer from 1 to 0
start transfer from 0 to 1
start transfer from 1 to 0
end transfer from 0 to 1
end transfer from 1 to 0
start transfer from 0 to 1
start transfer from 1 to 0
end transfer from 0 to 1
end transfer from 1 to 0
start transfer from 0 to 1
start transfer from 1 to 0
end transfer from 0 to 1
end transfer from 1 to 0
start transfer from 0 to 1
start transfer from 1 to 0
end transfer from 0 to 1
start transfer from 0 to 1
end transfer from 1 to 0
end transfer from 0 to 1
start transfer from 1 to 0
start transfer from 0 to 1
end transfer from 1 to 0
start transfer from 1 to 0
end transfer from 0 to 1
end transfer from 1 to 0
start transfer from 1 to 0
start transfer from 0 to 1
end transfer from 1 to 0
start transfer from 1 to 0
end transfer from 1 to 0
end transfer from 0 to 1
start transfer from 1 to 0
end transfer from 1 to 0
start transfer from 0 to 1
start transfer from 1 to 0
end transfer from 0 to 1
end transfer from 1 to 0
start transfer from 1 to 0
start transfer from 0 to 1
end transfer from 1 to 0
end transfer from 0 to 1
start transfer from 1 to 0
start transfer from 0 to 1
end transfer from 1 to 0
start transfer from 1 to 0
end transfer from 0 to 1
end transfer from 1 to 0
start transfer from 0 to 1
start transfer from 1 to 0
end transfer from 0 to 1
end transfer from 1 to 0
start transfer from 1 to 0
start transfer from 0 to 1
end transfer from 1 to 0
end transfer from 0 to 1
start transfer from 1 to 0
end transfer from 1 to 0
start transfer from 0 to 1
start transfer from 1 to 0
end transfer from 1 to 0
end transfer from 0 to 1
start transfer from 1 to 0
start transfer from 0 to 1
end transfer from 1 to 0
end transfer from 0 to 1
start transfer from 1 to 0
start transfer from 0 to 1
end transfer from 1 to 0
end transfer from 0 to 1
start transfer from 1 to 0
start transfer from 0 to 1
end transfer from 0 to 1
end transfer from 1 to 0
start transfer from 0 to 1
start transfer from 1 to 0
end transfer from 0 to 1
start transfer from 0 to 1
end transfer from 1 to 0
start transfer from 1 to 0
end transfer from 0 to 1
end transfer from 1 to 0
start transfer from 0 to 1
start transfer from 1 to 0
end transfer from 0 to 1
start transfer from 0 to 1
end transfer from 0 to 1
end transfer from 1 to 0
start transfer from 0 to 1
end transfer from 0 to 1
start transfer from 1 to 0
start transfer from 0 to 1
end transfer from 1 to 0
end transfer from 0 to 1
start transfer from 1 to 0
start transfer from 0 to 1
end transfer from 1 to 0
end transfer from 0 to 1
start transfer from 1 to 0
start transfer from 0 to 1
end transfer from 1 to 0
start transfer from 1 to 0
end transfer from 0 to 1
end transfer from 1 to 0
start transfer from 0 to 1
end transfer from 0 to 1
start transfer from 1 to 0
start transfer from 0 to 1
end transfer from 0 to 1
end transfer from 1 to 0
start transfer from 0 to 1
start transfer from 1 to 0
end transfer from 0 to 1
end transfer from 1 to 0
start transfer from 0 to 1
end transfer from 0 to 1
start transfer from 1 to 0
start transfer from 0 to 1
end transfer from 1 to 0
end transfer from 0 to 1
start transfer from 1 to 0
start transfer from 0 to 1
end transfer from 1 to 0
end transfer from 0 to 1
start transfer from 0 to 1
start transfer from 1 to 0
end transfer from 0 to 1
start transfer from 0 to 1
end transfer from 1 to 0
end transfer from 0 to 1
start transfer from 0 to 1
start transfer from 1 to 0
end transfer from 0 to 1
end transfer from 1 to 0
start transfer from 0 to 1
end transfer from 0 to 1
start transfer from 1 to 0
start transfer from 0 to 1
end transfer from 1 to 0
end transfer from 0 to 1
start transfer from 0 to 1
start transfer from 1 to 0
end transfer from 0 to 1
start transfer from 0 to 1
end transfer from 1 to 0
end transfer from 0 to 1
start transfer from 0 to 1
start transfer from 1 to 0
end transfer from 0 to 1
start transfer from 0 to 1
end transfer from 1 to 0
end transfer from 0 to 1
start transfer from 1 to 0
start transfer from 0 to 1
end transfer from 1 to 0
end transfer from 0 to 1
start transfer from 0 to 1
end transfer from 0 to 1
start transfer from 0 to 1
start transfer from 1 to 0
end transfer from 0 to 1
end transfer from 1 to 0
start transfer from 0 to 1
end transfer from 0 to 1
start transfer from 0 to 1
start transfer from 1 to 0
end transfer from 0 to 1
start transfer from 0 to 1
end transfer from 0 to 1
end transfer from 1 to 0
start transfer from 0 to 1
end transfer from 0 to 1
start transfer from 1 to 0
start transfer from 0 to 1
end transfer from 0 to 1
end transfer from 1 to 0
start transfer from 0 to 1
end transfer from 0 to 1
start transfer from 1 to 0
start transfer from 0 to 1
end transfer from 1 to 0
end transfer from 0 to 1
start transfer from 0 to 1
start transfer from 1 to 0
end transfer from 0 to 1
start transfer from 0 to 1
end transfer from 1 to 0
end transfer from 0 to 1
start transfer from 1 to 0
start transfer from 0 to 1
end transfer from 0 to 1
end transfer from 1 to 0
start transfer from 0 to 1
start transfer from 1 to 0
end transfer from 0 to 1
end transfer from 1 to 0
start transfer from 0 to 1
end transfer from 0 to 1
start transfer from 0 to 1
start transfer from 1 to 0
end transfer from 0 to 1
start transfer from 0 to 1
end transfer from 1 to 0
start transfer from 1 to 0
end transfer from 0 to 1
end transfer from 1 to 0
start transfer from 1 to 0
start transfer from 0 to 1
end transfer from 1 to 0
end transfer from 0 to 1
start transfer from 1 to 0
end transfer from 1 to 0
start transfer from 0 to 1
start transfer from 1 to 0
end transfer from 0 to 1
end transfer from 1 to 0
start transfer from 0 to 1
start transfer from 1 to 0
end transfer from 0 to 1
start transfer from 0 to 1
end transfer from 1 to 0
end transfer from 0 to 1
start transfer from 1 to 0
start transfer from 0 to 1
end transfer from 1 to 0
end transfer from 0 to 1
start transfer from 1 to 0
start transfer from 0 to 1
end transfer from 1 to 0
end transfer from 0 to 1
start transfer from 1 to 0
start transfer from 0 to 1
end transfer from 1 to 0
end transfer from 0 to 1
start transfer from 0 to 1
start transfer from 1 to 0
end transfer from 0 to 1
end transfer from 1 to 0
start transfer from 0 to 1
end transfer from 0 to 1
start transfer from 1 to 0
start transfer from 0 to 1
end transfer from 1 to 0
end transfer from 0 to 1
start transfer from 0 to 1
start transfer from 1 to 0
end transfer from 0 to 1
end transfer from 1 to 0
start transfer from 0 to 1
end transfer from 0 to 1
start transfer from 1 to 0
start transfer from 0 to 1
end transfer from 1 to 0
end transfer from 0 to 1
start transfer from 1 to 0
start transfer from 0 to 1
end transfer from 1 to 0
end transfer from 0 to 1
start transfer from 0 to 1
start transfer from 1 to 0
end transfer from 0 to 1
start transfer from 0 to 1
end transfer from 1 to 0
end transfer from 0 to 1
start transfer from 1 to 0
start transfer from 0 to 1
end transfer from 0 to 1
end transfer from 1 to 0
start transfer from 0 to 1
end transfer from 0 to 1
start transfer from 1 to 0
start transfer from 0 to 1
end transfer from 1 to 0
end transfer from 0 to 1
start transfer from 0 to 1
start transfer from 1 to 0
end transfer from 1 to 0
end transfer from 0 to 1
start transfer from 1 to 0
start transfer from 0 to 1
end transfer from 0 to 1
end transfer from 1 to 0
start transfer from 0 to 1
start transfer from 1 to 0
end transfer from 0 to 1
start transfer from 0 to 1
end transfer from 1 to 0
end transfer from 0 to 1
start transfer from 0 to 1
start transfer from 1 to 0
end transfer from 0 to 1
start transfer from 0 to 1
end transfer from 1 to 0
end transfer from 0 to 1
start transfer from 1 to 0
start transfer from 0 to 1
end transfer from 1 to 0
end transfer from 0 to 1
start transfer from 1 to 0
start transfer from 0 to 1
end transfer from 0 to 1
end transfer from 1 to 0
start transfer from 0 to 1
end transfer from 0 to 1
start transfer from 1 to 0
start transfer from 0 to 1
end transfer from 1 to 0
end transfer from 0 to 1
start transfer from 0 to 1
end transfer from 0 to 1
start transfer from 1 to 0
start transfer from 0 to 1
end transfer from 1 to 0
end transfer from 0 to 1
start transfer from 0 to 1
start transfer from 1 to 0
end transfer from 0 to 1
end transfer from 1 to 0
start transfer from 0 to 1
end transfer from 0 to 1
start transfer from 1 to 0
start transfer from 0 to 1
end transfer from 0 to 1
end transfer from 1 to 0
start transfer from 0 to 1
start transfer from 1 to 0
end transfer from 0 to 1
start transfer from 0 to 1
end transfer from 1 to 0
end transfer from 0 to 1
start transfer from 1 to 0
start transfer from 0 to 1
end transfer from 1 to 0
end transfer from 0 to 1
start transfer from 1 to 0
start transfer from 0 to 1
end transfer from 0 to 1
end transfer from 1 to 0
start transfer from 0 to 1
start transfer from 1 to 0
end transfer from 0 to 1
start transfer from 0 to 1
end transfer from 1 to 0
end transfer from 0 to 1
start transfer from 0 to 1
start transfer from 1 to 0
end transfer from 0 to 1
end transfer from 1 to 0
start transfer from 0 to 1
start transfer from 1 to 0
end transfer from 1 to 0
end transfer from 0 to 1
start transfer from 1 to 0
start transfer from 0 to 1
end transfer from 1 to 0
end transfer from 0 to 1
start transfer from 1 to 0
start transfer from 0 to 1
end transfer from 0 to 1
end transfer from 1 to 0
start transfer from 0 to 1
start transfer from 1 to 0
end transfer from 0 to 1
end transfer from 1 to 0
start transfer from 0 to 1
start transfer from 1 to 0
end transfer from 0 to 1
end transfer from 1 to 0
start transfer from 0 to 1
end transfer from 0 to 1
start transfer from 1 to 0
start transfer from 0 to 1
end transfer from 1 to 0
end transfer from 0 to 1
start transfer from 0 to 1
start transfer from 1 to 0
end transfer from 0 to 1
end transfer from 1 to 0
start transfer from 0 to 1
end transfer from 0 to 1
start transfer from 1 to 0
start transfer from 0 to 1
end transfer from 1 to 0
end transfer from 0 to 1
start transfer from 0 to 1
start transfer from 1 to 0
end transfer from 0 to 1
end transfer from 1 to 0
start transfer from 0 to 1
start transfer from 1 to 0
end transfer from 0 to 1
end transfer from 1 to 0
start transfer from 0 to 1
start transfer from 1 to 0
end transfer from 0 to 1
end transfer from 1 to 0
start transfer from 0 to 1
end transfer from 0 to 1
start transfer from 1 to 0
start transfer from 0 to 1
end transfer from 1 to 0
end transfer from 0 to 1
start transfer from 0 to 1
start transfer from 1 to 0
end transfer from 0 to 1
start transfer from 0 to 1
end transfer from 1 to 0
end transfer from 0 to 1
start transfer from 1 to 0
start transfer from 0 to 1
end transfer from 1 to 0
end transfer from 0 to 1
start transfer from 1 to 0
start transfer from 0 to 1
end transfer from 1 to 0
end transfer from 0 to 1
start transfer from 1 to 0
start transfer from 0 to 1
end transfer from 1 to 0
end transfer from 0 to 1
start transfer from 1 to 0
start transfer from 0 to 1
end transfer from 1 to 0
end transfer from 0 to 1
start transfer from 0 to 1
start transfer from 1 to 0
end transfer from 0 to 1
start transfer from 0 to 1
end transfer from 1 to 0
end transfer from 0 to 1
start transfer from 1 to 0
start transfer from 0 to 1
end transfer from 1 to 0
end transfer from 0 to 1
start transfer from 1 to 0
start transfer from 0 to 1
end transfer from 1 to 0
end transfer from 0 to 1
start transfer from 1 to 0
start transfer from 0 to 1
end transfer from 1 to 0
end transfer from 0 to 1
start transfer from 0 to 1
start transfer from 1 to 0
end transfer from 0 to 1
end transfer from 1 to 0
start transfer from 0 to 1
start transfer from 1 to 0
end transfer from 0 to 1
end transfer from 1 to 0
start transfer from 0 to 1
end transfer from 0 to 1
start transfer from 1 to 0
start transfer from 0 to 1
end transfer from 1 to 0
end transfer from 0 to 1
start transfer from 1 to 0
start transfer from 0 to 1
end transfer from 0 to 1
end transfer from 1 to 0
start transfer from 0 to 1
start transfer from 1 to 0
end transfer from 0 to 1
start transfer from 0 to 1
end transfer from 0 to 1
end transfer from 1 to 0
start transfer from 0 to 1
end transfer from 0 to 1
start transfer from 1 to 0
start transfer from 0 to 1
end transfer from 1 to 0
end transfer from 0 to 1
start transfer from 1 to 0
start transfer from 0 to 1
end transfer from 0 to 1
end transfer from 1 to 0
start transfer from 0 to 1
start transfer from 1 to 0
end transfer from 0 to 1
start transfer from 0 to 1
end transfer from 1 to 0
end transfer from 0 to 1
start transfer from 1 to 0
start transfer from 0 to 1
end transfer from 1 to 0
end transfer from 0 to 1
start transfer from 1 to 0
start transfer from 0 to 1
end transfer from 1 to 0
end transfer from 0 to 1
start transfer from 1 to 0
start transfer from 0 to 1
end transfer from 1 to 0
end transfer from 0 to 1
start transfer from 1 to 0
end transfer from 1 to 0
start transfer from 0 to 1
start transfer from 1 to 0
end transfer from 0 to 1
end transfer from 1 to 0
start transfer from 0 to 1
start transfer from 1 to 0
end transfer from 0 to 1
end transfer from 1 to 0
start transfer from 0 to 1
start transfer from 1 to 0
end transfer from 0 to 1
end transfer from 1 to 0
start transfer from 0 to 1
end transfer from 0 to 1
start transfer from 1 to 0
start transfer from 0 to 1
end transfer from 1 to 0
end transfer from 0 to 1
start transfer from 0 to 1
start transfer from 1 to 0
end transfer from 0 to 1
end transfer from 1 to 0
start transfer from 0 to 1
end transfer from 0 to 1
start transfer from 1 to 0
start transfer from 0 to 1
end transfer from 1 to 0
end transfer from 0 to 1
start transfer from 1 to 0
start transfer from 0 to 1
end transfer from 0 to 1
end transfer from 1 to 0
start transfer from 0 to 1
start transfer from 1 to 0
end transfer from 0 to 1
start transfer from 0 to 1
end transfer from 1 to 0
end transfer from 0 to 1
start transfer from 1 to 0
start transfer from 0 to 1
end transfer from 1 to 0
end transfer from 0 to 1
start transfer from 0 to 1
start transfer from 1 to 0
end transfer from 0 to 1
end transfer from 1 to 0
start transfer from 0 to 1
start transfer from 1 to 0
end transfer from 0 to 1
end transfer from 1 to 0
start transfer from 0 to 1
end transfer from 0 to 1
start transfer from 1 to 0
start transfer from 0 to 1
end transfer from 1 to 0
end transfer from 0 to 1
start transfer from 0 to 1
start transfer from 1 to 0
end transfer from 0 to 1
end transfer from 1 to 0
start transfer from 0 to 1
start transfer from 1 to 0
end transfer from 0 to 1
end transfer from 1 to 0
start transfer from 0 to 1
start transfer from 1 to 0
end transfer from 0 to 1
end transfer from 1 to 0
start transfer from 0 to 1
start transfer from 1 to 0
end transfer from 0 to 1
end transfer from 1 to 0
start transfer from 0 to 1
start transfer from 1 to 0
end transfer from 0 to 1
end transfer from 1 to 0
start transfer from 0 to 1
start transfer from 1 to 0
end transfer from 0 to 1
end transfer from 1 to 0
start transfer from 0 to 1
end transfer from 0 to 1
start transfer from 1 to 0
start transfer from 0 to 1
end transfer from 1 to 0
end transfer from 0 to 1
start transfer from 0 to 1
start transfer from 1 to 0
end transfer from 0 to 1
start transfer from 0 to 1
end transfer from 1 to 0
end transfer from 0 to 1
start transfer from 1 to 0
start transfer from 0 to 1
end transfer from 1 to 0
end transfer from 0 to 1
start transfer from 0 to 1
start transfer from 1 to 0
end transfer from 0 to 1
start transfer from 0 to 1
end transfer from 1 to 0
end transfer from 0 to 1
start transfer from 1 to 0
start transfer from 0 to 1
end transfer from 0 to 1
end transfer from 1 to 0
start transfer from 0 to 1
end transfer from 0 to 1
start transfer from 1 to 0
start transfer from 0 to 1
end transfer from 1 to 0
end transfer from 0 to 1
start transfer from 1 to 0
start transfer from 0 to 1
end transfer from 1 to 0
end transfer from 0 to 1
start transfer from 1 to 0
start transfer from 0 to 1
end transfer from 1 to 0
end transfer from 0 to 1
start transfer from 1 to 0
start transfer from 0 to 1
end transfer from 1 to 0
end transfer from 0 to 1
start transfer from 1 to 0
start transfer from 0 to 1
end transfer from 1 to 0
end transfer from 0 to 1
start transfer from 1 to 0
start transfer from 0 to 1
end transfer from 0 to 1
end transfer from 1 to 0
start transfer from 0 to 1
end transfer from 0 to 1
start transfer from 0 to 1
start transfer from 1 to 0
end transfer from 0 to 1
end transfer from 1 to 0
start transfer from 0 to 1
end transfer from 0 to 1
start transfer from 1 to 0
start transfer from 0 to 1
end transfer from 0 to 1
end transfer from 1 to 0
start transfer from 0 to 1
start transfer from 1 to 0
end transfer from 0 to 1
end transfer from 1 to 0
start transfer from 0 to 1
start transfer from 1 to 0
end transfer from 1 to 0
end transfer from 0 to 1
start transfer from 1 to 0
start transfer from 0 to 1
end transfer from 1 to 0
start transfer from 1 to 0
end transfer from 0 to 1
start transfer from 0 to 1
end transfer from 1 to 0
end transfer from 0 to 1
start transfer from 1 to 0
start transfer from 0 to 1
end transfer from 1 to 0
start transfer from 1 to 0
end transfer from 0 to 1
end transfer from 1 to 0
start transfer from 0 to 1
start transfer from 1 to 0
end transfer from 0 to 1
end transfer from 1 to 0
start transfer from 0 to 1
end transfer from 0 to 1
start transfer from 1 to 0
start transfer from 0 to 1
end transfer from 1 to 0
end transfer from 0 to 1
start transfer from 1 to 0
start transfer from 0 to 1
end transfer from 1 to 0
start transfer from 1 to 0
end transfer from 0 to 1
end transfer from 1 to 0
start transfer from 0 to 1
start transfer from 1 to 0
end transfer from 0 to 1
start transfer from 0 to 1
end transfer from 1 to 0
start transfer from 1 to 0
end transfer from 0 to 1
start transfer from 0 to 1
end transfer from 1 to 0
end transfer from 0 to 1
start transfer from 1 to 0
start transfer from 0 to 1
end transfer from 1 to 0
end transfer from 0 to 1
start transfer from 1 to 0
start transfer from 0 to 1
end transfer from 1 to 0
end transfer from 0 to 1
start transfer from 1 to 0
start transfer from 0 to 1
end transfer from 1 to 0
end transfer from 0 to 1
start transfer from 1 to 0
start transfer from 0 to 1
end transfer from 1 to 0
end transfer from 0 to 1
start transfer from 1 to 0
start transfer from 0 to 1
end transfer from 0 to 1
end transfer from 1 to 0
start transfer from 1 to 0
start transfer from 0 to 1
end transfer from 0 to 1
end transfer from 1 to 0
start transfer from 0 to 1
start transfer from 1 to 0
end transfer from 0 to 1
end transfer from 1 to 0
start transfer from 1 to 0
start transfer from 0 to 1
end transfer from 0 to 1
end transfer from 1 to 0
start transfer from 1 to 0
start transfer from 0 to 1
end transfer from 1 to 0
end transfer from 0 to 1
start transfer from 1 to 0
start transfer from 0 to 1
end transfer from 1 to 0
end transfer from 0 to 1
start transfer from 0 to 1
start transfer from 1 to 0
end transfer from 0 to 1
end transfer from 1 to 0
start transfer from 0 to 1
start transfer from 1 to 0
end transfer from 0 to 1
end transfer from 1 to 0
start transfer from 1 to 0
start transfer from 0 to 1
end transfer from 1 to 0
end transfer from 0 to 1
start transfer from 1 to 0
start transfer from 0 to 1
end transfer from 1 to 0
end transfer from 0 to 1
start transfer from 1 to 0
start transfer from 0 to 1
end transfer from 0 to 1
end transfer from 1 to 0
start transfer from 0 to 1
start transfer from 1 to 0
end transfer from 0 to 1
end transfer from 1 to 0
start transfer from 1 to 0
start transfer from 0 to 1
end transfer from 1 to 0
end transfer from 0 to 1
start transfer from 1 to 0
end transfer from 1 to 0
start transfer from 1 to 0
end transfer from 1 to 0
start transfer from 1 to 0
start transfer from 0 to 1
end transfer from 1 to 0
start transfer from 1 to 0
end transfer from 0 to 1
end transfer from 1 to 0
start transfer from 0 to 1
start transfer from 1 to 0
end transfer from 1 to 0
end transfer from 0 to 1
start transfer from 0 to 1
start transfer from 1 to 0
end transfer from 0 to 1
end transfer from 1 to 0
start transfer from 0 to 1
start transfer from 1 to 0
end transfer from 0 to 1
end transfer from 1 to 0
start transfer from 0 to 1
start transfer from 1 to 0
end transfer from 0 to 1
end transfer from 1 to 0
start transfer from 0 to 1
start transfer from 1 to 0
end transfer from 0 to 1
end transfer from 1 to 0
start transfer from 0 to 1
end transfer from 0 to 1
start transfer from 1 to 0
start transfer from 0 to 1
end transfer from 1 to 0
end transfer from 0 to 1
start transfer from 1 to 0
start transfer from 0 to 1
end transfer from 1 to 0
end transfer from 0 to 1
start transfer from 1 to 0
start transfer from 0 to 1
end transfer from 1 to 0
end transfer from 0 to 1
start transfer from 0 to 1
start transfer from 1 to 0
end transfer from 0 to 1
end transfer from 1 to 0
start transfer from 0 to 1
start transfer from 1 to 0
end transfer from 0 to 1
end transfer from 1 to 0
start transfer from 0 to 1
start transfer from 1 to 0
end transfer from 0 to 1
end transfer from 1 to 0
start transfer from 0 to 1
start transfer from 1 to 0
end transfer from 0 to 1
end transfer from 1 to 0
start transfer from 0 to 1
start transfer from 1 to 0
end transfer from 0 to 1
end transfer from 1 to 0
start transfer from 0 to 1
start transfer from 1 to 0
end transfer from 0 to 1
end transfer from 1 to 0
start transfer from 1 to 0
start transfer from 0 to 1
end transfer from 1 to 0
end transfer from 0 to 1
start transfer from 0 to 1
start transfer from 1 to 0
end transfer from 0 to 1
end transfer from 1 to 0
start transfer from 0 to 1
start transfer from 1 to 0
end transfer from 0 to 1
end transfer from 1 to 0
start transfer from 0 to 1
start transfer from 1 to 0
end transfer from 0 to 1
end transfer from 1 to 0
start transfer from 0 to 1
start transfer from 1 to 0
end transfer from 0 to 1
end transfer from 1 to 0
start transfer from 0 to 1
start transfer from 1 to 0
end transfer from 0 to 1
end transfer from 1 to 0
start transfer from 0 to 1
end transfer from 0 to 1
start transfer from 1 to 0
start transfer from 0 to 1
end transfer from 1 to 0
end transfer from 0 to 1
start transfer from 1 to 0
start transfer from 0 to 1
end transfer from 0 to 1
end transfer from 1 to 0
start transfer from 0 to 1
start transfer from 1 to 0
end transfer from 0 to 1
end transfer from 1 to 0
start transfer from 0 to 1
start transfer from 1 to 0
end transfer from 0 to 1
end transfer from 1 to 0
start transfer from 0 to 1
start transfer from 1 to 0
end transfer from 0 to 1
end transfer from 1 to 0
start transfer from 0 to 1
start transfer from 1 to 0
end transfer from 0 to 1
end transfer from 1 to 0
start transfer from 0 to 1
start transfer from 1 to 0
end transfer from 0 to 1
end transfer from 1 to 0
start transfer from 0 to 1
start transfer from 1 to 0
end transfer from 0 to 1
start transfer from 0 to 1
end transfer from 1 to 0
end transfer from 0 to 1
start transfer from 1 to 0
start transfer from 0 to 1
end transfer from 1 to 0
end transfer from 0 to 1
start transfer from 1 to 0
start transfer from 0 to 1
end transfer from 1 to 0
end transfer from 0 to 1
start transfer from 1 to 0
start transfer from 0 to 1
end transfer from 1 to 0
end transfer from 0 to 1
start transfer from 1 to 0
start transfer from 0 to 1
end transfer from 1 to 0
end transfer from 0 to 1
start transfer from 1 to 0
start transfer from 0 to 1
end transfer from 1 to 0
end transfer from 0 to 1
start transfer from 1 to 0
start transfer from 0 to 1
end transfer from 1 to 0
end transfer from 0 to 1
start transfer from 1 to 0
start transfer from 0 to 1
end transfer from 1 to 0
end transfer from 0 to 1
start transfer from 1 to 0
start transfer from 0 to 1
end transfer from 1 to 0
end transfer from 0 to 1
start transfer from 1 to 0
start transfer from 0 to 1
end transfer from 1 to 0
end transfer from 0 to 1
start transfer from 0 to 1
start transfer from 1 to 0
end transfer from 0 to 1
end transfer from 1 to 0
start transfer from 0 to 1
start transfer from 1 to 0
end transfer from 0 to 1
end transfer from 1 to 0
start transfer from 0 to 1
start transfer from 1 to 0
end transfer from 0 to 1
end transfer from 1 to 0
start transfer from 0 to 1
start transfer from 1 to 0
end transfer from 1 to 0
end transfer from 0 to 1
start transfer from 1 to 0
start transfer from 0 to 1
end transfer from 1 to 0
end transfer from 0 to 1
start transfer from 1 to 0
start transfer from 0 to 1
end transfer from 1 to 0
end transfer from 0 to 1
start transfer from 1 to 0
start transfer from 0 to 1
end transfer from 1 to 0
end transfer from 0 to 1
start transfer from 1 to 0
start transfer from 0 to 1
end transfer from 1 to 0
end transfer from 0 to 1
start transfer from 0 to 1
end transfer from 0 to 1
start transfer from 0 to 1
end transfer from 0 to 1
start transfer from 0 to 1
end transfer from 0 to 1
start transfer from 0 to 1
end transfer from 0 to 1
start transfer from 0 to 1
end transfer from 0 to 1
start transfer from 0 to 1
end transfer from 0 to 1
start transfer from 0 to 1
end transfer from 0 to 1
start transfer from 0 to 1
end transfer from 0 to 1
start transfer from 0 to 1
end transfer from 0 to 1
start transfer from 0 to 1
end transfer from 0 to 1
start transfer from 0 to 1
end transfer from 0 to 1
start transfer from 0 to 1
end transfer from 0 to 1
start transfer from 0 to 1
end transfer from 0 to 1
start transfer from 0 to 1
end transfer from 0 to 1
start transfer from 0 to 1
end transfer from 0 to 1
start transfer from 0 to 1
end transfer from 0 to 1
start transfer from 0 to 1
end transfer from 0 to 1
start transfer from 0 to 1
end transfer from 0 to 1
start transfer from 0 to 1
end transfer from 0 to 1
start transfer from 0 to 1
end transfer from 0 to 1
start transfer from 0 to 1
end transfer from 0 to 1
start transfer from 0 to 1
end transfer from 0 to 1
start transfer from 0 to 1
end transfer from 0 to 1
start transfer from 0 to 1
end transfer from 0 to 1
start transfer from 0 to 1
end transfer from 0 to 1
start transfer from 0 to 1
end transfer from 0 to 1
start transfer from 0 to 1
end transfer from 0 to 1
start transfer from 0 to 1
end transfer from 0 to 1
start transfer from 0 to 1
end transfer from 0 to 1
start transfer from 0 to 1
end transfer from 0 to 1
start transfer from 0 to 1
end transfer from 0 to 1
start transfer from 0 to 1
end transfer from 0 to 1
start transfer from 0 to 1
end transfer from 0 to 1
start transfer from 0 to 1
end transfer from 0 to 1
start transfer from 0 to 1
end transfer from 0 to 1
start transfer from 0 to 1
end transfer from 0 to 1
start transfer from 0 to 1
end transfer from 0 to 1
start transfer from 0 to 1
end transfer from 0 to 1
start transfer from 0 to 1
end transfer from 0 to 1
start transfer from 0 to 1
end transfer from 0 to 1
start transfer from 0 to 1
end transfer from 0 to 1
start transfer from 0 to 1
end transfer from 0 to 1
start transfer from 0 to 1
end transfer from 0 to 1
start transfer from 0 to 1
end transfer from 0 to 1
start transfer from 0 to 1
end transfer from 0 to 1
start transfer from 0 to 1
end transfer from 0 to 1
start transfer from 0 to 1
end transfer from 0 to 1
start transfer from 0 to 1
end transfer from 0 to 1
start transfer from 0 to 1
end transfer from 0 to 1
start transfer from 0 to 1
end transfer from 0 to 1
start transfer from 0 to 1
end transfer from 0 to 1
start transfer from 0 to 1
end transfer from 0 to 1
start transfer from 0 to 1
end transfer from 0 to 1
start transfer from 0 to 1
end transfer from 0 to 1
start transfer from 0 to 1
end transfer from 0 to 1
start transfer from 0 to 1
end transfer from 0 to 1
start transfer from 0 to 1
end transfer from 0 to 1
start transfer from 0 to 1
end transfer from 0 to 1
start transfer from 0 to 1
end transfer from 0 to 1
start transfer from 0 to 1
end transfer from 0 to 1
start transfer from 0 to 1
end transfer from 0 to 1
start transfer from 0 to 1
end transfer from 0 to 1
start transfer from 0 to 1
end transfer from 0 to 1
start transfer from 0 to 1
end transfer from 0 to 1
start transfer from 0 to 1
end transfer from 0 to 1
start transfer from 0 to 1
end transfer from 0 to 1
start transfer from 0 to 1
end transfer from 0 to 1
start transfer from 0 to 1
end transfer from 0 to 1
start transfer from 0 to 1
end transfer from 0 to 1
start transfer from 0 to 1
end transfer from 0 to 1
start transfer from 0 to 1
end transfer from 0 to 1
start transfer from 0 to 1
end transfer from 0 to 1
start transfer from 0 to 1
end transfer from 0 to 1
start transfer from 0 to 1
end transfer from 0 to 1
start transfer from 0 to 1
end transfer from 0 to 1
start transfer from 0 to 1
end transfer from 0 to 1
start transfer from 0 to 1
end transfer from 0 to 1
start transfer from 0 to 1
end transfer from 0 to 1
start transfer from 0 to 1
end transfer from 0 to 1
start transfer from 0 to 1
end transfer from 0 to 1
start transfer from 0 to 1
end transfer from 0 to 1
start transfer from 0 to 1
end transfer from 0 to 1
start transfer from 0 to 1
end transfer from 0 to 1
start transfer from 0 to 1
end transfer from 0 to 1
start transfer from 0 to 1
end transfer from 0 to 1
start transfer from 0 to 1
end transfer from 0 to 1
start transfer from 0 to 1
end transfer from 0 to 1
start transfer from 0 to 1
end transfer from 0 to 1
start transfer from 0 to 1
end transfer from 0 to 1
start transfer from 0 to 1
end transfer from 0 to 1
start transfer from 0 to 1
end transfer from 0 to 1
start transfer from 0 to 1
end transfer from 0 to 1
start transfer from 0 to 1
end transfer from 0 to 1
start transfer from 0 to 1
end transfer from 0 to 1
start transfer from 0 to 1
end transfer from 0 to 1
start transfer from 0 to 1
end transfer from 0 to 1
start transfer from 0 to 1
end transfer from 0 to 1
start transfer from 0 to 1
end transfer from 0 to 1
start transfer from 0 to 1
end transfer from 0 to 1
start transfer from 0 to 1
end transfer from 0 to 1
start transfer from 0 to 1
end transfer from 0 to 1
start transfer from 0 to 1
end transfer from 0 to 1
start transfer from 0 to 1
end transfer from 0 to 1
start transfer from 0 to 1
end transfer from 0 to 1
start transfer from 0 to 1
end transfer from 0 to 1
start transfer from 0 to 1
end transfer from 0 to 1
start transfer from 0 to 1
end transfer from 0 to 1
start transfer from 0 to 1
end transfer from 0 to 1
start transfer from 0 to 1
end transfer from 0 to 1
start transfer from 0 to 1
end transfer from 0 to 1
start transfer from 0 to 1
end transfer from 0 to 1
start transfer from 0 to 1
end transfer from 0 to 1
start transfer from 0 to 1
end transfer from 0 to 1
start transfer from 0 to 1
end transfer from 0 to 1
start transfer from 0 to 1
end transfer from 0 to 1
start transfer from 0 to 1
end transfer from 0 to 1
start transfer from 0 to 1
end transfer from 0 to 1
start transfer from 0 to 1
end transfer from 0 to 1
start transfer from 0 to 1
end transfer from 0 to 1
start transfer from 0 to 1
end transfer from 0 to 1
start transfer from 0 to 1
end transfer from 0 to 1
start transfer from 0 to 1
end transfer from 0 to 1
start transfer from 0 to 1
end transfer from 0 to 1
start transfer from 0 to 1
end transfer from 0 to 1
start transfer from 0 to 1
end transfer from 0 to 1
start transfer from 0 to 1
end transfer from 0 to 1
start transfer from 0 to 1
end transfer from 0 to 1
start transfer from 0 to 1
end transfer from 0 to 1
start transfer from 0 to 1
end transfer from 0 to 1
start transfer from 0 to 1
end transfer from 0 to 1
start transfer from 0 to 1
end transfer from 0 to 1
start transfer from 0 to 1
end transfer from 0 to 1
start transfer from 0 to 1
end transfer from 0 to 1
start transfer from 0 to 1
end transfer from 0 to 1
start transfer from 0 to 1
end transfer from 0 to 1
start transfer from 0 to 1
end transfer from 0 to 1
start transfer from 0 to 1
end transfer from 0 to 1
start transfer from 0 to 1
end transfer from 0 to 1
start transfer from 0 to 1
end transfer from 0 to 1
start transfer from 0 to 1
end transfer from 0 to 1
start transfer from 0 to 1
end transfer from 0 to 1
start transfer from 0 to 1
end transfer from 0 to 1
start transfer from 0 to 1
end transfer from 0 to 1
start transfer from 0 to 1
end transfer from 0 to 1
start transfer from 0 to 1
end transfer from 0 to 1
start transfer from 0 to 1
end transfer from 0 to 1
start transfer from 0 to 1
end transfer from 0 to 1
start transfer from 0 to 1
end transfer from 0 to 1
start transfer from 0 to 1
end transfer from 0 to 1
start transfer from 0 to 1
end transfer from 0 to 1
start transfer from 0 to 1
end transfer from 0 to 1
start transfer from 0 to 1
end transfer from 0 to 1
start transfer from 0 to 1
end transfer from 0 to 1
start transfer from 0 to 1
end transfer from 0 to 1
start transfer from 0 to 1
end transfer from 0 to 1
start transfer from 0 to 1
end transfer from 0 to 1
start transfer from 0 to 1
end transfer from 0 to 1
start transfer from 0 to 1
end transfer from 0 to 1
start transfer from 0 to 1
end transfer from 0 to 1
start transfer from 0 to 1
end transfer from 0 to 1
start transfer from 0 to 1
end transfer from 0 to 1
start transfer from 0 to 1
end transfer from 0 to 1
start transfer from 0 to 1
end transfer from 0 to 1
start transfer from 0 to 1
end transfer from 0 to 1
start transfer from 0 to 1
end transfer from 0 to 1
start transfer from 0 to 1
end transfer from 0 to 1
start transfer from 0 to 1
end transfer from 0 to 1
start transfer from 0 to 1
end transfer from 0 to 1
start transfer from 0 to 1
end transfer from 0 to 1
start transfer from 0 to 1
end transfer from 0 to 1
start transfer from 0 to 1
end transfer from 0 to 1
start transfer from 0 to 1
end transfer from 0 to 1
start transfer from 0 to 1
end transfer from 0 to 1
start transfer from 0 to 1
end transfer from 0 to 1
start transfer from 0 to 1
end transfer from 0 to 1
start transfer from 0 to 1
end transfer from 0 to 1
start transfer from 0 to 1
end transfer from 0 to 1
start transfer from 0 to 1
end transfer from 0 to 1
start transfer from 0 to 1
end transfer from 0 to 1
start transfer from 0 to 1
end transfer from 0 to 1
start transfer from 0 to 1
end transfer from 0 to 1
start transfer from 0 to 1
end transfer from 0 to 1
start transfer from 0 to 1
end transfer from 0 to 1
start transfer from 0 to 1
end transfer from 0 to 1
start transfer from 0 to 1
end transfer from 0 to 1
start transfer from 0 to 1
end transfer from 0 to 1
start transfer from 0 to 1
end transfer from 0 to 1
start transfer from 0 to 1
end transfer from 0 to 1
start transfer from 0 to 1
end transfer from 0 to 1
start transfer from 0 to 1
end transfer from 0 to 1
start transfer from 0 to 1
end transfer from 0 to 1
start transfer from 0 to 1
end transfer from 0 to 1
start transfer from 0 to 1
end transfer from 0 to 1
start transfer from 0 to 1
end transfer from 0 to 1
start transfer from 0 to 1
end transfer from 0 to 1
start transfer from 0 to 1
end transfer from 0 to 1
start transfer from 0 to 1
end transfer from 0 to 1
start transfer from 0 to 1
end transfer from 0 to 1
start transfer from 0 to 1
end transfer from 0 to 1
start transfer from 0 to 1
end transfer from 0 to 1
start transfer from 0 to 1
end transfer from 0 to 1
start transfer from 0 to 1
end transfer from 0 to 1
start transfer from 0 to 1
end transfer from 0 to 1
start transfer from 0 to 1
end transfer from 0 to 1
start transfer from 0 to 1
end transfer from 0 to 1
start transfer from 0 to 1
end transfer from 0 to 1
start transfer from 0 to 1
end transfer from 0 to 1
start transfer from 0 to 1
end transfer from 0 to 1
start transfer from 0 to 1
end transfer from 0 to 1
start transfer from 0 to 1
end transfer from 0 to 1
start transfer from 0 to 1
end transfer from 0 to 1
start transfer from 0 to 1
end transfer from 0 to 1
start transfer from 0 to 1
end transfer from 0 to 1
start transfer from 0 to 1
end transfer from 0 to 1
start transfer from 0 to 1
end transfer from 0 to 1
start transfer from 0 to 1
end transfer from 0 to 1
start transfer from 0 to 1
end transfer from 0 to 1
start transfer from 0 to 1
end transfer from 0 to 1
start transfer from 0 to 1
end transfer from 0 to 1
start transfer from 0 to 1
end transfer from 0 to 1
start transfer from 0 to 1
end transfer from 0 to 1
start transfer from 0 to 1
end transfer from 0 to 1
start transfer from 0 to 1
end transfer from 0 to 1
start transfer from 0 to 1
end transfer from 0 to 1
start transfer from 0 to 1
end transfer from 0 to 1
start transfer from 0 to 1
end transfer from 0 to 1
start transfer from 0 to 1
end transfer from 0 to 1
start transfer from 0 to 1
end transfer from 0 to 1
start transfer from 0 to 1
end transfer from 0 to 1
start transfer from 0 to 1
end transfer from 0 to 1
start transfer from 0 to 1
end transfer from 0 to 1
start transfer from 0 to 1
end transfer from 0 to 1
start transfer from 0 to 1
end transfer from 0 to 1
start transfer from 0 to 1
end transfer from 0 to 1
start transfer from 0 to 1
end transfer from 0 to 1
start transfer from 0 to 1
end transfer from 0 to 1
start transfer from 0 to 1
end transfer from 0 to 1
start transfer from 0 to 1
end transfer from 0 to 1
start transfer from 0 to 1
end transfer from 0 to 1
start transfer from 0 to 1
end transfer from 0 to 1
start transfer from 0 to 1
end transfer from 0 to 1
start transfer from 0 to 1
end transfer from 0 to 1
start transfer from 0 to 1
end transfer from 0 to 1
start transfer from 0 to 1
end transfer from 0 to 1
start transfer from 0 to 1
end transfer from 0 to 1
Done!
]]></system-out>
  <system-err><![CDATA[]]></system-err>
</testsuite>
