<?xml version="1.0" encoding="UTF-8"?>
<testsuite name="pc.leic52d.HazardTests" tests="1" skipped="0" failures="0" errors="0" timestamp="2021-10-15T09:08:04" hostname="DESKTOP-2JGK2MO" time="0.047">
  <properties/>
  <testcase name="multiple_account_transfers_test" classname="pc.leic52d.HazardTests" time="0.047"/>
  <system-out><![CDATA[Done!
]]></system-out>
  <system-err><![CDATA[]]></system-err>
</testsuite>
